[ 50%] Built target camera_driver_parameters
[ 75%] [32mBuilding CXX object CMakeFiles/camera_driver_node.dir/src/Main.cpp.o[0m
[100%] [32m[1mLinking CXX executable camera_driver_node[0m
[100%] Built target camera_driver_node
-- Install configuration: ""
-- Execute custom install script
-- Symlinking: /home/dev/Documents/GitHub/Polar-Two/ros2_ws/install/camera_driver/include/camera_driver/camera_driver_parameters.hpp
-- Symlinking: /home/dev/Documents/GitHub/Polar-Two/ros2_ws/install/camera_driver/share/camera_driver/environment/library_path.sh
-- Symlinking: /home/dev/Documents/GitHub/Polar-Two/ros2_ws/install/camera_driver/share/camera_driver/environment/library_path.dsv
-- Symlinking: /home/dev/Documents/GitHub/Polar-Two/ros2_ws/install/camera_driver/share/camera_driver//launch/camera_driver.launch.py
-- Symlinking: /home/dev/Documents/GitHub/Polar-Two/ros2_ws/install/camera_driver/share/camera_driver//launch/image_proc.launch.py
-- Symlinking: /home/dev/Documents/GitHub/Polar-Two/ros2_ws/install/camera_driver/share/camera_driver//config/camera_driver_config.yaml
-- Symlinking: /home/dev/Documents/GitHub/Polar-Two/ros2_ws/install/camera_driver/share/camera_driver//config/camera_seven_calibration.yaml
-- Symlinking: /home/dev/Documents/GitHub/Polar-Two/ros2_ws/install/camera_driver/include/camera_driver//camera_driver/cameramanager/CameraManager.hpp
-- Symlinking: /home/dev/Documents/GitHub/Polar-Two/ros2_ws/install/camera_driver/include/camera_driver//camera_driver/helpers/util.hpp
-- Symlinking: /home/dev/Documents/GitHub/Polar-Two/ros2_ws/install/camera_driver/share/ament_index/resource_index/package_run_dependencies/camera_driver
-- Symlinking: /home/dev/Documents/GitHub/Polar-Two/ros2_ws/install/camera_driver/share/ament_index/resource_index/parent_prefix_path/camera_driver
-- Symlinking: /home/dev/Documents/GitHub/Polar-Two/ros2_ws/install/camera_driver/share/camera_driver/environment/ament_prefix_path.sh
-- Symlinking: /home/dev/Documents/GitHub/Polar-Two/ros2_ws/install/camera_driver/share/camera_driver/environment/ament_prefix_path.dsv
-- Symlinking: /home/dev/Documents/GitHub/Polar-Two/ros2_ws/install/camera_driver/share/camera_driver/environment/path.sh
-- Symlinking: /home/dev/Documents/GitHub/Polar-Two/ros2_ws/install/camera_driver/share/camera_driver/environment/path.dsv
-- Symlinking: /home/dev/Documents/GitHub/Polar-Two/ros2_ws/install/camera_driver/share/camera_driver/local_setup.bash
-- Symlinking: /home/dev/Documents/GitHub/Polar-Two/ros2_ws/install/camera_driver/share/camera_driver/local_setup.sh
-- Symlinking: /home/dev/Documents/GitHub/Polar-Two/ros2_ws/install/camera_driver/share/camera_driver/local_setup.zsh
-- Symlinking: /home/dev/Documents/GitHub/Polar-Two/ros2_ws/install/camera_driver/share/camera_driver/local_setup.dsv
-- Symlinking: /home/dev/Documents/GitHub/Polar-Two/ros2_ws/install/camera_driver/share/camera_driver/package.dsv
-- Symlinking: /home/dev/Documents/GitHub/Polar-Two/ros2_ws/install/camera_driver/share/ament_index/resource_index/packages/camera_driver
-- Symlinking: /home/dev/Documents/GitHub/Polar-Two/ros2_ws/install/camera_driver/share/camera_driver/cmake/ament_cmake_export_dependencies-extras.cmake
-- Symlinking: /home/dev/Documents/GitHub/Polar-Two/ros2_ws/install/camera_driver/share/camera_driver/cmake/ament_cmake_export_targets-extras.cmake
-- Symlinking: /home/dev/Documents/GitHub/Polar-Two/ros2_ws/install/camera_driver/share/camera_driver/cmake/camera_driverConfig.cmake
-- Symlinking: /home/dev/Documents/GitHub/Polar-Two/ros2_ws/install/camera_driver/share/camera_driver/cmake/camera_driverConfig-version.cmake
-- Symlinking: /home/dev/Documents/GitHub/Polar-Two/ros2_ws/install/camera_driver/share/camera_driver/package.xml
-- Installing: /home/dev/Documents/GitHub/Polar-Two/ros2_ws/install/camera_driver/lib/camera_driver/camera_driver_node
-- Set runtime path of "/home/dev/Documents/GitHub/Polar-Two/ros2_ws/install/camera_driver/lib/camera_driver/camera_driver_node" to ""
-- Installing: /home/dev/Documents/GitHub/Polar-Two/ros2_ws/install/camera_driver/share/camera_driver/cmake/camera_driverTargetsExport.cmake
-- Installing: /home/dev/Documents/GitHub/Polar-Two/ros2_ws/install/camera_driver/share/camera_driver/cmake/camera_driverTargetsExport-noconfig.cmake
