[0.028s] Invoking command in '/home/dev/Documents/GitHub/Polar-Two/ros2_ws/build/depthai_driver': CMAKE_PREFIX_PATH=/opt/ros/humble CONDA_PROMPT_MODIFIER=(base) /usr/bin/cmake /home/dev/Documents/GitHub/Polar-Two/ros2_ws/src/depthai_driver -DAMENT_CMAKE_SYMLINK_INSTALL=1 -DCMAKE_INSTALL_PREFIX=/home/dev/Documents/GitHub/Polar-Two/ros2_ws/install/depthai_driver
[0.096s] -- The C compiler identification is GNU 11.4.0
[0.161s] -- The CXX compiler identification is GNU 11.4.0
[0.167s] -- Detecting C compiler ABI info
[0.239s] -- Detecting C compiler ABI info - done
[0.244s] -- Check for working C compiler: /usr/bin/cc - skipped
[0.245s] -- Detecting C compile features
[0.245s] -- Detecting C compile features - done
[0.248s] -- Detecting CXX compiler ABI info
[0.340s] -- Detecting CXX compiler ABI info - done
[0.350s] -- Check for working CXX compiler: /usr/bin/c++ - skipped
[0.350s] -- Detecting CXX compile features
[0.351s] -- Detecting CXX compile features - done
[0.354s] -- Found ament_cmake: 1.3.11 (/opt/ros/humble/share/ament_cmake/cmake)
[0.813s] -- Found Python3: /home/dev/anaconda3/bin/python3 (found version "3.12.2") found components: Interpreter 
[0.912s] -- Override CMake install command with custom implementation using symlinks instead of copying resources
[0.938s] -- Found ament_lint_auto: 0.12.12 (/opt/ros/humble/share/ament_lint_auto/cmake)
[1.041s] -- Added test 'flake8' to check Python code syntax and style conventions
[1.041s] -- Added test 'lint_cmake' to check CMake code style
[1.042s] -- Added test 'pep257' to check Python code against some of the docstring style conventions in PEP 257
[1.043s] -- Added test 'xmllint' to check XML markup files
[1.045s] -- Configuring done
[1.048s] -- Generating done
[1.049s] -- Build files have been written to: /home/dev/Documents/GitHub/Polar-Two/ros2_ws/build/depthai_driver
[1.054s] Invoked command in '/home/dev/Documents/GitHub/Polar-Two/ros2_ws/build/depthai_driver' returned '0': CMAKE_PREFIX_PATH=/opt/ros/humble CONDA_PROMPT_MODIFIER=(base) /usr/bin/cmake /home/dev/Documents/GitHub/Polar-Two/ros2_ws/src/depthai_driver -DAMENT_CMAKE_SYMLINK_INSTALL=1 -DCMAKE_INSTALL_PREFIX=/home/dev/Documents/GitHub/Polar-Two/ros2_ws/install/depthai_driver
[1.056s] Invoking command in '/home/dev/Documents/GitHub/Polar-Two/ros2_ws/build/depthai_driver': CMAKE_PREFIX_PATH=/opt/ros/humble CONDA_PROMPT_MODIFIER=(base) /usr/bin/cmake --build /home/dev/Documents/GitHub/Polar-Two/ros2_ws/build/depthai_driver -- -j16 -l16
[1.094s] Invoked command in '/home/dev/Documents/GitHub/Polar-Two/ros2_ws/build/depthai_driver' returned '0': CMAKE_PREFIX_PATH=/opt/ros/humble CONDA_PROMPT_MODIFIER=(base) /usr/bin/cmake --build /home/dev/Documents/GitHub/Polar-Two/ros2_ws/build/depthai_driver -- -j16 -l16
[1.108s] Invoking command in '/home/dev/Documents/GitHub/Polar-Two/ros2_ws/build/depthai_driver': CMAKE_PREFIX_PATH=/opt/ros/humble CONDA_PROMPT_MODIFIER=(base) /usr/bin/cmake --install /home/dev/Documents/GitHub/Polar-Two/ros2_ws/build/depthai_driver
[1.117s] -- Install configuration: ""
[1.117s] -- Execute custom install script
[1.118s] -- Symlinking: /home/dev/Documents/GitHub/Polar-Two/ros2_ws/install/depthai_driver/share/depthai_driver/config/calibration/left.yaml
[1.129s] -- Symlinking: /home/dev/Documents/GitHub/Polar-Two/ros2_ws/install/depthai_driver/share/depthai_driver/config/calibration/rgb.yaml
[1.137s] -- Symlinking: /home/dev/Documents/GitHub/Polar-Two/ros2_ws/install/depthai_driver/share/depthai_driver/config/calibration/right.yaml
[1.145s] -- Symlinking: /home/dev/Documents/GitHub/Polar-Two/ros2_ws/install/depthai_driver/share/depthai_driver/config/config.yaml
[1.153s] -- Symlinking: /home/dev/Documents/GitHub/Polar-Two/ros2_ws/install/depthai_driver/share/depthai_driver/config/everything.yaml
[1.161s] -- Symlinking: /home/dev/Documents/GitHub/Polar-Two/ros2_ws/install/depthai_driver/share/depthai_driver/launch/camera_driver.launch.py
[1.169s] -- Symlinking: /home/dev/Documents/GitHub/Polar-Two/ros2_ws/install/depthai_driver/share/depthai_driver/src/hello.txt
[1.178s] -- Symlinking: /home/dev/Documents/GitHub/Polar-Two/ros2_ws/install/depthai_driver/share/ament_index/resource_index/package_run_dependencies/depthai_driver
[1.186s] -- Symlinking: /home/dev/Documents/GitHub/Polar-Two/ros2_ws/install/depthai_driver/share/ament_index/resource_index/parent_prefix_path/depthai_driver
[1.195s] -- Symlinking: /home/dev/Documents/GitHub/Polar-Two/ros2_ws/install/depthai_driver/share/depthai_driver/environment/ament_prefix_path.sh
[1.205s] -- Symlinking: /home/dev/Documents/GitHub/Polar-Two/ros2_ws/install/depthai_driver/share/depthai_driver/environment/ament_prefix_path.dsv
[1.216s] -- Symlinking: /home/dev/Documents/GitHub/Polar-Two/ros2_ws/install/depthai_driver/share/depthai_driver/environment/path.sh
[1.228s] -- Symlinking: /home/dev/Documents/GitHub/Polar-Two/ros2_ws/install/depthai_driver/share/depthai_driver/environment/path.dsv
[1.237s] -- Symlinking: /home/dev/Documents/GitHub/Polar-Two/ros2_ws/install/depthai_driver/share/depthai_driver/local_setup.bash
[1.246s] -- Symlinking: /home/dev/Documents/GitHub/Polar-Two/ros2_ws/install/depthai_driver/share/depthai_driver/local_setup.sh
[1.256s] -- Symlinking: /home/dev/Documents/GitHub/Polar-Two/ros2_ws/install/depthai_driver/share/depthai_driver/local_setup.zsh
[1.264s] -- Symlinking: /home/dev/Documents/GitHub/Polar-Two/ros2_ws/install/depthai_driver/share/depthai_driver/local_setup.dsv
[1.271s] -- Symlinking: /home/dev/Documents/GitHub/Polar-Two/ros2_ws/install/depthai_driver/share/depthai_driver/package.dsv
[1.281s] -- Symlinking: /home/dev/Documents/GitHub/Polar-Two/ros2_ws/install/depthai_driver/share/ament_index/resource_index/packages/depthai_driver
[1.290s] -- Symlinking: /home/dev/Documents/GitHub/Polar-Two/ros2_ws/install/depthai_driver/share/depthai_driver/cmake/depthai_driverConfig.cmake
[1.299s] -- Symlinking: /home/dev/Documents/GitHub/Polar-Two/ros2_ws/install/depthai_driver/share/depthai_driver/cmake/depthai_driverConfig-version.cmake
[1.312s] -- Symlinking: /home/dev/Documents/GitHub/Polar-Two/ros2_ws/install/depthai_driver/share/depthai_driver/package.xml
[1.325s] Invoked command in '/home/dev/Documents/GitHub/Polar-Two/ros2_ws/build/depthai_driver' returned '0': CMAKE_PREFIX_PATH=/opt/ros/humble CONDA_PROMPT_MODIFIER=(base) /usr/bin/cmake --install /home/dev/Documents/GitHub/Polar-Two/ros2_ws/build/depthai_driver
