[0.010s] Invoking command in '/home/dev/Documents/GitHub/Polar-Two/ros2_ws/build/camera_driver': CMAKE_PREFIX_PATH=/home/dev/Documents/GitHub/Polar-Two/ros2_ws/install/camera_driver_srvs:/home/dev/Documents/GitHub/Polar-Two/ros2_ws/install/template_package:/home/dev/Documents/GitHub/Polar-Two/ros2_ws/install/my_robot:/home/dev/Documents/GitHub/Polar-Two/ros2_ws/install/microros_hardware_interface:/home/dev/Documents/GitHub/Polar-Two/ros2_ws/install/joystick_driver:/home/dev/Documents/GitHub/Polar-Two/ros2_ws/install/differential_drive_controller:/home/dev/Documents/GitHub/Polar-Two/ros2_ws/install/depthai_driver:/home/dev/Documents/GitHub/Polar-Two/ros2_ws/install/carbot_hardware:/home/dev/Documents/GitHub/Polar-Two/ros2_ws/install/camera_driver:/opt/ros/humble LD_LIBRARY_PATH=/home/dev/Documents/GitHub/Polar-Two/ros2_ws/install/camera_driver_srvs/lib:/home/dev/Documents/GitHub/Polar-Two/ros2_ws/install/microros_hardware_interface/lib:/home/dev/Documents/GitHub/Polar-Two/ros2_ws/install/differential_drive_controller/lib:/home/dev/Documents/GitHub/Polar-Two/ros2_ws/install/carbot_hardware/lib:/home/dev/Documents/GitHub/Polar-Two/ros2_ws/install/camera_driver/lib:/opt/ros/humble/opt/rviz_ogre_vendor/lib:/opt/ros/humble/lib/x86_64-linux-gnu:/opt/ros/humble/lib PYTHONPATH=/home/dev/Documents/GitHub/Polar-Two/ros2_ws/install/camera_driver_srvs/local/lib/python3.10/dist-packages:${PYTHONPATH} /usr/bin/cmake --build /home/dev/Documents/GitHub/Polar-Two/ros2_ws/build/camera_driver -- -j16 -l16
[0.069s] [ 50%] Built target camera_driver_parameters
[0.081s] [35m[1mConsolidate compiler generated dependencies of target camera_driver_node[0m
[0.102s] [100%] Built target camera_driver_node
[0.113s] Invoked command in '/home/dev/Documents/GitHub/Polar-Two/ros2_ws/build/camera_driver' returned '0': CMAKE_PREFIX_PATH=/home/dev/Documents/GitHub/Polar-Two/ros2_ws/install/camera_driver_srvs:/home/dev/Documents/GitHub/Polar-Two/ros2_ws/install/template_package:/home/dev/Documents/GitHub/Polar-Two/ros2_ws/install/my_robot:/home/dev/Documents/GitHub/Polar-Two/ros2_ws/install/microros_hardware_interface:/home/dev/Documents/GitHub/Polar-Two/ros2_ws/install/joystick_driver:/home/dev/Documents/GitHub/Polar-Two/ros2_ws/install/differential_drive_controller:/home/dev/Documents/GitHub/Polar-Two/ros2_ws/install/depthai_driver:/home/dev/Documents/GitHub/Polar-Two/ros2_ws/install/carbot_hardware:/home/dev/Documents/GitHub/Polar-Two/ros2_ws/install/camera_driver:/opt/ros/humble LD_LIBRARY_PATH=/home/dev/Documents/GitHub/Polar-Two/ros2_ws/install/camera_driver_srvs/lib:/home/dev/Documents/GitHub/Polar-Two/ros2_ws/install/microros_hardware_interface/lib:/home/dev/Documents/GitHub/Polar-Two/ros2_ws/install/differential_drive_controller/lib:/home/dev/Documents/GitHub/Polar-Two/ros2_ws/install/carbot_hardware/lib:/home/dev/Documents/GitHub/Polar-Two/ros2_ws/install/camera_driver/lib:/opt/ros/humble/opt/rviz_ogre_vendor/lib:/opt/ros/humble/lib/x86_64-linux-gnu:/opt/ros/humble/lib PYTHONPATH=/home/dev/Documents/GitHub/Polar-Two/ros2_ws/install/camera_driver_srvs/local/lib/python3.10/dist-packages:${PYTHONPATH} /usr/bin/cmake --build /home/dev/Documents/GitHub/Polar-Two/ros2_ws/build/camera_driver -- -j16 -l16
[0.114s] Invoking command in '/home/dev/Documents/GitHub/Polar-Two/ros2_ws/build/camera_driver': CMAKE_PREFIX_PATH=/home/dev/Documents/GitHub/Polar-Two/ros2_ws/install/camera_driver_srvs:/home/dev/Documents/GitHub/Polar-Two/ros2_ws/install/template_package:/home/dev/Documents/GitHub/Polar-Two/ros2_ws/install/my_robot:/home/dev/Documents/GitHub/Polar-Two/ros2_ws/install/microros_hardware_interface:/home/dev/Documents/GitHub/Polar-Two/ros2_ws/install/joystick_driver:/home/dev/Documents/GitHub/Polar-Two/ros2_ws/install/differential_drive_controller:/home/dev/Documents/GitHub/Polar-Two/ros2_ws/install/depthai_driver:/home/dev/Documents/GitHub/Polar-Two/ros2_ws/install/carbot_hardware:/home/dev/Documents/GitHub/Polar-Two/ros2_ws/install/camera_driver:/opt/ros/humble LD_LIBRARY_PATH=/home/dev/Documents/GitHub/Polar-Two/ros2_ws/install/camera_driver_srvs/lib:/home/dev/Documents/GitHub/Polar-Two/ros2_ws/install/microros_hardware_interface/lib:/home/dev/Documents/GitHub/Polar-Two/ros2_ws/install/differential_drive_controller/lib:/home/dev/Documents/GitHub/Polar-Two/ros2_ws/install/carbot_hardware/lib:/home/dev/Documents/GitHub/Polar-Two/ros2_ws/install/camera_driver/lib:/opt/ros/humble/opt/rviz_ogre_vendor/lib:/opt/ros/humble/lib/x86_64-linux-gnu:/opt/ros/humble/lib PYTHONPATH=/home/dev/Documents/GitHub/Polar-Two/ros2_ws/install/camera_driver_srvs/local/lib/python3.10/dist-packages:${PYTHONPATH} /usr/bin/cmake --install /home/dev/Documents/GitHub/Polar-Two/ros2_ws/build/camera_driver
[0.121s] -- Install configuration: ""
[0.122s] -- Execute custom install script
[0.122s] -- Up-to-date symlink: /home/dev/Documents/GitHub/Polar-Two/ros2_ws/install/camera_driver/include/camera_driver/camera_driver_parameters.hpp
[0.122s] -- Up-to-date symlink: /home/dev/Documents/GitHub/Polar-Two/ros2_ws/install/camera_driver/share/camera_driver/environment/library_path.sh
[0.122s] -- Up-to-date symlink: /home/dev/Documents/GitHub/Polar-Two/ros2_ws/install/camera_driver/share/camera_driver/environment/library_path.dsv
[0.123s] -- Up-to-date symlink: /home/dev/Documents/GitHub/Polar-Two/ros2_ws/install/camera_driver/share/camera_driver//launch/camera_driver.launch.py
[0.123s] -- Up-to-date symlink: /home/dev/Documents/GitHub/Polar-Two/ros2_ws/install/camera_driver/share/camera_driver//launch/image_proc.launch.py
[0.123s] -- Up-to-date symlink: /home/dev/Documents/GitHub/Polar-Two/ros2_ws/install/camera_driver/share/camera_driver//config/camera_driver_config.yaml
[0.123s] -- Up-to-date symlink: /home/dev/Documents/GitHub/Polar-Two/ros2_ws/install/camera_driver/share/camera_driver//config/camera_seven_calibration.yaml
[0.123s] -- Up-to-date symlink: /home/dev/Documents/GitHub/Polar-Two/ros2_ws/install/camera_driver/include/camera_driver//camera_driver/cameramanager/CameraManager.hpp
[0.123s] -- Up-to-date symlink: /home/dev/Documents/GitHub/Polar-Two/ros2_ws/install/camera_driver/include/camera_driver//camera_driver/helpers/util.hpp
[0.124s] -- Up-to-date symlink: /home/dev/Documents/GitHub/Polar-Two/ros2_ws/install/camera_driver/share/ament_index/resource_index/package_run_dependencies/camera_driver
[0.124s] -- Up-to-date symlink: /home/dev/Documents/GitHub/Polar-Two/ros2_ws/install/camera_driver/share/ament_index/resource_index/parent_prefix_path/camera_driver
[0.124s] -- Up-to-date symlink: /home/dev/Documents/GitHub/Polar-Two/ros2_ws/install/camera_driver/share/camera_driver/environment/ament_prefix_path.sh
[0.124s] -- Up-to-date symlink: /home/dev/Documents/GitHub/Polar-Two/ros2_ws/install/camera_driver/share/camera_driver/environment/ament_prefix_path.dsv
[0.124s] -- Up-to-date symlink: /home/dev/Documents/GitHub/Polar-Two/ros2_ws/install/camera_driver/share/camera_driver/environment/path.sh
[0.124s] -- Up-to-date symlink: /home/dev/Documents/GitHub/Polar-Two/ros2_ws/install/camera_driver/share/camera_driver/environment/path.dsv
[0.124s] -- Up-to-date symlink: /home/dev/Documents/GitHub/Polar-Two/ros2_ws/install/camera_driver/share/camera_driver/local_setup.bash
[0.125s] -- Up-to-date symlink: /home/dev/Documents/GitHub/Polar-Two/ros2_ws/install/camera_driver/share/camera_driver/local_setup.sh
[0.125s] -- Up-to-date symlink: /home/dev/Documents/GitHub/Polar-Two/ros2_ws/install/camera_driver/share/camera_driver/local_setup.zsh
[0.125s] -- Up-to-date symlink: /home/dev/Documents/GitHub/Polar-Two/ros2_ws/install/camera_driver/share/camera_driver/local_setup.dsv
[0.125s] -- Symlinking: /home/dev/Documents/GitHub/Polar-Two/ros2_ws/install/camera_driver/share/camera_driver/package.dsv
[0.133s] -- Up-to-date symlink: /home/dev/Documents/GitHub/Polar-Two/ros2_ws/install/camera_driver/share/ament_index/resource_index/packages/camera_driver
[0.133s] -- Up-to-date symlink: /home/dev/Documents/GitHub/Polar-Two/ros2_ws/install/camera_driver/share/camera_driver/cmake/ament_cmake_export_dependencies-extras.cmake
[0.134s] -- Up-to-date symlink: /home/dev/Documents/GitHub/Polar-Two/ros2_ws/install/camera_driver/share/camera_driver/cmake/ament_cmake_export_targets-extras.cmake
[0.134s] -- Up-to-date symlink: /home/dev/Documents/GitHub/Polar-Two/ros2_ws/install/camera_driver/share/camera_driver/cmake/camera_driverConfig.cmake
[0.134s] -- Up-to-date symlink: /home/dev/Documents/GitHub/Polar-Two/ros2_ws/install/camera_driver/share/camera_driver/cmake/camera_driverConfig-version.cmake
[0.134s] -- Up-to-date symlink: /home/dev/Documents/GitHub/Polar-Two/ros2_ws/install/camera_driver/share/camera_driver/package.xml
[0.134s] -- Up-to-date: /home/dev/Documents/GitHub/Polar-Two/ros2_ws/install/camera_driver/lib/camera_driver/camera_driver_node
[0.135s] -- Up-to-date: /home/dev/Documents/GitHub/Polar-Two/ros2_ws/install/camera_driver/share/camera_driver/cmake/camera_driverTargetsExport.cmake
[0.135s] -- Up-to-date: /home/dev/Documents/GitHub/Polar-Two/ros2_ws/install/camera_driver/share/camera_driver/cmake/camera_driverTargetsExport-noconfig.cmake
[0.137s] Invoked command in '/home/dev/Documents/GitHub/Polar-Two/ros2_ws/build/camera_driver' returned '0': CMAKE_PREFIX_PATH=/home/dev/Documents/GitHub/Polar-Two/ros2_ws/install/camera_driver_srvs:/home/dev/Documents/GitHub/Polar-Two/ros2_ws/install/template_package:/home/dev/Documents/GitHub/Polar-Two/ros2_ws/install/my_robot:/home/dev/Documents/GitHub/Polar-Two/ros2_ws/install/microros_hardware_interface:/home/dev/Documents/GitHub/Polar-Two/ros2_ws/install/joystick_driver:/home/dev/Documents/GitHub/Polar-Two/ros2_ws/install/differential_drive_controller:/home/dev/Documents/GitHub/Polar-Two/ros2_ws/install/depthai_driver:/home/dev/Documents/GitHub/Polar-Two/ros2_ws/install/carbot_hardware:/home/dev/Documents/GitHub/Polar-Two/ros2_ws/install/camera_driver:/opt/ros/humble LD_LIBRARY_PATH=/home/dev/Documents/GitHub/Polar-Two/ros2_ws/install/camera_driver_srvs/lib:/home/dev/Documents/GitHub/Polar-Two/ros2_ws/install/microros_hardware_interface/lib:/home/dev/Documents/GitHub/Polar-Two/ros2_ws/install/differential_drive_controller/lib:/home/dev/Documents/GitHub/Polar-Two/ros2_ws/install/carbot_hardware/lib:/home/dev/Documents/GitHub/Polar-Two/ros2_ws/install/camera_driver/lib:/opt/ros/humble/opt/rviz_ogre_vendor/lib:/opt/ros/humble/lib/x86_64-linux-gnu:/opt/ros/humble/lib PYTHONPATH=/home/dev/Documents/GitHub/Polar-Two/ros2_ws/install/camera_driver_srvs/local/lib/python3.10/dist-packages:${PYTHONPATH} /usr/bin/cmake --install /home/dev/Documents/GitHub/Polar-Two/ros2_ws/build/camera_driver
