[0.029s] Invoking command in '/home/dev/Documents/GitHub/Polar-Two/ros2_ws/build/differential_drive_controller': CMAKE_PREFIX_PATH=/opt/ros/humble CONDA_PROMPT_MODIFIER=(base) /usr/bin/cmake --build /home/dev/Documents/GitHub/Polar-Two/ros2_ws/build/differential_drive_controller -- -j16 -l16
[0.096s] [ 20%] Built target differential_drive_controller_parameters
[0.111s] [ 40%] Built target gtest_main
[0.111s] [ 60%] Built target gtest
[0.154s] [ 80%] Built target differential_drive_controller
[0.179s] [100%] Built target differential_drive_controller_test
[0.205s] Invoked command in '/home/dev/Documents/GitHub/Polar-Two/ros2_ws/build/differential_drive_controller' returned '0': CMAKE_PREFIX_PATH=/opt/ros/humble CONDA_PROMPT_MODIFIER=(base) /usr/bin/cmake --build /home/dev/Documents/GitHub/Polar-Two/ros2_ws/build/differential_drive_controller -- -j16 -l16
[0.207s] Invoking command in '/home/dev/Documents/GitHub/Polar-Two/ros2_ws/build/differential_drive_controller': CMAKE_PREFIX_PATH=/opt/ros/humble CONDA_PROMPT_MODIFIER=(base) /usr/bin/cmake --install /home/dev/Documents/GitHub/Polar-Two/ros2_ws/build/differential_drive_controller
[0.212s] -- Install configuration: ""
[0.215s] -- Execute custom install script
[0.215s] -- Up-to-date symlink: /home/dev/Documents/GitHub/Polar-Two/ros2_ws/install/differential_drive_controller/include/differential_drive_controller/custom_validators.hpp
[0.216s] -- Up-to-date symlink: /home/dev/Documents/GitHub/Polar-Two/ros2_ws/install/differential_drive_controller/include/differential_drive_controller/differential_drive_controller_parameters.hpp
[0.216s] -- Up-to-date symlink: /home/dev/Documents/GitHub/Polar-Two/ros2_ws/install/differential_drive_controller/share/differential_drive_controller//differential_drive_plugin.xml
[0.217s] -- Up-to-date symlink: /home/dev/Documents/GitHub/Polar-Two/ros2_ws/install/differential_drive_controller/include/differential_drive_controller/differential_drive_controller/custom_validators.hpp
[0.217s] -- Up-to-date symlink: /home/dev/Documents/GitHub/Polar-Two/ros2_ws/install/differential_drive_controller/include/differential_drive_controller/differential_drive_controller/differential_drive_controller.hpp
[0.217s] -- Up-to-date symlink: /home/dev/Documents/GitHub/Polar-Two/ros2_ws/install/differential_drive_controller/include/differential_drive_controller/differential_drive_controller/util/differential_drive_drivetrain.hpp
[0.217s] -- Up-to-date symlink: /home/dev/Documents/GitHub/Polar-Two/ros2_ws/install/differential_drive_controller/include/differential_drive_controller/differential_drive_controller/util/differential_drive_kinematics.hpp
[0.217s] -- Up-to-date symlink: /home/dev/Documents/GitHub/Polar-Two/ros2_ws/install/differential_drive_controller/include/differential_drive_controller/differential_drive_controller/util/differential_drive_odometry.hpp
[0.218s] -- Up-to-date symlink: /home/dev/Documents/GitHub/Polar-Two/ros2_ws/install/differential_drive_controller/include/differential_drive_controller/differential_drive_controller/util/utility.hpp
[0.218s] -- Up-to-date symlink: /home/dev/Documents/GitHub/Polar-Two/ros2_ws/install/differential_drive_controller/include/differential_drive_controller/differential_drive_controller/visibility_control.h
[0.218s] -- Up-to-date symlink: /home/dev/Documents/GitHub/Polar-Two/ros2_ws/install/differential_drive_controller/share/differential_drive_controller/environment/library_path.sh
[0.218s] -- Up-to-date symlink: /home/dev/Documents/GitHub/Polar-Two/ros2_ws/install/differential_drive_controller/share/differential_drive_controller/environment/library_path.dsv
[0.218s] -- Up-to-date symlink: /home/dev/Documents/GitHub/Polar-Two/ros2_ws/install/differential_drive_controller/share/ament_index/resource_index/package_run_dependencies/differential_drive_controller
[0.218s] -- Up-to-date symlink: /home/dev/Documents/GitHub/Polar-Two/ros2_ws/install/differential_drive_controller/share/ament_index/resource_index/parent_prefix_path/differential_drive_controller
[0.218s] -- Up-to-date symlink: /home/dev/Documents/GitHub/Polar-Two/ros2_ws/install/differential_drive_controller/share/differential_drive_controller/environment/ament_prefix_path.sh
[0.218s] -- Up-to-date symlink: /home/dev/Documents/GitHub/Polar-Two/ros2_ws/install/differential_drive_controller/share/differential_drive_controller/environment/ament_prefix_path.dsv
[0.218s] -- Up-to-date symlink: /home/dev/Documents/GitHub/Polar-Two/ros2_ws/install/differential_drive_controller/share/differential_drive_controller/environment/path.sh
[0.220s] -- Up-to-date symlink: /home/dev/Documents/GitHub/Polar-Two/ros2_ws/install/differential_drive_controller/share/differential_drive_controller/environment/path.dsv
[0.220s] -- Up-to-date symlink: /home/dev/Documents/GitHub/Polar-Two/ros2_ws/install/differential_drive_controller/share/differential_drive_controller/local_setup.bash
[0.220s] -- Up-to-date symlink: /home/dev/Documents/GitHub/Polar-Two/ros2_ws/install/differential_drive_controller/share/differential_drive_controller/local_setup.sh
[0.221s] -- Up-to-date symlink: /home/dev/Documents/GitHub/Polar-Two/ros2_ws/install/differential_drive_controller/share/differential_drive_controller/local_setup.zsh
[0.221s] -- Up-to-date symlink: /home/dev/Documents/GitHub/Polar-Two/ros2_ws/install/differential_drive_controller/share/differential_drive_controller/local_setup.dsv
[0.221s] -- Symlinking: /home/dev/Documents/GitHub/Polar-Two/ros2_ws/install/differential_drive_controller/share/differential_drive_controller/package.dsv
[0.229s] -- Up-to-date symlink: /home/dev/Documents/GitHub/Polar-Two/ros2_ws/install/differential_drive_controller/share/ament_index/resource_index/packages/differential_drive_controller
[0.229s] -- Up-to-date symlink: /home/dev/Documents/GitHub/Polar-Two/ros2_ws/install/differential_drive_controller/share/ament_index/resource_index/controller_interface__pluginlib__plugin/differential_drive_controller
[0.229s] -- Up-to-date symlink: /home/dev/Documents/GitHub/Polar-Two/ros2_ws/install/differential_drive_controller/share/differential_drive_controller/cmake/ament_cmake_export_dependencies-extras.cmake
[0.229s] -- Up-to-date symlink: /home/dev/Documents/GitHub/Polar-Two/ros2_ws/install/differential_drive_controller/share/differential_drive_controller/cmake/ament_cmake_export_targets-extras.cmake
[0.229s] -- Up-to-date symlink: /home/dev/Documents/GitHub/Polar-Two/ros2_ws/install/differential_drive_controller/share/differential_drive_controller/cmake/differential_drive_controllerConfig.cmake
[0.230s] -- Up-to-date symlink: /home/dev/Documents/GitHub/Polar-Two/ros2_ws/install/differential_drive_controller/share/differential_drive_controller/cmake/differential_drive_controllerConfig-version.cmake
[0.230s] -- Up-to-date symlink: /home/dev/Documents/GitHub/Polar-Two/ros2_ws/install/differential_drive_controller/share/differential_drive_controller/package.xml
[0.231s] -- Up-to-date: /home/dev/Documents/GitHub/Polar-Two/ros2_ws/install/differential_drive_controller/lib/libdifferential_drive_controller.so
[0.232s] -- Up-to-date: /home/dev/Documents/GitHub/Polar-Two/ros2_ws/install/differential_drive_controller/share/differential_drive_controller/cmake/export_differential_drive_controllerExport.cmake
[0.233s] -- Up-to-date: /home/dev/Documents/GitHub/Polar-Two/ros2_ws/install/differential_drive_controller/share/differential_drive_controller/cmake/export_differential_drive_controllerExport-noconfig.cmake
[0.269s] Invoked command in '/home/dev/Documents/GitHub/Polar-Two/ros2_ws/build/differential_drive_controller' returned '0': CMAKE_PREFIX_PATH=/opt/ros/humble CONDA_PROMPT_MODIFIER=(base) /usr/bin/cmake --install /home/dev/Documents/GitHub/Polar-Two/ros2_ws/build/differential_drive_controller
