[0.040s] Invoking command in '/home/dev/Documents/GitHub/Polar-Two/ros2_ws/build/depthai_driver': CMAKE_PREFIX_PATH=${CMAKE_PREFIX_PATH}:/opt/ros/humble /usr/bin/cmake --build /home/dev/Documents/GitHub/Polar-Two/ros2_ws/build/depthai_driver -- -j16 -l16
[0.103s] Invoked command in '/home/dev/Documents/GitHub/Polar-Two/ros2_ws/build/depthai_driver' returned '0': CMAKE_PREFIX_PATH=${CMAKE_PREFIX_PATH}:/opt/ros/humble /usr/bin/cmake --build /home/dev/Documents/GitHub/Polar-Two/ros2_ws/build/depthai_driver -- -j16 -l16
[0.119s] Invoking command in '/home/dev/Documents/GitHub/Polar-Two/ros2_ws/build/depthai_driver': CMAKE_PREFIX_PATH=${CMAKE_PREFIX_PATH}:/opt/ros/humble /usr/bin/cmake --install /home/dev/Documents/GitHub/Polar-Two/ros2_ws/build/depthai_driver
[0.137s] -- Install configuration: ""
[0.139s] -- Execute custom install script
[0.139s] -- Up-to-date symlink: /home/dev/Documents/GitHub/Polar-Two/ros2_ws/install/depthai_driver/share/depthai_driver/config/calibration/left.yaml
[0.139s] -- Up-to-date symlink: /home/dev/Documents/GitHub/Polar-Two/ros2_ws/install/depthai_driver/share/depthai_driver/config/calibration/rgb.yaml
[0.140s] -- Up-to-date symlink: /home/dev/Documents/GitHub/Polar-Two/ros2_ws/install/depthai_driver/share/depthai_driver/config/calibration/right.yaml
[0.140s] -- Up-to-date symlink: /home/dev/Documents/GitHub/Polar-Two/ros2_ws/install/depthai_driver/share/depthai_driver/config/config.yaml
[0.140s] -- Up-to-date symlink: /home/dev/Documents/GitHub/Polar-Two/ros2_ws/install/depthai_driver/share/depthai_driver/config/everything.yaml
[0.141s] -- Up-to-date symlink: /home/dev/Documents/GitHub/Polar-Two/ros2_ws/install/depthai_driver/share/depthai_driver/launch/camera_driver.launch.py
[0.142s] -- Up-to-date symlink: /home/dev/Documents/GitHub/Polar-Two/ros2_ws/install/depthai_driver/share/depthai_driver/src/hello.txt
[0.142s] -- Up-to-date symlink: /home/dev/Documents/GitHub/Polar-Two/ros2_ws/install/depthai_driver/share/ament_index/resource_index/package_run_dependencies/depthai_driver
[0.143s] -- Up-to-date symlink: /home/dev/Documents/GitHub/Polar-Two/ros2_ws/install/depthai_driver/share/ament_index/resource_index/parent_prefix_path/depthai_driver
[0.143s] -- Up-to-date symlink: /home/dev/Documents/GitHub/Polar-Two/ros2_ws/install/depthai_driver/share/depthai_driver/environment/ament_prefix_path.sh
[0.144s] -- Up-to-date symlink: /home/dev/Documents/GitHub/Polar-Two/ros2_ws/install/depthai_driver/share/depthai_driver/environment/ament_prefix_path.dsv
[0.145s] -- Up-to-date symlink: /home/dev/Documents/GitHub/Polar-Two/ros2_ws/install/depthai_driver/share/depthai_driver/environment/path.sh
[0.145s] -- Up-to-date symlink: /home/dev/Documents/GitHub/Polar-Two/ros2_ws/install/depthai_driver/share/depthai_driver/environment/path.dsv
[0.145s] -- Up-to-date symlink: /home/dev/Documents/GitHub/Polar-Two/ros2_ws/install/depthai_driver/share/depthai_driver/local_setup.bash
[0.145s] -- Up-to-date symlink: /home/dev/Documents/GitHub/Polar-Two/ros2_ws/install/depthai_driver/share/depthai_driver/local_setup.sh
[0.146s] -- Up-to-date symlink: /home/dev/Documents/GitHub/Polar-Two/ros2_ws/install/depthai_driver/share/depthai_driver/local_setup.zsh
[0.149s] -- Up-to-date symlink: /home/dev/Documents/GitHub/Polar-Two/ros2_ws/install/depthai_driver/share/depthai_driver/local_setup.dsv
[0.149s] -- Symlinking: /home/dev/Documents/GitHub/Polar-Two/ros2_ws/install/depthai_driver/share/depthai_driver/package.dsv
[0.161s] -- Up-to-date symlink: /home/dev/Documents/GitHub/Polar-Two/ros2_ws/install/depthai_driver/share/ament_index/resource_index/packages/depthai_driver
[0.161s] -- Up-to-date symlink: /home/dev/Documents/GitHub/Polar-Two/ros2_ws/install/depthai_driver/share/depthai_driver/cmake/depthai_driverConfig.cmake
[0.161s] -- Up-to-date symlink: /home/dev/Documents/GitHub/Polar-Two/ros2_ws/install/depthai_driver/share/depthai_driver/cmake/depthai_driverConfig-version.cmake
[0.161s] -- Up-to-date symlink: /home/dev/Documents/GitHub/Polar-Two/ros2_ws/install/depthai_driver/share/depthai_driver/package.xml
[0.165s] Invoked command in '/home/dev/Documents/GitHub/Polar-Two/ros2_ws/build/depthai_driver' returned '0': CMAKE_PREFIX_PATH=${CMAKE_PREFIX_PATH}:/opt/ros/humble /usr/bin/cmake --install /home/dev/Documents/GitHub/Polar-Two/ros2_ws/build/depthai_driver
