[100%] Built target microros_hardware_interface
-- Install configuration: ""
-- Execute custom install script
-- Up-to-date symlink: /home/dev/Documents/GitHub/Polar-Two/ros2_ws/install/microros_hardware_interface/share/microros_hardware_interface//microros_hardware_interface.xml
-- Up-to-date symlink: /home/dev/Documents/GitHub/Polar-Two/ros2_ws/install/microros_hardware_interface/include/microros_hardware_interface/include/microros_hardware_interface/constants.hpp
-- Up-to-date symlink: /home/dev/Documents/GitHub/Polar-Two/ros2_ws/install/microros_hardware_interface/include/microros_hardware_interface/include/microros_hardware_interface/diffbot_system.hpp
-- Up-to-date symlink: /home/dev/Documents/GitHub/Polar-Two/ros2_ws/install/microros_hardware_interface/include/microros_hardware_interface/include/microros_hardware_interface/interfaces/master_node.hpp
-- Up-to-date symlink: /home/dev/Documents/GitHub/Polar-Two/ros2_ws/install/microros_hardware_interface/include/microros_hardware_interface/include/microros_hardware_interface/interfaces/motor_interface.hpp
-- Up-to-date symlink: /home/dev/Documents/GitHub/Polar-Two/ros2_ws/install/microros_hardware_interface/include/microros_hardware_interface/include/microros_hardware_interface/interfaces/topic_interface.hpp
-- Up-to-date symlink: /home/dev/Documents/GitHub/Polar-Two/ros2_ws/install/microros_hardware_interface/include/microros_hardware_interface/include/microros_hardware_interface/util/pid_controller.hpp
-- Up-to-date symlink: /home/dev/Documents/GitHub/Polar-Two/ros2_ws/install/microros_hardware_interface/include/microros_hardware_interface/include/microros_hardware_interface/util/timestamped_value.hpp
-- Up-to-date symlink: /home/dev/Documents/GitHub/Polar-Two/ros2_ws/install/microros_hardware_interface/include/microros_hardware_interface/include/microros_hardware_interface/util/utility.hpp
-- Up-to-date symlink: /home/dev/Documents/GitHub/Polar-Two/ros2_ws/install/microros_hardware_interface/include/microros_hardware_interface/include/microros_hardware_interface/visibility_control.h
-- Up-to-date symlink: /home/dev/Documents/GitHub/Polar-Two/ros2_ws/install/microros_hardware_interface/share/microros_hardware_interface/description/launch/view_robot.launch.py
-- Up-to-date symlink: /home/dev/Documents/GitHub/Polar-Two/ros2_ws/install/microros_hardware_interface/share/microros_hardware_interface/description/ros2_control/microros_hardware.ros2_control.xacro
-- Up-to-date symlink: /home/dev/Documents/GitHub/Polar-Two/ros2_ws/install/microros_hardware_interface/share/microros_hardware_interface/description/rviz/carlikebot.rviz
-- Up-to-date symlink: /home/dev/Documents/GitHub/Polar-Two/ros2_ws/install/microros_hardware_interface/share/microros_hardware_interface/description/rviz/carlikebot_view.rviz
-- Up-to-date symlink: /home/dev/Documents/GitHub/Polar-Two/ros2_ws/install/microros_hardware_interface/share/microros_hardware_interface/description/rviz/view.rviz
-- Up-to-date symlink: /home/dev/Documents/GitHub/Polar-Two/ros2_ws/install/microros_hardware_interface/share/microros_hardware_interface/description/urdf/assets/caster/caster.mtl
-- Up-to-date symlink: /home/dev/Documents/GitHub/Polar-Two/ros2_ws/install/microros_hardware_interface/share/microros_hardware_interface/description/urdf/assets/caster/caster.obj
-- Up-to-date symlink: /home/dev/Documents/GitHub/Polar-Two/ros2_ws/install/microros_hardware_interface/share/microros_hardware_interface/description/urdf/assets/chassis/Chassis.mtl
-- Up-to-date symlink: /home/dev/Documents/GitHub/Polar-Two/ros2_ws/install/microros_hardware_interface/share/microros_hardware_interface/description/urdf/assets/chassis/Chassis.obj
-- Up-to-date symlink: /home/dev/Documents/GitHub/Polar-Two/ros2_ws/install/microros_hardware_interface/share/microros_hardware_interface/description/urdf/assets/chassis/Chassis.stl
-- Up-to-date symlink: /home/dev/Documents/GitHub/Polar-Two/ros2_ws/install/microros_hardware_interface/share/microros_hardware_interface/description/urdf/assets/components/Oak-D.stl
-- Up-to-date symlink: /home/dev/Documents/GitHub/Polar-Two/ros2_ws/install/microros_hardware_interface/share/microros_hardware_interface/description/urdf/assets/wheel/Wheel.mtl
-- Up-to-date symlink: /home/dev/Documents/GitHub/Polar-Two/ros2_ws/install/microros_hardware_interface/share/microros_hardware_interface/description/urdf/assets/wheel/Wheel.obj
-- Up-to-date symlink: /home/dev/Documents/GitHub/Polar-Two/ros2_ws/install/microros_hardware_interface/share/microros_hardware_interface/description/urdf/assets/wheel/Wheel.stl
-- Up-to-date symlink: /home/dev/Documents/GitHub/Polar-Two/ros2_ws/install/microros_hardware_interface/share/microros_hardware_interface/description/urdf/core.urdf.xacro
-- Up-to-date symlink: /home/dev/Documents/GitHub/Polar-Two/ros2_ws/install/microros_hardware_interface/share/microros_hardware_interface/description/urdf/robot.urdf.xacro
-- Up-to-date symlink: /home/dev/Documents/GitHub/Polar-Two/ros2_ws/install/microros_hardware_interface/share/microros_hardware_interface/description/urdf/util/components/driver_camera.xacro
-- Up-to-date symlink: /home/dev/Documents/GitHub/Polar-Two/ros2_ws/install/microros_hardware_interface/share/microros_hardware_interface/description/urdf/util/components/front_oakd.xacro
-- Up-to-date symlink: /home/dev/Documents/GitHub/Polar-Two/ros2_ws/install/microros_hardware_interface/share/microros_hardware_interface/description/urdf/util/components/rplidar.xacro
-- Up-to-date symlink: /home/dev/Documents/GitHub/Polar-Two/ros2_ws/install/microros_hardware_interface/share/microros_hardware_interface/description/urdf/util/constants.xacro
-- Up-to-date symlink: /home/dev/Documents/GitHub/Polar-Two/ros2_ws/install/microros_hardware_interface/share/microros_hardware_interface/description/urdf/util/macros/camera.xacro
-- Up-to-date symlink: /home/dev/Documents/GitHub/Polar-Two/ros2_ws/install/microros_hardware_interface/share/microros_hardware_interface/description/urdf/util/macros/dead_wheel.xacro
-- Up-to-date symlink: /home/dev/Documents/GitHub/Polar-Two/ros2_ws/install/microros_hardware_interface/share/microros_hardware_interface/description/urdf/util/macros/depth_camera.xacro
-- Up-to-date symlink: /home/dev/Documents/GitHub/Polar-Two/ros2_ws/install/microros_hardware_interface/share/microros_hardware_interface/description/urdf/util/macros/imu.xacro
-- Up-to-date symlink: /home/dev/Documents/GitHub/Polar-Two/ros2_ws/install/microros_hardware_interface/share/microros_hardware_interface/description/urdf/util/macros/lidar.xacro
-- Up-to-date symlink: /home/dev/Documents/GitHub/Polar-Two/ros2_ws/install/microros_hardware_interface/share/microros_hardware_interface/description/urdf/util/macros/oakd.xacro
-- Up-to-date symlink: /home/dev/Documents/GitHub/Polar-Two/ros2_ws/install/microros_hardware_interface/share/microros_hardware_interface/description/urdf/util/macros/wheel.xacro
-- Up-to-date symlink: /home/dev/Documents/GitHub/Polar-Two/ros2_ws/install/microros_hardware_interface/share/microros_hardware_interface/description/urdf/util/materials.xacro
-- Up-to-date symlink: /home/dev/Documents/GitHub/Polar-Two/ros2_ws/install/microros_hardware_interface/share/microros_hardware_interface/bringup/config/controllers.yaml
-- Up-to-date symlink: /home/dev/Documents/GitHub/Polar-Two/ros2_ws/install/microros_hardware_interface/share/microros_hardware_interface/bringup/config/gazebo_controller.yaml
-- Up-to-date symlink: /home/dev/Documents/GitHub/Polar-Two/ros2_ws/install/microros_hardware_interface/share/microros_hardware_interface/bringup/config/gz_bridge.yaml
-- Up-to-date symlink: /home/dev/Documents/GitHub/Polar-Two/ros2_ws/install/microros_hardware_interface/share/microros_hardware_interface/bringup/config/mapper_params_online_async.yaml
-- Up-to-date symlink: /home/dev/Documents/GitHub/Polar-Two/ros2_ws/install/microros_hardware_interface/share/microros_hardware_interface/bringup/launch/controller_manager.launch.py
-- Up-to-date symlink: /home/dev/Documents/GitHub/Polar-Two/ros2_ws/install/microros_hardware_interface/share/microros_hardware_interface/bringup/launch/external_controllers.launch.py
-- Up-to-date symlink: /home/dev/Documents/GitHub/Polar-Two/ros2_ws/install/microros_hardware_interface/share/microros_hardware_interface/bringup/launch/foxglove.launch.py
-- Up-to-date symlink: /home/dev/Documents/GitHub/Polar-Two/ros2_ws/install/microros_hardware_interface/share/microros_hardware_interface/bringup/launch/joint_state_broadcaster.launch.py
-- Up-to-date symlink: /home/dev/Documents/GitHub/Polar-Two/ros2_ws/install/microros_hardware_interface/share/microros_hardware_interface/bringup/launch/main.launch.py
-- Up-to-date symlink: /home/dev/Documents/GitHub/Polar-Two/ros2_ws/install/microros_hardware_interface/share/microros_hardware_interface/bringup/launch/microros.launch.py
-- Up-to-date symlink: /home/dev/Documents/GitHub/Polar-Two/ros2_ws/install/microros_hardware_interface/share/microros_hardware_interface/bringup/launch/robot_state_publisher.launch.py
-- Up-to-date symlink: /home/dev/Documents/GitHub/Polar-Two/ros2_ws/install/microros_hardware_interface/share/microros_hardware_interface/bringup/launch/rviz2.launch.py
-- Up-to-date symlink: /home/dev/Documents/GitHub/Polar-Two/ros2_ws/install/microros_hardware_interface/share/microros_hardware_interface/bringup/launch/sim.launch.py
-- Up-to-date symlink: /home/dev/Documents/GitHub/Polar-Two/ros2_ws/install/microros_hardware_interface/share/microros_hardware_interface/bringup/scripts/launch_microros.sh
-- Up-to-date symlink: /home/dev/Documents/GitHub/Polar-Two/ros2_ws/install/microros_hardware_interface/share/microros_hardware_interface/bringup/worlds/empty.world
-- Up-to-date symlink: /home/dev/Documents/GitHub/Polar-Two/ros2_ws/install/microros_hardware_interface/share/microros_hardware_interface/bringup/worlds/obstacles.world
-- Up-to-date symlink: /home/dev/Documents/GitHub/Polar-Two/ros2_ws/install/microros_hardware_interface/share/microros_hardware_interface/bringup/worlds/tugbot_depot.world
-- Up-to-date symlink: /home/dev/Documents/GitHub/Polar-Two/ros2_ws/install/microros_hardware_interface/share/microros_hardware_interface/environment/library_path.sh
-- Up-to-date symlink: /home/dev/Documents/GitHub/Polar-Two/ros2_ws/install/microros_hardware_interface/share/microros_hardware_interface/environment/library_path.dsv
-- Up-to-date symlink: /home/dev/Documents/GitHub/Polar-Two/ros2_ws/install/microros_hardware_interface/share/ament_index/resource_index/package_run_dependencies/microros_hardware_interface
-- Up-to-date symlink: /home/dev/Documents/GitHub/Polar-Two/ros2_ws/install/microros_hardware_interface/share/ament_index/resource_index/parent_prefix_path/microros_hardware_interface
-- Up-to-date symlink: /home/dev/Documents/GitHub/Polar-Two/ros2_ws/install/microros_hardware_interface/share/microros_hardware_interface/environment/ament_prefix_path.sh
-- Up-to-date symlink: /home/dev/Documents/GitHub/Polar-Two/ros2_ws/install/microros_hardware_interface/share/microros_hardware_interface/environment/ament_prefix_path.dsv
-- Up-to-date symlink: /home/dev/Documents/GitHub/Polar-Two/ros2_ws/install/microros_hardware_interface/share/microros_hardware_interface/environment/path.sh
-- Up-to-date symlink: /home/dev/Documents/GitHub/Polar-Two/ros2_ws/install/microros_hardware_interface/share/microros_hardware_interface/environment/path.dsv
-- Up-to-date symlink: /home/dev/Documents/GitHub/Polar-Two/ros2_ws/install/microros_hardware_interface/share/microros_hardware_interface/local_setup.bash
-- Up-to-date symlink: /home/dev/Documents/GitHub/Polar-Two/ros2_ws/install/microros_hardware_interface/share/microros_hardware_interface/local_setup.sh
-- Up-to-date symlink: /home/dev/Documents/GitHub/Polar-Two/ros2_ws/install/microros_hardware_interface/share/microros_hardware_interface/local_setup.zsh
-- Up-to-date symlink: /home/dev/Documents/GitHub/Polar-Two/ros2_ws/install/microros_hardware_interface/share/microros_hardware_interface/local_setup.dsv
-- Symlinking: /home/dev/Documents/GitHub/Polar-Two/ros2_ws/install/microros_hardware_interface/share/microros_hardware_interface/package.dsv
-- Up-to-date symlink: /home/dev/Documents/GitHub/Polar-Two/ros2_ws/install/microros_hardware_interface/share/ament_index/resource_index/packages/microros_hardware_interface
-- Up-to-date symlink: /home/dev/Documents/GitHub/Polar-Two/ros2_ws/install/microros_hardware_interface/share/ament_index/resource_index/hardware_interface__pluginlib__plugin/microros_hardware_interface
-- Up-to-date symlink: /home/dev/Documents/GitHub/Polar-Two/ros2_ws/install/microros_hardware_interface/share/microros_hardware_interface/cmake/ament_cmake_export_targets-extras.cmake
-- Up-to-date symlink: /home/dev/Documents/GitHub/Polar-Two/ros2_ws/install/microros_hardware_interface/share/microros_hardware_interface/cmake/ament_cmake_export_dependencies-extras.cmake
-- Up-to-date symlink: /home/dev/Documents/GitHub/Polar-Two/ros2_ws/install/microros_hardware_interface/share/microros_hardware_interface/cmake/microros_hardware_interfaceConfig.cmake
-- Up-to-date symlink: /home/dev/Documents/GitHub/Polar-Two/ros2_ws/install/microros_hardware_interface/share/microros_hardware_interface/cmake/microros_hardware_interfaceConfig-version.cmake
-- Up-to-date symlink: /home/dev/Documents/GitHub/Polar-Two/ros2_ws/install/microros_hardware_interface/share/microros_hardware_interface/package.xml
-- Up-to-date: /home/dev/Documents/GitHub/Polar-Two/ros2_ws/install/microros_hardware_interface/lib/libmicroros_hardware_interface.so
-- Up-to-date: /home/dev/Documents/GitHub/Polar-Two/ros2_ws/install/microros_hardware_interface/share/microros_hardware_interface/cmake/export_microros_hardware_interfaceExport.cmake
-- Up-to-date: /home/dev/Documents/GitHub/Polar-Two/ros2_ws/install/microros_hardware_interface/share/microros_hardware_interface/cmake/export_microros_hardware_interfaceExport-noconfig.cmake
