[35m[1mConsolidate compiler generated dependencies of target gtest_main[0m
[35m[1mConsolidate compiler generated dependencies of target gtest[0m
[ 20%] Built target differential_drive_controller_parameters
[ 40%] Built target gtest_main
[ 60%] Built target gtest
[35m[1mConsolidate compiler generated dependencies of target differential_drive_controller[0m
[ 80%] Built target differential_drive_controller
[35m[1mConsolidate compiler generated dependencies of target differential_drive_controller_test[0m
[100%] Built target differential_drive_controller_test
-- Install configuration: ""
-- Execute custom install script
-- Symlinking: /home/dev/Documents/GitHub/Polar-Two/ros2_ws/install/differential_drive_controller/include/differential_drive_controller/custom_validators.hpp
-- Symlinking: /home/dev/Documents/GitHub/Polar-Two/ros2_ws/install/differential_drive_controller/include/differential_drive_controller/differential_drive_controller_parameters.hpp
-- Symlinking: /home/dev/Documents/GitHub/Polar-Two/ros2_ws/install/differential_drive_controller/share/differential_drive_controller//differential_drive_plugin.xml
-- Symlinking: /home/dev/Documents/GitHub/Polar-Two/ros2_ws/install/differential_drive_controller/include/differential_drive_controller/differential_drive_controller/custom_validators.hpp
-- Symlinking: /home/dev/Documents/GitHub/Polar-Two/ros2_ws/install/differential_drive_controller/include/differential_drive_controller/differential_drive_controller/differential_drive_controller.hpp
-- Symlinking: /home/dev/Documents/GitHub/Polar-Two/ros2_ws/install/differential_drive_controller/include/differential_drive_controller/differential_drive_controller/util/differential_drive_drivetrain.hpp
-- Symlinking: /home/dev/Documents/GitHub/Polar-Two/ros2_ws/install/differential_drive_controller/include/differential_drive_controller/differential_drive_controller/util/differential_drive_kinematics.hpp
-- Symlinking: /home/dev/Documents/GitHub/Polar-Two/ros2_ws/install/differential_drive_controller/include/differential_drive_controller/differential_drive_controller/util/differential_drive_odometry.hpp
-- Symlinking: /home/dev/Documents/GitHub/Polar-Two/ros2_ws/install/differential_drive_controller/include/differential_drive_controller/differential_drive_controller/util/utility.hpp
-- Symlinking: /home/dev/Documents/GitHub/Polar-Two/ros2_ws/install/differential_drive_controller/include/differential_drive_controller/differential_drive_controller/visibility_control.h
-- Symlinking: /home/dev/Documents/GitHub/Polar-Two/ros2_ws/install/differential_drive_controller/share/differential_drive_controller/environment/library_path.sh
-- Symlinking: /home/dev/Documents/GitHub/Polar-Two/ros2_ws/install/differential_drive_controller/share/differential_drive_controller/environment/library_path.dsv
-- Symlinking: /home/dev/Documents/GitHub/Polar-Two/ros2_ws/install/differential_drive_controller/share/ament_index/resource_index/package_run_dependencies/differential_drive_controller
-- Symlinking: /home/dev/Documents/GitHub/Polar-Two/ros2_ws/install/differential_drive_controller/share/ament_index/resource_index/parent_prefix_path/differential_drive_controller
-- Symlinking: /home/dev/Documents/GitHub/Polar-Two/ros2_ws/install/differential_drive_controller/share/differential_drive_controller/environment/ament_prefix_path.sh
-- Symlinking: /home/dev/Documents/GitHub/Polar-Two/ros2_ws/install/differential_drive_controller/share/differential_drive_controller/environment/ament_prefix_path.dsv
-- Symlinking: /home/dev/Documents/GitHub/Polar-Two/ros2_ws/install/differential_drive_controller/share/differential_drive_controller/environment/path.sh
-- Symlinking: /home/dev/Documents/GitHub/Polar-Two/ros2_ws/install/differential_drive_controller/share/differential_drive_controller/environment/path.dsv
-- Symlinking: /home/dev/Documents/GitHub/Polar-Two/ros2_ws/install/differential_drive_controller/share/differential_drive_controller/local_setup.bash
-- Symlinking: /home/dev/Documents/GitHub/Polar-Two/ros2_ws/install/differential_drive_controller/share/differential_drive_controller/local_setup.sh
-- Symlinking: /home/dev/Documents/GitHub/Polar-Two/ros2_ws/install/differential_drive_controller/share/differential_drive_controller/local_setup.zsh
-- Symlinking: /home/dev/Documents/GitHub/Polar-Two/ros2_ws/install/differential_drive_controller/share/differential_drive_controller/local_setup.dsv
-- Symlinking: /home/dev/Documents/GitHub/Polar-Two/ros2_ws/install/differential_drive_controller/share/differential_drive_controller/package.dsv
-- Symlinking: /home/dev/Documents/GitHub/Polar-Two/ros2_ws/install/differential_drive_controller/share/ament_index/resource_index/packages/differential_drive_controller
-- Symlinking: /home/dev/Documents/GitHub/Polar-Two/ros2_ws/install/differential_drive_controller/share/ament_index/resource_index/controller_interface__pluginlib__plugin/differential_drive_controller
-- Symlinking: /home/dev/Documents/GitHub/Polar-Two/ros2_ws/install/differential_drive_controller/share/differential_drive_controller/cmake/ament_cmake_export_dependencies-extras.cmake
-- Symlinking: /home/dev/Documents/GitHub/Polar-Two/ros2_ws/install/differential_drive_controller/share/differential_drive_controller/cmake/ament_cmake_export_targets-extras.cmake
-- Symlinking: /home/dev/Documents/GitHub/Polar-Two/ros2_ws/install/differential_drive_controller/share/differential_drive_controller/cmake/differential_drive_controllerConfig.cmake
-- Symlinking: /home/dev/Documents/GitHub/Polar-Two/ros2_ws/install/differential_drive_controller/share/differential_drive_controller/cmake/differential_drive_controllerConfig-version.cmake
-- Symlinking: /home/dev/Documents/GitHub/Polar-Two/ros2_ws/install/differential_drive_controller/share/differential_drive_controller/package.xml
-- Installing: /home/dev/Documents/GitHub/Polar-Two/ros2_ws/install/differential_drive_controller/lib/libdifferential_drive_controller.so
-- Set runtime path of "/home/dev/Documents/GitHub/Polar-Two/ros2_ws/install/differential_drive_controller/lib/libdifferential_drive_controller.so" to ""
-- Installing: /home/dev/Documents/GitHub/Polar-Two/ros2_ws/install/differential_drive_controller/share/differential_drive_controller/cmake/export_differential_drive_controllerExport.cmake
-- Installing: /home/dev/Documents/GitHub/Polar-Two/ros2_ws/install/differential_drive_controller/share/differential_drive_controller/cmake/export_differential_drive_controllerExport-noconfig.cmake
