-- The C compiler identification is GNU 11.4.0
-- The CXX compiler identification is GNU 11.4.0
-- Detecting C compiler ABI info
-- Detecting C compiler ABI info - done
-- Check for working C compiler: /usr/bin/cc - skipped
-- Detecting C compile features
-- Detecting C compile features - done
-- Detecting CXX compiler ABI info
-- Detecting CXX compiler ABI info - done
-- Check for working CXX compiler: /usr/bin/c++ - skipped
-- Detecting CXX compile features
-- Detecting CXX compile features - done
-- Found ament_cmake: 1.3.11 (/opt/ros/humble/share/ament_cmake/cmake)
-- Found Python3: /home/dev/anaconda3/bin/python3 (found version "3.12.2") found components: Interpreter 
-- Override CMake install command with custom implementation using symlinks instead of copying resources
-- Found ament_lint_auto: 0.12.12 (/opt/ros/humble/share/ament_lint_auto/cmake)
-- Added test 'flake8' to check Python code syntax and style conventions
-- Added test 'lint_cmake' to check CMake code style
-- Added test 'pep257' to check Python code against some of the docstring style conventions in PEP 257
-- Added test 'xmllint' to check XML markup files
-- Configuring done
-- Generating done
-- Build files have been written to: /home/dev/Documents/GitHub/Poonam/ros2_ws/build/depthai_driver
-- Install configuration: ""
-- Execute custom install script
-- Symlinking: /home/dev/Documents/GitHub/Poonam/ros2_ws/install/depthai_driver/share/depthai_driver/config/calibration/left.yaml
-- Symlinking: /home/dev/Documents/GitHub/Poonam/ros2_ws/install/depthai_driver/share/depthai_driver/config/calibration/rgb.yaml
-- Symlinking: /home/dev/Documents/GitHub/Poonam/ros2_ws/install/depthai_driver/share/depthai_driver/config/calibration/right.yaml
-- Symlinking: /home/dev/Documents/GitHub/Poonam/ros2_ws/install/depthai_driver/share/depthai_driver/config/config.yaml
-- Symlinking: /home/dev/Documents/GitHub/Poonam/ros2_ws/install/depthai_driver/share/depthai_driver/config/everything.yaml
-- Symlinking: /home/dev/Documents/GitHub/Poonam/ros2_ws/install/depthai_driver/share/depthai_driver/launch/camera_driver.launch.py
-- Symlinking: /home/dev/Documents/GitHub/Poonam/ros2_ws/install/depthai_driver/share/depthai_driver/src/hello.txt
-- Symlinking: /home/dev/Documents/GitHub/Poonam/ros2_ws/install/depthai_driver/share/ament_index/resource_index/package_run_dependencies/depthai_driver
-- Symlinking: /home/dev/Documents/GitHub/Poonam/ros2_ws/install/depthai_driver/share/ament_index/resource_index/parent_prefix_path/depthai_driver
-- Up-to-date symlink: /home/dev/Documents/GitHub/Poonam/ros2_ws/install/depthai_driver/share/depthai_driver/environment/ament_prefix_path.sh
-- Symlinking: /home/dev/Documents/GitHub/Poonam/ros2_ws/install/depthai_driver/share/depthai_driver/environment/ament_prefix_path.dsv
-- Up-to-date symlink: /home/dev/Documents/GitHub/Poonam/ros2_ws/install/depthai_driver/share/depthai_driver/environment/path.sh
-- Symlinking: /home/dev/Documents/GitHub/Poonam/ros2_ws/install/depthai_driver/share/depthai_driver/environment/path.dsv
-- Symlinking: /home/dev/Documents/GitHub/Poonam/ros2_ws/install/depthai_driver/share/depthai_driver/local_setup.bash
-- Symlinking: /home/dev/Documents/GitHub/Poonam/ros2_ws/install/depthai_driver/share/depthai_driver/local_setup.sh
-- Symlinking: /home/dev/Documents/GitHub/Poonam/ros2_ws/install/depthai_driver/share/depthai_driver/local_setup.zsh
-- Symlinking: /home/dev/Documents/GitHub/Poonam/ros2_ws/install/depthai_driver/share/depthai_driver/local_setup.dsv
-- Symlinking: /home/dev/Documents/GitHub/Poonam/ros2_ws/install/depthai_driver/share/depthai_driver/package.dsv
-- Symlinking: /home/dev/Documents/GitHub/Poonam/ros2_ws/install/depthai_driver/share/ament_index/resource_index/packages/depthai_driver
-- Symlinking: /home/dev/Documents/GitHub/Poonam/ros2_ws/install/depthai_driver/share/depthai_driver/cmake/depthai_driverConfig.cmake
-- Symlinking: /home/dev/Documents/GitHub/Poonam/ros2_ws/install/depthai_driver/share/depthai_driver/cmake/depthai_driverConfig-version.cmake
-- Symlinking: /home/dev/Documents/GitHub/Poonam/ros2_ws/install/depthai_driver/share/depthai_driver/package.xml
