[0.036s] Invoking command in '/home/dev/Documents/GitHub/Poonam/ros2_ws/build/depthai_driver': CMAKE_PREFIX_PATH=${CMAKE_PREFIX_PATH}:/opt/ros/humble CONDA_PROMPT_MODIFIER=(base) /usr/bin/cmake /home/dev/Documents/GitHub/Poonam/ros2_ws/src/depthai_driver -DAMENT_CMAKE_SYMLINK_INSTALL=1 -DCMAKE_INSTALL_PREFIX=/home/dev/Documents/GitHub/Poonam/ros2_ws/install/depthai_driver
[0.136s] -- The C compiler identification is GNU 11.4.0
[0.204s] -- The CXX compiler identification is GNU 11.4.0
[0.215s] -- Detecting C compiler ABI info
[0.336s] -- Detecting C compiler ABI info - done
[0.350s] -- Check for working C compiler: /usr/bin/cc - skipped
[0.350s] -- Detecting C compile features
[0.350s] -- Detecting C compile features - done
[0.354s] -- Detecting CXX compiler ABI info
[0.482s] -- Detecting CXX compiler ABI info - done
[0.491s] -- Check for working CXX compiler: /usr/bin/c++ - skipped
[0.491s] -- Detecting CXX compile features
[0.492s] -- Detecting CXX compile features - done
[0.496s] -- Found ament_cmake: 1.3.11 (/opt/ros/humble/share/ament_cmake/cmake)
[0.996s] -- Found Python3: /home/dev/anaconda3/bin/python3 (found version "3.12.2") found components: Interpreter 
[1.134s] -- Override CMake install command with custom implementation using symlinks instead of copying resources
[1.208s] -- Found ament_lint_auto: 0.12.12 (/opt/ros/humble/share/ament_lint_auto/cmake)
[1.375s] -- Added test 'flake8' to check Python code syntax and style conventions
[1.377s] -- Added test 'lint_cmake' to check CMake code style
[1.379s] -- Added test 'pep257' to check Python code against some of the docstring style conventions in PEP 257
[1.381s] -- Added test 'xmllint' to check XML markup files
[1.384s] -- Configuring done
[1.388s] -- Generating done
[1.390s] -- Build files have been written to: /home/dev/Documents/GitHub/Poonam/ros2_ws/build/depthai_driver
[1.397s] Invoked command in '/home/dev/Documents/GitHub/Poonam/ros2_ws/build/depthai_driver' returned '0': CMAKE_PREFIX_PATH=${CMAKE_PREFIX_PATH}:/opt/ros/humble CONDA_PROMPT_MODIFIER=(base) /usr/bin/cmake /home/dev/Documents/GitHub/Poonam/ros2_ws/src/depthai_driver -DAMENT_CMAKE_SYMLINK_INSTALL=1 -DCMAKE_INSTALL_PREFIX=/home/dev/Documents/GitHub/Poonam/ros2_ws/install/depthai_driver
[1.401s] Invoking command in '/home/dev/Documents/GitHub/Poonam/ros2_ws/build/depthai_driver': CMAKE_PREFIX_PATH=${CMAKE_PREFIX_PATH}:/opt/ros/humble CONDA_PROMPT_MODIFIER=(base) /usr/bin/cmake --build /home/dev/Documents/GitHub/Poonam/ros2_ws/build/depthai_driver -- -j16 -l16
[1.459s] Invoked command in '/home/dev/Documents/GitHub/Poonam/ros2_ws/build/depthai_driver' returned '0': CMAKE_PREFIX_PATH=${CMAKE_PREFIX_PATH}:/opt/ros/humble CONDA_PROMPT_MODIFIER=(base) /usr/bin/cmake --build /home/dev/Documents/GitHub/Poonam/ros2_ws/build/depthai_driver -- -j16 -l16
[1.475s] Invoking command in '/home/dev/Documents/GitHub/Poonam/ros2_ws/build/depthai_driver': CMAKE_PREFIX_PATH=${CMAKE_PREFIX_PATH}:/opt/ros/humble CONDA_PROMPT_MODIFIER=(base) /usr/bin/cmake --install /home/dev/Documents/GitHub/Poonam/ros2_ws/build/depthai_driver
[1.485s] -- Install configuration: ""
[1.486s] -- Execute custom install script
[1.486s] -- Symlinking: /home/dev/Documents/GitHub/Poonam/ros2_ws/install/depthai_driver/share/depthai_driver/config/calibration/left.yaml
[1.501s] -- Symlinking: /home/dev/Documents/GitHub/Poonam/ros2_ws/install/depthai_driver/share/depthai_driver/config/calibration/rgb.yaml
[1.526s] -- Symlinking: /home/dev/Documents/GitHub/Poonam/ros2_ws/install/depthai_driver/share/depthai_driver/config/calibration/right.yaml
[1.539s] -- Symlinking: /home/dev/Documents/GitHub/Poonam/ros2_ws/install/depthai_driver/share/depthai_driver/config/config.yaml
[1.551s] -- Symlinking: /home/dev/Documents/GitHub/Poonam/ros2_ws/install/depthai_driver/share/depthai_driver/config/everything.yaml
[1.564s] -- Symlinking: /home/dev/Documents/GitHub/Poonam/ros2_ws/install/depthai_driver/share/depthai_driver/launch/camera_driver.launch.py
[1.578s] -- Symlinking: /home/dev/Documents/GitHub/Poonam/ros2_ws/install/depthai_driver/share/depthai_driver/src/hello.txt
[1.590s] -- Symlinking: /home/dev/Documents/GitHub/Poonam/ros2_ws/install/depthai_driver/share/ament_index/resource_index/package_run_dependencies/depthai_driver
[1.604s] -- Symlinking: /home/dev/Documents/GitHub/Poonam/ros2_ws/install/depthai_driver/share/ament_index/resource_index/parent_prefix_path/depthai_driver
[1.617s] -- Up-to-date symlink: /home/dev/Documents/GitHub/Poonam/ros2_ws/install/depthai_driver/share/depthai_driver/environment/ament_prefix_path.sh
[1.618s] -- Symlinking: /home/dev/Documents/GitHub/Poonam/ros2_ws/install/depthai_driver/share/depthai_driver/environment/ament_prefix_path.dsv
[1.632s] -- Up-to-date symlink: /home/dev/Documents/GitHub/Poonam/ros2_ws/install/depthai_driver/share/depthai_driver/environment/path.sh
[1.632s] -- Symlinking: /home/dev/Documents/GitHub/Poonam/ros2_ws/install/depthai_driver/share/depthai_driver/environment/path.dsv
[1.645s] -- Symlinking: /home/dev/Documents/GitHub/Poonam/ros2_ws/install/depthai_driver/share/depthai_driver/local_setup.bash
[1.658s] -- Symlinking: /home/dev/Documents/GitHub/Poonam/ros2_ws/install/depthai_driver/share/depthai_driver/local_setup.sh
[1.671s] -- Symlinking: /home/dev/Documents/GitHub/Poonam/ros2_ws/install/depthai_driver/share/depthai_driver/local_setup.zsh
[1.682s] -- Symlinking: /home/dev/Documents/GitHub/Poonam/ros2_ws/install/depthai_driver/share/depthai_driver/local_setup.dsv
[1.693s] -- Symlinking: /home/dev/Documents/GitHub/Poonam/ros2_ws/install/depthai_driver/share/depthai_driver/package.dsv
[1.707s] -- Symlinking: /home/dev/Documents/GitHub/Poonam/ros2_ws/install/depthai_driver/share/ament_index/resource_index/packages/depthai_driver
[1.726s] -- Symlinking: /home/dev/Documents/GitHub/Poonam/ros2_ws/install/depthai_driver/share/depthai_driver/cmake/depthai_driverConfig.cmake
[1.738s] -- Symlinking: /home/dev/Documents/GitHub/Poonam/ros2_ws/install/depthai_driver/share/depthai_driver/cmake/depthai_driverConfig-version.cmake
[1.752s] -- Symlinking: /home/dev/Documents/GitHub/Poonam/ros2_ws/install/depthai_driver/share/depthai_driver/package.xml
[1.766s] Invoked command in '/home/dev/Documents/GitHub/Poonam/ros2_ws/build/depthai_driver' returned '0': CMAKE_PREFIX_PATH=${CMAKE_PREFIX_PATH}:/opt/ros/humble CONDA_PROMPT_MODIFIER=(base) /usr/bin/cmake --install /home/dev/Documents/GitHub/Poonam/ros2_ws/build/depthai_driver
