[0.041s] Invoking command in '/home/dev/Documents/GitHub/Polar-Two/ros2_ws/build/carbot_hardware': CMAKE_PREFIX_PATH=/opt/ros/humble CONDA_PROMPT_MODIFIER=(base) /usr/bin/cmake --build /home/dev/Documents/GitHub/Polar-Two/ros2_ws/build/carbot_hardware -- -j16 -l16
[0.167s] [100%] Built target carbot_hardware
[0.268s] Invoked command in '/home/dev/Documents/GitHub/Polar-Two/ros2_ws/build/carbot_hardware' returned '0': CMAKE_PREFIX_PATH=/opt/ros/humble CONDA_PROMPT_MODIFIER=(base) /usr/bin/cmake --build /home/dev/Documents/GitHub/Polar-Two/ros2_ws/build/carbot_hardware -- -j16 -l16
[0.273s] Invoking command in '/home/dev/Documents/GitHub/Polar-Two/ros2_ws/build/carbot_hardware': CMAKE_PREFIX_PATH=/opt/ros/humble CONDA_PROMPT_MODIFIER=(base) /usr/bin/cmake --install /home/dev/Documents/GitHub/Polar-Two/ros2_ws/build/carbot_hardware
[0.289s] -- Install configuration: ""
[0.290s] -- Execute custom install script
[0.290s] -- Up-to-date symlink: /home/dev/Documents/GitHub/Polar-Two/ros2_ws/install/carbot_hardware/share/carbot_hardware//carbot_hardware.xml
[0.292s] -- Up-to-date symlink: /home/dev/Documents/GitHub/Polar-Two/ros2_ws/install/carbot_hardware/include/carbot_hardware/carbot_hardware/arduino_comms.hpp
[0.292s] -- Up-to-date symlink: /home/dev/Documents/GitHub/Polar-Two/ros2_ws/install/carbot_hardware/include/carbot_hardware/carbot_hardware/arduino_interface_types.hpp
[0.293s] -- Up-to-date symlink: /home/dev/Documents/GitHub/Polar-Two/ros2_ws/install/carbot_hardware/include/carbot_hardware/carbot_hardware/constants.hpp
[0.293s] -- Up-to-date symlink: /home/dev/Documents/GitHub/Polar-Two/ros2_ws/install/carbot_hardware/include/carbot_hardware/carbot_hardware/devices/Device.hpp
[0.294s] -- Up-to-date symlink: /home/dev/Documents/GitHub/Polar-Two/ros2_ws/install/carbot_hardware/include/carbot_hardware/carbot_hardware/devices/HeartbeatMonitor.hpp
[0.294s] -- Up-to-date symlink: /home/dev/Documents/GitHub/Polar-Two/ros2_ws/install/carbot_hardware/include/carbot_hardware/carbot_hardware/devices/Motor.hpp
[0.294s] -- Up-to-date symlink: /home/dev/Documents/GitHub/Polar-Two/ros2_ws/install/carbot_hardware/include/carbot_hardware/carbot_hardware/devices/Sensor.hpp
[0.294s] -- Up-to-date symlink: /home/dev/Documents/GitHub/Polar-Two/ros2_ws/install/carbot_hardware/include/carbot_hardware/carbot_hardware/diffbot_system.hpp
[0.294s] -- Up-to-date symlink: /home/dev/Documents/GitHub/Polar-Two/ros2_ws/install/carbot_hardware/include/carbot_hardware/carbot_hardware/subsystems/Drive.hpp
[0.295s] -- Up-to-date symlink: /home/dev/Documents/GitHub/Polar-Two/ros2_ws/install/carbot_hardware/include/carbot_hardware/carbot_hardware/subsystems/Subsystem.hpp
[0.295s] -- Up-to-date symlink: /home/dev/Documents/GitHub/Polar-Two/ros2_ws/install/carbot_hardware/include/carbot_hardware/carbot_hardware/subsystems/Superstructure.hpp
[0.295s] -- Up-to-date symlink: /home/dev/Documents/GitHub/Polar-Two/ros2_ws/install/carbot_hardware/include/carbot_hardware/carbot_hardware/subsystems/SystemManager.hpp
[0.296s] -- Up-to-date symlink: /home/dev/Documents/GitHub/Polar-Two/ros2_ws/install/carbot_hardware/include/carbot_hardware/carbot_hardware/visibility_control.h
[0.296s] -- Up-to-date symlink: /home/dev/Documents/GitHub/Polar-Two/ros2_ws/install/carbot_hardware/share/carbot_hardware/launch/view_robot.launch.py
[0.296s] -- Up-to-date symlink: /home/dev/Documents/GitHub/Polar-Two/ros2_ws/install/carbot_hardware/share/carbot_hardware/ros2_control/carlikebot.ros2_control.xacro
[0.296s] -- Up-to-date symlink: /home/dev/Documents/GitHub/Polar-Two/ros2_ws/install/carbot_hardware/share/carbot_hardware/urdf/assets/Chassis.stl
[0.297s] -- Up-to-date symlink: /home/dev/Documents/GitHub/Polar-Two/ros2_ws/install/carbot_hardware/share/carbot_hardware/urdf/assets/Wheel.stl
[0.297s] -- Up-to-date symlink: /home/dev/Documents/GitHub/Polar-Two/ros2_ws/install/carbot_hardware/share/carbot_hardware/urdf/components/camera.xacro
[0.298s] -- Up-to-date symlink: /home/dev/Documents/GitHub/Polar-Two/ros2_ws/install/carbot_hardware/share/carbot_hardware/urdf/components/depth_camera.xacro
[0.298s] -- Up-to-date symlink: /home/dev/Documents/GitHub/Polar-Two/ros2_ws/install/carbot_hardware/share/carbot_hardware/urdf/components/lidar.xacro
[0.298s] -- Up-to-date symlink: /home/dev/Documents/GitHub/Polar-Two/ros2_ws/install/carbot_hardware/share/carbot_hardware/urdf/core.urdf.xacro
[0.299s] -- Up-to-date symlink: /home/dev/Documents/GitHub/Polar-Two/ros2_ws/install/carbot_hardware/share/carbot_hardware/urdf/robot.urdf.xacro
[0.299s] -- Up-to-date symlink: /home/dev/Documents/GitHub/Polar-Two/ros2_ws/install/carbot_hardware/share/carbot_hardware/urdf/util/carlikebot.materials.xacro
[0.299s] -- Up-to-date symlink: /home/dev/Documents/GitHub/Polar-Two/ros2_ws/install/carbot_hardware/share/carbot_hardware/urdf/util/constants.xacro
[0.299s] -- Up-to-date symlink: /home/dev/Documents/GitHub/Polar-Two/ros2_ws/install/carbot_hardware/share/carbot_hardware/launch/carlikebot.launch.py
[0.299s] -- Up-to-date symlink: /home/dev/Documents/GitHub/Polar-Two/ros2_ws/install/carbot_hardware/share/carbot_hardware/launch/carlikebot_sim.launch.py
[0.299s] -- Up-to-date symlink: /home/dev/Documents/GitHub/Polar-Two/ros2_ws/install/carbot_hardware/share/carbot_hardware/launch/carlikebot_test.launch.py
[0.299s] -- Up-to-date symlink: /home/dev/Documents/GitHub/Polar-Two/ros2_ws/install/carbot_hardware/share/carbot_hardware/launch/controller_manager.launch.py
[0.299s] -- Up-to-date symlink: /home/dev/Documents/GitHub/Polar-Two/ros2_ws/install/carbot_hardware/share/carbot_hardware/launch/robot_state_publisher.launch.py
[0.300s] -- Up-to-date symlink: /home/dev/Documents/GitHub/Polar-Two/ros2_ws/install/carbot_hardware/share/carbot_hardware/config/carlikebot_controllers.yaml
[0.300s] -- Up-to-date symlink: /home/dev/Documents/GitHub/Polar-Two/ros2_ws/install/carbot_hardware/share/carbot_hardware/config/gazebo_controller.yaml
[0.300s] -- Up-to-date symlink: /home/dev/Documents/GitHub/Polar-Two/ros2_ws/install/carbot_hardware/share/carbot_hardware/bringup/config/carlikebot_controllers.yaml
[0.300s] -- Up-to-date symlink: /home/dev/Documents/GitHub/Polar-Two/ros2_ws/install/carbot_hardware/share/carbot_hardware/bringup/config/gazebo_controller.yaml
[0.302s] -- Up-to-date symlink: /home/dev/Documents/GitHub/Polar-Two/ros2_ws/install/carbot_hardware/share/carbot_hardware/bringup/launch/carlikebot.launch.py
[0.302s] -- Up-to-date symlink: /home/dev/Documents/GitHub/Polar-Two/ros2_ws/install/carbot_hardware/share/carbot_hardware/bringup/launch/carlikebot_sim.launch.py
[0.303s] -- Up-to-date symlink: /home/dev/Documents/GitHub/Polar-Two/ros2_ws/install/carbot_hardware/share/carbot_hardware/bringup/launch/carlikebot_test.launch.py
[0.304s] -- Up-to-date symlink: /home/dev/Documents/GitHub/Polar-Two/ros2_ws/install/carbot_hardware/share/carbot_hardware/bringup/launch/controller_manager.launch.py
[0.304s] -- Up-to-date symlink: /home/dev/Documents/GitHub/Polar-Two/ros2_ws/install/carbot_hardware/share/carbot_hardware/bringup/launch/robot_state_publisher.launch.py
[0.304s] -- Up-to-date symlink: /home/dev/Documents/GitHub/Polar-Two/ros2_ws/install/carbot_hardware/share/carbot_hardware/environment/library_path.sh
[0.304s] -- Up-to-date symlink: /home/dev/Documents/GitHub/Polar-Two/ros2_ws/install/carbot_hardware/share/carbot_hardware/environment/library_path.dsv
[0.304s] -- Up-to-date symlink: /home/dev/Documents/GitHub/Polar-Two/ros2_ws/install/carbot_hardware/share/ament_index/resource_index/package_run_dependencies/carbot_hardware
[0.304s] -- Up-to-date symlink: /home/dev/Documents/GitHub/Polar-Two/ros2_ws/install/carbot_hardware/share/ament_index/resource_index/parent_prefix_path/carbot_hardware
[0.304s] -- Up-to-date symlink: /home/dev/Documents/GitHub/Polar-Two/ros2_ws/install/carbot_hardware/share/carbot_hardware/environment/ament_prefix_path.sh
[0.304s] -- Up-to-date symlink: /home/dev/Documents/GitHub/Polar-Two/ros2_ws/install/carbot_hardware/share/carbot_hardware/environment/ament_prefix_path.dsv
[0.304s] -- Up-to-date symlink: /home/dev/Documents/GitHub/Polar-Two/ros2_ws/install/carbot_hardware/share/carbot_hardware/environment/path.sh
[0.304s] -- Up-to-date symlink: /home/dev/Documents/GitHub/Polar-Two/ros2_ws/install/carbot_hardware/share/carbot_hardware/environment/path.dsv
[0.304s] -- Up-to-date symlink: /home/dev/Documents/GitHub/Polar-Two/ros2_ws/install/carbot_hardware/share/carbot_hardware/local_setup.bash
[0.304s] -- Up-to-date symlink: /home/dev/Documents/GitHub/Polar-Two/ros2_ws/install/carbot_hardware/share/carbot_hardware/local_setup.sh
[0.304s] -- Up-to-date symlink: /home/dev/Documents/GitHub/Polar-Two/ros2_ws/install/carbot_hardware/share/carbot_hardware/local_setup.zsh
[0.304s] -- Up-to-date symlink: /home/dev/Documents/GitHub/Polar-Two/ros2_ws/install/carbot_hardware/share/carbot_hardware/local_setup.dsv
[0.305s] -- Symlinking: /home/dev/Documents/GitHub/Polar-Two/ros2_ws/install/carbot_hardware/share/carbot_hardware/package.dsv
[0.323s] -- Up-to-date symlink: /home/dev/Documents/GitHub/Polar-Two/ros2_ws/install/carbot_hardware/share/ament_index/resource_index/packages/carbot_hardware
[0.323s] -- Up-to-date symlink: /home/dev/Documents/GitHub/Polar-Two/ros2_ws/install/carbot_hardware/share/ament_index/resource_index/hardware_interface__pluginlib__plugin/carbot_hardware
[0.324s] -- Up-to-date symlink: /home/dev/Documents/GitHub/Polar-Two/ros2_ws/install/carbot_hardware/share/carbot_hardware/cmake/ament_cmake_export_targets-extras.cmake
[0.326s] -- Up-to-date symlink: /home/dev/Documents/GitHub/Polar-Two/ros2_ws/install/carbot_hardware/share/carbot_hardware/cmake/ament_cmake_export_dependencies-extras.cmake
[0.326s] -- Up-to-date symlink: /home/dev/Documents/GitHub/Polar-Two/ros2_ws/install/carbot_hardware/share/carbot_hardware/cmake/carbot_hardwareConfig.cmake
[0.327s] -- Up-to-date symlink: /home/dev/Documents/GitHub/Polar-Two/ros2_ws/install/carbot_hardware/share/carbot_hardware/cmake/carbot_hardwareConfig-version.cmake
[0.328s] -- Up-to-date symlink: /home/dev/Documents/GitHub/Polar-Two/ros2_ws/install/carbot_hardware/share/carbot_hardware/package.xml
[0.334s] -- Up-to-date: /home/dev/Documents/GitHub/Polar-Two/ros2_ws/install/carbot_hardware/lib/libcarbot_hardware.so
[0.334s] -- Up-to-date: /home/dev/Documents/GitHub/Polar-Two/ros2_ws/install/carbot_hardware/share/carbot_hardware/cmake/export_carbot_hardwareExport.cmake
[0.334s] -- Up-to-date: /home/dev/Documents/GitHub/Polar-Two/ros2_ws/install/carbot_hardware/share/carbot_hardware/cmake/export_carbot_hardwareExport-noconfig.cmake
[0.380s] Invoked command in '/home/dev/Documents/GitHub/Polar-Two/ros2_ws/build/carbot_hardware' returned '0': CMAKE_PREFIX_PATH=/opt/ros/humble CONDA_PROMPT_MODIFIER=(base) /usr/bin/cmake --install /home/dev/Documents/GitHub/Polar-Two/ros2_ws/build/carbot_hardware
