[  2%] Built target camera_driver_srvs__cpp
[ 12%] Built target camera_driver_srvs__rosidl_generator_c
[ 12%] Built target ament_cmake_python_symlink_camera_driver_srvs
[ 23%] Built target camera_driver_srvs__rosidl_typesupport_cpp
[ 33%] Built target camera_driver_srvs__rosidl_typesupport_fastrtps_cpp
[ 51%] Built target camera_driver_srvs__rosidl_typesupport_c
[ 53%] Built target camera_driver_srvs__rosidl_typesupport_introspection_c
[ 71%] Built target camera_driver_srvs__rosidl_typesupport_introspection_cpp
[ 74%] Built target camera_driver_srvs__rosidl_typesupport_fastrtps_c
[ 74%] Built target camera_driver_srvs
[ 76%] Built target camera_driver_srvs__py
[ 84%] Built target camera_driver_srvs__rosidl_generator_py
[ 89%] Built target camera_driver_srvs__rosidl_typesupport_c__pyext
[ 94%] Built target camera_driver_srvs__rosidl_typesupport_introspection_c__pyext
[100%] Built target camera_driver_srvs__rosidl_typesupport_fastrtps_c__pyext
running egg_info
writing camera_driver_srvs.egg-info/PKG-INFO
writing dependency_links to camera_driver_srvs.egg-info/dependency_links.txt
writing top-level names to camera_driver_srvs.egg-info/top_level.txt
reading manifest file 'camera_driver_srvs.egg-info/SOURCES.txt'
writing manifest file 'camera_driver_srvs.egg-info/SOURCES.txt'
[100%] Built target ament_cmake_python_build_camera_driver_srvs_egg
-- Install configuration: ""
-- Execute custom install script
-- Up-to-date symlink: /home/dev/Documents/GitHub/Polar-Two/ros2_ws/install/camera_driver_srvs/share/ament_index/resource_index/rosidl_interfaces/camera_driver_srvs
-- Up-to-date symlink: /home/dev/Documents/GitHub/Polar-Two/ros2_ws/install/camera_driver_srvs/include/camera_driver_srvs/camera_driver_srvs/msg/rosidl_generator_c__visibility_control.h
-- Up-to-date symlink: /home/dev/Documents/GitHub/Polar-Two/ros2_ws/install/camera_driver_srvs/include/camera_driver_srvs/camera_driver_srvs/srv/configure_camera.h
-- Up-to-date symlink: /home/dev/Documents/GitHub/Polar-Two/ros2_ws/install/camera_driver_srvs/include/camera_driver_srvs/camera_driver_srvs/srv/detail/configure_camera__functions.h
-- Up-to-date symlink: /home/dev/Documents/GitHub/Polar-Two/ros2_ws/install/camera_driver_srvs/include/camera_driver_srvs/camera_driver_srvs/srv/detail/configure_camera__struct.h
-- Up-to-date symlink: /home/dev/Documents/GitHub/Polar-Two/ros2_ws/install/camera_driver_srvs/include/camera_driver_srvs/camera_driver_srvs/srv/detail/configure_camera__type_support.h
-- Up-to-date symlink: /home/dev/Documents/GitHub/Polar-Two/ros2_ws/install/camera_driver_srvs/include/camera_driver_srvs/camera_driver_srvs/srv/detail/reconfigure_defaults__functions.h
-- Up-to-date symlink: /home/dev/Documents/GitHub/Polar-Two/ros2_ws/install/camera_driver_srvs/include/camera_driver_srvs/camera_driver_srvs/srv/detail/reconfigure_defaults__struct.h
-- Up-to-date symlink: /home/dev/Documents/GitHub/Polar-Two/ros2_ws/install/camera_driver_srvs/include/camera_driver_srvs/camera_driver_srvs/srv/detail/reconfigure_defaults__type_support.h
-- Up-to-date symlink: /home/dev/Documents/GitHub/Polar-Two/ros2_ws/install/camera_driver_srvs/include/camera_driver_srvs/camera_driver_srvs/srv/reconfigure_defaults.h
-- Up-to-date symlink: /home/dev/Documents/GitHub/Polar-Two/ros2_ws/install/camera_driver_srvs/share/camera_driver_srvs/environment/library_path.sh
-- Up-to-date symlink: /home/dev/Documents/GitHub/Polar-Two/ros2_ws/install/camera_driver_srvs/share/camera_driver_srvs/environment/library_path.dsv
-- Up-to-date symlink: /home/dev/Documents/GitHub/Polar-Two/ros2_ws/install/camera_driver_srvs/include/camera_driver_srvs/camera_driver_srvs/msg/rosidl_typesupport_fastrtps_c__visibility_control.h
-- Up-to-date symlink: /home/dev/Documents/GitHub/Polar-Two/ros2_ws/install/camera_driver_srvs/include/camera_driver_srvs/camera_driver_srvs/srv/detail/configure_camera__rosidl_typesupport_fastrtps_c.h
-- Up-to-date symlink: /home/dev/Documents/GitHub/Polar-Two/ros2_ws/install/camera_driver_srvs/include/camera_driver_srvs/camera_driver_srvs/srv/detail/reconfigure_defaults__rosidl_typesupport_fastrtps_c.h
-- Up-to-date symlink: /home/dev/Documents/GitHub/Polar-Two/ros2_ws/install/camera_driver_srvs/include/camera_driver_srvs/camera_driver_srvs/msg/rosidl_typesupport_introspection_c__visibility_control.h
-- Up-to-date symlink: /home/dev/Documents/GitHub/Polar-Two/ros2_ws/install/camera_driver_srvs/include/camera_driver_srvs/camera_driver_srvs/srv/detail/configure_camera__rosidl_typesupport_introspection_c.h
-- Up-to-date symlink: /home/dev/Documents/GitHub/Polar-Two/ros2_ws/install/camera_driver_srvs/include/camera_driver_srvs/camera_driver_srvs/srv/detail/reconfigure_defaults__rosidl_typesupport_introspection_c.h
-- Up-to-date symlink: /home/dev/Documents/GitHub/Polar-Two/ros2_ws/install/camera_driver_srvs/include/camera_driver_srvs/camera_driver_srvs/msg/rosidl_generator_cpp__visibility_control.hpp
-- Up-to-date symlink: /home/dev/Documents/GitHub/Polar-Two/ros2_ws/install/camera_driver_srvs/include/camera_driver_srvs/camera_driver_srvs/srv/configure_camera.hpp
-- Up-to-date symlink: /home/dev/Documents/GitHub/Polar-Two/ros2_ws/install/camera_driver_srvs/include/camera_driver_srvs/camera_driver_srvs/srv/detail/configure_camera__builder.hpp
-- Up-to-date symlink: /home/dev/Documents/GitHub/Polar-Two/ros2_ws/install/camera_driver_srvs/include/camera_driver_srvs/camera_driver_srvs/srv/detail/configure_camera__struct.hpp
-- Up-to-date symlink: /home/dev/Documents/GitHub/Polar-Two/ros2_ws/install/camera_driver_srvs/include/camera_driver_srvs/camera_driver_srvs/srv/detail/configure_camera__traits.hpp
-- Up-to-date symlink: /home/dev/Documents/GitHub/Polar-Two/ros2_ws/install/camera_driver_srvs/include/camera_driver_srvs/camera_driver_srvs/srv/detail/configure_camera__type_support.hpp
-- Up-to-date symlink: /home/dev/Documents/GitHub/Polar-Two/ros2_ws/install/camera_driver_srvs/include/camera_driver_srvs/camera_driver_srvs/srv/detail/reconfigure_defaults__builder.hpp
-- Up-to-date symlink: /home/dev/Documents/GitHub/Polar-Two/ros2_ws/install/camera_driver_srvs/include/camera_driver_srvs/camera_driver_srvs/srv/detail/reconfigure_defaults__struct.hpp
-- Up-to-date symlink: /home/dev/Documents/GitHub/Polar-Two/ros2_ws/install/camera_driver_srvs/include/camera_driver_srvs/camera_driver_srvs/srv/detail/reconfigure_defaults__traits.hpp
-- Up-to-date symlink: /home/dev/Documents/GitHub/Polar-Two/ros2_ws/install/camera_driver_srvs/include/camera_driver_srvs/camera_driver_srvs/srv/detail/reconfigure_defaults__type_support.hpp
-- Up-to-date symlink: /home/dev/Documents/GitHub/Polar-Two/ros2_ws/install/camera_driver_srvs/include/camera_driver_srvs/camera_driver_srvs/srv/reconfigure_defaults.hpp
-- Up-to-date symlink: /home/dev/Documents/GitHub/Polar-Two/ros2_ws/install/camera_driver_srvs/include/camera_driver_srvs/camera_driver_srvs/msg/rosidl_typesupport_fastrtps_cpp__visibility_control.h
-- Up-to-date symlink: /home/dev/Documents/GitHub/Polar-Two/ros2_ws/install/camera_driver_srvs/include/camera_driver_srvs/camera_driver_srvs/srv/detail/configure_camera__rosidl_typesupport_fastrtps_cpp.hpp
-- Up-to-date symlink: /home/dev/Documents/GitHub/Polar-Two/ros2_ws/install/camera_driver_srvs/include/camera_driver_srvs/camera_driver_srvs/srv/detail/reconfigure_defaults__rosidl_typesupport_fastrtps_cpp.hpp
-- Up-to-date symlink: /home/dev/Documents/GitHub/Polar-Two/ros2_ws/install/camera_driver_srvs/include/camera_driver_srvs/camera_driver_srvs/srv/detail/configure_camera__rosidl_typesupport_introspection_cpp.hpp
-- Up-to-date symlink: /home/dev/Documents/GitHub/Polar-Two/ros2_ws/install/camera_driver_srvs/include/camera_driver_srvs/camera_driver_srvs/srv/detail/reconfigure_defaults__rosidl_typesupport_introspection_cpp.hpp
-- Up-to-date symlink: /home/dev/Documents/GitHub/Polar-Two/ros2_ws/install/camera_driver_srvs/share/camera_driver_srvs/environment/pythonpath.sh
-- Up-to-date symlink: /home/dev/Documents/GitHub/Polar-Two/ros2_ws/install/camera_driver_srvs/share/camera_driver_srvs/environment/pythonpath.dsv
-- Up-to-date symlink: /home/dev/Documents/GitHub/Polar-Two/ros2_ws/install/camera_driver_srvs/local/lib/python3.10/dist-packages/camera_driver_srvs-0.0.0-py3.10.egg-info/PKG-INFO
-- Up-to-date symlink: /home/dev/Documents/GitHub/Polar-Two/ros2_ws/install/camera_driver_srvs/local/lib/python3.10/dist-packages/camera_driver_srvs-0.0.0-py3.10.egg-info/SOURCES.txt
-- Up-to-date symlink: /home/dev/Documents/GitHub/Polar-Two/ros2_ws/install/camera_driver_srvs/local/lib/python3.10/dist-packages/camera_driver_srvs-0.0.0-py3.10.egg-info/dependency_links.txt
-- Up-to-date symlink: /home/dev/Documents/GitHub/Polar-Two/ros2_ws/install/camera_driver_srvs/local/lib/python3.10/dist-packages/camera_driver_srvs-0.0.0-py3.10.egg-info/top_level.txt
-- Up-to-date symlink: /home/dev/Documents/GitHub/Polar-Two/ros2_ws/install/camera_driver_srvs/local/lib/python3.10/dist-packages/camera_driver_srvs/__init__.py
-- Up-to-date symlink: /home/dev/Documents/GitHub/Polar-Two/ros2_ws/install/camera_driver_srvs/local/lib/python3.10/dist-packages/camera_driver_srvs/_camera_driver_srvs_s.ep.rosidl_typesupport_c.c
-- Up-to-date symlink: /home/dev/Documents/GitHub/Polar-Two/ros2_ws/install/camera_driver_srvs/local/lib/python3.10/dist-packages/camera_driver_srvs/_camera_driver_srvs_s.ep.rosidl_typesupport_fastrtps_c.c
-- Up-to-date symlink: /home/dev/Documents/GitHub/Polar-Two/ros2_ws/install/camera_driver_srvs/local/lib/python3.10/dist-packages/camera_driver_srvs/_camera_driver_srvs_s.ep.rosidl_typesupport_introspection_c.c
-- Up-to-date symlink: /home/dev/Documents/GitHub/Polar-Two/ros2_ws/install/camera_driver_srvs/local/lib/python3.10/dist-packages/camera_driver_srvs/camera_driver_srvs_s__rosidl_typesupport_c.cpython-310-x86_64-linux-gnu.so
-- Up-to-date symlink: /home/dev/Documents/GitHub/Polar-Two/ros2_ws/install/camera_driver_srvs/local/lib/python3.10/dist-packages/camera_driver_srvs/camera_driver_srvs_s__rosidl_typesupport_fastrtps_c.cpython-310-x86_64-linux-gnu.so
-- Up-to-date symlink: /home/dev/Documents/GitHub/Polar-Two/ros2_ws/install/camera_driver_srvs/local/lib/python3.10/dist-packages/camera_driver_srvs/camera_driver_srvs_s__rosidl_typesupport_introspection_c.cpython-310-x86_64-linux-gnu.so
-- Up-to-date symlink: /home/dev/Documents/GitHub/Polar-Two/ros2_ws/install/camera_driver_srvs/local/lib/python3.10/dist-packages/camera_driver_srvs/libcamera_driver_srvs__rosidl_generator_py.so
-- Up-to-date symlink: /home/dev/Documents/GitHub/Polar-Two/ros2_ws/install/camera_driver_srvs/local/lib/python3.10/dist-packages/camera_driver_srvs/srv/__init__.py
-- Up-to-date symlink: /home/dev/Documents/GitHub/Polar-Two/ros2_ws/install/camera_driver_srvs/local/lib/python3.10/dist-packages/camera_driver_srvs/srv/_configure_camera.py
-- Up-to-date symlink: /home/dev/Documents/GitHub/Polar-Two/ros2_ws/install/camera_driver_srvs/local/lib/python3.10/dist-packages/camera_driver_srvs/srv/_configure_camera_s.c
-- Up-to-date symlink: /home/dev/Documents/GitHub/Polar-Two/ros2_ws/install/camera_driver_srvs/local/lib/python3.10/dist-packages/camera_driver_srvs/srv/_reconfigure_defaults.py
-- Up-to-date symlink: /home/dev/Documents/GitHub/Polar-Two/ros2_ws/install/camera_driver_srvs/local/lib/python3.10/dist-packages/camera_driver_srvs/srv/_reconfigure_defaults_s.c
-- Up-to-date symlink: /home/dev/Documents/GitHub/Polar-Two/ros2_ws/install/camera_driver_srvs/local/lib/python3.10/dist-packages/camera_driver_srvs/camera_driver_srvs_s__rosidl_typesupport_fastrtps_c.cpython-310-x86_64-linux-gnu.so
-- Up-to-date symlink: /home/dev/Documents/GitHub/Polar-Two/ros2_ws/install/camera_driver_srvs/local/lib/python3.10/dist-packages/camera_driver_srvs/camera_driver_srvs_s__rosidl_typesupport_introspection_c.cpython-310-x86_64-linux-gnu.so
-- Up-to-date symlink: /home/dev/Documents/GitHub/Polar-Two/ros2_ws/install/camera_driver_srvs/local/lib/python3.10/dist-packages/camera_driver_srvs/camera_driver_srvs_s__rosidl_typesupport_c.cpython-310-x86_64-linux-gnu.so
-- Up-to-date symlink: /home/dev/Documents/GitHub/Polar-Two/ros2_ws/install/camera_driver_srvs/share/camera_driver_srvs/srv/ConfigureCamera.idl
-- Up-to-date symlink: /home/dev/Documents/GitHub/Polar-Two/ros2_ws/install/camera_driver_srvs/share/camera_driver_srvs/srv/ReconfigureDefaults.idl
-- Up-to-date symlink: /home/dev/Documents/GitHub/Polar-Two/ros2_ws/install/camera_driver_srvs/share/camera_driver_srvs/srv/ConfigureCamera.srv
-- Up-to-date symlink: /home/dev/Documents/GitHub/Polar-Two/ros2_ws/install/camera_driver_srvs/share/camera_driver_srvs/srv/ConfigureCamera_Request.msg
-- Up-to-date symlink: /home/dev/Documents/GitHub/Polar-Two/ros2_ws/install/camera_driver_srvs/share/camera_driver_srvs/srv/ConfigureCamera_Response.msg
-- Up-to-date symlink: /home/dev/Documents/GitHub/Polar-Two/ros2_ws/install/camera_driver_srvs/share/camera_driver_srvs/srv/ReconfigureDefaults.srv
-- Up-to-date symlink: /home/dev/Documents/GitHub/Polar-Two/ros2_ws/install/camera_driver_srvs/share/camera_driver_srvs/srv/ReconfigureDefaults_Request.msg
-- Up-to-date symlink: /home/dev/Documents/GitHub/Polar-Two/ros2_ws/install/camera_driver_srvs/share/camera_driver_srvs/srv/ReconfigureDefaults_Response.msg
-- Up-to-date symlink: /home/dev/Documents/GitHub/Polar-Two/ros2_ws/install/camera_driver_srvs/share/ament_index/resource_index/package_run_dependencies/camera_driver_srvs
-- Up-to-date symlink: /home/dev/Documents/GitHub/Polar-Two/ros2_ws/install/camera_driver_srvs/share/ament_index/resource_index/parent_prefix_path/camera_driver_srvs
-- Up-to-date symlink: /home/dev/Documents/GitHub/Polar-Two/ros2_ws/install/camera_driver_srvs/share/camera_driver_srvs/environment/ament_prefix_path.sh
-- Up-to-date symlink: /home/dev/Documents/GitHub/Polar-Two/ros2_ws/install/camera_driver_srvs/share/camera_driver_srvs/environment/ament_prefix_path.dsv
-- Up-to-date symlink: /home/dev/Documents/GitHub/Polar-Two/ros2_ws/install/camera_driver_srvs/share/camera_driver_srvs/environment/path.sh
-- Up-to-date symlink: /home/dev/Documents/GitHub/Polar-Two/ros2_ws/install/camera_driver_srvs/share/camera_driver_srvs/environment/path.dsv
-- Up-to-date symlink: /home/dev/Documents/GitHub/Polar-Two/ros2_ws/install/camera_driver_srvs/share/camera_driver_srvs/local_setup.bash
-- Up-to-date symlink: /home/dev/Documents/GitHub/Polar-Two/ros2_ws/install/camera_driver_srvs/share/camera_driver_srvs/local_setup.sh
-- Up-to-date symlink: /home/dev/Documents/GitHub/Polar-Two/ros2_ws/install/camera_driver_srvs/share/camera_driver_srvs/local_setup.zsh
-- Up-to-date symlink: /home/dev/Documents/GitHub/Polar-Two/ros2_ws/install/camera_driver_srvs/share/camera_driver_srvs/local_setup.dsv
-- Symlinking: /home/dev/Documents/GitHub/Polar-Two/ros2_ws/install/camera_driver_srvs/share/camera_driver_srvs/package.dsv
-- Up-to-date symlink: /home/dev/Documents/GitHub/Polar-Two/ros2_ws/install/camera_driver_srvs/share/ament_index/resource_index/packages/camera_driver_srvs
-- Up-to-date symlink: /home/dev/Documents/GitHub/Polar-Two/ros2_ws/install/camera_driver_srvs/share/camera_driver_srvs/cmake/rosidl_cmake-extras.cmake
-- Up-to-date symlink: /home/dev/Documents/GitHub/Polar-Two/ros2_ws/install/camera_driver_srvs/share/camera_driver_srvs/cmake/ament_cmake_export_dependencies-extras.cmake
-- Up-to-date symlink: /home/dev/Documents/GitHub/Polar-Two/ros2_ws/install/camera_driver_srvs/share/camera_driver_srvs/cmake/ament_cmake_export_include_directories-extras.cmake
-- Up-to-date symlink: /home/dev/Documents/GitHub/Polar-Two/ros2_ws/install/camera_driver_srvs/share/camera_driver_srvs/cmake/ament_cmake_export_libraries-extras.cmake
-- Up-to-date symlink: /home/dev/Documents/GitHub/Polar-Two/ros2_ws/install/camera_driver_srvs/share/camera_driver_srvs/cmake/ament_cmake_export_targets-extras.cmake
-- Up-to-date symlink: /home/dev/Documents/GitHub/Polar-Two/ros2_ws/install/camera_driver_srvs/share/camera_driver_srvs/cmake/rosidl_cmake_export_typesupport_targets-extras.cmake
-- Up-to-date symlink: /home/dev/Documents/GitHub/Polar-Two/ros2_ws/install/camera_driver_srvs/share/camera_driver_srvs/cmake/rosidl_cmake_export_typesupport_libraries-extras.cmake
-- Up-to-date symlink: /home/dev/Documents/GitHub/Polar-Two/ros2_ws/install/camera_driver_srvs/share/camera_driver_srvs/cmake/camera_driver_srvsConfig.cmake
-- Up-to-date symlink: /home/dev/Documents/GitHub/Polar-Two/ros2_ws/install/camera_driver_srvs/share/camera_driver_srvs/cmake/camera_driver_srvsConfig-version.cmake
-- Up-to-date symlink: /home/dev/Documents/GitHub/Polar-Two/ros2_ws/install/camera_driver_srvs/share/camera_driver_srvs/package.xml
-- Up-to-date: /home/dev/Documents/GitHub/Polar-Two/ros2_ws/install/camera_driver_srvs/lib/libcamera_driver_srvs__rosidl_generator_c.so
-- Up-to-date: /home/dev/Documents/GitHub/Polar-Two/ros2_ws/install/camera_driver_srvs/lib/libcamera_driver_srvs__rosidl_typesupport_fastrtps_c.so
-- Up-to-date: /home/dev/Documents/GitHub/Polar-Two/ros2_ws/install/camera_driver_srvs/lib/libcamera_driver_srvs__rosidl_typesupport_introspection_c.so
-- Up-to-date: /home/dev/Documents/GitHub/Polar-Two/ros2_ws/install/camera_driver_srvs/lib/libcamera_driver_srvs__rosidl_typesupport_c.so
-- Up-to-date: /home/dev/Documents/GitHub/Polar-Two/ros2_ws/install/camera_driver_srvs/lib/libcamera_driver_srvs__rosidl_typesupport_fastrtps_cpp.so
-- Up-to-date: /home/dev/Documents/GitHub/Polar-Two/ros2_ws/install/camera_driver_srvs/lib/libcamera_driver_srvs__rosidl_typesupport_introspection_cpp.so
-- Up-to-date: /home/dev/Documents/GitHub/Polar-Two/ros2_ws/install/camera_driver_srvs/lib/libcamera_driver_srvs__rosidl_typesupport_cpp.so
Listing '/home/dev/Documents/GitHub/Polar-Two/ros2_ws/install/camera_driver_srvs/local/lib/python3.10/dist-packages/camera_driver_srvs'...
Listing '/home/dev/Documents/GitHub/Polar-Two/ros2_ws/install/camera_driver_srvs/local/lib/python3.10/dist-packages/camera_driver_srvs/srv'...
-- Up-to-date: /home/dev/Documents/GitHub/Polar-Two/ros2_ws/install/camera_driver_srvs/lib/libcamera_driver_srvs__rosidl_generator_py.so
-- Up-to-date: /home/dev/Documents/GitHub/Polar-Two/ros2_ws/install/camera_driver_srvs/share/camera_driver_srvs/cmake/export_camera_driver_srvs__rosidl_generator_cExport.cmake
-- Up-to-date: /home/dev/Documents/GitHub/Polar-Two/ros2_ws/install/camera_driver_srvs/share/camera_driver_srvs/cmake/export_camera_driver_srvs__rosidl_generator_cExport-noconfig.cmake
-- Up-to-date: /home/dev/Documents/GitHub/Polar-Two/ros2_ws/install/camera_driver_srvs/share/camera_driver_srvs/cmake/export_camera_driver_srvs__rosidl_typesupport_fastrtps_cExport.cmake
-- Up-to-date: /home/dev/Documents/GitHub/Polar-Two/ros2_ws/install/camera_driver_srvs/share/camera_driver_srvs/cmake/export_camera_driver_srvs__rosidl_typesupport_fastrtps_cExport-noconfig.cmake
-- Up-to-date: /home/dev/Documents/GitHub/Polar-Two/ros2_ws/install/camera_driver_srvs/share/camera_driver_srvs/cmake/camera_driver_srvs__rosidl_typesupport_introspection_cExport.cmake
-- Up-to-date: /home/dev/Documents/GitHub/Polar-Two/ros2_ws/install/camera_driver_srvs/share/camera_driver_srvs/cmake/camera_driver_srvs__rosidl_typesupport_introspection_cExport-noconfig.cmake
-- Up-to-date: /home/dev/Documents/GitHub/Polar-Two/ros2_ws/install/camera_driver_srvs/share/camera_driver_srvs/cmake/camera_driver_srvs__rosidl_typesupport_cExport.cmake
-- Up-to-date: /home/dev/Documents/GitHub/Polar-Two/ros2_ws/install/camera_driver_srvs/share/camera_driver_srvs/cmake/camera_driver_srvs__rosidl_typesupport_cExport-noconfig.cmake
-- Up-to-date: /home/dev/Documents/GitHub/Polar-Two/ros2_ws/install/camera_driver_srvs/share/camera_driver_srvs/cmake/export_camera_driver_srvs__rosidl_generator_cppExport.cmake
-- Up-to-date: /home/dev/Documents/GitHub/Polar-Two/ros2_ws/install/camera_driver_srvs/share/camera_driver_srvs/cmake/export_camera_driver_srvs__rosidl_typesupport_fastrtps_cppExport.cmake
-- Up-to-date: /home/dev/Documents/GitHub/Polar-Two/ros2_ws/install/camera_driver_srvs/share/camera_driver_srvs/cmake/export_camera_driver_srvs__rosidl_typesupport_fastrtps_cppExport-noconfig.cmake
-- Up-to-date: /home/dev/Documents/GitHub/Polar-Two/ros2_ws/install/camera_driver_srvs/share/camera_driver_srvs/cmake/camera_driver_srvs__rosidl_typesupport_introspection_cppExport.cmake
-- Up-to-date: /home/dev/Documents/GitHub/Polar-Two/ros2_ws/install/camera_driver_srvs/share/camera_driver_srvs/cmake/camera_driver_srvs__rosidl_typesupport_introspection_cppExport-noconfig.cmake
-- Up-to-date: /home/dev/Documents/GitHub/Polar-Two/ros2_ws/install/camera_driver_srvs/share/camera_driver_srvs/cmake/camera_driver_srvs__rosidl_typesupport_cppExport.cmake
-- Up-to-date: /home/dev/Documents/GitHub/Polar-Two/ros2_ws/install/camera_driver_srvs/share/camera_driver_srvs/cmake/camera_driver_srvs__rosidl_typesupport_cppExport-noconfig.cmake
-- Up-to-date: /home/dev/Documents/GitHub/Polar-Two/ros2_ws/install/camera_driver_srvs/share/camera_driver_srvs/cmake/export_camera_driver_srvs__rosidl_generator_pyExport.cmake
-- Up-to-date: /home/dev/Documents/GitHub/Polar-Two/ros2_ws/install/camera_driver_srvs/share/camera_driver_srvs/cmake/export_camera_driver_srvs__rosidl_generator_pyExport-noconfig.cmake
