[0.083s] DEBUG:colcon:Command line arguments: ['/usr/bin/colcon', 'build', '--symlink-install']
[0.083s] DEBUG:colcon:Parsed command line arguments: Namespace(log_base=None, log_level=None, verb_name='build', build_base='build', install_base='install', merge_install=False, symlink_install=True, test_result_base=None, continue_on_error=False, executor='parallel', parallel_workers=16, event_handlers=None, ignore_user_meta=False, metas=['./colcon.meta'], base_paths=['.'], packages_ignore=None, packages_ignore_regex=None, paths=None, packages_up_to=None, packages_up_to_regex=None, packages_above=None, packages_above_and_dependencies=None, packages_above_depth=None, packages_select_by_dep=None, packages_skip_by_dep=None, packages_skip_up_to=None, packages_select_build_failed=False, packages_skip_build_finished=False, packages_select_test_failures=False, packages_skip_test_passed=False, packages_select=None, packages_skip=None, packages_select_regex=None, packages_skip_regex=None, packages_start=None, packages_end=None, allow_overriding=[], cmake_args=None, cmake_target=None, cmake_target_skip_unavailable=False, cmake_clean_cache=False, cmake_clean_first=False, cmake_force_configure=False, ament_cmake_args=None, catkin_cmake_args=None, catkin_skip_building_tests=False, mixin_files=None, mixin=None, verb_parser=<colcon_mixin.mixin.mixin_argument.MixinArgumentDecorator object at 0x73a9fbf69e70>, verb_extension=<colcon_core.verb.build.BuildVerb object at 0x73a9fc072dd0>, main=<bound method BuildVerb.main of <colcon_core.verb.build.BuildVerb object at 0x73a9fc072dd0>>, mixin_verb=('build',))
[0.217s] Level 1:colcon.colcon_core.package_discovery:discover_packages(colcon_meta) check parameters
[0.217s] Level 1:colcon.colcon_core.package_discovery:discover_packages(recursive) check parameters
[0.217s] Level 1:colcon.colcon_core.package_discovery:discover_packages(ignore) check parameters
[0.217s] Level 1:colcon.colcon_core.package_discovery:discover_packages(path) check parameters
[0.217s] Level 1:colcon.colcon_core.package_discovery:discover_packages(colcon_meta) discover
[0.217s] Level 1:colcon.colcon_core.package_discovery:discover_packages(recursive) discover
[0.217s] INFO:colcon.colcon_core.package_discovery:Crawling recursively for packages in '/home/dev/Documents/GitHub/Polar-Two/ros2_ws'
[0.217s] Level 1:colcon.colcon_core.package_identification:_identify(.) by extensions ['ignore', 'ignore_ament_install']
[0.217s] Level 1:colcon.colcon_core.package_identification:_identify(.) by extension 'ignore'
[0.218s] Level 1:colcon.colcon_core.package_identification:_identify(.) by extension 'ignore_ament_install'
[0.218s] Level 1:colcon.colcon_core.package_identification:_identify(.) by extensions ['colcon_pkg']
[0.218s] Level 1:colcon.colcon_core.package_identification:_identify(.) by extension 'colcon_pkg'
[0.218s] Level 1:colcon.colcon_core.package_identification:_identify(.) by extensions ['colcon_meta']
[0.218s] Level 1:colcon.colcon_core.package_identification:_identify(.) by extension 'colcon_meta'
[0.218s] Level 1:colcon.colcon_core.package_identification:_identify(.) by extensions ['ros']
[0.218s] Level 1:colcon.colcon_core.package_identification:_identify(.) by extension 'ros'
[0.226s] Level 1:colcon.colcon_core.package_identification:_identify(.) by extensions ['cmake', 'python']
[0.226s] Level 1:colcon.colcon_core.package_identification:_identify(.) by extension 'cmake'
[0.226s] Level 1:colcon.colcon_core.package_identification:_identify(.) by extension 'python'
[0.226s] Level 1:colcon.colcon_core.package_identification:_identify(.) by extensions ['python_setup_py']
[0.226s] Level 1:colcon.colcon_core.package_identification:_identify(.) by extension 'python_setup_py'
[0.226s] Level 1:colcon.colcon_core.package_identification:_identify(build) by extensions ['ignore', 'ignore_ament_install']
[0.226s] Level 1:colcon.colcon_core.package_identification:_identify(build) by extension 'ignore'
[0.226s] Level 1:colcon.colcon_core.package_identification:_identify(build) ignored
[0.226s] Level 1:colcon.colcon_core.package_identification:_identify(install) by extensions ['ignore', 'ignore_ament_install']
[0.226s] Level 1:colcon.colcon_core.package_identification:_identify(install) by extension 'ignore'
[0.226s] Level 1:colcon.colcon_core.package_identification:_identify(install) ignored
[0.226s] Level 1:colcon.colcon_core.package_identification:_identify(log) by extensions ['ignore', 'ignore_ament_install']
[0.226s] Level 1:colcon.colcon_core.package_identification:_identify(log) by extension 'ignore'
[0.226s] Level 1:colcon.colcon_core.package_identification:_identify(log) ignored
[0.226s] Level 1:colcon.colcon_core.package_identification:_identify(src) by extensions ['ignore', 'ignore_ament_install']
[0.226s] Level 1:colcon.colcon_core.package_identification:_identify(src) by extension 'ignore'
[0.226s] Level 1:colcon.colcon_core.package_identification:_identify(src) by extension 'ignore_ament_install'
[0.226s] Level 1:colcon.colcon_core.package_identification:_identify(src) by extensions ['colcon_pkg']
[0.226s] Level 1:colcon.colcon_core.package_identification:_identify(src) by extension 'colcon_pkg'
[0.226s] Level 1:colcon.colcon_core.package_identification:_identify(src) by extensions ['colcon_meta']
[0.227s] Level 1:colcon.colcon_core.package_identification:_identify(src) by extension 'colcon_meta'
[0.227s] Level 1:colcon.colcon_core.package_identification:_identify(src) by extensions ['ros']
[0.227s] Level 1:colcon.colcon_core.package_identification:_identify(src) by extension 'ros'
[0.227s] Level 1:colcon.colcon_core.package_identification:_identify(src) by extensions ['cmake', 'python']
[0.227s] Level 1:colcon.colcon_core.package_identification:_identify(src) by extension 'cmake'
[0.227s] Level 1:colcon.colcon_core.package_identification:_identify(src) by extension 'python'
[0.227s] Level 1:colcon.colcon_core.package_identification:_identify(src) by extensions ['python_setup_py']
[0.227s] Level 1:colcon.colcon_core.package_identification:_identify(src) by extension 'python_setup_py'
[0.227s] Level 1:colcon.colcon_core.package_identification:_identify(src/camera_driver) by extensions ['ignore', 'ignore_ament_install']
[0.227s] Level 1:colcon.colcon_core.package_identification:_identify(src/camera_driver) by extension 'ignore'
[0.227s] Level 1:colcon.colcon_core.package_identification:_identify(src/camera_driver) by extension 'ignore_ament_install'
[0.227s] Level 1:colcon.colcon_core.package_identification:_identify(src/camera_driver) by extensions ['colcon_pkg']
[0.227s] Level 1:colcon.colcon_core.package_identification:_identify(src/camera_driver) by extension 'colcon_pkg'
[0.227s] Level 1:colcon.colcon_core.package_identification:_identify(src/camera_driver) by extensions ['colcon_meta']
[0.227s] Level 1:colcon.colcon_core.package_identification:_identify(src/camera_driver) by extension 'colcon_meta'
[0.227s] Level 1:colcon.colcon_core.package_identification:_identify(src/camera_driver) by extensions ['ros']
[0.227s] Level 1:colcon.colcon_core.package_identification:_identify(src/camera_driver) by extension 'ros'
[0.229s] DEBUG:colcon.colcon_core.package_identification:Package 'src/camera_driver' with type 'ros.ament_cmake' and name 'camera_driver'
[0.229s] Level 1:colcon.colcon_core.package_identification:_identify(src/camera_driver_srvs) by extensions ['ignore', 'ignore_ament_install']
[0.229s] Level 1:colcon.colcon_core.package_identification:_identify(src/camera_driver_srvs) by extension 'ignore'
[0.229s] Level 1:colcon.colcon_core.package_identification:_identify(src/camera_driver_srvs) by extension 'ignore_ament_install'
[0.230s] Level 1:colcon.colcon_core.package_identification:_identify(src/camera_driver_srvs) by extensions ['colcon_pkg']
[0.230s] Level 1:colcon.colcon_core.package_identification:_identify(src/camera_driver_srvs) by extension 'colcon_pkg'
[0.230s] Level 1:colcon.colcon_core.package_identification:_identify(src/camera_driver_srvs) by extensions ['colcon_meta']
[0.230s] Level 1:colcon.colcon_core.package_identification:_identify(src/camera_driver_srvs) by extension 'colcon_meta'
[0.230s] Level 1:colcon.colcon_core.package_identification:_identify(src/camera_driver_srvs) by extensions ['ros']
[0.230s] Level 1:colcon.colcon_core.package_identification:_identify(src/camera_driver_srvs) by extension 'ros'
[0.230s] DEBUG:colcon.colcon_core.package_identification:Package 'src/camera_driver_srvs' with type 'ros.ament_cmake' and name 'camera_driver_srvs'
[0.230s] Level 1:colcon.colcon_core.package_identification:_identify(src/carbot_hardware) by extensions ['ignore', 'ignore_ament_install']
[0.230s] Level 1:colcon.colcon_core.package_identification:_identify(src/carbot_hardware) by extension 'ignore'
[0.230s] Level 1:colcon.colcon_core.package_identification:_identify(src/carbot_hardware) by extension 'ignore_ament_install'
[0.230s] Level 1:colcon.colcon_core.package_identification:_identify(src/carbot_hardware) by extensions ['colcon_pkg']
[0.230s] Level 1:colcon.colcon_core.package_identification:_identify(src/carbot_hardware) by extension 'colcon_pkg'
[0.230s] Level 1:colcon.colcon_core.package_identification:_identify(src/carbot_hardware) by extensions ['colcon_meta']
[0.230s] Level 1:colcon.colcon_core.package_identification:_identify(src/carbot_hardware) by extension 'colcon_meta'
[0.230s] Level 1:colcon.colcon_core.package_identification:_identify(src/carbot_hardware) by extensions ['ros']
[0.230s] Level 1:colcon.colcon_core.package_identification:_identify(src/carbot_hardware) by extension 'ros'
[0.231s] DEBUG:colcon.colcon_core.package_identification:Package 'src/carbot_hardware' with type 'ros.ament_cmake' and name 'carbot_hardware'
[0.231s] Level 1:colcon.colcon_core.package_identification:_identify(src/depthai_driver) by extensions ['ignore', 'ignore_ament_install']
[0.231s] Level 1:colcon.colcon_core.package_identification:_identify(src/depthai_driver) by extension 'ignore'
[0.231s] Level 1:colcon.colcon_core.package_identification:_identify(src/depthai_driver) by extension 'ignore_ament_install'
[0.231s] Level 1:colcon.colcon_core.package_identification:_identify(src/depthai_driver) by extensions ['colcon_pkg']
[0.231s] Level 1:colcon.colcon_core.package_identification:_identify(src/depthai_driver) by extension 'colcon_pkg'
[0.231s] Level 1:colcon.colcon_core.package_identification:_identify(src/depthai_driver) by extensions ['colcon_meta']
[0.231s] Level 1:colcon.colcon_core.package_identification:_identify(src/depthai_driver) by extension 'colcon_meta'
[0.232s] Level 1:colcon.colcon_core.package_identification:_identify(src/depthai_driver) by extensions ['ros']
[0.232s] Level 1:colcon.colcon_core.package_identification:_identify(src/depthai_driver) by extension 'ros'
[0.232s] DEBUG:colcon.colcon_core.package_identification:Package 'src/depthai_driver' with type 'ros.ament_cmake' and name 'depthai_driver'
[0.232s] Level 1:colcon.colcon_core.package_identification:_identify(src/differential_drive_controller) by extensions ['ignore', 'ignore_ament_install']
[0.232s] Level 1:colcon.colcon_core.package_identification:_identify(src/differential_drive_controller) by extension 'ignore'
[0.232s] Level 1:colcon.colcon_core.package_identification:_identify(src/differential_drive_controller) by extension 'ignore_ament_install'
[0.232s] Level 1:colcon.colcon_core.package_identification:_identify(src/differential_drive_controller) by extensions ['colcon_pkg']
[0.232s] Level 1:colcon.colcon_core.package_identification:_identify(src/differential_drive_controller) by extension 'colcon_pkg'
[0.232s] Level 1:colcon.colcon_core.package_identification:_identify(src/differential_drive_controller) by extensions ['colcon_meta']
[0.232s] Level 1:colcon.colcon_core.package_identification:_identify(src/differential_drive_controller) by extension 'colcon_meta'
[0.232s] Level 1:colcon.colcon_core.package_identification:_identify(src/differential_drive_controller) by extensions ['ros']
[0.232s] Level 1:colcon.colcon_core.package_identification:_identify(src/differential_drive_controller) by extension 'ros'
[0.233s] DEBUG:colcon.colcon_core.package_identification:Package 'src/differential_drive_controller' with type 'ros.ament_cmake' and name 'differential_drive_controller'
[0.233s] Level 1:colcon.colcon_core.package_identification:_identify(src/joystick_driver) by extensions ['ignore', 'ignore_ament_install']
[0.234s] Level 1:colcon.colcon_core.package_identification:_identify(src/joystick_driver) by extension 'ignore'
[0.234s] Level 1:colcon.colcon_core.package_identification:_identify(src/joystick_driver) by extension 'ignore_ament_install'
[0.234s] Level 1:colcon.colcon_core.package_identification:_identify(src/joystick_driver) by extensions ['colcon_pkg']
[0.234s] Level 1:colcon.colcon_core.package_identification:_identify(src/joystick_driver) by extension 'colcon_pkg'
[0.234s] Level 1:colcon.colcon_core.package_identification:_identify(src/joystick_driver) by extensions ['colcon_meta']
[0.234s] Level 1:colcon.colcon_core.package_identification:_identify(src/joystick_driver) by extension 'colcon_meta'
[0.234s] Level 1:colcon.colcon_core.package_identification:_identify(src/joystick_driver) by extensions ['ros']
[0.234s] Level 1:colcon.colcon_core.package_identification:_identify(src/joystick_driver) by extension 'ros'
[0.234s] DEBUG:colcon.colcon_core.package_identification:Package 'src/joystick_driver' with type 'ros.ament_cmake' and name 'joystick_driver'
[0.234s] Level 1:colcon.colcon_core.package_identification:_identify(src/microros_hardware_interface) by extensions ['ignore', 'ignore_ament_install']
[0.234s] Level 1:colcon.colcon_core.package_identification:_identify(src/microros_hardware_interface) by extension 'ignore'
[0.234s] Level 1:colcon.colcon_core.package_identification:_identify(src/microros_hardware_interface) by extension 'ignore_ament_install'
[0.234s] Level 1:colcon.colcon_core.package_identification:_identify(src/microros_hardware_interface) by extensions ['colcon_pkg']
[0.235s] Level 1:colcon.colcon_core.package_identification:_identify(src/microros_hardware_interface) by extension 'colcon_pkg'
[0.235s] Level 1:colcon.colcon_core.package_identification:_identify(src/microros_hardware_interface) by extensions ['colcon_meta']
[0.235s] Level 1:colcon.colcon_core.package_identification:_identify(src/microros_hardware_interface) by extension 'colcon_meta'
[0.235s] Level 1:colcon.colcon_core.package_identification:_identify(src/microros_hardware_interface) by extensions ['ros']
[0.235s] Level 1:colcon.colcon_core.package_identification:_identify(src/microros_hardware_interface) by extension 'ros'
[0.235s] DEBUG:colcon.colcon_core.package_identification:Package 'src/microros_hardware_interface' with type 'ros.ament_cmake' and name 'microros_hardware_interface'
[0.235s] Level 1:colcon.colcon_core.package_identification:_identify(src/my_robot) by extensions ['ignore', 'ignore_ament_install']
[0.235s] Level 1:colcon.colcon_core.package_identification:_identify(src/my_robot) by extension 'ignore'
[0.235s] Level 1:colcon.colcon_core.package_identification:_identify(src/my_robot) by extension 'ignore_ament_install'
[0.235s] Level 1:colcon.colcon_core.package_identification:_identify(src/my_robot) by extensions ['colcon_pkg']
[0.236s] Level 1:colcon.colcon_core.package_identification:_identify(src/my_robot) by extension 'colcon_pkg'
[0.236s] Level 1:colcon.colcon_core.package_identification:_identify(src/my_robot) by extensions ['colcon_meta']
[0.236s] Level 1:colcon.colcon_core.package_identification:_identify(src/my_robot) by extension 'colcon_meta'
[0.236s] Level 1:colcon.colcon_core.package_identification:_identify(src/my_robot) by extensions ['ros']
[0.236s] Level 1:colcon.colcon_core.package_identification:_identify(src/my_robot) by extension 'ros'
[0.236s] DEBUG:colcon.colcon_core.package_identification:Package 'src/my_robot' with type 'ros.ament_cmake' and name 'my_robot'
[0.236s] Level 1:colcon.colcon_core.package_identification:_identify(src/template_package) by extensions ['ignore', 'ignore_ament_install']
[0.236s] Level 1:colcon.colcon_core.package_identification:_identify(src/template_package) by extension 'ignore'
[0.236s] Level 1:colcon.colcon_core.package_identification:_identify(src/template_package) by extension 'ignore_ament_install'
[0.236s] Level 1:colcon.colcon_core.package_identification:_identify(src/template_package) by extensions ['colcon_pkg']
[0.236s] Level 1:colcon.colcon_core.package_identification:_identify(src/template_package) by extension 'colcon_pkg'
[0.236s] Level 1:colcon.colcon_core.package_identification:_identify(src/template_package) by extensions ['colcon_meta']
[0.236s] Level 1:colcon.colcon_core.package_identification:_identify(src/template_package) by extension 'colcon_meta'
[0.236s] Level 1:colcon.colcon_core.package_identification:_identify(src/template_package) by extensions ['ros']
[0.236s] Level 1:colcon.colcon_core.package_identification:_identify(src/template_package) by extension 'ros'
[0.237s] DEBUG:colcon.colcon_core.package_identification:Package 'src/template_package' with type 'ros.ament_cmake' and name 'template_package'
[0.237s] Level 1:colcon.colcon_core.package_discovery:discover_packages(recursive) using defaults
[0.237s] Level 1:colcon.colcon_core.package_discovery:discover_packages(ignore) discover
[0.237s] Level 1:colcon.colcon_core.package_discovery:discover_packages(ignore) using defaults
[0.237s] Level 1:colcon.colcon_core.package_discovery:discover_packages(path) discover
[0.237s] Level 1:colcon.colcon_core.package_discovery:discover_packages(path) using defaults
[0.261s] Level 1:colcon.colcon_core.package_discovery:discover_packages(prefix_path) check parameters
[0.261s] Level 1:colcon.colcon_core.package_discovery:discover_packages(prefix_path) discover
[0.264s] DEBUG:colcon.colcon_installed_package_information.package_discovery:Found 334 installed packages in /opt/ros/humble
[0.265s] Level 1:colcon.colcon_core.package_discovery:discover_packages(prefix_path) using defaults
[0.297s] Level 5:colcon.colcon_core.verb:set package 'camera_driver_srvs' build argument 'cmake_args' from command line to 'None'
[0.297s] Level 5:colcon.colcon_core.verb:set package 'camera_driver_srvs' build argument 'cmake_target' from command line to 'None'
[0.297s] Level 5:colcon.colcon_core.verb:set package 'camera_driver_srvs' build argument 'cmake_target_skip_unavailable' from command line to 'False'
[0.297s] Level 5:colcon.colcon_core.verb:set package 'camera_driver_srvs' build argument 'cmake_clean_cache' from command line to 'False'
[0.297s] Level 5:colcon.colcon_core.verb:set package 'camera_driver_srvs' build argument 'cmake_clean_first' from command line to 'False'
[0.297s] Level 5:colcon.colcon_core.verb:set package 'camera_driver_srvs' build argument 'cmake_force_configure' from command line to 'False'
[0.297s] Level 5:colcon.colcon_core.verb:set package 'camera_driver_srvs' build argument 'ament_cmake_args' from command line to 'None'
[0.297s] Level 5:colcon.colcon_core.verb:set package 'camera_driver_srvs' build argument 'catkin_cmake_args' from command line to 'None'
[0.297s] Level 5:colcon.colcon_core.verb:set package 'camera_driver_srvs' build argument 'catkin_skip_building_tests' from command line to 'False'
[0.297s] DEBUG:colcon.colcon_core.verb:Building package 'camera_driver_srvs' with the following arguments: {'ament_cmake_args': None, 'build_base': '/home/dev/Documents/GitHub/Polar-Two/ros2_ws/build/camera_driver_srvs', 'catkin_cmake_args': None, 'catkin_skip_building_tests': False, 'cmake_args': None, 'cmake_clean_cache': False, 'cmake_clean_first': False, 'cmake_force_configure': False, 'cmake_target': None, 'cmake_target_skip_unavailable': False, 'install_base': '/home/dev/Documents/GitHub/Polar-Two/ros2_ws/install/camera_driver_srvs', 'merge_install': False, 'path': '/home/dev/Documents/GitHub/Polar-Two/ros2_ws/src/camera_driver_srvs', 'symlink_install': True, 'test_result_base': None}
[0.298s] Level 5:colcon.colcon_core.verb:set package 'carbot_hardware' build argument 'cmake_args' from command line to 'None'
[0.298s] Level 5:colcon.colcon_core.verb:set package 'carbot_hardware' build argument 'cmake_target' from command line to 'None'
[0.298s] Level 5:colcon.colcon_core.verb:set package 'carbot_hardware' build argument 'cmake_target_skip_unavailable' from command line to 'False'
[0.298s] Level 5:colcon.colcon_core.verb:set package 'carbot_hardware' build argument 'cmake_clean_cache' from command line to 'False'
[0.298s] Level 5:colcon.colcon_core.verb:set package 'carbot_hardware' build argument 'cmake_clean_first' from command line to 'False'
[0.298s] Level 5:colcon.colcon_core.verb:set package 'carbot_hardware' build argument 'cmake_force_configure' from command line to 'False'
[0.298s] Level 5:colcon.colcon_core.verb:set package 'carbot_hardware' build argument 'ament_cmake_args' from command line to 'None'
[0.298s] Level 5:colcon.colcon_core.verb:set package 'carbot_hardware' build argument 'catkin_cmake_args' from command line to 'None'
[0.298s] Level 5:colcon.colcon_core.verb:set package 'carbot_hardware' build argument 'catkin_skip_building_tests' from command line to 'False'
[0.298s] DEBUG:colcon.colcon_core.verb:Building package 'carbot_hardware' with the following arguments: {'ament_cmake_args': None, 'build_base': '/home/dev/Documents/GitHub/Polar-Two/ros2_ws/build/carbot_hardware', 'catkin_cmake_args': None, 'catkin_skip_building_tests': False, 'cmake_args': None, 'cmake_clean_cache': False, 'cmake_clean_first': False, 'cmake_force_configure': False, 'cmake_target': None, 'cmake_target_skip_unavailable': False, 'install_base': '/home/dev/Documents/GitHub/Polar-Two/ros2_ws/install/carbot_hardware', 'merge_install': False, 'path': '/home/dev/Documents/GitHub/Polar-Two/ros2_ws/src/carbot_hardware', 'symlink_install': True, 'test_result_base': None}
[0.298s] Level 5:colcon.colcon_core.verb:set package 'depthai_driver' build argument 'cmake_args' from command line to 'None'
[0.298s] Level 5:colcon.colcon_core.verb:set package 'depthai_driver' build argument 'cmake_target' from command line to 'None'
[0.298s] Level 5:colcon.colcon_core.verb:set package 'depthai_driver' build argument 'cmake_target_skip_unavailable' from command line to 'False'
[0.298s] Level 5:colcon.colcon_core.verb:set package 'depthai_driver' build argument 'cmake_clean_cache' from command line to 'False'
[0.298s] Level 5:colcon.colcon_core.verb:set package 'depthai_driver' build argument 'cmake_clean_first' from command line to 'False'
[0.298s] Level 5:colcon.colcon_core.verb:set package 'depthai_driver' build argument 'cmake_force_configure' from command line to 'False'
[0.298s] Level 5:colcon.colcon_core.verb:set package 'depthai_driver' build argument 'ament_cmake_args' from command line to 'None'
[0.298s] Level 5:colcon.colcon_core.verb:set package 'depthai_driver' build argument 'catkin_cmake_args' from command line to 'None'
[0.298s] Level 5:colcon.colcon_core.verb:set package 'depthai_driver' build argument 'catkin_skip_building_tests' from command line to 'False'
[0.298s] DEBUG:colcon.colcon_core.verb:Building package 'depthai_driver' with the following arguments: {'ament_cmake_args': None, 'build_base': '/home/dev/Documents/GitHub/Polar-Two/ros2_ws/build/depthai_driver', 'catkin_cmake_args': None, 'catkin_skip_building_tests': False, 'cmake_args': None, 'cmake_clean_cache': False, 'cmake_clean_first': False, 'cmake_force_configure': False, 'cmake_target': None, 'cmake_target_skip_unavailable': False, 'install_base': '/home/dev/Documents/GitHub/Polar-Two/ros2_ws/install/depthai_driver', 'merge_install': False, 'path': '/home/dev/Documents/GitHub/Polar-Two/ros2_ws/src/depthai_driver', 'symlink_install': True, 'test_result_base': None}
[0.298s] Level 5:colcon.colcon_core.verb:set package 'differential_drive_controller' build argument 'cmake_args' from command line to 'None'
[0.299s] Level 5:colcon.colcon_core.verb:set package 'differential_drive_controller' build argument 'cmake_target' from command line to 'None'
[0.299s] Level 5:colcon.colcon_core.verb:set package 'differential_drive_controller' build argument 'cmake_target_skip_unavailable' from command line to 'False'
[0.299s] Level 5:colcon.colcon_core.verb:set package 'differential_drive_controller' build argument 'cmake_clean_cache' from command line to 'False'
[0.299s] Level 5:colcon.colcon_core.verb:set package 'differential_drive_controller' build argument 'cmake_clean_first' from command line to 'False'
[0.299s] Level 5:colcon.colcon_core.verb:set package 'differential_drive_controller' build argument 'cmake_force_configure' from command line to 'False'
[0.299s] Level 5:colcon.colcon_core.verb:set package 'differential_drive_controller' build argument 'ament_cmake_args' from command line to 'None'
[0.299s] Level 5:colcon.colcon_core.verb:set package 'differential_drive_controller' build argument 'catkin_cmake_args' from command line to 'None'
[0.299s] Level 5:colcon.colcon_core.verb:set package 'differential_drive_controller' build argument 'catkin_skip_building_tests' from command line to 'False'
[0.299s] DEBUG:colcon.colcon_core.verb:Building package 'differential_drive_controller' with the following arguments: {'ament_cmake_args': None, 'build_base': '/home/dev/Documents/GitHub/Polar-Two/ros2_ws/build/differential_drive_controller', 'catkin_cmake_args': None, 'catkin_skip_building_tests': False, 'cmake_args': None, 'cmake_clean_cache': False, 'cmake_clean_first': False, 'cmake_force_configure': False, 'cmake_target': None, 'cmake_target_skip_unavailable': False, 'install_base': '/home/dev/Documents/GitHub/Polar-Two/ros2_ws/install/differential_drive_controller', 'merge_install': False, 'path': '/home/dev/Documents/GitHub/Polar-Two/ros2_ws/src/differential_drive_controller', 'symlink_install': True, 'test_result_base': None}
[0.299s] Level 5:colcon.colcon_core.verb:set package 'joystick_driver' build argument 'cmake_args' from command line to 'None'
[0.299s] Level 5:colcon.colcon_core.verb:set package 'joystick_driver' build argument 'cmake_target' from command line to 'None'
[0.299s] Level 5:colcon.colcon_core.verb:set package 'joystick_driver' build argument 'cmake_target_skip_unavailable' from command line to 'False'
[0.299s] Level 5:colcon.colcon_core.verb:set package 'joystick_driver' build argument 'cmake_clean_cache' from command line to 'False'
[0.299s] Level 5:colcon.colcon_core.verb:set package 'joystick_driver' build argument 'cmake_clean_first' from command line to 'False'
[0.299s] Level 5:colcon.colcon_core.verb:set package 'joystick_driver' build argument 'cmake_force_configure' from command line to 'False'
[0.299s] Level 5:colcon.colcon_core.verb:set package 'joystick_driver' build argument 'ament_cmake_args' from command line to 'None'
[0.299s] Level 5:colcon.colcon_core.verb:set package 'joystick_driver' build argument 'catkin_cmake_args' from command line to 'None'
[0.299s] Level 5:colcon.colcon_core.verb:set package 'joystick_driver' build argument 'catkin_skip_building_tests' from command line to 'False'
[0.299s] DEBUG:colcon.colcon_core.verb:Building package 'joystick_driver' with the following arguments: {'ament_cmake_args': None, 'build_base': '/home/dev/Documents/GitHub/Polar-Two/ros2_ws/build/joystick_driver', 'catkin_cmake_args': None, 'catkin_skip_building_tests': False, 'cmake_args': None, 'cmake_clean_cache': False, 'cmake_clean_first': False, 'cmake_force_configure': False, 'cmake_target': None, 'cmake_target_skip_unavailable': False, 'install_base': '/home/dev/Documents/GitHub/Polar-Two/ros2_ws/install/joystick_driver', 'merge_install': False, 'path': '/home/dev/Documents/GitHub/Polar-Two/ros2_ws/src/joystick_driver', 'symlink_install': True, 'test_result_base': None}
[0.299s] Level 5:colcon.colcon_core.verb:set package 'my_robot' build argument 'cmake_args' from command line to 'None'
[0.299s] Level 5:colcon.colcon_core.verb:set package 'my_robot' build argument 'cmake_target' from command line to 'None'
[0.299s] Level 5:colcon.colcon_core.verb:set package 'my_robot' build argument 'cmake_target_skip_unavailable' from command line to 'False'
[0.299s] Level 5:colcon.colcon_core.verb:set package 'my_robot' build argument 'cmake_clean_cache' from command line to 'False'
[0.299s] Level 5:colcon.colcon_core.verb:set package 'my_robot' build argument 'cmake_clean_first' from command line to 'False'
[0.299s] Level 5:colcon.colcon_core.verb:set package 'my_robot' build argument 'cmake_force_configure' from command line to 'False'
[0.299s] Level 5:colcon.colcon_core.verb:set package 'my_robot' build argument 'ament_cmake_args' from command line to 'None'
[0.299s] Level 5:colcon.colcon_core.verb:set package 'my_robot' build argument 'catkin_cmake_args' from command line to 'None'
[0.299s] Level 5:colcon.colcon_core.verb:set package 'my_robot' build argument 'catkin_skip_building_tests' from command line to 'False'
[0.299s] DEBUG:colcon.colcon_core.verb:Building package 'my_robot' with the following arguments: {'ament_cmake_args': None, 'build_base': '/home/dev/Documents/GitHub/Polar-Two/ros2_ws/build/my_robot', 'catkin_cmake_args': None, 'catkin_skip_building_tests': False, 'cmake_args': None, 'cmake_clean_cache': False, 'cmake_clean_first': False, 'cmake_force_configure': False, 'cmake_target': None, 'cmake_target_skip_unavailable': False, 'install_base': '/home/dev/Documents/GitHub/Polar-Two/ros2_ws/install/my_robot', 'merge_install': False, 'path': '/home/dev/Documents/GitHub/Polar-Two/ros2_ws/src/my_robot', 'symlink_install': True, 'test_result_base': None}
[0.300s] Level 5:colcon.colcon_core.verb:set package 'template_package' build argument 'cmake_args' from command line to 'None'
[0.300s] Level 5:colcon.colcon_core.verb:set package 'template_package' build argument 'cmake_target' from command line to 'None'
[0.300s] Level 5:colcon.colcon_core.verb:set package 'template_package' build argument 'cmake_target_skip_unavailable' from command line to 'False'
[0.300s] Level 5:colcon.colcon_core.verb:set package 'template_package' build argument 'cmake_clean_cache' from command line to 'False'
[0.300s] Level 5:colcon.colcon_core.verb:set package 'template_package' build argument 'cmake_clean_first' from command line to 'False'
[0.300s] Level 5:colcon.colcon_core.verb:set package 'template_package' build argument 'cmake_force_configure' from command line to 'False'
[0.300s] Level 5:colcon.colcon_core.verb:set package 'template_package' build argument 'ament_cmake_args' from command line to 'None'
[0.300s] Level 5:colcon.colcon_core.verb:set package 'template_package' build argument 'catkin_cmake_args' from command line to 'None'
[0.300s] Level 5:colcon.colcon_core.verb:set package 'template_package' build argument 'catkin_skip_building_tests' from command line to 'False'
[0.300s] DEBUG:colcon.colcon_core.verb:Building package 'template_package' with the following arguments: {'ament_cmake_args': None, 'build_base': '/home/dev/Documents/GitHub/Polar-Two/ros2_ws/build/template_package', 'catkin_cmake_args': None, 'catkin_skip_building_tests': False, 'cmake_args': None, 'cmake_clean_cache': False, 'cmake_clean_first': False, 'cmake_force_configure': False, 'cmake_target': None, 'cmake_target_skip_unavailable': False, 'install_base': '/home/dev/Documents/GitHub/Polar-Two/ros2_ws/install/template_package', 'merge_install': False, 'path': '/home/dev/Documents/GitHub/Polar-Two/ros2_ws/src/template_package', 'symlink_install': True, 'test_result_base': None}
[0.300s] Level 5:colcon.colcon_core.verb:set package 'camera_driver' build argument 'cmake_args' from command line to 'None'
[0.300s] Level 5:colcon.colcon_core.verb:set package 'camera_driver' build argument 'cmake_target' from command line to 'None'
[0.300s] Level 5:colcon.colcon_core.verb:set package 'camera_driver' build argument 'cmake_target_skip_unavailable' from command line to 'False'
[0.300s] Level 5:colcon.colcon_core.verb:set package 'camera_driver' build argument 'cmake_clean_cache' from command line to 'False'
[0.300s] Level 5:colcon.colcon_core.verb:set package 'camera_driver' build argument 'cmake_clean_first' from command line to 'False'
[0.300s] Level 5:colcon.colcon_core.verb:set package 'camera_driver' build argument 'cmake_force_configure' from command line to 'False'
[0.300s] Level 5:colcon.colcon_core.verb:set package 'camera_driver' build argument 'ament_cmake_args' from command line to 'None'
[0.300s] Level 5:colcon.colcon_core.verb:set package 'camera_driver' build argument 'catkin_cmake_args' from command line to 'None'
[0.300s] Level 5:colcon.colcon_core.verb:set package 'camera_driver' build argument 'catkin_skip_building_tests' from command line to 'False'
[0.300s] DEBUG:colcon.colcon_core.verb:Building package 'camera_driver' with the following arguments: {'ament_cmake_args': None, 'build_base': '/home/dev/Documents/GitHub/Polar-Two/ros2_ws/build/camera_driver', 'catkin_cmake_args': None, 'catkin_skip_building_tests': False, 'cmake_args': None, 'cmake_clean_cache': False, 'cmake_clean_first': False, 'cmake_force_configure': False, 'cmake_target': None, 'cmake_target_skip_unavailable': False, 'install_base': '/home/dev/Documents/GitHub/Polar-Two/ros2_ws/install/camera_driver', 'merge_install': False, 'path': '/home/dev/Documents/GitHub/Polar-Two/ros2_ws/src/camera_driver', 'symlink_install': True, 'test_result_base': None}
[0.300s] Level 5:colcon.colcon_core.verb:set package 'microros_hardware_interface' build argument 'cmake_args' from command line to 'None'
[0.300s] Level 5:colcon.colcon_core.verb:set package 'microros_hardware_interface' build argument 'cmake_target' from command line to 'None'
[0.300s] Level 5:colcon.colcon_core.verb:set package 'microros_hardware_interface' build argument 'cmake_target_skip_unavailable' from command line to 'False'
[0.300s] Level 5:colcon.colcon_core.verb:set package 'microros_hardware_interface' build argument 'cmake_clean_cache' from command line to 'False'
[0.300s] Level 5:colcon.colcon_core.verb:set package 'microros_hardware_interface' build argument 'cmake_clean_first' from command line to 'False'
[0.300s] Level 5:colcon.colcon_core.verb:set package 'microros_hardware_interface' build argument 'cmake_force_configure' from command line to 'False'
[0.301s] Level 5:colcon.colcon_core.verb:set package 'microros_hardware_interface' build argument 'ament_cmake_args' from command line to 'None'
[0.301s] Level 5:colcon.colcon_core.verb:set package 'microros_hardware_interface' build argument 'catkin_cmake_args' from command line to 'None'
[0.301s] Level 5:colcon.colcon_core.verb:set package 'microros_hardware_interface' build argument 'catkin_skip_building_tests' from command line to 'False'
[0.301s] DEBUG:colcon.colcon_core.verb:Building package 'microros_hardware_interface' with the following arguments: {'ament_cmake_args': None, 'build_base': '/home/dev/Documents/GitHub/Polar-Two/ros2_ws/build/microros_hardware_interface', 'catkin_cmake_args': None, 'catkin_skip_building_tests': False, 'cmake_args': None, 'cmake_clean_cache': False, 'cmake_clean_first': False, 'cmake_force_configure': False, 'cmake_target': None, 'cmake_target_skip_unavailable': False, 'install_base': '/home/dev/Documents/GitHub/Polar-Two/ros2_ws/install/microros_hardware_interface', 'merge_install': False, 'path': '/home/dev/Documents/GitHub/Polar-Two/ros2_ws/src/microros_hardware_interface', 'symlink_install': True, 'test_result_base': None}
[0.301s] INFO:colcon.colcon_core.executor:Executing jobs using 'parallel' executor
[0.302s] DEBUG:colcon.colcon_parallel_executor.executor.parallel:run_until_complete
[0.302s] INFO:colcon.colcon_ros.task.ament_cmake.build:Building ROS package in '/home/dev/Documents/GitHub/Polar-Two/ros2_ws/src/camera_driver_srvs' with build type 'ament_cmake'
[0.302s] INFO:colcon.colcon_cmake.task.cmake.build:Building CMake package in '/home/dev/Documents/GitHub/Polar-Two/ros2_ws/src/camera_driver_srvs'
[0.304s] INFO:colcon.colcon_core.plugin_system:Skipping extension 'colcon_core.shell.bat': Not used on non-Windows systems
[0.304s] INFO:colcon.colcon_core.shell:Skip shell extension 'powershell' for command environment: Not usable outside of PowerShell
[0.304s] DEBUG:colcon.colcon_core.shell:Skip shell extension 'dsv' for command environment
[0.306s] INFO:colcon.colcon_ros.task.ament_cmake.build:Building ROS package in '/home/dev/Documents/GitHub/Polar-Two/ros2_ws/src/differential_drive_controller' with build type 'ament_cmake'
[0.306s] INFO:colcon.colcon_cmake.task.cmake.build:Building CMake package in '/home/dev/Documents/GitHub/Polar-Two/ros2_ws/src/differential_drive_controller'
[0.307s] INFO:colcon.colcon_core.shell:Skip shell extension 'powershell' for command environment: Not usable outside of PowerShell
[0.307s] DEBUG:colcon.colcon_core.shell:Skip shell extension 'dsv' for command environment
[0.309s] INFO:colcon.colcon_ros.task.ament_cmake.build:Building ROS package in '/home/dev/Documents/GitHub/Polar-Two/ros2_ws/src/carbot_hardware' with build type 'ament_cmake'
[0.309s] INFO:colcon.colcon_cmake.task.cmake.build:Building CMake package in '/home/dev/Documents/GitHub/Polar-Two/ros2_ws/src/carbot_hardware'
[0.310s] INFO:colcon.colcon_core.shell:Skip shell extension 'powershell' for command environment: Not usable outside of PowerShell
[0.310s] DEBUG:colcon.colcon_core.shell:Skip shell extension 'dsv' for command environment
[0.313s] INFO:colcon.colcon_ros.task.ament_cmake.build:Building ROS package in '/home/dev/Documents/GitHub/Polar-Two/ros2_ws/src/depthai_driver' with build type 'ament_cmake'
[0.313s] INFO:colcon.colcon_cmake.task.cmake.build:Building CMake package in '/home/dev/Documents/GitHub/Polar-Two/ros2_ws/src/depthai_driver'
[0.313s] INFO:colcon.colcon_core.shell:Skip shell extension 'powershell' for command environment: Not usable outside of PowerShell
[0.313s] DEBUG:colcon.colcon_core.shell:Skip shell extension 'dsv' for command environment
[0.316s] INFO:colcon.colcon_ros.task.ament_cmake.build:Building ROS package in '/home/dev/Documents/GitHub/Polar-Two/ros2_ws/src/joystick_driver' with build type 'ament_cmake'
[0.316s] INFO:colcon.colcon_cmake.task.cmake.build:Building CMake package in '/home/dev/Documents/GitHub/Polar-Two/ros2_ws/src/joystick_driver'
[0.316s] INFO:colcon.colcon_core.shell:Skip shell extension 'powershell' for command environment: Not usable outside of PowerShell
[0.316s] DEBUG:colcon.colcon_core.shell:Skip shell extension 'dsv' for command environment
[0.320s] INFO:colcon.colcon_ros.task.ament_cmake.build:Building ROS package in '/home/dev/Documents/GitHub/Polar-Two/ros2_ws/src/my_robot' with build type 'ament_cmake'
[0.320s] INFO:colcon.colcon_cmake.task.cmake.build:Building CMake package in '/home/dev/Documents/GitHub/Polar-Two/ros2_ws/src/my_robot'
[0.320s] INFO:colcon.colcon_core.shell:Skip shell extension 'powershell' for command environment: Not usable outside of PowerShell
[0.320s] DEBUG:colcon.colcon_core.shell:Skip shell extension 'dsv' for command environment
[0.323s] INFO:colcon.colcon_ros.task.ament_cmake.build:Building ROS package in '/home/dev/Documents/GitHub/Polar-Two/ros2_ws/src/template_package' with build type 'ament_cmake'
[0.323s] INFO:colcon.colcon_cmake.task.cmake.build:Building CMake package in '/home/dev/Documents/GitHub/Polar-Two/ros2_ws/src/template_package'
[0.324s] INFO:colcon.colcon_core.shell:Skip shell extension 'powershell' for command environment: Not usable outside of PowerShell
[0.324s] DEBUG:colcon.colcon_core.shell:Skip shell extension 'dsv' for command environment
[0.330s] DEBUG:colcon.colcon_core.event_handler.log_command:Invoking command in '/home/dev/Documents/GitHub/Polar-Two/ros2_ws/build/camera_driver_srvs': CMAKE_PREFIX_PATH=/opt/ros/humble CONDA_PROMPT_MODIFIER=(base) /usr/bin/cmake /home/dev/Documents/GitHub/Polar-Two/ros2_ws/src/camera_driver_srvs -DAMENT_CMAKE_SYMLINK_INSTALL=1 -DCMAKE_INSTALL_PREFIX=/home/dev/Documents/GitHub/Polar-Two/ros2_ws/install/camera_driver_srvs
[0.336s] DEBUG:colcon.colcon_core.event_handler.log_command:Invoking command in '/home/dev/Documents/GitHub/Polar-Two/ros2_ws/build/differential_drive_controller': CMAKE_PREFIX_PATH=/opt/ros/humble CONDA_PROMPT_MODIFIER=(base) /usr/bin/cmake /home/dev/Documents/GitHub/Polar-Two/ros2_ws/src/differential_drive_controller -DAMENT_CMAKE_SYMLINK_INSTALL=1 -DCMAKE_INSTALL_PREFIX=/home/dev/Documents/GitHub/Polar-Two/ros2_ws/install/differential_drive_controller
[0.339s] DEBUG:colcon.colcon_core.event_handler.log_command:Invoking command in '/home/dev/Documents/GitHub/Polar-Two/ros2_ws/build/carbot_hardware': CMAKE_PREFIX_PATH=/opt/ros/humble CONDA_PROMPT_MODIFIER=(base) /usr/bin/cmake /home/dev/Documents/GitHub/Polar-Two/ros2_ws/src/carbot_hardware -DAMENT_CMAKE_SYMLINK_INSTALL=1 -DCMAKE_INSTALL_PREFIX=/home/dev/Documents/GitHub/Polar-Two/ros2_ws/install/carbot_hardware
[0.341s] DEBUG:colcon.colcon_core.event_handler.log_command:Invoking command in '/home/dev/Documents/GitHub/Polar-Two/ros2_ws/build/depthai_driver': CMAKE_PREFIX_PATH=/opt/ros/humble CONDA_PROMPT_MODIFIER=(base) /usr/bin/cmake /home/dev/Documents/GitHub/Polar-Two/ros2_ws/src/depthai_driver -DAMENT_CMAKE_SYMLINK_INSTALL=1 -DCMAKE_INSTALL_PREFIX=/home/dev/Documents/GitHub/Polar-Two/ros2_ws/install/depthai_driver
[0.344s] DEBUG:colcon.colcon_core.event_handler.log_command:Invoking command in '/home/dev/Documents/GitHub/Polar-Two/ros2_ws/build/joystick_driver': CMAKE_PREFIX_PATH=/opt/ros/humble CONDA_PROMPT_MODIFIER=(base) /usr/bin/cmake /home/dev/Documents/GitHub/Polar-Two/ros2_ws/src/joystick_driver -DAMENT_CMAKE_SYMLINK_INSTALL=1 -DCMAKE_INSTALL_PREFIX=/home/dev/Documents/GitHub/Polar-Two/ros2_ws/install/joystick_driver
[0.347s] DEBUG:colcon.colcon_core.event_handler.log_command:Invoking command in '/home/dev/Documents/GitHub/Polar-Two/ros2_ws/build/my_robot': CMAKE_PREFIX_PATH=/opt/ros/humble CONDA_PROMPT_MODIFIER=(base) /usr/bin/cmake /home/dev/Documents/GitHub/Polar-Two/ros2_ws/src/my_robot -DAMENT_CMAKE_SYMLINK_INSTALL=1 -DCMAKE_INSTALL_PREFIX=/home/dev/Documents/GitHub/Polar-Two/ros2_ws/install/my_robot
[0.352s] DEBUG:colcon.colcon_core.event_handler.log_command:Invoking command in '/home/dev/Documents/GitHub/Polar-Two/ros2_ws/build/template_package': CMAKE_PREFIX_PATH=/opt/ros/humble CONDA_PROMPT_MODIFIER=(base) /usr/bin/cmake /home/dev/Documents/GitHub/Polar-Two/ros2_ws/src/template_package -DAMENT_CMAKE_SYMLINK_INSTALL=1 -DCMAKE_INSTALL_PREFIX=/home/dev/Documents/GitHub/Polar-Two/ros2_ws/install/template_package
[1.367s] DEBUG:colcon.colcon_core.event_handler.log_command:Invoked command in '/home/dev/Documents/GitHub/Polar-Two/ros2_ws/build/depthai_driver' returned '0': CMAKE_PREFIX_PATH=/opt/ros/humble CONDA_PROMPT_MODIFIER=(base) /usr/bin/cmake /home/dev/Documents/GitHub/Polar-Two/ros2_ws/src/depthai_driver -DAMENT_CMAKE_SYMLINK_INSTALL=1 -DCMAKE_INSTALL_PREFIX=/home/dev/Documents/GitHub/Polar-Two/ros2_ws/install/depthai_driver
[1.369s] DEBUG:colcon.colcon_core.event_handler.log_command:Invoking command in '/home/dev/Documents/GitHub/Polar-Two/ros2_ws/build/depthai_driver': CMAKE_PREFIX_PATH=/opt/ros/humble CONDA_PROMPT_MODIFIER=(base) /usr/bin/cmake --build /home/dev/Documents/GitHub/Polar-Two/ros2_ws/build/depthai_driver -- -j16 -l16
[1.373s] DEBUG:colcon.colcon_core.event_handler.log_command:Invoked command in '/home/dev/Documents/GitHub/Polar-Two/ros2_ws/build/template_package' returned '0': CMAKE_PREFIX_PATH=/opt/ros/humble CONDA_PROMPT_MODIFIER=(base) /usr/bin/cmake /home/dev/Documents/GitHub/Polar-Two/ros2_ws/src/template_package -DAMENT_CMAKE_SYMLINK_INSTALL=1 -DCMAKE_INSTALL_PREFIX=/home/dev/Documents/GitHub/Polar-Two/ros2_ws/install/template_package
[1.375s] DEBUG:colcon.colcon_core.event_handler.log_command:Invoking command in '/home/dev/Documents/GitHub/Polar-Two/ros2_ws/build/template_package': CMAKE_PREFIX_PATH=/opt/ros/humble CONDA_PROMPT_MODIFIER=(base) /usr/bin/cmake --build /home/dev/Documents/GitHub/Polar-Two/ros2_ws/build/template_package -- -j16 -l16
[1.407s] DEBUG:colcon.colcon_core.event_handler.log_command:Invoked command in '/home/dev/Documents/GitHub/Polar-Two/ros2_ws/build/depthai_driver' returned '0': CMAKE_PREFIX_PATH=/opt/ros/humble CONDA_PROMPT_MODIFIER=(base) /usr/bin/cmake --build /home/dev/Documents/GitHub/Polar-Two/ros2_ws/build/depthai_driver -- -j16 -l16
[1.421s] DEBUG:colcon.colcon_core.event_handler.log_command:Invoking command in '/home/dev/Documents/GitHub/Polar-Two/ros2_ws/build/depthai_driver': CMAKE_PREFIX_PATH=/opt/ros/humble CONDA_PROMPT_MODIFIER=(base) /usr/bin/cmake --install /home/dev/Documents/GitHub/Polar-Two/ros2_ws/build/depthai_driver
[1.427s] DEBUG:colcon.colcon_core.event_handler.log_command:Invoked command in '/home/dev/Documents/GitHub/Polar-Two/ros2_ws/build/template_package' returned '0': CMAKE_PREFIX_PATH=/opt/ros/humble CONDA_PROMPT_MODIFIER=(base) /usr/bin/cmake --build /home/dev/Documents/GitHub/Polar-Two/ros2_ws/build/template_package -- -j16 -l16
[1.428s] DEBUG:colcon.colcon_core.event_handler.log_command:Invoking command in '/home/dev/Documents/GitHub/Polar-Two/ros2_ws/build/template_package': CMAKE_PREFIX_PATH=/opt/ros/humble CONDA_PROMPT_MODIFIER=(base) /usr/bin/cmake --install /home/dev/Documents/GitHub/Polar-Two/ros2_ws/build/template_package
[1.638s] Level 1:colcon.colcon_core.environment:create_environment_scripts_only(depthai_driver)
[1.639s] DEBUG:colcon.colcon_core.event_handler.log_command:Invoked command in '/home/dev/Documents/GitHub/Polar-Two/ros2_ws/build/depthai_driver' returned '0': CMAKE_PREFIX_PATH=/opt/ros/humble CONDA_PROMPT_MODIFIER=(base) /usr/bin/cmake --install /home/dev/Documents/GitHub/Polar-Two/ros2_ws/build/depthai_driver
[1.641s] Level 1:colcon.colcon_core.environment:checking '/home/dev/Documents/GitHub/Polar-Two/ros2_ws/install/depthai_driver' for CMake module files
[1.642s] Level 1:colcon.colcon_core.environment:checking '/home/dev/Documents/GitHub/Polar-Two/ros2_ws/install/depthai_driver' for CMake config files
[1.642s] Level 1:colcon.colcon_core.shell:create_environment_hook('depthai_driver', 'cmake_prefix_path')
[1.642s] INFO:colcon.colcon_core.shell:Creating environment hook '/home/dev/Documents/GitHub/Polar-Two/ros2_ws/install/depthai_driver/share/depthai_driver/hook/cmake_prefix_path.ps1'
[1.643s] INFO:colcon.colcon_core.shell:Creating environment descriptor '/home/dev/Documents/GitHub/Polar-Two/ros2_ws/install/depthai_driver/share/depthai_driver/hook/cmake_prefix_path.dsv'
[1.643s] INFO:colcon.colcon_core.shell:Creating environment hook '/home/dev/Documents/GitHub/Polar-Two/ros2_ws/install/depthai_driver/share/depthai_driver/hook/cmake_prefix_path.sh'
[1.644s] Level 1:colcon.colcon_core.environment:checking '/home/dev/Documents/GitHub/Polar-Two/ros2_ws/install/depthai_driver/bin'
[1.644s] Level 1:colcon.colcon_core.environment:checking '/home/dev/Documents/GitHub/Polar-Two/ros2_ws/install/depthai_driver/lib/pkgconfig/depthai_driver.pc'
[1.645s] Level 1:colcon.colcon_core.environment:checking '/home/dev/Documents/GitHub/Polar-Two/ros2_ws/install/depthai_driver/lib/python3.10/site-packages'
[1.645s] Level 1:colcon.colcon_core.environment:checking '/home/dev/Documents/GitHub/Polar-Two/ros2_ws/install/depthai_driver/bin'
[1.645s] INFO:colcon.colcon_core.shell:Creating package script '/home/dev/Documents/GitHub/Polar-Two/ros2_ws/install/depthai_driver/share/depthai_driver/package.ps1'
[1.646s] INFO:colcon.colcon_core.shell:Creating package descriptor '/home/dev/Documents/GitHub/Polar-Two/ros2_ws/install/depthai_driver/share/depthai_driver/package.dsv'
[1.647s] INFO:colcon.colcon_core.shell:Creating package script '/home/dev/Documents/GitHub/Polar-Two/ros2_ws/install/depthai_driver/share/depthai_driver/package.sh'
[1.647s] INFO:colcon.colcon_core.shell:Creating package script '/home/dev/Documents/GitHub/Polar-Two/ros2_ws/install/depthai_driver/share/depthai_driver/package.bash'
[1.648s] INFO:colcon.colcon_core.shell:Creating package script '/home/dev/Documents/GitHub/Polar-Two/ros2_ws/install/depthai_driver/share/depthai_driver/package.zsh'
[1.648s] Level 1:colcon.colcon_core.environment:create_file_with_runtime_dependencies(/home/dev/Documents/GitHub/Polar-Two/ros2_ws/install/depthai_driver/share/colcon-core/packages/depthai_driver)
[1.649s] Level 1:colcon.colcon_core.environment:create_environment_scripts_only(depthai_driver)
[1.649s] Level 1:colcon.colcon_core.environment:checking '/home/dev/Documents/GitHub/Polar-Two/ros2_ws/install/depthai_driver' for CMake module files
[1.650s] Level 1:colcon.colcon_core.environment:checking '/home/dev/Documents/GitHub/Polar-Two/ros2_ws/install/depthai_driver' for CMake config files
[1.650s] Level 1:colcon.colcon_core.shell:create_environment_hook('depthai_driver', 'cmake_prefix_path')
[1.650s] INFO:colcon.colcon_core.shell:Creating environment hook '/home/dev/Documents/GitHub/Polar-Two/ros2_ws/install/depthai_driver/share/depthai_driver/hook/cmake_prefix_path.ps1'
[1.651s] INFO:colcon.colcon_core.shell:Creating environment descriptor '/home/dev/Documents/GitHub/Polar-Two/ros2_ws/install/depthai_driver/share/depthai_driver/hook/cmake_prefix_path.dsv'
[1.651s] INFO:colcon.colcon_core.shell:Creating environment hook '/home/dev/Documents/GitHub/Polar-Two/ros2_ws/install/depthai_driver/share/depthai_driver/hook/cmake_prefix_path.sh'
[1.651s] Level 1:colcon.colcon_core.environment:checking '/home/dev/Documents/GitHub/Polar-Two/ros2_ws/install/depthai_driver/bin'
[1.651s] Level 1:colcon.colcon_core.environment:checking '/home/dev/Documents/GitHub/Polar-Two/ros2_ws/install/depthai_driver/lib/pkgconfig/depthai_driver.pc'
[1.652s] Level 1:colcon.colcon_core.environment:checking '/home/dev/Documents/GitHub/Polar-Two/ros2_ws/install/depthai_driver/lib/python3.10/site-packages'
[1.652s] Level 1:colcon.colcon_core.environment:checking '/home/dev/Documents/GitHub/Polar-Two/ros2_ws/install/depthai_driver/bin'
[1.652s] INFO:colcon.colcon_core.shell:Creating package script '/home/dev/Documents/GitHub/Polar-Two/ros2_ws/install/depthai_driver/share/depthai_driver/package.ps1'
[1.653s] INFO:colcon.colcon_core.shell:Creating package descriptor '/home/dev/Documents/GitHub/Polar-Two/ros2_ws/install/depthai_driver/share/depthai_driver/package.dsv'
[1.654s] INFO:colcon.colcon_core.shell:Creating package script '/home/dev/Documents/GitHub/Polar-Two/ros2_ws/install/depthai_driver/share/depthai_driver/package.sh'
[1.654s] INFO:colcon.colcon_core.shell:Creating package script '/home/dev/Documents/GitHub/Polar-Two/ros2_ws/install/depthai_driver/share/depthai_driver/package.bash'
[1.654s] INFO:colcon.colcon_core.shell:Creating package script '/home/dev/Documents/GitHub/Polar-Two/ros2_ws/install/depthai_driver/share/depthai_driver/package.zsh'
[1.655s] Level 1:colcon.colcon_core.environment:create_file_with_runtime_dependencies(/home/dev/Documents/GitHub/Polar-Two/ros2_ws/install/depthai_driver/share/colcon-core/packages/depthai_driver)
[1.907s] DEBUG:colcon.colcon_core.event_handler.log_command:Invoked command in '/home/dev/Documents/GitHub/Polar-Two/ros2_ws/build/joystick_driver' returned '0': CMAKE_PREFIX_PATH=/opt/ros/humble CONDA_PROMPT_MODIFIER=(base) /usr/bin/cmake /home/dev/Documents/GitHub/Polar-Two/ros2_ws/src/joystick_driver -DAMENT_CMAKE_SYMLINK_INSTALL=1 -DCMAKE_INSTALL_PREFIX=/home/dev/Documents/GitHub/Polar-Two/ros2_ws/install/joystick_driver
[1.909s] DEBUG:colcon.colcon_core.event_handler.log_command:Invoking command in '/home/dev/Documents/GitHub/Polar-Two/ros2_ws/build/joystick_driver': CMAKE_PREFIX_PATH=/opt/ros/humble CONDA_PROMPT_MODIFIER=(base) /usr/bin/cmake --build /home/dev/Documents/GitHub/Polar-Two/ros2_ws/build/joystick_driver -- -j16 -l16
[1.935s] DEBUG:colcon.colcon_core.event_handler.log_command:Invoked command in '/home/dev/Documents/GitHub/Polar-Two/ros2_ws/build/my_robot' returned '0': CMAKE_PREFIX_PATH=/opt/ros/humble CONDA_PROMPT_MODIFIER=(base) /usr/bin/cmake /home/dev/Documents/GitHub/Polar-Two/ros2_ws/src/my_robot -DAMENT_CMAKE_SYMLINK_INSTALL=1 -DCMAKE_INSTALL_PREFIX=/home/dev/Documents/GitHub/Polar-Two/ros2_ws/install/my_robot
[1.937s] DEBUG:colcon.colcon_core.event_handler.log_command:Invoking command in '/home/dev/Documents/GitHub/Polar-Two/ros2_ws/build/my_robot': CMAKE_PREFIX_PATH=/opt/ros/humble CONDA_PROMPT_MODIFIER=(base) /usr/bin/cmake --build /home/dev/Documents/GitHub/Polar-Two/ros2_ws/build/my_robot -- -j16 -l16
[1.944s] Level 1:colcon.colcon_core.environment:create_environment_scripts_only(template_package)
[1.944s] Level 1:colcon.colcon_core.environment:checking '/home/dev/Documents/GitHub/Polar-Two/ros2_ws/install/template_package' for CMake module files
[1.945s] DEBUG:colcon.colcon_core.event_handler.log_command:Invoked command in '/home/dev/Documents/GitHub/Polar-Two/ros2_ws/build/template_package' returned '0': CMAKE_PREFIX_PATH=/opt/ros/humble CONDA_PROMPT_MODIFIER=(base) /usr/bin/cmake --install /home/dev/Documents/GitHub/Polar-Two/ros2_ws/build/template_package
[1.946s] Level 1:colcon.colcon_core.environment:checking '/home/dev/Documents/GitHub/Polar-Two/ros2_ws/install/template_package' for CMake config files
[1.946s] Level 1:colcon.colcon_core.shell:create_environment_hook('template_package', 'cmake_prefix_path')
[1.947s] INFO:colcon.colcon_core.shell:Creating environment hook '/home/dev/Documents/GitHub/Polar-Two/ros2_ws/install/template_package/share/template_package/hook/cmake_prefix_path.ps1'
[1.947s] INFO:colcon.colcon_core.shell:Creating environment descriptor '/home/dev/Documents/GitHub/Polar-Two/ros2_ws/install/template_package/share/template_package/hook/cmake_prefix_path.dsv'
[1.947s] INFO:colcon.colcon_core.shell:Creating environment hook '/home/dev/Documents/GitHub/Polar-Two/ros2_ws/install/template_package/share/template_package/hook/cmake_prefix_path.sh'
[1.948s] Level 1:colcon.colcon_core.environment:checking '/home/dev/Documents/GitHub/Polar-Two/ros2_ws/install/template_package/bin'
[1.948s] Level 1:colcon.colcon_core.environment:checking '/home/dev/Documents/GitHub/Polar-Two/ros2_ws/install/template_package/lib/pkgconfig/template_package.pc'
[1.948s] Level 1:colcon.colcon_core.environment:checking '/home/dev/Documents/GitHub/Polar-Two/ros2_ws/install/template_package/lib/python3.10/site-packages'
[1.948s] Level 1:colcon.colcon_core.environment:checking '/home/dev/Documents/GitHub/Polar-Two/ros2_ws/install/template_package/bin'
[1.948s] INFO:colcon.colcon_core.shell:Creating package script '/home/dev/Documents/GitHub/Polar-Two/ros2_ws/install/template_package/share/template_package/package.ps1'
[1.949s] INFO:colcon.colcon_core.shell:Creating package descriptor '/home/dev/Documents/GitHub/Polar-Two/ros2_ws/install/template_package/share/template_package/package.dsv'
[1.949s] INFO:colcon.colcon_core.shell:Creating package script '/home/dev/Documents/GitHub/Polar-Two/ros2_ws/install/template_package/share/template_package/package.sh'
[1.949s] INFO:colcon.colcon_core.shell:Creating package script '/home/dev/Documents/GitHub/Polar-Two/ros2_ws/install/template_package/share/template_package/package.bash'
[1.950s] INFO:colcon.colcon_core.shell:Creating package script '/home/dev/Documents/GitHub/Polar-Two/ros2_ws/install/template_package/share/template_package/package.zsh'
[1.950s] Level 1:colcon.colcon_core.environment:create_file_with_runtime_dependencies(/home/dev/Documents/GitHub/Polar-Two/ros2_ws/install/template_package/share/colcon-core/packages/template_package)
[1.951s] Level 1:colcon.colcon_core.environment:create_environment_scripts_only(template_package)
[1.951s] Level 1:colcon.colcon_core.environment:checking '/home/dev/Documents/GitHub/Polar-Two/ros2_ws/install/template_package' for CMake module files
[1.951s] Level 1:colcon.colcon_core.environment:checking '/home/dev/Documents/GitHub/Polar-Two/ros2_ws/install/template_package' for CMake config files
[1.952s] Level 1:colcon.colcon_core.shell:create_environment_hook('template_package', 'cmake_prefix_path')
[1.952s] INFO:colcon.colcon_core.shell:Creating environment hook '/home/dev/Documents/GitHub/Polar-Two/ros2_ws/install/template_package/share/template_package/hook/cmake_prefix_path.ps1'
[1.953s] INFO:colcon.colcon_core.shell:Creating environment descriptor '/home/dev/Documents/GitHub/Polar-Two/ros2_ws/install/template_package/share/template_package/hook/cmake_prefix_path.dsv'
[1.953s] INFO:colcon.colcon_core.shell:Creating environment hook '/home/dev/Documents/GitHub/Polar-Two/ros2_ws/install/template_package/share/template_package/hook/cmake_prefix_path.sh'
[1.953s] Level 1:colcon.colcon_core.environment:checking '/home/dev/Documents/GitHub/Polar-Two/ros2_ws/install/template_package/bin'
[1.954s] Level 1:colcon.colcon_core.environment:checking '/home/dev/Documents/GitHub/Polar-Two/ros2_ws/install/template_package/lib/pkgconfig/template_package.pc'
[1.954s] Level 1:colcon.colcon_core.environment:checking '/home/dev/Documents/GitHub/Polar-Two/ros2_ws/install/template_package/lib/python3.10/site-packages'
[1.954s] Level 1:colcon.colcon_core.environment:checking '/home/dev/Documents/GitHub/Polar-Two/ros2_ws/install/template_package/bin'
[1.954s] INFO:colcon.colcon_core.shell:Creating package script '/home/dev/Documents/GitHub/Polar-Two/ros2_ws/install/template_package/share/template_package/package.ps1'
[1.954s] INFO:colcon.colcon_core.shell:Creating package descriptor '/home/dev/Documents/GitHub/Polar-Two/ros2_ws/install/template_package/share/template_package/package.dsv'
[1.955s] INFO:colcon.colcon_core.shell:Creating package script '/home/dev/Documents/GitHub/Polar-Two/ros2_ws/install/template_package/share/template_package/package.sh'
[1.955s] INFO:colcon.colcon_core.shell:Creating package script '/home/dev/Documents/GitHub/Polar-Two/ros2_ws/install/template_package/share/template_package/package.bash'
[1.956s] INFO:colcon.colcon_core.shell:Creating package script '/home/dev/Documents/GitHub/Polar-Two/ros2_ws/install/template_package/share/template_package/package.zsh'
[1.956s] Level 1:colcon.colcon_core.environment:create_file_with_runtime_dependencies(/home/dev/Documents/GitHub/Polar-Two/ros2_ws/install/template_package/share/colcon-core/packages/template_package)
[1.957s] DEBUG:colcon.colcon_core.event_handler.log_command:Invoked command in '/home/dev/Documents/GitHub/Polar-Two/ros2_ws/build/carbot_hardware' returned '0': CMAKE_PREFIX_PATH=/opt/ros/humble CONDA_PROMPT_MODIFIER=(base) /usr/bin/cmake /home/dev/Documents/GitHub/Polar-Two/ros2_ws/src/carbot_hardware -DAMENT_CMAKE_SYMLINK_INSTALL=1 -DCMAKE_INSTALL_PREFIX=/home/dev/Documents/GitHub/Polar-Two/ros2_ws/install/carbot_hardware
[1.959s] DEBUG:colcon.colcon_core.event_handler.log_command:Invoking command in '/home/dev/Documents/GitHub/Polar-Two/ros2_ws/build/carbot_hardware': CMAKE_PREFIX_PATH=/opt/ros/humble CONDA_PROMPT_MODIFIER=(base) /usr/bin/cmake --build /home/dev/Documents/GitHub/Polar-Two/ros2_ws/build/carbot_hardware -- -j16 -l16
[2.405s] DEBUG:colcon.colcon_core.event_handler.log_command:Invoked command in '/home/dev/Documents/GitHub/Polar-Two/ros2_ws/build/differential_drive_controller' returned '0': CMAKE_PREFIX_PATH=/opt/ros/humble CONDA_PROMPT_MODIFIER=(base) /usr/bin/cmake /home/dev/Documents/GitHub/Polar-Two/ros2_ws/src/differential_drive_controller -DAMENT_CMAKE_SYMLINK_INSTALL=1 -DCMAKE_INSTALL_PREFIX=/home/dev/Documents/GitHub/Polar-Two/ros2_ws/install/differential_drive_controller
[2.408s] DEBUG:colcon.colcon_core.event_handler.log_command:Invoking command in '/home/dev/Documents/GitHub/Polar-Two/ros2_ws/build/differential_drive_controller': CMAKE_PREFIX_PATH=/opt/ros/humble CONDA_PROMPT_MODIFIER=(base) /usr/bin/cmake --build /home/dev/Documents/GitHub/Polar-Two/ros2_ws/build/differential_drive_controller -- -j16 -l16
[2.589s] DEBUG:colcon.colcon_core.event_handler.log_command:Invoked command in '/home/dev/Documents/GitHub/Polar-Two/ros2_ws/build/camera_driver_srvs' returned '0': CMAKE_PREFIX_PATH=/opt/ros/humble CONDA_PROMPT_MODIFIER=(base) /usr/bin/cmake /home/dev/Documents/GitHub/Polar-Two/ros2_ws/src/camera_driver_srvs -DAMENT_CMAKE_SYMLINK_INSTALL=1 -DCMAKE_INSTALL_PREFIX=/home/dev/Documents/GitHub/Polar-Two/ros2_ws/install/camera_driver_srvs
[2.590s] DEBUG:colcon.colcon_core.event_handler.log_command:Invoking command in '/home/dev/Documents/GitHub/Polar-Two/ros2_ws/build/camera_driver_srvs': CMAKE_PREFIX_PATH=/opt/ros/humble CONDA_PROMPT_MODIFIER=(base) /usr/bin/cmake --build /home/dev/Documents/GitHub/Polar-Two/ros2_ws/build/camera_driver_srvs -- -j16 -l16
[6.948s] DEBUG:colcon.colcon_core.event_handler.log_command:Invoked command in '/home/dev/Documents/GitHub/Polar-Two/ros2_ws/build/camera_driver_srvs' returned '0': CMAKE_PREFIX_PATH=/opt/ros/humble CONDA_PROMPT_MODIFIER=(base) /usr/bin/cmake --build /home/dev/Documents/GitHub/Polar-Two/ros2_ws/build/camera_driver_srvs -- -j16 -l16
[6.951s] DEBUG:colcon.colcon_core.event_handler.log_command:Invoking command in '/home/dev/Documents/GitHub/Polar-Two/ros2_ws/build/camera_driver_srvs': CMAKE_PREFIX_PATH=/opt/ros/humble CONDA_PROMPT_MODIFIER=(base) /usr/bin/cmake --install /home/dev/Documents/GitHub/Polar-Two/ros2_ws/build/camera_driver_srvs
[8.397s] Level 1:colcon.colcon_core.environment:create_environment_scripts_only(camera_driver_srvs)
[8.398s] Level 1:colcon.colcon_core.environment:checking '/home/dev/Documents/GitHub/Polar-Two/ros2_ws/install/camera_driver_srvs' for CMake module files
[8.399s] DEBUG:colcon.colcon_core.event_handler.log_command:Invoked command in '/home/dev/Documents/GitHub/Polar-Two/ros2_ws/build/camera_driver_srvs' returned '0': CMAKE_PREFIX_PATH=/opt/ros/humble CONDA_PROMPT_MODIFIER=(base) /usr/bin/cmake --install /home/dev/Documents/GitHub/Polar-Two/ros2_ws/build/camera_driver_srvs
[8.400s] Level 1:colcon.colcon_core.environment:checking '/home/dev/Documents/GitHub/Polar-Two/ros2_ws/install/camera_driver_srvs' for CMake config files
[8.401s] Level 1:colcon.colcon_core.shell:create_environment_hook('camera_driver_srvs', 'cmake_prefix_path')
[8.402s] INFO:colcon.colcon_core.shell:Creating environment hook '/home/dev/Documents/GitHub/Polar-Two/ros2_ws/install/camera_driver_srvs/share/camera_driver_srvs/hook/cmake_prefix_path.ps1'
[8.403s] INFO:colcon.colcon_core.shell:Creating environment descriptor '/home/dev/Documents/GitHub/Polar-Two/ros2_ws/install/camera_driver_srvs/share/camera_driver_srvs/hook/cmake_prefix_path.dsv'
[8.404s] INFO:colcon.colcon_core.shell:Creating environment hook '/home/dev/Documents/GitHub/Polar-Two/ros2_ws/install/camera_driver_srvs/share/camera_driver_srvs/hook/cmake_prefix_path.sh'
[8.404s] Level 1:colcon.colcon_core.environment:checking '/home/dev/Documents/GitHub/Polar-Two/ros2_ws/install/camera_driver_srvs/lib'
[8.405s] Level 1:colcon.colcon_core.shell:create_environment_hook('camera_driver_srvs', 'ld_library_path_lib')
[8.405s] INFO:colcon.colcon_core.shell:Creating environment hook '/home/dev/Documents/GitHub/Polar-Two/ros2_ws/install/camera_driver_srvs/share/camera_driver_srvs/hook/ld_library_path_lib.ps1'
[8.406s] INFO:colcon.colcon_core.shell:Creating environment descriptor '/home/dev/Documents/GitHub/Polar-Two/ros2_ws/install/camera_driver_srvs/share/camera_driver_srvs/hook/ld_library_path_lib.dsv'
[8.406s] INFO:colcon.colcon_core.shell:Creating environment hook '/home/dev/Documents/GitHub/Polar-Two/ros2_ws/install/camera_driver_srvs/share/camera_driver_srvs/hook/ld_library_path_lib.sh'
[8.407s] Level 1:colcon.colcon_core.environment:checking '/home/dev/Documents/GitHub/Polar-Two/ros2_ws/install/camera_driver_srvs/bin'
[8.407s] Level 1:colcon.colcon_core.environment:checking '/home/dev/Documents/GitHub/Polar-Two/ros2_ws/install/camera_driver_srvs/lib/pkgconfig/camera_driver_srvs.pc'
[8.407s] Level 1:colcon.colcon_core.environment:checking '/home/dev/Documents/GitHub/Polar-Two/ros2_ws/install/camera_driver_srvs/lib/python3.10/site-packages'
[8.408s] Level 1:colcon.colcon_core.environment:checking '/home/dev/Documents/GitHub/Polar-Two/ros2_ws/install/camera_driver_srvs/bin'
[8.408s] INFO:colcon.colcon_core.shell:Creating package script '/home/dev/Documents/GitHub/Polar-Two/ros2_ws/install/camera_driver_srvs/share/camera_driver_srvs/package.ps1'
[8.409s] INFO:colcon.colcon_core.shell:Creating package descriptor '/home/dev/Documents/GitHub/Polar-Two/ros2_ws/install/camera_driver_srvs/share/camera_driver_srvs/package.dsv'
[8.409s] INFO:colcon.colcon_core.shell:Creating package script '/home/dev/Documents/GitHub/Polar-Two/ros2_ws/install/camera_driver_srvs/share/camera_driver_srvs/package.sh'
[8.410s] INFO:colcon.colcon_core.shell:Creating package script '/home/dev/Documents/GitHub/Polar-Two/ros2_ws/install/camera_driver_srvs/share/camera_driver_srvs/package.bash'
[8.410s] INFO:colcon.colcon_core.shell:Creating package script '/home/dev/Documents/GitHub/Polar-Two/ros2_ws/install/camera_driver_srvs/share/camera_driver_srvs/package.zsh'
[8.411s] Level 1:colcon.colcon_core.environment:create_file_with_runtime_dependencies(/home/dev/Documents/GitHub/Polar-Two/ros2_ws/install/camera_driver_srvs/share/colcon-core/packages/camera_driver_srvs)
[8.412s] Level 1:colcon.colcon_core.environment:create_environment_scripts_only(camera_driver_srvs)
[8.412s] Level 1:colcon.colcon_core.environment:checking '/home/dev/Documents/GitHub/Polar-Two/ros2_ws/install/camera_driver_srvs' for CMake module files
[8.413s] Level 1:colcon.colcon_core.environment:checking '/home/dev/Documents/GitHub/Polar-Two/ros2_ws/install/camera_driver_srvs' for CMake config files
[8.415s] Level 1:colcon.colcon_core.shell:create_environment_hook('camera_driver_srvs', 'cmake_prefix_path')
[8.415s] INFO:colcon.colcon_core.shell:Creating environment hook '/home/dev/Documents/GitHub/Polar-Two/ros2_ws/install/camera_driver_srvs/share/camera_driver_srvs/hook/cmake_prefix_path.ps1'
[8.416s] INFO:colcon.colcon_core.shell:Creating environment descriptor '/home/dev/Documents/GitHub/Polar-Two/ros2_ws/install/camera_driver_srvs/share/camera_driver_srvs/hook/cmake_prefix_path.dsv'
[8.417s] INFO:colcon.colcon_core.shell:Creating environment hook '/home/dev/Documents/GitHub/Polar-Two/ros2_ws/install/camera_driver_srvs/share/camera_driver_srvs/hook/cmake_prefix_path.sh'
[8.417s] Level 1:colcon.colcon_core.environment:checking '/home/dev/Documents/GitHub/Polar-Two/ros2_ws/install/camera_driver_srvs/lib'
[8.418s] Level 1:colcon.colcon_core.shell:create_environment_hook('camera_driver_srvs', 'ld_library_path_lib')
[8.418s] INFO:colcon.colcon_core.shell:Creating environment hook '/home/dev/Documents/GitHub/Polar-Two/ros2_ws/install/camera_driver_srvs/share/camera_driver_srvs/hook/ld_library_path_lib.ps1'
[8.418s] INFO:colcon.colcon_core.shell:Creating environment descriptor '/home/dev/Documents/GitHub/Polar-Two/ros2_ws/install/camera_driver_srvs/share/camera_driver_srvs/hook/ld_library_path_lib.dsv'
[8.419s] INFO:colcon.colcon_core.shell:Creating environment hook '/home/dev/Documents/GitHub/Polar-Two/ros2_ws/install/camera_driver_srvs/share/camera_driver_srvs/hook/ld_library_path_lib.sh'
[8.420s] Level 1:colcon.colcon_core.environment:checking '/home/dev/Documents/GitHub/Polar-Two/ros2_ws/install/camera_driver_srvs/bin'
[8.420s] Level 1:colcon.colcon_core.environment:checking '/home/dev/Documents/GitHub/Polar-Two/ros2_ws/install/camera_driver_srvs/lib/pkgconfig/camera_driver_srvs.pc'
[8.420s] Level 1:colcon.colcon_core.environment:checking '/home/dev/Documents/GitHub/Polar-Two/ros2_ws/install/camera_driver_srvs/lib/python3.10/site-packages'
[8.420s] Level 1:colcon.colcon_core.environment:checking '/home/dev/Documents/GitHub/Polar-Two/ros2_ws/install/camera_driver_srvs/bin'
[8.421s] INFO:colcon.colcon_core.shell:Creating package script '/home/dev/Documents/GitHub/Polar-Two/ros2_ws/install/camera_driver_srvs/share/camera_driver_srvs/package.ps1'
[8.421s] INFO:colcon.colcon_core.shell:Creating package descriptor '/home/dev/Documents/GitHub/Polar-Two/ros2_ws/install/camera_driver_srvs/share/camera_driver_srvs/package.dsv'
[8.422s] INFO:colcon.colcon_core.shell:Creating package script '/home/dev/Documents/GitHub/Polar-Two/ros2_ws/install/camera_driver_srvs/share/camera_driver_srvs/package.sh'
[8.423s] INFO:colcon.colcon_core.shell:Creating package script '/home/dev/Documents/GitHub/Polar-Two/ros2_ws/install/camera_driver_srvs/share/camera_driver_srvs/package.bash'
[8.423s] INFO:colcon.colcon_core.shell:Creating package script '/home/dev/Documents/GitHub/Polar-Two/ros2_ws/install/camera_driver_srvs/share/camera_driver_srvs/package.zsh'
[8.424s] Level 1:colcon.colcon_core.environment:create_file_with_runtime_dependencies(/home/dev/Documents/GitHub/Polar-Two/ros2_ws/install/camera_driver_srvs/share/colcon-core/packages/camera_driver_srvs)
[8.424s] INFO:colcon.colcon_ros.task.ament_cmake.build:Building ROS package in '/home/dev/Documents/GitHub/Polar-Two/ros2_ws/src/camera_driver' with build type 'ament_cmake'
[8.425s] INFO:colcon.colcon_cmake.task.cmake.build:Building CMake package in '/home/dev/Documents/GitHub/Polar-Two/ros2_ws/src/camera_driver'
[8.425s] INFO:colcon.colcon_core.shell:Skip shell extension 'powershell' for command environment: Not usable outside of PowerShell
[8.425s] DEBUG:colcon.colcon_core.shell:Skip shell extension 'dsv' for command environment
[8.442s] DEBUG:colcon.colcon_core.event_handler.log_command:Invoking command in '/home/dev/Documents/GitHub/Polar-Two/ros2_ws/build/camera_driver': AMENT_PREFIX_PATH=/home/dev/Documents/GitHub/Polar-Two/ros2_ws/install/camera_driver_srvs:${AMENT_PREFIX_PATH} CMAKE_PREFIX_PATH=/home/dev/Documents/GitHub/Polar-Two/ros2_ws/install/camera_driver_srvs:/opt/ros/humble CONDA_PROMPT_MODIFIER=(base) LD_LIBRARY_PATH=/home/dev/Documents/GitHub/Polar-Two/ros2_ws/install/camera_driver_srvs/lib:${LD_LIBRARY_PATH} PYTHONPATH=/home/dev/Documents/GitHub/Polar-Two/ros2_ws/install/camera_driver_srvs/lib/python3.12/site-packages:${PYTHONPATH} /usr/bin/cmake /home/dev/Documents/GitHub/Polar-Two/ros2_ws/src/camera_driver -DAMENT_CMAKE_SYMLINK_INSTALL=1 -DCMAKE_INSTALL_PREFIX=/home/dev/Documents/GitHub/Polar-Two/ros2_ws/install/camera_driver
[11.065s] DEBUG:colcon.colcon_core.event_handler.log_command:Invoked command in '/home/dev/Documents/GitHub/Polar-Two/ros2_ws/build/camera_driver' returned '0': AMENT_PREFIX_PATH=/home/dev/Documents/GitHub/Polar-Two/ros2_ws/install/camera_driver_srvs:${AMENT_PREFIX_PATH} CMAKE_PREFIX_PATH=/home/dev/Documents/GitHub/Polar-Two/ros2_ws/install/camera_driver_srvs:/opt/ros/humble CONDA_PROMPT_MODIFIER=(base) LD_LIBRARY_PATH=/home/dev/Documents/GitHub/Polar-Two/ros2_ws/install/camera_driver_srvs/lib:${LD_LIBRARY_PATH} PYTHONPATH=/home/dev/Documents/GitHub/Polar-Two/ros2_ws/install/camera_driver_srvs/lib/python3.12/site-packages:${PYTHONPATH} /usr/bin/cmake /home/dev/Documents/GitHub/Polar-Two/ros2_ws/src/camera_driver -DAMENT_CMAKE_SYMLINK_INSTALL=1 -DCMAKE_INSTALL_PREFIX=/home/dev/Documents/GitHub/Polar-Two/ros2_ws/install/camera_driver
[11.067s] DEBUG:colcon.colcon_core.event_handler.log_command:Invoking command in '/home/dev/Documents/GitHub/Polar-Two/ros2_ws/build/camera_driver': AMENT_PREFIX_PATH=/home/dev/Documents/GitHub/Polar-Two/ros2_ws/install/camera_driver_srvs:${AMENT_PREFIX_PATH} CMAKE_PREFIX_PATH=/home/dev/Documents/GitHub/Polar-Two/ros2_ws/install/camera_driver_srvs:/opt/ros/humble CONDA_PROMPT_MODIFIER=(base) LD_LIBRARY_PATH=/home/dev/Documents/GitHub/Polar-Two/ros2_ws/install/camera_driver_srvs/lib:${LD_LIBRARY_PATH} PYTHONPATH=/home/dev/Documents/GitHub/Polar-Two/ros2_ws/install/camera_driver_srvs/lib/python3.12/site-packages:${PYTHONPATH} /usr/bin/cmake --build /home/dev/Documents/GitHub/Polar-Two/ros2_ws/build/camera_driver -- -j16 -l16
[12.012s] DEBUG:colcon.colcon_core.event_handler.log_command:Invoked command in '/home/dev/Documents/GitHub/Polar-Two/ros2_ws/build/carbot_hardware' returned '0': CMAKE_PREFIX_PATH=/opt/ros/humble CONDA_PROMPT_MODIFIER=(base) /usr/bin/cmake --build /home/dev/Documents/GitHub/Polar-Two/ros2_ws/build/carbot_hardware -- -j16 -l16
[12.013s] DEBUG:colcon.colcon_core.event_handler.log_command:Invoking command in '/home/dev/Documents/GitHub/Polar-Two/ros2_ws/build/carbot_hardware': CMAKE_PREFIX_PATH=/opt/ros/humble CONDA_PROMPT_MODIFIER=(base) /usr/bin/cmake --install /home/dev/Documents/GitHub/Polar-Two/ros2_ws/build/carbot_hardware
[12.393s] Level 1:colcon.colcon_core.environment:create_environment_scripts_only(camera_driver)
[12.393s] Level 1:colcon.colcon_core.environment:checking '/home/dev/Documents/GitHub/Polar-Two/ros2_ws/install/camera_driver' for CMake module files
[12.394s] Level 1:colcon.colcon_core.environment:checking '/home/dev/Documents/GitHub/Polar-Two/ros2_ws/install/camera_driver' for CMake config files
[12.394s] Level 1:colcon.colcon_core.environment:checking '/home/dev/Documents/GitHub/Polar-Two/ros2_ws/install/camera_driver/bin'
[12.394s] Level 1:colcon.colcon_core.environment:checking '/home/dev/Documents/GitHub/Polar-Two/ros2_ws/install/camera_driver/lib/pkgconfig/camera_driver.pc'
[12.395s] Level 1:colcon.colcon_core.environment:checking '/home/dev/Documents/GitHub/Polar-Two/ros2_ws/install/camera_driver/lib/python3.10/site-packages'
[12.396s] Level 1:colcon.colcon_core.environment:checking '/home/dev/Documents/GitHub/Polar-Two/ros2_ws/install/camera_driver/bin'
[12.397s] DEBUG:colcon.colcon_core.event_handler.log_command:Invoked command in '/home/dev/Documents/GitHub/Polar-Two/ros2_ws/build/camera_driver' returned '2': AMENT_PREFIX_PATH=/home/dev/Documents/GitHub/Polar-Two/ros2_ws/install/camera_driver_srvs:${AMENT_PREFIX_PATH} CMAKE_PREFIX_PATH=/home/dev/Documents/GitHub/Polar-Two/ros2_ws/install/camera_driver_srvs:/opt/ros/humble CONDA_PROMPT_MODIFIER=(base) LD_LIBRARY_PATH=/home/dev/Documents/GitHub/Polar-Two/ros2_ws/install/camera_driver_srvs/lib:${LD_LIBRARY_PATH} PYTHONPATH=/home/dev/Documents/GitHub/Polar-Two/ros2_ws/install/camera_driver_srvs/lib/python3.12/site-packages:${PYTHONPATH} /usr/bin/cmake --build /home/dev/Documents/GitHub/Polar-Two/ros2_ws/build/camera_driver -- -j16 -l16
[12.397s] INFO:colcon.colcon_core.shell:Creating package script '/home/dev/Documents/GitHub/Polar-Two/ros2_ws/install/camera_driver/share/camera_driver/package.ps1'
[12.399s] INFO:colcon.colcon_core.shell:Creating package descriptor '/home/dev/Documents/GitHub/Polar-Two/ros2_ws/install/camera_driver/share/camera_driver/package.dsv'
[12.400s] INFO:colcon.colcon_core.shell:Creating package script '/home/dev/Documents/GitHub/Polar-Two/ros2_ws/install/camera_driver/share/camera_driver/package.sh'
[12.401s] INFO:colcon.colcon_core.shell:Creating package script '/home/dev/Documents/GitHub/Polar-Two/ros2_ws/install/camera_driver/share/camera_driver/package.bash'
[12.401s] INFO:colcon.colcon_core.shell:Creating package script '/home/dev/Documents/GitHub/Polar-Two/ros2_ws/install/camera_driver/share/camera_driver/package.zsh'
[12.402s] Level 1:colcon.colcon_core.environment:create_file_with_runtime_dependencies(/home/dev/Documents/GitHub/Polar-Two/ros2_ws/install/camera_driver/share/colcon-core/packages/camera_driver)
[19.302s] DEBUG:colcon.colcon_parallel_executor.executor.parallel:closing loop
[19.302s] DEBUG:colcon.colcon_parallel_executor.executor.parallel:loop closed
[19.302s] DEBUG:colcon.colcon_parallel_executor.executor.parallel:run_until_complete finished with '2'
[19.302s] DEBUG:colcon.colcon_core.event_reactor:joining thread
[19.308s] INFO:colcon.colcon_core.plugin_system:Skipping extension 'colcon_notification.desktop_notification.terminal_notifier': Not used on non-Darwin systems
[19.308s] INFO:colcon.colcon_core.plugin_system:Skipping extension 'colcon_notification.desktop_notification.win32': Not used on non-Windows systems
[19.308s] INFO:colcon.colcon_notification.desktop_notification:Sending desktop notification using 'notify2'
[19.322s] DEBUG:colcon.colcon_core.event_reactor:joined thread
[19.322s] INFO:colcon.colcon_core.shell:Creating prefix script '/home/dev/Documents/GitHub/Polar-Two/ros2_ws/install/local_setup.ps1'
[19.323s] INFO:colcon.colcon_core.shell:Creating prefix util module '/home/dev/Documents/GitHub/Polar-Two/ros2_ws/install/_local_setup_util_ps1.py'
[19.324s] INFO:colcon.colcon_core.shell:Creating prefix chain script '/home/dev/Documents/GitHub/Polar-Two/ros2_ws/install/setup.ps1'
[19.325s] INFO:colcon.colcon_core.shell:Creating prefix script '/home/dev/Documents/GitHub/Polar-Two/ros2_ws/install/local_setup.sh'
[19.326s] INFO:colcon.colcon_core.shell:Creating prefix util module '/home/dev/Documents/GitHub/Polar-Two/ros2_ws/install/_local_setup_util_sh.py'
[19.326s] INFO:colcon.colcon_core.shell:Creating prefix chain script '/home/dev/Documents/GitHub/Polar-Two/ros2_ws/install/setup.sh'
[19.327s] INFO:colcon.colcon_core.shell:Creating prefix script '/home/dev/Documents/GitHub/Polar-Two/ros2_ws/install/local_setup.bash'
[19.327s] INFO:colcon.colcon_core.shell:Creating prefix chain script '/home/dev/Documents/GitHub/Polar-Two/ros2_ws/install/setup.bash'
[19.328s] INFO:colcon.colcon_core.shell:Creating prefix script '/home/dev/Documents/GitHub/Polar-Two/ros2_ws/install/local_setup.zsh'
[19.329s] INFO:colcon.colcon_core.shell:Creating prefix chain script '/home/dev/Documents/GitHub/Polar-Two/ros2_ws/install/setup.zsh'
