-- Install configuration: ""
-- Execute custom install script
-- Up-to-date symlink: /home/dev/Documents/GitHub/Polar-Two/ros2_ws/install/template_package/share/template_package/config/ball_tracker_params_robot.yaml
-- Up-to-date symlink: /home/dev/Documents/GitHub/Polar-Two/ros2_ws/install/template_package/share/template_package/config/ball_tracker_params_sim.yaml
-- Up-to-date symlink: /home/dev/Documents/GitHub/Polar-Two/ros2_ws/install/template_package/share/template_package/config/drive_bot.rviz
-- Up-to-date symlink: /home/dev/Documents/GitHub/Polar-Two/ros2_ws/install/template_package/share/template_package/config/empty.yaml
-- Up-to-date symlink: /home/dev/Documents/GitHub/Polar-Two/ros2_ws/install/template_package/share/template_package/config/gaz_ros2_ctl_use_sim.yaml
-- Up-to-date symlink: /home/dev/Documents/GitHub/Polar-Two/ros2_ws/install/template_package/share/template_package/config/gazebo_params.yaml
-- Up-to-date symlink: /home/dev/Documents/GitHub/Polar-Two/ros2_ws/install/template_package/share/template_package/config/joystick.yaml
-- Up-to-date symlink: /home/dev/Documents/GitHub/Polar-Two/ros2_ws/install/template_package/share/template_package/config/main.rviz
-- Up-to-date symlink: /home/dev/Documents/GitHub/Polar-Two/ros2_ws/install/template_package/share/template_package/config/map.rviz
-- Up-to-date symlink: /home/dev/Documents/GitHub/Polar-Two/ros2_ws/install/template_package/share/template_package/config/mapper_params_online_async.yaml
-- Up-to-date symlink: /home/dev/Documents/GitHub/Polar-Two/ros2_ws/install/template_package/share/template_package/config/my_controllers.yaml
-- Up-to-date symlink: /home/dev/Documents/GitHub/Polar-Two/ros2_ws/install/template_package/share/template_package/config/nav2_params.yaml
-- Up-to-date symlink: /home/dev/Documents/GitHub/Polar-Two/ros2_ws/install/template_package/share/template_package/config/twist_mux.yaml
-- Up-to-date symlink: /home/dev/Documents/GitHub/Polar-Two/ros2_ws/install/template_package/share/template_package/config/view_bot.rviz
-- Up-to-date symlink: /home/dev/Documents/GitHub/Polar-Two/ros2_ws/install/template_package/share/template_package/description/camera.xacro
-- Up-to-date symlink: /home/dev/Documents/GitHub/Polar-Two/ros2_ws/install/template_package/share/template_package/description/depth_camera.xacro
-- Up-to-date symlink: /home/dev/Documents/GitHub/Polar-Two/ros2_ws/install/template_package/share/template_package/description/face.xacro
-- Up-to-date symlink: /home/dev/Documents/GitHub/Polar-Two/ros2_ws/install/template_package/share/template_package/description/gazebo_control.xacro
-- Up-to-date symlink: /home/dev/Documents/GitHub/Polar-Two/ros2_ws/install/template_package/share/template_package/description/inertial_macros.xacro
-- Up-to-date symlink: /home/dev/Documents/GitHub/Polar-Two/ros2_ws/install/template_package/share/template_package/description/lidar.xacro
-- Up-to-date symlink: /home/dev/Documents/GitHub/Polar-Two/ros2_ws/install/template_package/share/template_package/description/robot.urdf.xacro
-- Up-to-date symlink: /home/dev/Documents/GitHub/Polar-Two/ros2_ws/install/template_package/share/template_package/description/robot_core.xacro
-- Up-to-date symlink: /home/dev/Documents/GitHub/Polar-Two/ros2_ws/install/template_package/share/template_package/description/ros2_control.xacro
-- Up-to-date symlink: /home/dev/Documents/GitHub/Polar-Two/ros2_ws/install/template_package/share/template_package/launch/ball_tracker.launch.py
-- Up-to-date symlink: /home/dev/Documents/GitHub/Polar-Two/ros2_ws/install/template_package/share/template_package/launch/basic_rsp.launch.py
-- Up-to-date symlink: /home/dev/Documents/GitHub/Polar-Two/ros2_ws/install/template_package/share/template_package/launch/camera.launch.py
-- Up-to-date symlink: /home/dev/Documents/GitHub/Polar-Two/ros2_ws/install/template_package/share/template_package/launch/joystick.launch.py
-- Up-to-date symlink: /home/dev/Documents/GitHub/Polar-Two/ros2_ws/install/template_package/share/template_package/launch/launch_robot.launch.py
-- Up-to-date symlink: /home/dev/Documents/GitHub/Polar-Two/ros2_ws/install/template_package/share/template_package/launch/launch_sim.launch.py
-- Up-to-date symlink: /home/dev/Documents/GitHub/Polar-Two/ros2_ws/install/template_package/share/template_package/launch/localization_launch.py
-- Up-to-date symlink: /home/dev/Documents/GitHub/Polar-Two/ros2_ws/install/template_package/share/template_package/launch/navigation_launch.py
-- Up-to-date symlink: /home/dev/Documents/GitHub/Polar-Two/ros2_ws/install/template_package/share/template_package/launch/online_async_launch.py
-- Up-to-date symlink: /home/dev/Documents/GitHub/Polar-Two/ros2_ws/install/template_package/share/template_package/launch/rplidar.launch.py
-- Up-to-date symlink: /home/dev/Documents/GitHub/Polar-Two/ros2_ws/install/template_package/share/template_package/launch/rsp.launch.py
-- Up-to-date symlink: /home/dev/Documents/GitHub/Polar-Two/ros2_ws/install/template_package/share/template_package/worlds/empty.world
-- Up-to-date symlink: /home/dev/Documents/GitHub/Polar-Two/ros2_ws/install/template_package/share/template_package/worlds/obstacles.world
-- Up-to-date symlink: /home/dev/Documents/GitHub/Polar-Two/ros2_ws/install/template_package/share/ament_index/resource_index/package_run_dependencies/template_package
-- Up-to-date symlink: /home/dev/Documents/GitHub/Polar-Two/ros2_ws/install/template_package/share/ament_index/resource_index/parent_prefix_path/template_package
-- Up-to-date symlink: /home/dev/Documents/GitHub/Polar-Two/ros2_ws/install/template_package/share/template_package/environment/ament_prefix_path.sh
-- Up-to-date symlink: /home/dev/Documents/GitHub/Polar-Two/ros2_ws/install/template_package/share/template_package/environment/ament_prefix_path.dsv
-- Up-to-date symlink: /home/dev/Documents/GitHub/Polar-Two/ros2_ws/install/template_package/share/template_package/environment/path.sh
-- Up-to-date symlink: /home/dev/Documents/GitHub/Polar-Two/ros2_ws/install/template_package/share/template_package/environment/path.dsv
-- Up-to-date symlink: /home/dev/Documents/GitHub/Polar-Two/ros2_ws/install/template_package/share/template_package/local_setup.bash
-- Up-to-date symlink: /home/dev/Documents/GitHub/Polar-Two/ros2_ws/install/template_package/share/template_package/local_setup.sh
-- Up-to-date symlink: /home/dev/Documents/GitHub/Polar-Two/ros2_ws/install/template_package/share/template_package/local_setup.zsh
-- Up-to-date symlink: /home/dev/Documents/GitHub/Polar-Two/ros2_ws/install/template_package/share/template_package/local_setup.dsv
-- Symlinking: /home/dev/Documents/GitHub/Polar-Two/ros2_ws/install/template_package/share/template_package/package.dsv
-- Up-to-date symlink: /home/dev/Documents/GitHub/Polar-Two/ros2_ws/install/template_package/share/ament_index/resource_index/packages/template_package
-- Up-to-date symlink: /home/dev/Documents/GitHub/Polar-Two/ros2_ws/install/template_package/share/template_package/cmake/template_packageConfig.cmake
-- Up-to-date symlink: /home/dev/Documents/GitHub/Polar-Two/ros2_ws/install/template_package/share/template_package/cmake/template_packageConfig-version.cmake
-- Up-to-date symlink: /home/dev/Documents/GitHub/Polar-Two/ros2_ws/install/template_package/share/template_package/package.xml
