[0.033s] Invoking command in '/home/dev/Documents/GitHub/Poonam/ros2_ws/build/template_package': CMAKE_PREFIX_PATH=${CMAKE_PREFIX_PATH}:/opt/ros/humble CONDA_PROMPT_MODIFIER=(base) /usr/bin/cmake /home/dev/Documents/GitHub/Poonam/ros2_ws/src/template_package -DAMENT_CMAKE_SYMLINK_INSTALL=1 -DCMAKE_INSTALL_PREFIX=/home/dev/Documents/GitHub/Poonam/ros2_ws/install/template_package
[0.124s] -- The C compiler identification is GNU 11.4.0
[0.196s] -- The CXX compiler identification is GNU 11.4.0
[0.204s] -- Detecting C compiler ABI info
[0.336s] -- Detecting C compiler ABI info - done
[0.346s] -- Check for working C compiler: /usr/bin/cc - skipped
[0.347s] -- Detecting C compile features
[0.347s] -- Detecting C compile features - done
[0.351s] -- Detecting CXX compiler ABI info
[0.481s] -- Detecting CXX compiler ABI info - done
[0.491s] -- Check for working CXX compiler: /usr/bin/c++ - skipped
[0.493s] -- Detecting CXX compile features
[0.493s] -- Detecting CXX compile features - done
[0.498s] -- Found ament_cmake: 1.3.11 (/opt/ros/humble/share/ament_cmake/cmake)
[1.029s] -- Found Python3: /home/dev/anaconda3/bin/python3 (found version "3.12.2") found components: Interpreter 
[1.150s] -- Override CMake install command with custom implementation using symlinks instead of copying resources
[1.216s] -- Found ament_lint_auto: 0.12.12 (/opt/ros/humble/share/ament_lint_auto/cmake)
[1.369s] -- Added test 'copyright' to check source files copyright and LICENSE
[1.378s] -- Added test 'flake8' to check Python code syntax and style conventions
[1.379s] -- Added test 'lint_cmake' to check CMake code style
[1.384s] -- Added test 'pep257' to check Python code against some of the docstring style conventions in PEP 257
[1.386s] -- Added test 'xmllint' to check XML markup files
[1.390s] -- Configuring done
[1.395s] -- Generating done
[1.396s] -- Build files have been written to: /home/dev/Documents/GitHub/Poonam/ros2_ws/build/template_package
[1.403s] Invoked command in '/home/dev/Documents/GitHub/Poonam/ros2_ws/build/template_package' returned '0': CMAKE_PREFIX_PATH=${CMAKE_PREFIX_PATH}:/opt/ros/humble CONDA_PROMPT_MODIFIER=(base) /usr/bin/cmake /home/dev/Documents/GitHub/Poonam/ros2_ws/src/template_package -DAMENT_CMAKE_SYMLINK_INSTALL=1 -DCMAKE_INSTALL_PREFIX=/home/dev/Documents/GitHub/Poonam/ros2_ws/install/template_package
[1.407s] Invoking command in '/home/dev/Documents/GitHub/Poonam/ros2_ws/build/template_package': CMAKE_PREFIX_PATH=${CMAKE_PREFIX_PATH}:/opt/ros/humble CONDA_PROMPT_MODIFIER=(base) /usr/bin/cmake --build /home/dev/Documents/GitHub/Poonam/ros2_ws/build/template_package -- -j16 -l16
[1.460s] Invoked command in '/home/dev/Documents/GitHub/Poonam/ros2_ws/build/template_package' returned '0': CMAKE_PREFIX_PATH=${CMAKE_PREFIX_PATH}:/opt/ros/humble CONDA_PROMPT_MODIFIER=(base) /usr/bin/cmake --build /home/dev/Documents/GitHub/Poonam/ros2_ws/build/template_package -- -j16 -l16
[1.462s] Invoking command in '/home/dev/Documents/GitHub/Poonam/ros2_ws/build/template_package': CMAKE_PREFIX_PATH=${CMAKE_PREFIX_PATH}:/opt/ros/humble CONDA_PROMPT_MODIFIER=(base) /usr/bin/cmake --install /home/dev/Documents/GitHub/Poonam/ros2_ws/build/template_package
[1.469s] -- Install configuration: ""
[1.470s] -- Execute custom install script
[1.470s] -- Symlinking: /home/dev/Documents/GitHub/Poonam/ros2_ws/install/template_package/share/template_package/config/ball_tracker_params_robot.yaml
[1.485s] -- Symlinking: /home/dev/Documents/GitHub/Poonam/ros2_ws/install/template_package/share/template_package/config/ball_tracker_params_sim.yaml
[1.498s] -- Symlinking: /home/dev/Documents/GitHub/Poonam/ros2_ws/install/template_package/share/template_package/config/drive_bot.rviz
[1.511s] -- Symlinking: /home/dev/Documents/GitHub/Poonam/ros2_ws/install/template_package/share/template_package/config/empty.yaml
[1.523s] -- Symlinking: /home/dev/Documents/GitHub/Poonam/ros2_ws/install/template_package/share/template_package/config/gaz_ros2_ctl_use_sim.yaml
[1.535s] -- Symlinking: /home/dev/Documents/GitHub/Poonam/ros2_ws/install/template_package/share/template_package/config/gazebo_params.yaml
[1.547s] -- Symlinking: /home/dev/Documents/GitHub/Poonam/ros2_ws/install/template_package/share/template_package/config/joystick.yaml
[1.562s] -- Symlinking: /home/dev/Documents/GitHub/Poonam/ros2_ws/install/template_package/share/template_package/config/main.rviz
[1.574s] -- Symlinking: /home/dev/Documents/GitHub/Poonam/ros2_ws/install/template_package/share/template_package/config/map.rviz
[1.586s] -- Symlinking: /home/dev/Documents/GitHub/Poonam/ros2_ws/install/template_package/share/template_package/config/mapper_params_online_async.yaml
[1.605s] -- Symlinking: /home/dev/Documents/GitHub/Poonam/ros2_ws/install/template_package/share/template_package/config/my_controllers.yaml
[1.616s] -- Symlinking: /home/dev/Documents/GitHub/Poonam/ros2_ws/install/template_package/share/template_package/config/nav2_params.yaml
[1.629s] -- Symlinking: /home/dev/Documents/GitHub/Poonam/ros2_ws/install/template_package/share/template_package/config/twist_mux.yaml
[1.641s] -- Symlinking: /home/dev/Documents/GitHub/Poonam/ros2_ws/install/template_package/share/template_package/config/view_bot.rviz
[1.654s] -- Symlinking: /home/dev/Documents/GitHub/Poonam/ros2_ws/install/template_package/share/template_package/description/camera.xacro
[1.667s] -- Symlinking: /home/dev/Documents/GitHub/Poonam/ros2_ws/install/template_package/share/template_package/description/depth_camera.xacro
[1.681s] -- Symlinking: /home/dev/Documents/GitHub/Poonam/ros2_ws/install/template_package/share/template_package/description/face.xacro
[1.696s] -- Symlinking: /home/dev/Documents/GitHub/Poonam/ros2_ws/install/template_package/share/template_package/description/gazebo_control.xacro
[1.709s] -- Symlinking: /home/dev/Documents/GitHub/Poonam/ros2_ws/install/template_package/share/template_package/description/inertial_macros.xacro
[1.722s] -- Symlinking: /home/dev/Documents/GitHub/Poonam/ros2_ws/install/template_package/share/template_package/description/lidar.xacro
[1.735s] -- Symlinking: /home/dev/Documents/GitHub/Poonam/ros2_ws/install/template_package/share/template_package/description/robot.urdf.xacro
[1.748s] -- Symlinking: /home/dev/Documents/GitHub/Poonam/ros2_ws/install/template_package/share/template_package/description/robot_core.xacro
[1.762s] -- Symlinking: /home/dev/Documents/GitHub/Poonam/ros2_ws/install/template_package/share/template_package/description/ros2_control.xacro
[1.776s] -- Symlinking: /home/dev/Documents/GitHub/Poonam/ros2_ws/install/template_package/share/template_package/launch/ball_tracker.launch.py
[1.790s] -- Symlinking: /home/dev/Documents/GitHub/Poonam/ros2_ws/install/template_package/share/template_package/launch/basic_rsp.launch.py
[1.802s] -- Symlinking: /home/dev/Documents/GitHub/Poonam/ros2_ws/install/template_package/share/template_package/launch/camera.launch.py
[1.815s] -- Symlinking: /home/dev/Documents/GitHub/Poonam/ros2_ws/install/template_package/share/template_package/launch/joystick.launch.py
[1.829s] -- Symlinking: /home/dev/Documents/GitHub/Poonam/ros2_ws/install/template_package/share/template_package/launch/launch_robot.launch.py
[1.841s] -- Symlinking: /home/dev/Documents/GitHub/Poonam/ros2_ws/install/template_package/share/template_package/launch/launch_sim.launch.py
[1.854s] -- Symlinking: /home/dev/Documents/GitHub/Poonam/ros2_ws/install/template_package/share/template_package/launch/localization_launch.py
[1.867s] -- Symlinking: /home/dev/Documents/GitHub/Poonam/ros2_ws/install/template_package/share/template_package/launch/navigation_launch.py
[1.879s] -- Symlinking: /home/dev/Documents/GitHub/Poonam/ros2_ws/install/template_package/share/template_package/launch/online_async_launch.py
[1.894s] -- Symlinking: /home/dev/Documents/GitHub/Poonam/ros2_ws/install/template_package/share/template_package/launch/rplidar.launch.py
[1.907s] -- Symlinking: /home/dev/Documents/GitHub/Poonam/ros2_ws/install/template_package/share/template_package/launch/rsp.launch.py
[1.919s] -- Symlinking: /home/dev/Documents/GitHub/Poonam/ros2_ws/install/template_package/share/template_package/worlds/empty.world
[1.929s] -- Symlinking: /home/dev/Documents/GitHub/Poonam/ros2_ws/install/template_package/share/template_package/worlds/obstacles.world
[1.943s] -- Symlinking: /home/dev/Documents/GitHub/Poonam/ros2_ws/install/template_package/share/ament_index/resource_index/package_run_dependencies/template_package
[1.954s] -- Symlinking: /home/dev/Documents/GitHub/Poonam/ros2_ws/install/template_package/share/ament_index/resource_index/parent_prefix_path/template_package
[1.966s] -- Up-to-date symlink: /home/dev/Documents/GitHub/Poonam/ros2_ws/install/template_package/share/template_package/environment/ament_prefix_path.sh
[1.966s] -- Symlinking: /home/dev/Documents/GitHub/Poonam/ros2_ws/install/template_package/share/template_package/environment/ament_prefix_path.dsv
[1.978s] -- Up-to-date symlink: /home/dev/Documents/GitHub/Poonam/ros2_ws/install/template_package/share/template_package/environment/path.sh
[1.978s] -- Symlinking: /home/dev/Documents/GitHub/Poonam/ros2_ws/install/template_package/share/template_package/environment/path.dsv
[1.994s] -- Symlinking: /home/dev/Documents/GitHub/Poonam/ros2_ws/install/template_package/share/template_package/local_setup.bash
[2.007s] -- Symlinking: /home/dev/Documents/GitHub/Poonam/ros2_ws/install/template_package/share/template_package/local_setup.sh
[2.020s] -- Symlinking: /home/dev/Documents/GitHub/Poonam/ros2_ws/install/template_package/share/template_package/local_setup.zsh
[2.034s] -- Symlinking: /home/dev/Documents/GitHub/Poonam/ros2_ws/install/template_package/share/template_package/local_setup.dsv
[2.047s] -- Symlinking: /home/dev/Documents/GitHub/Poonam/ros2_ws/install/template_package/share/template_package/package.dsv
[2.063s] -- Symlinking: /home/dev/Documents/GitHub/Poonam/ros2_ws/install/template_package/share/ament_index/resource_index/packages/template_package
[2.074s] -- Symlinking: /home/dev/Documents/GitHub/Poonam/ros2_ws/install/template_package/share/template_package/cmake/template_packageConfig.cmake
[2.091s] -- Symlinking: /home/dev/Documents/GitHub/Poonam/ros2_ws/install/template_package/share/template_package/cmake/template_packageConfig-version.cmake
[2.103s] -- Symlinking: /home/dev/Documents/GitHub/Poonam/ros2_ws/install/template_package/share/template_package/package.xml
[2.118s] Invoked command in '/home/dev/Documents/GitHub/Poonam/ros2_ws/build/template_package' returned '0': CMAKE_PREFIX_PATH=${CMAKE_PREFIX_PATH}:/opt/ros/humble CONDA_PROMPT_MODIFIER=(base) /usr/bin/cmake --install /home/dev/Documents/GitHub/Poonam/ros2_ws/build/template_package
