[0.015s] Invoking command in '/home/dev/Documents/GitHub/Polar-Two/ros2_ws/build/camera_driver': AMENT_PREFIX_PATH=/home/dev/Documents/GitHub/Polar-Two/ros2_ws/install/camera_driver_srvs:${AMENT_PREFIX_PATH} CMAKE_PREFIX_PATH=/home/dev/Documents/GitHub/Polar-Two/ros2_ws/install/camera_driver_srvs:/opt/ros/humble CONDA_PROMPT_MODIFIER=(base) LD_LIBRARY_PATH=/home/dev/Documents/GitHub/Polar-Two/ros2_ws/install/camera_driver_srvs/lib:${LD_LIBRARY_PATH} PYTHONPATH=/home/dev/Documents/GitHub/Polar-Two/ros2_ws/install/camera_driver_srvs/local/lib/python3.10/dist-packages:${PYTHONPATH} /usr/bin/cmake --build /home/dev/Documents/GitHub/Polar-Two/ros2_ws/build/camera_driver -- -j16 -l16
[0.097s] [ 50%] Built target camera_driver_parameters
[0.141s] [ 75%] [32m[1mLinking CXX executable camera_driver_node[0m
[0.419s] /usr/bin/ld: warning: libopencv_imgproc.so.4.5d, needed by /opt/ros/humble/lib/libcv_bridge.so, may conflict with libopencv_imgproc.so.412
[0.420s] /usr/bin/ld: warning: libopencv_core.so.4.5d, needed by /opt/ros/humble/lib/libcv_bridge.so, may conflict with libopencv_core.so.412
[1.014s] [100%] Built target camera_driver_node
[1.027s] Invoked command in '/home/dev/Documents/GitHub/Polar-Two/ros2_ws/build/camera_driver' returned '0': AMENT_PREFIX_PATH=/home/dev/Documents/GitHub/Polar-Two/ros2_ws/install/camera_driver_srvs:${AMENT_PREFIX_PATH} CMAKE_PREFIX_PATH=/home/dev/Documents/GitHub/Polar-Two/ros2_ws/install/camera_driver_srvs:/opt/ros/humble CONDA_PROMPT_MODIFIER=(base) LD_LIBRARY_PATH=/home/dev/Documents/GitHub/Polar-Two/ros2_ws/install/camera_driver_srvs/lib:${LD_LIBRARY_PATH} PYTHONPATH=/home/dev/Documents/GitHub/Polar-Two/ros2_ws/install/camera_driver_srvs/local/lib/python3.10/dist-packages:${PYTHONPATH} /usr/bin/cmake --build /home/dev/Documents/GitHub/Polar-Two/ros2_ws/build/camera_driver -- -j16 -l16
[1.029s] Invoking command in '/home/dev/Documents/GitHub/Polar-Two/ros2_ws/build/camera_driver': AMENT_PREFIX_PATH=/home/dev/Documents/GitHub/Polar-Two/ros2_ws/install/camera_driver_srvs:${AMENT_PREFIX_PATH} CMAKE_PREFIX_PATH=/home/dev/Documents/GitHub/Polar-Two/ros2_ws/install/camera_driver_srvs:/opt/ros/humble CONDA_PROMPT_MODIFIER=(base) LD_LIBRARY_PATH=/home/dev/Documents/GitHub/Polar-Two/ros2_ws/install/camera_driver_srvs/lib:${LD_LIBRARY_PATH} PYTHONPATH=/home/dev/Documents/GitHub/Polar-Two/ros2_ws/install/camera_driver_srvs/local/lib/python3.10/dist-packages:${PYTHONPATH} /usr/bin/cmake --install /home/dev/Documents/GitHub/Polar-Two/ros2_ws/build/camera_driver
[1.039s] -- Install configuration: ""
[1.039s] -- Execute custom install script
[1.040s] -- Up-to-date symlink: /home/dev/Documents/GitHub/Polar-Two/ros2_ws/install/camera_driver/include/camera_driver/camera_driver_parameters.hpp
[1.040s] -- Up-to-date symlink: /home/dev/Documents/GitHub/Polar-Two/ros2_ws/install/camera_driver/share/camera_driver/environment/library_path.sh
[1.040s] -- Up-to-date symlink: /home/dev/Documents/GitHub/Polar-Two/ros2_ws/install/camera_driver/share/camera_driver/environment/library_path.dsv
[1.040s] -- Up-to-date symlink: /home/dev/Documents/GitHub/Polar-Two/ros2_ws/install/camera_driver/share/camera_driver//launch/camera_driver.launch.py
[1.040s] -- Up-to-date symlink: /home/dev/Documents/GitHub/Polar-Two/ros2_ws/install/camera_driver/share/camera_driver//launch/image_proc.launch.py
[1.041s] -- Up-to-date symlink: /home/dev/Documents/GitHub/Polar-Two/ros2_ws/install/camera_driver/share/camera_driver//config/camera_driver_config.yaml
[1.041s] -- Up-to-date symlink: /home/dev/Documents/GitHub/Polar-Two/ros2_ws/install/camera_driver/share/camera_driver//config/camera_seven_calibration.yaml
[1.041s] -- Up-to-date symlink: /home/dev/Documents/GitHub/Polar-Two/ros2_ws/install/camera_driver/include/camera_driver//camera_driver/cameramanager/CameraManager.hpp
[1.041s] -- Up-to-date symlink: /home/dev/Documents/GitHub/Polar-Two/ros2_ws/install/camera_driver/include/camera_driver//camera_driver/helpers/util.hpp
[1.041s] -- Up-to-date symlink: /home/dev/Documents/GitHub/Polar-Two/ros2_ws/install/camera_driver/share/ament_index/resource_index/package_run_dependencies/camera_driver
[1.042s] -- Up-to-date symlink: /home/dev/Documents/GitHub/Polar-Two/ros2_ws/install/camera_driver/share/ament_index/resource_index/parent_prefix_path/camera_driver
[1.042s] -- Up-to-date symlink: /home/dev/Documents/GitHub/Polar-Two/ros2_ws/install/camera_driver/share/camera_driver/environment/ament_prefix_path.sh
[1.042s] -- Up-to-date symlink: /home/dev/Documents/GitHub/Polar-Two/ros2_ws/install/camera_driver/share/camera_driver/environment/ament_prefix_path.dsv
[1.042s] -- Up-to-date symlink: /home/dev/Documents/GitHub/Polar-Two/ros2_ws/install/camera_driver/share/camera_driver/environment/path.sh
[1.042s] -- Up-to-date symlink: /home/dev/Documents/GitHub/Polar-Two/ros2_ws/install/camera_driver/share/camera_driver/environment/path.dsv
[1.043s] -- Up-to-date symlink: /home/dev/Documents/GitHub/Polar-Two/ros2_ws/install/camera_driver/share/camera_driver/local_setup.bash
[1.043s] -- Up-to-date symlink: /home/dev/Documents/GitHub/Polar-Two/ros2_ws/install/camera_driver/share/camera_driver/local_setup.sh
[1.043s] -- Up-to-date symlink: /home/dev/Documents/GitHub/Polar-Two/ros2_ws/install/camera_driver/share/camera_driver/local_setup.zsh
[1.043s] -- Up-to-date symlink: /home/dev/Documents/GitHub/Polar-Two/ros2_ws/install/camera_driver/share/camera_driver/local_setup.dsv
[1.043s] -- Symlinking: /home/dev/Documents/GitHub/Polar-Two/ros2_ws/install/camera_driver/share/camera_driver/package.dsv
[1.055s] -- Up-to-date symlink: /home/dev/Documents/GitHub/Polar-Two/ros2_ws/install/camera_driver/share/ament_index/resource_index/packages/camera_driver
[1.056s] -- Up-to-date symlink: /home/dev/Documents/GitHub/Polar-Two/ros2_ws/install/camera_driver/share/camera_driver/cmake/ament_cmake_export_dependencies-extras.cmake
[1.056s] -- Up-to-date symlink: /home/dev/Documents/GitHub/Polar-Two/ros2_ws/install/camera_driver/share/camera_driver/cmake/ament_cmake_export_targets-extras.cmake
[1.056s] -- Up-to-date symlink: /home/dev/Documents/GitHub/Polar-Two/ros2_ws/install/camera_driver/share/camera_driver/cmake/camera_driverConfig.cmake
[1.056s] -- Up-to-date symlink: /home/dev/Documents/GitHub/Polar-Two/ros2_ws/install/camera_driver/share/camera_driver/cmake/camera_driverConfig-version.cmake
[1.056s] -- Up-to-date symlink: /home/dev/Documents/GitHub/Polar-Two/ros2_ws/install/camera_driver/share/camera_driver/package.xml
[1.057s] -- Installing: /home/dev/Documents/GitHub/Polar-Two/ros2_ws/install/camera_driver/lib/camera_driver/camera_driver_node
[1.061s] -- Set runtime path of "/home/dev/Documents/GitHub/Polar-Two/ros2_ws/install/camera_driver/lib/camera_driver/camera_driver_node" to ""
[1.062s] -- Up-to-date: /home/dev/Documents/GitHub/Polar-Two/ros2_ws/install/camera_driver/share/camera_driver/cmake/camera_driverTargetsExport.cmake
[1.062s] -- Up-to-date: /home/dev/Documents/GitHub/Polar-Two/ros2_ws/install/camera_driver/share/camera_driver/cmake/camera_driverTargetsExport-noconfig.cmake
[1.065s] Invoked command in '/home/dev/Documents/GitHub/Polar-Two/ros2_ws/build/camera_driver' returned '0': AMENT_PREFIX_PATH=/home/dev/Documents/GitHub/Polar-Two/ros2_ws/install/camera_driver_srvs:${AMENT_PREFIX_PATH} CMAKE_PREFIX_PATH=/home/dev/Documents/GitHub/Polar-Two/ros2_ws/install/camera_driver_srvs:/opt/ros/humble CONDA_PROMPT_MODIFIER=(base) LD_LIBRARY_PATH=/home/dev/Documents/GitHub/Polar-Two/ros2_ws/install/camera_driver_srvs/lib:${LD_LIBRARY_PATH} PYTHONPATH=/home/dev/Documents/GitHub/Polar-Two/ros2_ws/install/camera_driver_srvs/local/lib/python3.10/dist-packages:${PYTHONPATH} /usr/bin/cmake --install /home/dev/Documents/GitHub/Polar-Two/ros2_ws/build/camera_driver
