[0.034s] Invoking command in '/home/dev/Documents/GitHub/Polar-Two/ros2_ws/build/joystick_driver': CMAKE_PREFIX_PATH=${CMAKE_PREFIX_PATH}:/opt/ros/humble /usr/bin/cmake --build /home/dev/Documents/GitHub/Polar-Two/ros2_ws/build/joystick_driver -- -j16 -l16
[0.122s] [100%] Built target joystick_teleop
[0.156s] Invoked command in '/home/dev/Documents/GitHub/Polar-Two/ros2_ws/build/joystick_driver' returned '0': CMAKE_PREFIX_PATH=${CMAKE_PREFIX_PATH}:/opt/ros/humble /usr/bin/cmake --build /home/dev/Documents/GitHub/Polar-Two/ros2_ws/build/joystick_driver -- -j16 -l16
[0.158s] Invoking command in '/home/dev/Documents/GitHub/Polar-Two/ros2_ws/build/joystick_driver': CMAKE_PREFIX_PATH=${CMAKE_PREFIX_PATH}:/opt/ros/humble /usr/bin/cmake --install /home/dev/Documents/GitHub/Polar-Two/ros2_ws/build/joystick_driver
[0.162s] -- Install configuration: ""
[0.163s] -- Execute custom install script
[0.163s] -- Up-to-date symlink: /home/dev/Documents/GitHub/Polar-Two/ros2_ws/install/joystick_driver/lib/joystick_driver/joystick_teleop
[0.163s] -- Up-to-date symlink: /home/dev/Documents/GitHub/Polar-Two/ros2_ws/install/joystick_driver/share/joystick_driver/config/joystick.yaml
[0.164s] -- Up-to-date symlink: /home/dev/Documents/GitHub/Polar-Two/ros2_ws/install/joystick_driver/share/joystick_driver/launch/joystick.launch.py
[0.164s] -- Up-to-date symlink: /home/dev/Documents/GitHub/Polar-Two/ros2_ws/install/joystick_driver/share/joystick_driver/src/Joystick.cpp
[0.165s] -- Up-to-date symlink: /home/dev/Documents/GitHub/Polar-Two/ros2_ws/install/joystick_driver/share/ament_index/resource_index/package_run_dependencies/joystick_driver
[0.165s] -- Up-to-date symlink: /home/dev/Documents/GitHub/Polar-Two/ros2_ws/install/joystick_driver/share/ament_index/resource_index/parent_prefix_path/joystick_driver
[0.165s] -- Up-to-date symlink: /home/dev/Documents/GitHub/Polar-Two/ros2_ws/install/joystick_driver/share/joystick_driver/environment/ament_prefix_path.sh
[0.165s] -- Up-to-date symlink: /home/dev/Documents/GitHub/Polar-Two/ros2_ws/install/joystick_driver/share/joystick_driver/environment/ament_prefix_path.dsv
[0.165s] -- Up-to-date symlink: /home/dev/Documents/GitHub/Polar-Two/ros2_ws/install/joystick_driver/share/joystick_driver/environment/path.sh
[0.165s] -- Up-to-date symlink: /home/dev/Documents/GitHub/Polar-Two/ros2_ws/install/joystick_driver/share/joystick_driver/environment/path.dsv
[0.165s] -- Up-to-date symlink: /home/dev/Documents/GitHub/Polar-Two/ros2_ws/install/joystick_driver/share/joystick_driver/local_setup.bash
[0.166s] -- Up-to-date symlink: /home/dev/Documents/GitHub/Polar-Two/ros2_ws/install/joystick_driver/share/joystick_driver/local_setup.sh
[0.166s] -- Up-to-date symlink: /home/dev/Documents/GitHub/Polar-Two/ros2_ws/install/joystick_driver/share/joystick_driver/local_setup.zsh
[0.166s] -- Up-to-date symlink: /home/dev/Documents/GitHub/Polar-Two/ros2_ws/install/joystick_driver/share/joystick_driver/local_setup.dsv
[0.166s] -- Symlinking: /home/dev/Documents/GitHub/Polar-Two/ros2_ws/install/joystick_driver/share/joystick_driver/package.dsv
[0.175s] -- Up-to-date symlink: /home/dev/Documents/GitHub/Polar-Two/ros2_ws/install/joystick_driver/share/ament_index/resource_index/packages/joystick_driver
[0.176s] -- Up-to-date symlink: /home/dev/Documents/GitHub/Polar-Two/ros2_ws/install/joystick_driver/share/joystick_driver/cmake/joystick_driverConfig.cmake
[0.176s] -- Up-to-date symlink: /home/dev/Documents/GitHub/Polar-Two/ros2_ws/install/joystick_driver/share/joystick_driver/cmake/joystick_driverConfig-version.cmake
[0.176s] -- Up-to-date symlink: /home/dev/Documents/GitHub/Polar-Two/ros2_ws/install/joystick_driver/share/joystick_driver/package.xml
[0.207s] Invoked command in '/home/dev/Documents/GitHub/Polar-Two/ros2_ws/build/joystick_driver' returned '0': CMAKE_PREFIX_PATH=${CMAKE_PREFIX_PATH}:/opt/ros/humble /usr/bin/cmake --install /home/dev/Documents/GitHub/Polar-Two/ros2_ws/build/joystick_driver
