[0.039s] Invoking command in '/home/dev/Documents/GitHub/Polar-Two/ros2_ws/build/differential_drive_controller': CMAKE_PREFIX_PATH=${CMAKE_PREFIX_PATH}:/opt/ros/humble /usr/bin/cmake --build /home/dev/Documents/GitHub/Polar-Two/ros2_ws/build/differential_drive_controller -- -j16 -l16
[0.114s] [ 20%] Built target differential_drive_controller_parameters
[0.116s] [ 40%] Built target gtest
[0.117s] [ 60%] Built target gtest_main
[0.181s] [ 80%] Built target differential_drive_controller
[0.211s] [100%] Built target differential_drive_controller_test
[0.276s] Invoked command in '/home/dev/Documents/GitHub/Polar-Two/ros2_ws/build/differential_drive_controller' returned '0': CMAKE_PREFIX_PATH=${CMAKE_PREFIX_PATH}:/opt/ros/humble /usr/bin/cmake --build /home/dev/Documents/GitHub/Polar-Two/ros2_ws/build/differential_drive_controller -- -j16 -l16
[0.277s] Invoking command in '/home/dev/Documents/GitHub/Polar-Two/ros2_ws/build/differential_drive_controller': CMAKE_PREFIX_PATH=${CMAKE_PREFIX_PATH}:/opt/ros/humble /usr/bin/cmake --install /home/dev/Documents/GitHub/Polar-Two/ros2_ws/build/differential_drive_controller
[0.287s] -- Install configuration: ""
[0.288s] -- Execute custom install script
[0.289s] -- Up-to-date symlink: /home/dev/Documents/GitHub/Polar-Two/ros2_ws/install/differential_drive_controller/include/differential_drive_controller/custom_validators.hpp
[0.290s] -- Up-to-date symlink: /home/dev/Documents/GitHub/Polar-Two/ros2_ws/install/differential_drive_controller/include/differential_drive_controller/differential_drive_controller_parameters.hpp
[0.291s] -- Up-to-date symlink: /home/dev/Documents/GitHub/Polar-Two/ros2_ws/install/differential_drive_controller/share/differential_drive_controller//differential_drive_plugin.xml
[0.291s] -- Up-to-date symlink: /home/dev/Documents/GitHub/Polar-Two/ros2_ws/install/differential_drive_controller/include/differential_drive_controller/differential_drive_controller/custom_validators.hpp
[0.291s] -- Up-to-date symlink: /home/dev/Documents/GitHub/Polar-Two/ros2_ws/install/differential_drive_controller/include/differential_drive_controller/differential_drive_controller/differential_drive_controller.hpp
[0.291s] -- Up-to-date symlink: /home/dev/Documents/GitHub/Polar-Two/ros2_ws/install/differential_drive_controller/include/differential_drive_controller/differential_drive_controller/util/differential_drive_drivetrain.hpp
[0.291s] -- Up-to-date symlink: /home/dev/Documents/GitHub/Polar-Two/ros2_ws/install/differential_drive_controller/include/differential_drive_controller/differential_drive_controller/util/differential_drive_kinematics.hpp
[0.291s] -- Up-to-date symlink: /home/dev/Documents/GitHub/Polar-Two/ros2_ws/install/differential_drive_controller/include/differential_drive_controller/differential_drive_controller/util/differential_drive_odometry.hpp
[0.292s] -- Up-to-date symlink: /home/dev/Documents/GitHub/Polar-Two/ros2_ws/install/differential_drive_controller/include/differential_drive_controller/differential_drive_controller/util/utility.hpp
[0.292s] -- Up-to-date symlink: /home/dev/Documents/GitHub/Polar-Two/ros2_ws/install/differential_drive_controller/include/differential_drive_controller/differential_drive_controller/visibility_control.h
[0.292s] -- Up-to-date symlink: /home/dev/Documents/GitHub/Polar-Two/ros2_ws/install/differential_drive_controller/share/differential_drive_controller/environment/library_path.sh
[0.292s] -- Up-to-date symlink: /home/dev/Documents/GitHub/Polar-Two/ros2_ws/install/differential_drive_controller/share/differential_drive_controller/environment/library_path.dsv
[0.292s] -- Up-to-date symlink: /home/dev/Documents/GitHub/Polar-Two/ros2_ws/install/differential_drive_controller/share/ament_index/resource_index/package_run_dependencies/differential_drive_controller
[0.292s] -- Up-to-date symlink: /home/dev/Documents/GitHub/Polar-Two/ros2_ws/install/differential_drive_controller/share/ament_index/resource_index/parent_prefix_path/differential_drive_controller
[0.292s] -- Up-to-date symlink: /home/dev/Documents/GitHub/Polar-Two/ros2_ws/install/differential_drive_controller/share/differential_drive_controller/environment/ament_prefix_path.sh
[0.292s] -- Up-to-date symlink: /home/dev/Documents/GitHub/Polar-Two/ros2_ws/install/differential_drive_controller/share/differential_drive_controller/environment/ament_prefix_path.dsv
[0.293s] -- Up-to-date symlink: /home/dev/Documents/GitHub/Polar-Two/ros2_ws/install/differential_drive_controller/share/differential_drive_controller/environment/path.sh
[0.293s] -- Up-to-date symlink: /home/dev/Documents/GitHub/Polar-Two/ros2_ws/install/differential_drive_controller/share/differential_drive_controller/environment/path.dsv
[0.293s] -- Up-to-date symlink: /home/dev/Documents/GitHub/Polar-Two/ros2_ws/install/differential_drive_controller/share/differential_drive_controller/local_setup.bash
[0.293s] -- Up-to-date symlink: /home/dev/Documents/GitHub/Polar-Two/ros2_ws/install/differential_drive_controller/share/differential_drive_controller/local_setup.sh
[0.293s] -- Up-to-date symlink: /home/dev/Documents/GitHub/Polar-Two/ros2_ws/install/differential_drive_controller/share/differential_drive_controller/local_setup.zsh
[0.293s] -- Up-to-date symlink: /home/dev/Documents/GitHub/Polar-Two/ros2_ws/install/differential_drive_controller/share/differential_drive_controller/local_setup.dsv
[0.293s] -- Symlinking: /home/dev/Documents/GitHub/Polar-Two/ros2_ws/install/differential_drive_controller/share/differential_drive_controller/package.dsv
[0.305s] -- Up-to-date symlink: /home/dev/Documents/GitHub/Polar-Two/ros2_ws/install/differential_drive_controller/share/ament_index/resource_index/packages/differential_drive_controller
[0.306s] -- Up-to-date symlink: /home/dev/Documents/GitHub/Polar-Two/ros2_ws/install/differential_drive_controller/share/ament_index/resource_index/controller_interface__pluginlib__plugin/differential_drive_controller
[0.306s] -- Up-to-date symlink: /home/dev/Documents/GitHub/Polar-Two/ros2_ws/install/differential_drive_controller/share/differential_drive_controller/cmake/ament_cmake_export_dependencies-extras.cmake
[0.306s] -- Up-to-date symlink: /home/dev/Documents/GitHub/Polar-Two/ros2_ws/install/differential_drive_controller/share/differential_drive_controller/cmake/ament_cmake_export_targets-extras.cmake
[0.306s] -- Up-to-date symlink: /home/dev/Documents/GitHub/Polar-Two/ros2_ws/install/differential_drive_controller/share/differential_drive_controller/cmake/differential_drive_controllerConfig.cmake
[0.306s] -- Up-to-date symlink: /home/dev/Documents/GitHub/Polar-Two/ros2_ws/install/differential_drive_controller/share/differential_drive_controller/cmake/differential_drive_controllerConfig-version.cmake
[0.307s] -- Up-to-date symlink: /home/dev/Documents/GitHub/Polar-Two/ros2_ws/install/differential_drive_controller/share/differential_drive_controller/package.xml
[0.307s] -- Up-to-date: /home/dev/Documents/GitHub/Polar-Two/ros2_ws/install/differential_drive_controller/lib/libdifferential_drive_controller.so
[0.307s] -- Up-to-date: /home/dev/Documents/GitHub/Polar-Two/ros2_ws/install/differential_drive_controller/share/differential_drive_controller/cmake/export_differential_drive_controllerExport.cmake
[0.307s] -- Up-to-date: /home/dev/Documents/GitHub/Polar-Two/ros2_ws/install/differential_drive_controller/share/differential_drive_controller/cmake/export_differential_drive_controllerExport-noconfig.cmake
[0.311s] Invoked command in '/home/dev/Documents/GitHub/Polar-Two/ros2_ws/build/differential_drive_controller' returned '0': CMAKE_PREFIX_PATH=${CMAKE_PREFIX_PATH}:/opt/ros/humble /usr/bin/cmake --install /home/dev/Documents/GitHub/Polar-Two/ros2_ws/build/differential_drive_controller
