-- The C compiler identification is GNU 11.4.0
-- The CXX compiler identification is GNU 11.4.0
-- Detecting C compiler ABI info
-- Detecting C compiler ABI info - done
-- Check for working C compiler: /usr/bin/cc - skipped
-- Detecting C compile features
-- Detecting C compile features - done
-- Detecting CXX compiler ABI info
-- Detecting CXX compiler ABI info - done
-- Check for working CXX compiler: /usr/bin/c++ - skipped
-- Detecting CXX compile features
-- Detecting CXX compile features - done
-- Found ament_cmake: 1.3.11 (/opt/ros/humble/share/ament_cmake/cmake)
-- Found Python3: /home/dev/anaconda3/bin/python3 (found version "3.12.2") found components: Interpreter 
-- Override CMake install command with custom implementation using symlinks instead of copying resources
-- Found rosidl_default_generators: 1.2.0 (/opt/ros/humble/share/rosidl_default_generators/cmake)
-- Using all available rosidl_typesupport_c: rosidl_typesupport_fastrtps_c;rosidl_typesupport_introspection_c
-- Found rosidl_adapter: 3.1.6 (/opt/ros/humble/share/rosidl_adapter/cmake)
-- Using all available rosidl_typesupport_cpp: rosidl_typesupport_fastrtps_cpp;rosidl_typesupport_introspection_cpp
-- Found std_msgs: 4.8.0 (/opt/ros/humble/share/std_msgs/cmake)
-- Found geometry_msgs: 4.8.0 (/opt/ros/humble/share/geometry_msgs/cmake)
-- Found ament_cmake_ros: 0.10.0 (/opt/ros/humble/share/ament_cmake_ros/cmake)
-- Using all available rosidl_typesupport_c: rosidl_typesupport_fastrtps_c;rosidl_typesupport_introspection_c
-- Using all available rosidl_typesupport_cpp: rosidl_typesupport_fastrtps_cpp;rosidl_typesupport_introspection_cpp
-- Found PythonInterp: /home/dev/anaconda3/bin/python3 (found suitable version "3.12.2", minimum required is "3.6") 
-- Found python_cmake_module: 0.10.0 (/opt/ros/humble/share/python_cmake_module/cmake)
-- Found PythonLibs: /home/dev/anaconda3/lib/libpython3.12.so (found suitable version "3.12.2", minimum required is "3.5") 
-- Using PYTHON_EXECUTABLE: /home/dev/anaconda3/bin/python3
-- Using PYTHON_INCLUDE_DIRS: /home/dev/anaconda3/include/python3.12
-- Using PYTHON_LIBRARIES: /home/dev/anaconda3/lib/libpython3.12.so
-- Found PythonExtra: .so  
-- Using numpy include directory: /home/dev/anaconda3/lib/python3.12/site-packages/numpy/_core/include
-- Found ament_lint_auto: 0.12.12 (/opt/ros/humble/share/ament_lint_auto/cmake)
-- Added test 'lint_cmake' to check CMake code style
-- Added test 'xmllint' to check XML markup files
-- Configuring done
-- Generating done
-- Build files have been written to: /home/dev/Documents/GitHub/Poonam/ros2_ws/build/camera_driver_srvs
[  2%] [34m[1mGenerating C code for ROS interfaces[0m
[  5%] [34m[1mGenerating C++ code for ROS interfaces[0m
[  5%] Built target ament_cmake_python_symlink_camera_driver_srvs
running egg_info
creating camera_driver_srvs.egg-info
writing camera_driver_srvs.egg-info/PKG-INFO
writing dependency_links to camera_driver_srvs.egg-info/dependency_links.txt
writing top-level names to camera_driver_srvs.egg-info/top_level.txt
writing manifest file 'camera_driver_srvs.egg-info/SOURCES.txt'
[  7%] [32mBuilding C object CMakeFiles/camera_driver_srvs__rosidl_generator_c.dir/rosidl_generator_c/camera_driver_srvs/srv/detail/configure_camera__functions.c.o[0m
[ 10%] [32mBuilding C object CMakeFiles/camera_driver_srvs__rosidl_generator_c.dir/rosidl_generator_c/camera_driver_srvs/srv/detail/reconfigure_defaults__functions.c.o[0m
reading manifest file 'camera_driver_srvs.egg-info/SOURCES.txt'
writing manifest file 'camera_driver_srvs.egg-info/SOURCES.txt'
[ 10%] Built target camera_driver_srvs__cpp
[ 12%] [34m[1mGenerating C++ type support dispatch for ROS interfaces[0m
[ 12%] Built target ament_cmake_python_build_camera_driver_srvs_egg
[ 15%] [34m[1mGenerating C++ introspection for ROS interfaces[0m
[ 17%] [34m[1mGenerating C++ type support for eProsima Fast-RTPS[0m
[ 20%] [32m[1mLinking C shared library libcamera_driver_srvs__rosidl_generator_c.so[0m
[ 20%] Built target camera_driver_srvs__rosidl_generator_c
[ 23%] [34m[1mGenerating C type support for eProsima Fast-RTPS[0m
[ 25%] [34m[1mGenerating C type support dispatch for ROS interfaces[0m
[ 28%] [34m[1mGenerating C introspection for ROS interfaces[0m
[ 30%] [32mBuilding CXX object CMakeFiles/camera_driver_srvs__rosidl_typesupport_cpp.dir/rosidl_typesupport_cpp/camera_driver_srvs/srv/configure_camera__type_support.cpp.o[0m
[ 33%] [32mBuilding CXX object CMakeFiles/camera_driver_srvs__rosidl_typesupport_cpp.dir/rosidl_typesupport_cpp/camera_driver_srvs/srv/reconfigure_defaults__type_support.cpp.o[0m
[ 35%] [32mBuilding CXX object CMakeFiles/camera_driver_srvs__rosidl_typesupport_introspection_cpp.dir/rosidl_typesupport_introspection_cpp/camera_driver_srvs/srv/detail/reconfigure_defaults__type_support.cpp.o[0m
[ 38%] [32mBuilding CXX object CMakeFiles/camera_driver_srvs__rosidl_typesupport_introspection_cpp.dir/rosidl_typesupport_introspection_cpp/camera_driver_srvs/srv/detail/configure_camera__type_support.cpp.o[0m
[ 41%] [32mBuilding CXX object CMakeFiles/camera_driver_srvs__rosidl_typesupport_fastrtps_cpp.dir/rosidl_typesupport_fastrtps_cpp/camera_driver_srvs/srv/detail/dds_fastrtps/reconfigure_defaults__type_support.cpp.o[0m
[ 43%] [32mBuilding CXX object CMakeFiles/camera_driver_srvs__rosidl_typesupport_fastrtps_cpp.dir/rosidl_typesupport_fastrtps_cpp/camera_driver_srvs/srv/detail/dds_fastrtps/configure_camera__type_support.cpp.o[0m
[ 46%] [32mBuilding C object CMakeFiles/camera_driver_srvs__rosidl_typesupport_introspection_c.dir/rosidl_typesupport_introspection_c/camera_driver_srvs/srv/detail/configure_camera__type_support.c.o[0m
[ 48%] [32mBuilding C object CMakeFiles/camera_driver_srvs__rosidl_typesupport_introspection_c.dir/rosidl_typesupport_introspection_c/camera_driver_srvs/srv/detail/reconfigure_defaults__type_support.c.o[0m
[ 51%] [32m[1mLinking C shared library libcamera_driver_srvs__rosidl_typesupport_introspection_c.so[0m
[ 53%] [32mBuilding CXX object CMakeFiles/camera_driver_srvs__rosidl_typesupport_fastrtps_c.dir/rosidl_typesupport_fastrtps_c/camera_driver_srvs/srv/detail/configure_camera__type_support_c.cpp.o[0m
[ 56%] [32mBuilding CXX object CMakeFiles/camera_driver_srvs__rosidl_typesupport_fastrtps_c.dir/rosidl_typesupport_fastrtps_c/camera_driver_srvs/srv/detail/reconfigure_defaults__type_support_c.cpp.o[0m
[ 58%] [32mBuilding CXX object CMakeFiles/camera_driver_srvs__rosidl_typesupport_c.dir/rosidl_typesupport_c/camera_driver_srvs/srv/configure_camera__type_support.cpp.o[0m
[ 61%] [32mBuilding CXX object CMakeFiles/camera_driver_srvs__rosidl_typesupport_c.dir/rosidl_typesupport_c/camera_driver_srvs/srv/reconfigure_defaults__type_support.cpp.o[0m
[ 61%] Built target camera_driver_srvs__rosidl_typesupport_introspection_c
[ 64%] [32m[1mLinking CXX shared library libcamera_driver_srvs__rosidl_typesupport_c.so[0m
[ 64%] Built target camera_driver_srvs__rosidl_typesupport_c
[ 66%] [32m[1mLinking CXX shared library libcamera_driver_srvs__rosidl_typesupport_cpp.so[0m
[ 69%] [32m[1mLinking CXX shared library libcamera_driver_srvs__rosidl_typesupport_introspection_cpp.so[0m
[ 69%] Built target camera_driver_srvs__rosidl_typesupport_cpp
[ 71%] [32m[1mLinking CXX shared library libcamera_driver_srvs__rosidl_typesupport_fastrtps_c.so[0m
[ 74%] [32m[1mLinking CXX shared library libcamera_driver_srvs__rosidl_typesupport_fastrtps_cpp.so[0m
[ 74%] Built target camera_driver_srvs__rosidl_typesupport_introspection_cpp
[ 74%] Built target camera_driver_srvs__rosidl_typesupport_fastrtps_cpp
[ 74%] Built target camera_driver_srvs__rosidl_typesupport_fastrtps_c
[ 74%] Built target camera_driver_srvs
[ 76%] [34m[1mGenerating Python code for ROS interfaces[0m
[ 76%] Built target camera_driver_srvs__py
[ 79%] [32mBuilding C object CMakeFiles/camera_driver_srvs__rosidl_generator_py.dir/rosidl_generator_py/camera_driver_srvs/srv/_configure_camera_s.c.o[0m
[ 82%] [32mBuilding C object CMakeFiles/camera_driver_srvs__rosidl_generator_py.dir/rosidl_generator_py/camera_driver_srvs/srv/_reconfigure_defaults_s.c.o[0m
[ 84%] [32m[1mLinking C shared library rosidl_generator_py/camera_driver_srvs/libcamera_driver_srvs__rosidl_generator_py.so[0m
[ 84%] Built target camera_driver_srvs__rosidl_generator_py
[ 89%] [32mBuilding C object CMakeFiles/camera_driver_srvs__rosidl_typesupport_introspection_c__pyext.dir/rosidl_generator_py/camera_driver_srvs/_camera_driver_srvs_s.ep.rosidl_typesupport_introspection_c.c.o[0m
[ 87%] [32mBuilding C object CMakeFiles/camera_driver_srvs__rosidl_typesupport_fastrtps_c__pyext.dir/rosidl_generator_py/camera_driver_srvs/_camera_driver_srvs_s.ep.rosidl_typesupport_fastrtps_c.c.o[0m
[ 92%] [32mBuilding C object CMakeFiles/camera_driver_srvs__rosidl_typesupport_c__pyext.dir/rosidl_generator_py/camera_driver_srvs/_camera_driver_srvs_s.ep.rosidl_typesupport_c.c.o[0m
[ 94%] [32m[1mLinking C shared library rosidl_generator_py/camera_driver_srvs/camera_driver_srvs_s__rosidl_typesupport_c.cpython-312-x86_64-linux-gnu.so[0m
[ 97%] [32m[1mLinking C shared library rosidl_generator_py/camera_driver_srvs/camera_driver_srvs_s__rosidl_typesupport_introspection_c.cpython-312-x86_64-linux-gnu.so[0m
[100%] [32m[1mLinking C shared library rosidl_generator_py/camera_driver_srvs/camera_driver_srvs_s__rosidl_typesupport_fastrtps_c.cpython-312-x86_64-linux-gnu.so[0m
[100%] Built target camera_driver_srvs__rosidl_typesupport_introspection_c__pyext
[100%] Built target camera_driver_srvs__rosidl_typesupport_c__pyext
[100%] Built target camera_driver_srvs__rosidl_typesupport_fastrtps_c__pyext
-- Install configuration: ""
-- Execute custom install script
-- Symlinking: /home/dev/Documents/GitHub/Poonam/ros2_ws/install/camera_driver_srvs/share/ament_index/resource_index/rosidl_interfaces/camera_driver_srvs
-- Symlinking: /home/dev/Documents/GitHub/Poonam/ros2_ws/install/camera_driver_srvs/include/camera_driver_srvs/camera_driver_srvs/msg/rosidl_generator_c__visibility_control.h
-- Symlinking: /home/dev/Documents/GitHub/Poonam/ros2_ws/install/camera_driver_srvs/include/camera_driver_srvs/camera_driver_srvs/srv/configure_camera.h
-- Symlinking: /home/dev/Documents/GitHub/Poonam/ros2_ws/install/camera_driver_srvs/include/camera_driver_srvs/camera_driver_srvs/srv/detail/configure_camera__functions.h
-- Symlinking: /home/dev/Documents/GitHub/Poonam/ros2_ws/install/camera_driver_srvs/include/camera_driver_srvs/camera_driver_srvs/srv/detail/configure_camera__struct.h
-- Symlinking: /home/dev/Documents/GitHub/Poonam/ros2_ws/install/camera_driver_srvs/include/camera_driver_srvs/camera_driver_srvs/srv/detail/configure_camera__type_support.h
-- Symlinking: /home/dev/Documents/GitHub/Poonam/ros2_ws/install/camera_driver_srvs/include/camera_driver_srvs/camera_driver_srvs/srv/detail/reconfigure_defaults__functions.h
-- Symlinking: /home/dev/Documents/GitHub/Poonam/ros2_ws/install/camera_driver_srvs/include/camera_driver_srvs/camera_driver_srvs/srv/detail/reconfigure_defaults__struct.h
-- Symlinking: /home/dev/Documents/GitHub/Poonam/ros2_ws/install/camera_driver_srvs/include/camera_driver_srvs/camera_driver_srvs/srv/detail/reconfigure_defaults__type_support.h
-- Symlinking: /home/dev/Documents/GitHub/Poonam/ros2_ws/install/camera_driver_srvs/include/camera_driver_srvs/camera_driver_srvs/srv/reconfigure_defaults.h
-- Up-to-date symlink: /home/dev/Documents/GitHub/Poonam/ros2_ws/install/camera_driver_srvs/share/camera_driver_srvs/environment/library_path.sh
-- Symlinking: /home/dev/Documents/GitHub/Poonam/ros2_ws/install/camera_driver_srvs/share/camera_driver_srvs/environment/library_path.dsv
-- Symlinking: /home/dev/Documents/GitHub/Poonam/ros2_ws/install/camera_driver_srvs/include/camera_driver_srvs/camera_driver_srvs/msg/rosidl_typesupport_fastrtps_c__visibility_control.h
-- Symlinking: /home/dev/Documents/GitHub/Poonam/ros2_ws/install/camera_driver_srvs/include/camera_driver_srvs/camera_driver_srvs/srv/detail/configure_camera__rosidl_typesupport_fastrtps_c.h
-- Symlinking: /home/dev/Documents/GitHub/Poonam/ros2_ws/install/camera_driver_srvs/include/camera_driver_srvs/camera_driver_srvs/srv/detail/reconfigure_defaults__rosidl_typesupport_fastrtps_c.h
-- Symlinking: /home/dev/Documents/GitHub/Poonam/ros2_ws/install/camera_driver_srvs/include/camera_driver_srvs/camera_driver_srvs/msg/rosidl_typesupport_introspection_c__visibility_control.h
-- Symlinking: /home/dev/Documents/GitHub/Poonam/ros2_ws/install/camera_driver_srvs/include/camera_driver_srvs/camera_driver_srvs/srv/detail/configure_camera__rosidl_typesupport_introspection_c.h
-- Symlinking: /home/dev/Documents/GitHub/Poonam/ros2_ws/install/camera_driver_srvs/include/camera_driver_srvs/camera_driver_srvs/srv/detail/reconfigure_defaults__rosidl_typesupport_introspection_c.h
-- Symlinking: /home/dev/Documents/GitHub/Poonam/ros2_ws/install/camera_driver_srvs/include/camera_driver_srvs/camera_driver_srvs/msg/rosidl_generator_cpp__visibility_control.hpp
-- Symlinking: /home/dev/Documents/GitHub/Poonam/ros2_ws/install/camera_driver_srvs/include/camera_driver_srvs/camera_driver_srvs/srv/configure_camera.hpp
-- Symlinking: /home/dev/Documents/GitHub/Poonam/ros2_ws/install/camera_driver_srvs/include/camera_driver_srvs/camera_driver_srvs/srv/detail/configure_camera__builder.hpp
-- Symlinking: /home/dev/Documents/GitHub/Poonam/ros2_ws/install/camera_driver_srvs/include/camera_driver_srvs/camera_driver_srvs/srv/detail/configure_camera__struct.hpp
-- Symlinking: /home/dev/Documents/GitHub/Poonam/ros2_ws/install/camera_driver_srvs/include/camera_driver_srvs/camera_driver_srvs/srv/detail/configure_camera__traits.hpp
-- Symlinking: /home/dev/Documents/GitHub/Poonam/ros2_ws/install/camera_driver_srvs/include/camera_driver_srvs/camera_driver_srvs/srv/detail/configure_camera__type_support.hpp
-- Symlinking: /home/dev/Documents/GitHub/Poonam/ros2_ws/install/camera_driver_srvs/include/camera_driver_srvs/camera_driver_srvs/srv/detail/reconfigure_defaults__builder.hpp
-- Symlinking: /home/dev/Documents/GitHub/Poonam/ros2_ws/install/camera_driver_srvs/include/camera_driver_srvs/camera_driver_srvs/srv/detail/reconfigure_defaults__struct.hpp
-- Symlinking: /home/dev/Documents/GitHub/Poonam/ros2_ws/install/camera_driver_srvs/include/camera_driver_srvs/camera_driver_srvs/srv/detail/reconfigure_defaults__traits.hpp
-- Symlinking: /home/dev/Documents/GitHub/Poonam/ros2_ws/install/camera_driver_srvs/include/camera_driver_srvs/camera_driver_srvs/srv/detail/reconfigure_defaults__type_support.hpp
-- Symlinking: /home/dev/Documents/GitHub/Poonam/ros2_ws/install/camera_driver_srvs/include/camera_driver_srvs/camera_driver_srvs/srv/reconfigure_defaults.hpp
-- Symlinking: /home/dev/Documents/GitHub/Poonam/ros2_ws/install/camera_driver_srvs/include/camera_driver_srvs/camera_driver_srvs/msg/rosidl_typesupport_fastrtps_cpp__visibility_control.h
-- Symlinking: /home/dev/Documents/GitHub/Poonam/ros2_ws/install/camera_driver_srvs/include/camera_driver_srvs/camera_driver_srvs/srv/detail/configure_camera__rosidl_typesupport_fastrtps_cpp.hpp
-- Symlinking: /home/dev/Documents/GitHub/Poonam/ros2_ws/install/camera_driver_srvs/include/camera_driver_srvs/camera_driver_srvs/srv/detail/reconfigure_defaults__rosidl_typesupport_fastrtps_cpp.hpp
-- Symlinking: /home/dev/Documents/GitHub/Poonam/ros2_ws/install/camera_driver_srvs/include/camera_driver_srvs/camera_driver_srvs/srv/detail/configure_camera__rosidl_typesupport_introspection_cpp.hpp
-- Symlinking: /home/dev/Documents/GitHub/Poonam/ros2_ws/install/camera_driver_srvs/include/camera_driver_srvs/camera_driver_srvs/srv/detail/reconfigure_defaults__rosidl_typesupport_introspection_cpp.hpp
-- Symlinking: /home/dev/Documents/GitHub/Poonam/ros2_ws/install/camera_driver_srvs/share/camera_driver_srvs/environment/pythonpath.sh
-- Symlinking: /home/dev/Documents/GitHub/Poonam/ros2_ws/install/camera_driver_srvs/share/camera_driver_srvs/environment/pythonpath.dsv
-- Symlinking: /home/dev/Documents/GitHub/Poonam/ros2_ws/install/camera_driver_srvs/lib/python3.12/site-packages/camera_driver_srvs-0.0.0-py3.12.egg-info/PKG-INFO
-- Symlinking: /home/dev/Documents/GitHub/Poonam/ros2_ws/install/camera_driver_srvs/lib/python3.12/site-packages/camera_driver_srvs-0.0.0-py3.12.egg-info/SOURCES.txt
-- Symlinking: /home/dev/Documents/GitHub/Poonam/ros2_ws/install/camera_driver_srvs/lib/python3.12/site-packages/camera_driver_srvs-0.0.0-py3.12.egg-info/dependency_links.txt
-- Symlinking: /home/dev/Documents/GitHub/Poonam/ros2_ws/install/camera_driver_srvs/lib/python3.12/site-packages/camera_driver_srvs-0.0.0-py3.12.egg-info/top_level.txt
-- Symlinking: /home/dev/Documents/GitHub/Poonam/ros2_ws/install/camera_driver_srvs/lib/python3.12/site-packages/camera_driver_srvs/__init__.py
-- Symlinking: /home/dev/Documents/GitHub/Poonam/ros2_ws/install/camera_driver_srvs/lib/python3.12/site-packages/camera_driver_srvs/_camera_driver_srvs_s.ep.rosidl_typesupport_c.c
-- Symlinking: /home/dev/Documents/GitHub/Poonam/ros2_ws/install/camera_driver_srvs/lib/python3.12/site-packages/camera_driver_srvs/_camera_driver_srvs_s.ep.rosidl_typesupport_fastrtps_c.c
-- Symlinking: /home/dev/Documents/GitHub/Poonam/ros2_ws/install/camera_driver_srvs/lib/python3.12/site-packages/camera_driver_srvs/_camera_driver_srvs_s.ep.rosidl_typesupport_introspection_c.c
-- Symlinking: /home/dev/Documents/GitHub/Poonam/ros2_ws/install/camera_driver_srvs/lib/python3.12/site-packages/camera_driver_srvs/camera_driver_srvs_s__rosidl_typesupport_c.cpython-312-x86_64-linux-gnu.so
-- Symlinking: /home/dev/Documents/GitHub/Poonam/ros2_ws/install/camera_driver_srvs/lib/python3.12/site-packages/camera_driver_srvs/camera_driver_srvs_s__rosidl_typesupport_fastrtps_c.cpython-312-x86_64-linux-gnu.so
-- Symlinking: /home/dev/Documents/GitHub/Poonam/ros2_ws/install/camera_driver_srvs/lib/python3.12/site-packages/camera_driver_srvs/camera_driver_srvs_s__rosidl_typesupport_introspection_c.cpython-312-x86_64-linux-gnu.so
-- Symlinking: /home/dev/Documents/GitHub/Poonam/ros2_ws/install/camera_driver_srvs/lib/python3.12/site-packages/camera_driver_srvs/libcamera_driver_srvs__rosidl_generator_py.so
-- Symlinking: /home/dev/Documents/GitHub/Poonam/ros2_ws/install/camera_driver_srvs/lib/python3.12/site-packages/camera_driver_srvs/srv/__init__.py
-- Symlinking: /home/dev/Documents/GitHub/Poonam/ros2_ws/install/camera_driver_srvs/lib/python3.12/site-packages/camera_driver_srvs/srv/_configure_camera.py
-- Symlinking: /home/dev/Documents/GitHub/Poonam/ros2_ws/install/camera_driver_srvs/lib/python3.12/site-packages/camera_driver_srvs/srv/_configure_camera_s.c
-- Symlinking: /home/dev/Documents/GitHub/Poonam/ros2_ws/install/camera_driver_srvs/lib/python3.12/site-packages/camera_driver_srvs/srv/_reconfigure_defaults.py
-- Symlinking: /home/dev/Documents/GitHub/Poonam/ros2_ws/install/camera_driver_srvs/lib/python3.12/site-packages/camera_driver_srvs/srv/_reconfigure_defaults_s.c
-- Up-to-date symlink: /home/dev/Documents/GitHub/Poonam/ros2_ws/install/camera_driver_srvs/lib/python3.12/site-packages/camera_driver_srvs/camera_driver_srvs_s__rosidl_typesupport_fastrtps_c.cpython-312-x86_64-linux-gnu.so
-- Up-to-date symlink: /home/dev/Documents/GitHub/Poonam/ros2_ws/install/camera_driver_srvs/lib/python3.12/site-packages/camera_driver_srvs/camera_driver_srvs_s__rosidl_typesupport_introspection_c.cpython-312-x86_64-linux-gnu.so
-- Up-to-date symlink: /home/dev/Documents/GitHub/Poonam/ros2_ws/install/camera_driver_srvs/lib/python3.12/site-packages/camera_driver_srvs/camera_driver_srvs_s__rosidl_typesupport_c.cpython-312-x86_64-linux-gnu.so
-- Symlinking: /home/dev/Documents/GitHub/Poonam/ros2_ws/install/camera_driver_srvs/share/camera_driver_srvs/srv/ConfigureCamera.idl
-- Symlinking: /home/dev/Documents/GitHub/Poonam/ros2_ws/install/camera_driver_srvs/share/camera_driver_srvs/srv/ReconfigureDefaults.idl
-- Symlinking: /home/dev/Documents/GitHub/Poonam/ros2_ws/install/camera_driver_srvs/share/camera_driver_srvs/srv/ConfigureCamera.srv
-- Symlinking: /home/dev/Documents/GitHub/Poonam/ros2_ws/install/camera_driver_srvs/share/camera_driver_srvs/srv/ConfigureCamera_Request.msg
-- Symlinking: /home/dev/Documents/GitHub/Poonam/ros2_ws/install/camera_driver_srvs/share/camera_driver_srvs/srv/ConfigureCamera_Response.msg
-- Symlinking: /home/dev/Documents/GitHub/Poonam/ros2_ws/install/camera_driver_srvs/share/camera_driver_srvs/srv/ReconfigureDefaults.srv
-- Symlinking: /home/dev/Documents/GitHub/Poonam/ros2_ws/install/camera_driver_srvs/share/camera_driver_srvs/srv/ReconfigureDefaults_Request.msg
-- Symlinking: /home/dev/Documents/GitHub/Poonam/ros2_ws/install/camera_driver_srvs/share/camera_driver_srvs/srv/ReconfigureDefaults_Response.msg
-- Symlinking: /home/dev/Documents/GitHub/Poonam/ros2_ws/install/camera_driver_srvs/share/ament_index/resource_index/package_run_dependencies/camera_driver_srvs
-- Symlinking: /home/dev/Documents/GitHub/Poonam/ros2_ws/install/camera_driver_srvs/share/ament_index/resource_index/parent_prefix_path/camera_driver_srvs
-- Up-to-date symlink: /home/dev/Documents/GitHub/Poonam/ros2_ws/install/camera_driver_srvs/share/camera_driver_srvs/environment/ament_prefix_path.sh
-- Symlinking: /home/dev/Documents/GitHub/Poonam/ros2_ws/install/camera_driver_srvs/share/camera_driver_srvs/environment/ament_prefix_path.dsv
-- Up-to-date symlink: /home/dev/Documents/GitHub/Poonam/ros2_ws/install/camera_driver_srvs/share/camera_driver_srvs/environment/path.sh
-- Symlinking: /home/dev/Documents/GitHub/Poonam/ros2_ws/install/camera_driver_srvs/share/camera_driver_srvs/environment/path.dsv
-- Symlinking: /home/dev/Documents/GitHub/Poonam/ros2_ws/install/camera_driver_srvs/share/camera_driver_srvs/local_setup.bash
-- Symlinking: /home/dev/Documents/GitHub/Poonam/ros2_ws/install/camera_driver_srvs/share/camera_driver_srvs/local_setup.sh
-- Symlinking: /home/dev/Documents/GitHub/Poonam/ros2_ws/install/camera_driver_srvs/share/camera_driver_srvs/local_setup.zsh
-- Symlinking: /home/dev/Documents/GitHub/Poonam/ros2_ws/install/camera_driver_srvs/share/camera_driver_srvs/local_setup.dsv
-- Symlinking: /home/dev/Documents/GitHub/Poonam/ros2_ws/install/camera_driver_srvs/share/camera_driver_srvs/package.dsv
-- Symlinking: /home/dev/Documents/GitHub/Poonam/ros2_ws/install/camera_driver_srvs/share/ament_index/resource_index/packages/camera_driver_srvs
-- Symlinking: /home/dev/Documents/GitHub/Poonam/ros2_ws/install/camera_driver_srvs/share/camera_driver_srvs/cmake/rosidl_cmake-extras.cmake
-- Symlinking: /home/dev/Documents/GitHub/Poonam/ros2_ws/install/camera_driver_srvs/share/camera_driver_srvs/cmake/ament_cmake_export_dependencies-extras.cmake
-- Symlinking: /home/dev/Documents/GitHub/Poonam/ros2_ws/install/camera_driver_srvs/share/camera_driver_srvs/cmake/ament_cmake_export_include_directories-extras.cmake
-- Symlinking: /home/dev/Documents/GitHub/Poonam/ros2_ws/install/camera_driver_srvs/share/camera_driver_srvs/cmake/ament_cmake_export_libraries-extras.cmake
-- Symlinking: /home/dev/Documents/GitHub/Poonam/ros2_ws/install/camera_driver_srvs/share/camera_driver_srvs/cmake/ament_cmake_export_targets-extras.cmake
-- Symlinking: /home/dev/Documents/GitHub/Poonam/ros2_ws/install/camera_driver_srvs/share/camera_driver_srvs/cmake/rosidl_cmake_export_typesupport_targets-extras.cmake
-- Symlinking: /home/dev/Documents/GitHub/Poonam/ros2_ws/install/camera_driver_srvs/share/camera_driver_srvs/cmake/rosidl_cmake_export_typesupport_libraries-extras.cmake
-- Symlinking: /home/dev/Documents/GitHub/Poonam/ros2_ws/install/camera_driver_srvs/share/camera_driver_srvs/cmake/camera_driver_srvsConfig.cmake
-- Symlinking: /home/dev/Documents/GitHub/Poonam/ros2_ws/install/camera_driver_srvs/share/camera_driver_srvs/cmake/camera_driver_srvsConfig-version.cmake
-- Symlinking: /home/dev/Documents/GitHub/Poonam/ros2_ws/install/camera_driver_srvs/share/camera_driver_srvs/package.xml
-- Installing: /home/dev/Documents/GitHub/Poonam/ros2_ws/install/camera_driver_srvs/lib/libcamera_driver_srvs__rosidl_generator_c.so
-- Set runtime path of "/home/dev/Documents/GitHub/Poonam/ros2_ws/install/camera_driver_srvs/lib/libcamera_driver_srvs__rosidl_generator_c.so" to ""
-- Installing: /home/dev/Documents/GitHub/Poonam/ros2_ws/install/camera_driver_srvs/lib/libcamera_driver_srvs__rosidl_typesupport_fastrtps_c.so
-- Set runtime path of "/home/dev/Documents/GitHub/Poonam/ros2_ws/install/camera_driver_srvs/lib/libcamera_driver_srvs__rosidl_typesupport_fastrtps_c.so" to ""
-- Installing: /home/dev/Documents/GitHub/Poonam/ros2_ws/install/camera_driver_srvs/lib/libcamera_driver_srvs__rosidl_typesupport_introspection_c.so
-- Set runtime path of "/home/dev/Documents/GitHub/Poonam/ros2_ws/install/camera_driver_srvs/lib/libcamera_driver_srvs__rosidl_typesupport_introspection_c.so" to ""
-- Installing: /home/dev/Documents/GitHub/Poonam/ros2_ws/install/camera_driver_srvs/lib/libcamera_driver_srvs__rosidl_typesupport_c.so
-- Set runtime path of "/home/dev/Documents/GitHub/Poonam/ros2_ws/install/camera_driver_srvs/lib/libcamera_driver_srvs__rosidl_typesupport_c.so" to ""
-- Installing: /home/dev/Documents/GitHub/Poonam/ros2_ws/install/camera_driver_srvs/lib/libcamera_driver_srvs__rosidl_typesupport_fastrtps_cpp.so
-- Set runtime path of "/home/dev/Documents/GitHub/Poonam/ros2_ws/install/camera_driver_srvs/lib/libcamera_driver_srvs__rosidl_typesupport_fastrtps_cpp.so" to ""
-- Installing: /home/dev/Documents/GitHub/Poonam/ros2_ws/install/camera_driver_srvs/lib/libcamera_driver_srvs__rosidl_typesupport_introspection_cpp.so
-- Set runtime path of "/home/dev/Documents/GitHub/Poonam/ros2_ws/install/camera_driver_srvs/lib/libcamera_driver_srvs__rosidl_typesupport_introspection_cpp.so" to ""
-- Installing: /home/dev/Documents/GitHub/Poonam/ros2_ws/install/camera_driver_srvs/lib/libcamera_driver_srvs__rosidl_typesupport_cpp.so
-- Set runtime path of "/home/dev/Documents/GitHub/Poonam/ros2_ws/install/camera_driver_srvs/lib/libcamera_driver_srvs__rosidl_typesupport_cpp.so" to ""
Listing '/home/dev/Documents/GitHub/Poonam/ros2_ws/install/camera_driver_srvs/lib/python3.12/site-packages/camera_driver_srvs'...
Compiling '/home/dev/Documents/GitHub/Poonam/ros2_ws/install/camera_driver_srvs/lib/python3.12/site-packages/camera_driver_srvs/__init__.py'...
Listing '/home/dev/Documents/GitHub/Poonam/ros2_ws/install/camera_driver_srvs/lib/python3.12/site-packages/camera_driver_srvs/srv'...
Compiling '/home/dev/Documents/GitHub/Poonam/ros2_ws/install/camera_driver_srvs/lib/python3.12/site-packages/camera_driver_srvs/srv/__init__.py'...
Compiling '/home/dev/Documents/GitHub/Poonam/ros2_ws/install/camera_driver_srvs/lib/python3.12/site-packages/camera_driver_srvs/srv/_configure_camera.py'...
Compiling '/home/dev/Documents/GitHub/Poonam/ros2_ws/install/camera_driver_srvs/lib/python3.12/site-packages/camera_driver_srvs/srv/_reconfigure_defaults.py'...
-- Installing: /home/dev/Documents/GitHub/Poonam/ros2_ws/install/camera_driver_srvs/lib/libcamera_driver_srvs__rosidl_generator_py.so
-- Set runtime path of "/home/dev/Documents/GitHub/Poonam/ros2_ws/install/camera_driver_srvs/lib/libcamera_driver_srvs__rosidl_generator_py.so" to ""
-- Installing: /home/dev/Documents/GitHub/Poonam/ros2_ws/install/camera_driver_srvs/share/camera_driver_srvs/cmake/export_camera_driver_srvs__rosidl_generator_cExport.cmake
-- Installing: /home/dev/Documents/GitHub/Poonam/ros2_ws/install/camera_driver_srvs/share/camera_driver_srvs/cmake/export_camera_driver_srvs__rosidl_generator_cExport-noconfig.cmake
-- Installing: /home/dev/Documents/GitHub/Poonam/ros2_ws/install/camera_driver_srvs/share/camera_driver_srvs/cmake/export_camera_driver_srvs__rosidl_typesupport_fastrtps_cExport.cmake
-- Installing: /home/dev/Documents/GitHub/Poonam/ros2_ws/install/camera_driver_srvs/share/camera_driver_srvs/cmake/export_camera_driver_srvs__rosidl_typesupport_fastrtps_cExport-noconfig.cmake
-- Installing: /home/dev/Documents/GitHub/Poonam/ros2_ws/install/camera_driver_srvs/share/camera_driver_srvs/cmake/camera_driver_srvs__rosidl_typesupport_introspection_cExport.cmake
-- Installing: /home/dev/Documents/GitHub/Poonam/ros2_ws/install/camera_driver_srvs/share/camera_driver_srvs/cmake/camera_driver_srvs__rosidl_typesupport_introspection_cExport-noconfig.cmake
-- Installing: /home/dev/Documents/GitHub/Poonam/ros2_ws/install/camera_driver_srvs/share/camera_driver_srvs/cmake/camera_driver_srvs__rosidl_typesupport_cExport.cmake
-- Installing: /home/dev/Documents/GitHub/Poonam/ros2_ws/install/camera_driver_srvs/share/camera_driver_srvs/cmake/camera_driver_srvs__rosidl_typesupport_cExport-noconfig.cmake
-- Installing: /home/dev/Documents/GitHub/Poonam/ros2_ws/install/camera_driver_srvs/share/camera_driver_srvs/cmake/export_camera_driver_srvs__rosidl_generator_cppExport.cmake
-- Installing: /home/dev/Documents/GitHub/Poonam/ros2_ws/install/camera_driver_srvs/share/camera_driver_srvs/cmake/export_camera_driver_srvs__rosidl_typesupport_fastrtps_cppExport.cmake
-- Installing: /home/dev/Documents/GitHub/Poonam/ros2_ws/install/camera_driver_srvs/share/camera_driver_srvs/cmake/export_camera_driver_srvs__rosidl_typesupport_fastrtps_cppExport-noconfig.cmake
-- Installing: /home/dev/Documents/GitHub/Poonam/ros2_ws/install/camera_driver_srvs/share/camera_driver_srvs/cmake/camera_driver_srvs__rosidl_typesupport_introspection_cppExport.cmake
-- Installing: /home/dev/Documents/GitHub/Poonam/ros2_ws/install/camera_driver_srvs/share/camera_driver_srvs/cmake/camera_driver_srvs__rosidl_typesupport_introspection_cppExport-noconfig.cmake
-- Installing: /home/dev/Documents/GitHub/Poonam/ros2_ws/install/camera_driver_srvs/share/camera_driver_srvs/cmake/camera_driver_srvs__rosidl_typesupport_cppExport.cmake
-- Installing: /home/dev/Documents/GitHub/Poonam/ros2_ws/install/camera_driver_srvs/share/camera_driver_srvs/cmake/camera_driver_srvs__rosidl_typesupport_cppExport-noconfig.cmake
-- Old export file "/home/dev/Documents/GitHub/Poonam/ros2_ws/install/camera_driver_srvs/share/camera_driver_srvs/cmake/export_camera_driver_srvs__rosidl_generator_pyExport.cmake" will be replaced.  Removing files [/home/dev/Documents/GitHub/Poonam/ros2_ws/install/camera_driver_srvs/share/camera_driver_srvs/cmake/export_camera_driver_srvs__rosidl_generator_pyExport-noconfig.cmake].
-- Installing: /home/dev/Documents/GitHub/Poonam/ros2_ws/install/camera_driver_srvs/share/camera_driver_srvs/cmake/export_camera_driver_srvs__rosidl_generator_pyExport.cmake
-- Installing: /home/dev/Documents/GitHub/Poonam/ros2_ws/install/camera_driver_srvs/share/camera_driver_srvs/cmake/export_camera_driver_srvs__rosidl_generator_pyExport-noconfig.cmake
