[0.044s] Invoking command in '/home/dev/Documents/GitHub/Poonam/ros2_ws/build/camera_driver_srvs': CMAKE_PREFIX_PATH=${CMAKE_PREFIX_PATH}:/opt/ros/humble CONDA_PROMPT_MODIFIER=(base) /usr/bin/cmake /home/dev/Documents/GitHub/Poonam/ros2_ws/src/camera_driver_srvs -DAMENT_CMAKE_SYMLINK_INSTALL=1 -DCMAKE_INSTALL_PREFIX=/home/dev/Documents/GitHub/Poonam/ros2_ws/install/camera_driver_srvs
[0.155s] -- The C compiler identification is GNU 11.4.0
[0.233s] -- The CXX compiler identification is GNU 11.4.0
[0.242s] -- Detecting C compiler ABI info
[0.369s] -- Detecting C compiler ABI info - done
[0.379s] -- Check for working C compiler: /usr/bin/cc - skipped
[0.379s] -- Detecting C compile features
[0.380s] -- Detecting C compile features - done
[0.383s] -- Detecting CXX compiler ABI info
[0.520s] -- Detecting CXX compiler ABI info - done
[0.532s] -- Check for working CXX compiler: /usr/bin/c++ - skipped
[0.532s] -- Detecting CXX compile features
[0.532s] -- Detecting CXX compile features - done
[0.539s] -- Found ament_cmake: 1.3.11 (/opt/ros/humble/share/ament_cmake/cmake)
[1.148s] -- Found Python3: /home/dev/anaconda3/bin/python3 (found version "3.12.2") found components: Interpreter 
[1.259s] -- Override CMake install command with custom implementation using symlinks instead of copying resources
[1.334s] -- Found rosidl_default_generators: 1.2.0 (/opt/ros/humble/share/rosidl_default_generators/cmake)
[1.350s] -- Using all available rosidl_typesupport_c: rosidl_typesupport_fastrtps_c;rosidl_typesupport_introspection_c
[1.362s] -- Found rosidl_adapter: 3.1.6 (/opt/ros/humble/share/rosidl_adapter/cmake)
[1.433s] -- Using all available rosidl_typesupport_cpp: rosidl_typesupport_fastrtps_cpp;rosidl_typesupport_introspection_cpp
[1.486s] -- Found std_msgs: 4.8.0 (/opt/ros/humble/share/std_msgs/cmake)
[1.531s] -- Found geometry_msgs: 4.8.0 (/opt/ros/humble/share/geometry_msgs/cmake)
[1.941s] -- Found ament_cmake_ros: 0.10.0 (/opt/ros/humble/share/ament_cmake_ros/cmake)
[2.215s] -- Using all available rosidl_typesupport_c: rosidl_typesupport_fastrtps_c;rosidl_typesupport_introspection_c
[2.566s] -- Using all available rosidl_typesupport_cpp: rosidl_typesupport_fastrtps_cpp;rosidl_typesupport_introspection_cpp
[2.591s] -- Found PythonInterp: /home/dev/anaconda3/bin/python3 (found suitable version "3.12.2", minimum required is "3.6") 
[2.595s] -- Found python_cmake_module: 0.10.0 (/opt/ros/humble/share/python_cmake_module/cmake)
[2.629s] -- Found PythonLibs: /home/dev/anaconda3/lib/libpython3.12.so (found suitable version "3.12.2", minimum required is "3.5") 
[2.631s] -- Using PYTHON_EXECUTABLE: /home/dev/anaconda3/bin/python3
[2.632s] -- Using PYTHON_INCLUDE_DIRS: /home/dev/anaconda3/include/python3.12
[2.632s] -- Using PYTHON_LIBRARIES: /home/dev/anaconda3/lib/libpython3.12.so
[2.682s] -- Found PythonExtra: .so  
[3.074s] -- Using numpy include directory: /home/dev/anaconda3/lib/python3.12/site-packages/numpy/_core/include
[3.096s] -- Found ament_lint_auto: 0.12.12 (/opt/ros/humble/share/ament_lint_auto/cmake)
[3.148s] -- Added test 'lint_cmake' to check CMake code style
[3.152s] -- Added test 'xmllint' to check XML markup files
[3.174s] -- Configuring done
[3.252s] -- Generating done
[3.270s] -- Build files have been written to: /home/dev/Documents/GitHub/Poonam/ros2_ws/build/camera_driver_srvs
[3.298s] Invoked command in '/home/dev/Documents/GitHub/Poonam/ros2_ws/build/camera_driver_srvs' returned '0': CMAKE_PREFIX_PATH=${CMAKE_PREFIX_PATH}:/opt/ros/humble CONDA_PROMPT_MODIFIER=(base) /usr/bin/cmake /home/dev/Documents/GitHub/Poonam/ros2_ws/src/camera_driver_srvs -DAMENT_CMAKE_SYMLINK_INSTALL=1 -DCMAKE_INSTALL_PREFIX=/home/dev/Documents/GitHub/Poonam/ros2_ws/install/camera_driver_srvs
[3.300s] Invoking command in '/home/dev/Documents/GitHub/Poonam/ros2_ws/build/camera_driver_srvs': CMAKE_PREFIX_PATH=${CMAKE_PREFIX_PATH}:/opt/ros/humble CONDA_PROMPT_MODIFIER=(base) /usr/bin/cmake --build /home/dev/Documents/GitHub/Poonam/ros2_ws/build/camera_driver_srvs -- -j16 -l16
[3.410s] [  2%] [34m[1mGenerating C code for ROS interfaces[0m
[3.453s] [  5%] [34m[1mGenerating C++ code for ROS interfaces[0m
[3.491s] [  5%] Built target ament_cmake_python_symlink_camera_driver_srvs
[4.095s] running egg_info
[4.097s] creating camera_driver_srvs.egg-info
[4.173s] writing camera_driver_srvs.egg-info/PKG-INFO
[4.174s] writing dependency_links to camera_driver_srvs.egg-info/dependency_links.txt
[4.174s] writing top-level names to camera_driver_srvs.egg-info/top_level.txt
[4.178s] writing manifest file 'camera_driver_srvs.egg-info/SOURCES.txt'
[4.319s] [  7%] [32mBuilding C object CMakeFiles/camera_driver_srvs__rosidl_generator_c.dir/rosidl_generator_c/camera_driver_srvs/srv/detail/configure_camera__functions.c.o[0m
[4.334s] [ 10%] [32mBuilding C object CMakeFiles/camera_driver_srvs__rosidl_generator_c.dir/rosidl_generator_c/camera_driver_srvs/srv/detail/reconfigure_defaults__functions.c.o[0m
[4.361s] reading manifest file 'camera_driver_srvs.egg-info/SOURCES.txt'
[4.361s] writing manifest file 'camera_driver_srvs.egg-info/SOURCES.txt'
[4.408s] [ 10%] Built target camera_driver_srvs__cpp
[4.444s] [ 12%] [34m[1mGenerating C++ type support dispatch for ROS interfaces[0m
[4.448s] [ 12%] Built target ament_cmake_python_build_camera_driver_srvs_egg
[4.451s] [ 15%] [34m[1mGenerating C++ introspection for ROS interfaces[0m
[4.459s] [ 17%] [34m[1mGenerating C++ type support for eProsima Fast-RTPS[0m
[4.509s] [ 20%] [32m[1mLinking C shared library libcamera_driver_srvs__rosidl_generator_c.so[0m
[4.698s] [ 20%] Built target camera_driver_srvs__rosidl_generator_c
[4.739s] [ 23%] [34m[1mGenerating C type support for eProsima Fast-RTPS[0m
[4.741s] [ 25%] [34m[1mGenerating C type support dispatch for ROS interfaces[0m
[4.742s] [ 28%] [34m[1mGenerating C introspection for ROS interfaces[0m
[5.291s] [ 30%] [32mBuilding CXX object CMakeFiles/camera_driver_srvs__rosidl_typesupport_cpp.dir/rosidl_typesupport_cpp/camera_driver_srvs/srv/configure_camera__type_support.cpp.o[0m
[5.293s] [ 33%] [32mBuilding CXX object CMakeFiles/camera_driver_srvs__rosidl_typesupport_cpp.dir/rosidl_typesupport_cpp/camera_driver_srvs/srv/reconfigure_defaults__type_support.cpp.o[0m
[5.297s] [ 35%] [32mBuilding CXX object CMakeFiles/camera_driver_srvs__rosidl_typesupport_introspection_cpp.dir/rosidl_typesupport_introspection_cpp/camera_driver_srvs/srv/detail/reconfigure_defaults__type_support.cpp.o[0m
[5.298s] [ 38%] [32mBuilding CXX object CMakeFiles/camera_driver_srvs__rosidl_typesupport_introspection_cpp.dir/rosidl_typesupport_introspection_cpp/camera_driver_srvs/srv/detail/configure_camera__type_support.cpp.o[0m
[5.383s] [ 41%] [32mBuilding CXX object CMakeFiles/camera_driver_srvs__rosidl_typesupport_fastrtps_cpp.dir/rosidl_typesupport_fastrtps_cpp/camera_driver_srvs/srv/detail/dds_fastrtps/reconfigure_defaults__type_support.cpp.o[0m
[5.383s] [ 43%] [32mBuilding CXX object CMakeFiles/camera_driver_srvs__rosidl_typesupport_fastrtps_cpp.dir/rosidl_typesupport_fastrtps_cpp/camera_driver_srvs/srv/detail/dds_fastrtps/configure_camera__type_support.cpp.o[0m
[5.471s] [ 46%] [32mBuilding C object CMakeFiles/camera_driver_srvs__rosidl_typesupport_introspection_c.dir/rosidl_typesupport_introspection_c/camera_driver_srvs/srv/detail/configure_camera__type_support.c.o[0m
[5.503s] [ 48%] [32mBuilding C object CMakeFiles/camera_driver_srvs__rosidl_typesupport_introspection_c.dir/rosidl_typesupport_introspection_c/camera_driver_srvs/srv/detail/reconfigure_defaults__type_support.c.o[0m
[5.615s] [ 51%] [32m[1mLinking C shared library libcamera_driver_srvs__rosidl_typesupport_introspection_c.so[0m
[5.623s] [ 53%] [32mBuilding CXX object CMakeFiles/camera_driver_srvs__rosidl_typesupport_fastrtps_c.dir/rosidl_typesupport_fastrtps_c/camera_driver_srvs/srv/detail/configure_camera__type_support_c.cpp.o[0m
[5.626s] [ 56%] [32mBuilding CXX object CMakeFiles/camera_driver_srvs__rosidl_typesupport_fastrtps_c.dir/rosidl_typesupport_fastrtps_c/camera_driver_srvs/srv/detail/reconfigure_defaults__type_support_c.cpp.o[0m
[5.648s] [ 58%] [32mBuilding CXX object CMakeFiles/camera_driver_srvs__rosidl_typesupport_c.dir/rosidl_typesupport_c/camera_driver_srvs/srv/configure_camera__type_support.cpp.o[0m
[5.662s] [ 61%] [32mBuilding CXX object CMakeFiles/camera_driver_srvs__rosidl_typesupport_c.dir/rosidl_typesupport_c/camera_driver_srvs/srv/reconfigure_defaults__type_support.cpp.o[0m
[5.738s] [ 61%] Built target camera_driver_srvs__rosidl_typesupport_introspection_c
[5.804s] [ 64%] [32m[1mLinking CXX shared library libcamera_driver_srvs__rosidl_typesupport_c.so[0m
[5.957s] [ 64%] Built target camera_driver_srvs__rosidl_typesupport_c
[6.285s] [ 66%] [32m[1mLinking CXX shared library libcamera_driver_srvs__rosidl_typesupport_cpp.so[0m
[6.423s] [ 69%] [32m[1mLinking CXX shared library libcamera_driver_srvs__rosidl_typesupport_introspection_cpp.so[0m
[6.453s] [ 69%] Built target camera_driver_srvs__rosidl_typesupport_cpp
[6.514s] [ 71%] [32m[1mLinking CXX shared library libcamera_driver_srvs__rosidl_typesupport_fastrtps_c.so[0m
[6.526s] [ 74%] [32m[1mLinking CXX shared library libcamera_driver_srvs__rosidl_typesupport_fastrtps_cpp.so[0m
[6.571s] [ 74%] Built target camera_driver_srvs__rosidl_typesupport_introspection_cpp
[6.746s] [ 74%] Built target camera_driver_srvs__rosidl_typesupport_fastrtps_cpp
[6.796s] [ 74%] Built target camera_driver_srvs__rosidl_typesupport_fastrtps_c
[6.834s] [ 74%] Built target camera_driver_srvs
[6.922s] [ 76%] [34m[1mGenerating Python code for ROS interfaces[0m
[7.727s] [ 76%] Built target camera_driver_srvs__py
[7.770s] [ 79%] [32mBuilding C object CMakeFiles/camera_driver_srvs__rosidl_generator_py.dir/rosidl_generator_py/camera_driver_srvs/srv/_configure_camera_s.c.o[0m
[7.787s] [ 82%] [32mBuilding C object CMakeFiles/camera_driver_srvs__rosidl_generator_py.dir/rosidl_generator_py/camera_driver_srvs/srv/_reconfigure_defaults_s.c.o[0m
[8.156s] [ 84%] [32m[1mLinking C shared library rosidl_generator_py/camera_driver_srvs/libcamera_driver_srvs__rosidl_generator_py.so[0m
[8.299s] [ 84%] Built target camera_driver_srvs__rosidl_generator_py
[8.388s] [ 89%] [32mBuilding C object CMakeFiles/camera_driver_srvs__rosidl_typesupport_introspection_c__pyext.dir/rosidl_generator_py/camera_driver_srvs/_camera_driver_srvs_s.ep.rosidl_typesupport_introspection_c.c.o[0m
[8.393s] [ 87%] [32mBuilding C object CMakeFiles/camera_driver_srvs__rosidl_typesupport_fastrtps_c__pyext.dir/rosidl_generator_py/camera_driver_srvs/_camera_driver_srvs_s.ep.rosidl_typesupport_fastrtps_c.c.o[0m
[8.394s] [ 92%] [32mBuilding C object CMakeFiles/camera_driver_srvs__rosidl_typesupport_c__pyext.dir/rosidl_generator_py/camera_driver_srvs/_camera_driver_srvs_s.ep.rosidl_typesupport_c.c.o[0m
[8.694s] [ 94%] [32m[1mLinking C shared library rosidl_generator_py/camera_driver_srvs/camera_driver_srvs_s__rosidl_typesupport_c.cpython-312-x86_64-linux-gnu.so[0m
[8.720s] [ 97%] [32m[1mLinking C shared library rosidl_generator_py/camera_driver_srvs/camera_driver_srvs_s__rosidl_typesupport_introspection_c.cpython-312-x86_64-linux-gnu.so[0m
[8.775s] [100%] [32m[1mLinking C shared library rosidl_generator_py/camera_driver_srvs/camera_driver_srvs_s__rosidl_typesupport_fastrtps_c.cpython-312-x86_64-linux-gnu.so[0m
[8.853s] [100%] Built target camera_driver_srvs__rosidl_typesupport_introspection_c__pyext
[8.875s] [100%] Built target camera_driver_srvs__rosidl_typesupport_c__pyext
[8.938s] [100%] Built target camera_driver_srvs__rosidl_typesupport_fastrtps_c__pyext
[9.002s] Invoked command in '/home/dev/Documents/GitHub/Poonam/ros2_ws/build/camera_driver_srvs' returned '0': CMAKE_PREFIX_PATH=${CMAKE_PREFIX_PATH}:/opt/ros/humble CONDA_PROMPT_MODIFIER=(base) /usr/bin/cmake --build /home/dev/Documents/GitHub/Poonam/ros2_ws/build/camera_driver_srvs -- -j16 -l16
[9.002s] Invoking command in '/home/dev/Documents/GitHub/Poonam/ros2_ws/build/camera_driver_srvs': CMAKE_PREFIX_PATH=${CMAKE_PREFIX_PATH}:/opt/ros/humble CONDA_PROMPT_MODIFIER=(base) /usr/bin/cmake --install /home/dev/Documents/GitHub/Poonam/ros2_ws/build/camera_driver_srvs
[9.018s] -- Install configuration: ""
[9.019s] -- Execute custom install script
[9.023s] -- Symlinking: /home/dev/Documents/GitHub/Poonam/ros2_ws/install/camera_driver_srvs/share/ament_index/resource_index/rosidl_interfaces/camera_driver_srvs
[9.057s] -- Symlinking: /home/dev/Documents/GitHub/Poonam/ros2_ws/install/camera_driver_srvs/include/camera_driver_srvs/camera_driver_srvs/msg/rosidl_generator_c__visibility_control.h
[9.098s] -- Symlinking: /home/dev/Documents/GitHub/Poonam/ros2_ws/install/camera_driver_srvs/include/camera_driver_srvs/camera_driver_srvs/srv/configure_camera.h
[9.130s] -- Symlinking: /home/dev/Documents/GitHub/Poonam/ros2_ws/install/camera_driver_srvs/include/camera_driver_srvs/camera_driver_srvs/srv/detail/configure_camera__functions.h
[9.153s] -- Symlinking: /home/dev/Documents/GitHub/Poonam/ros2_ws/install/camera_driver_srvs/include/camera_driver_srvs/camera_driver_srvs/srv/detail/configure_camera__struct.h
[9.197s] -- Symlinking: /home/dev/Documents/GitHub/Poonam/ros2_ws/install/camera_driver_srvs/include/camera_driver_srvs/camera_driver_srvs/srv/detail/configure_camera__type_support.h
[9.230s] -- Symlinking: /home/dev/Documents/GitHub/Poonam/ros2_ws/install/camera_driver_srvs/include/camera_driver_srvs/camera_driver_srvs/srv/detail/reconfigure_defaults__functions.h
[9.262s] -- Symlinking: /home/dev/Documents/GitHub/Poonam/ros2_ws/install/camera_driver_srvs/include/camera_driver_srvs/camera_driver_srvs/srv/detail/reconfigure_defaults__struct.h
[9.300s] -- Symlinking: /home/dev/Documents/GitHub/Poonam/ros2_ws/install/camera_driver_srvs/include/camera_driver_srvs/camera_driver_srvs/srv/detail/reconfigure_defaults__type_support.h
[9.340s] -- Symlinking: /home/dev/Documents/GitHub/Poonam/ros2_ws/install/camera_driver_srvs/include/camera_driver_srvs/camera_driver_srvs/srv/reconfigure_defaults.h
[9.377s] -- Up-to-date symlink: /home/dev/Documents/GitHub/Poonam/ros2_ws/install/camera_driver_srvs/share/camera_driver_srvs/environment/library_path.sh
[9.378s] -- Symlinking: /home/dev/Documents/GitHub/Poonam/ros2_ws/install/camera_driver_srvs/share/camera_driver_srvs/environment/library_path.dsv
[9.421s] -- Symlinking: /home/dev/Documents/GitHub/Poonam/ros2_ws/install/camera_driver_srvs/include/camera_driver_srvs/camera_driver_srvs/msg/rosidl_typesupport_fastrtps_c__visibility_control.h
[9.473s] -- Symlinking: /home/dev/Documents/GitHub/Poonam/ros2_ws/install/camera_driver_srvs/include/camera_driver_srvs/camera_driver_srvs/srv/detail/configure_camera__rosidl_typesupport_fastrtps_c.h
[9.512s] -- Symlinking: /home/dev/Documents/GitHub/Poonam/ros2_ws/install/camera_driver_srvs/include/camera_driver_srvs/camera_driver_srvs/srv/detail/reconfigure_defaults__rosidl_typesupport_fastrtps_c.h
[9.546s] -- Symlinking: /home/dev/Documents/GitHub/Poonam/ros2_ws/install/camera_driver_srvs/include/camera_driver_srvs/camera_driver_srvs/msg/rosidl_typesupport_introspection_c__visibility_control.h
[9.586s] -- Symlinking: /home/dev/Documents/GitHub/Poonam/ros2_ws/install/camera_driver_srvs/include/camera_driver_srvs/camera_driver_srvs/srv/detail/configure_camera__rosidl_typesupport_introspection_c.h
[9.624s] -- Symlinking: /home/dev/Documents/GitHub/Poonam/ros2_ws/install/camera_driver_srvs/include/camera_driver_srvs/camera_driver_srvs/srv/detail/reconfigure_defaults__rosidl_typesupport_introspection_c.h
[9.655s] -- Symlinking: /home/dev/Documents/GitHub/Poonam/ros2_ws/install/camera_driver_srvs/include/camera_driver_srvs/camera_driver_srvs/msg/rosidl_generator_cpp__visibility_control.hpp
[9.696s] -- Symlinking: /home/dev/Documents/GitHub/Poonam/ros2_ws/install/camera_driver_srvs/include/camera_driver_srvs/camera_driver_srvs/srv/configure_camera.hpp
[9.740s] -- Symlinking: /home/dev/Documents/GitHub/Poonam/ros2_ws/install/camera_driver_srvs/include/camera_driver_srvs/camera_driver_srvs/srv/detail/configure_camera__builder.hpp
[9.773s] -- Symlinking: /home/dev/Documents/GitHub/Poonam/ros2_ws/install/camera_driver_srvs/include/camera_driver_srvs/camera_driver_srvs/srv/detail/configure_camera__struct.hpp
[9.818s] -- Symlinking: /home/dev/Documents/GitHub/Poonam/ros2_ws/install/camera_driver_srvs/include/camera_driver_srvs/camera_driver_srvs/srv/detail/configure_camera__traits.hpp
[9.850s] -- Symlinking: /home/dev/Documents/GitHub/Poonam/ros2_ws/install/camera_driver_srvs/include/camera_driver_srvs/camera_driver_srvs/srv/detail/configure_camera__type_support.hpp
[9.879s] -- Symlinking: /home/dev/Documents/GitHub/Poonam/ros2_ws/install/camera_driver_srvs/include/camera_driver_srvs/camera_driver_srvs/srv/detail/reconfigure_defaults__builder.hpp
[9.910s] -- Symlinking: /home/dev/Documents/GitHub/Poonam/ros2_ws/install/camera_driver_srvs/include/camera_driver_srvs/camera_driver_srvs/srv/detail/reconfigure_defaults__struct.hpp
[9.932s] -- Symlinking: /home/dev/Documents/GitHub/Poonam/ros2_ws/install/camera_driver_srvs/include/camera_driver_srvs/camera_driver_srvs/srv/detail/reconfigure_defaults__traits.hpp
[9.962s] -- Symlinking: /home/dev/Documents/GitHub/Poonam/ros2_ws/install/camera_driver_srvs/include/camera_driver_srvs/camera_driver_srvs/srv/detail/reconfigure_defaults__type_support.hpp
[9.986s] -- Symlinking: /home/dev/Documents/GitHub/Poonam/ros2_ws/install/camera_driver_srvs/include/camera_driver_srvs/camera_driver_srvs/srv/reconfigure_defaults.hpp
[10.007s] -- Symlinking: /home/dev/Documents/GitHub/Poonam/ros2_ws/install/camera_driver_srvs/include/camera_driver_srvs/camera_driver_srvs/msg/rosidl_typesupport_fastrtps_cpp__visibility_control.h
[10.029s] -- Symlinking: /home/dev/Documents/GitHub/Poonam/ros2_ws/install/camera_driver_srvs/include/camera_driver_srvs/camera_driver_srvs/srv/detail/configure_camera__rosidl_typesupport_fastrtps_cpp.hpp
[10.051s] -- Symlinking: /home/dev/Documents/GitHub/Poonam/ros2_ws/install/camera_driver_srvs/include/camera_driver_srvs/camera_driver_srvs/srv/detail/reconfigure_defaults__rosidl_typesupport_fastrtps_cpp.hpp
[10.083s] -- Symlinking: /home/dev/Documents/GitHub/Poonam/ros2_ws/install/camera_driver_srvs/include/camera_driver_srvs/camera_driver_srvs/srv/detail/configure_camera__rosidl_typesupport_introspection_cpp.hpp
[10.114s] -- Symlinking: /home/dev/Documents/GitHub/Poonam/ros2_ws/install/camera_driver_srvs/include/camera_driver_srvs/camera_driver_srvs/srv/detail/reconfigure_defaults__rosidl_typesupport_introspection_cpp.hpp
[10.135s] -- Symlinking: /home/dev/Documents/GitHub/Poonam/ros2_ws/install/camera_driver_srvs/share/camera_driver_srvs/environment/pythonpath.sh
[10.154s] -- Symlinking: /home/dev/Documents/GitHub/Poonam/ros2_ws/install/camera_driver_srvs/share/camera_driver_srvs/environment/pythonpath.dsv
[10.180s] -- Symlinking: /home/dev/Documents/GitHub/Poonam/ros2_ws/install/camera_driver_srvs/lib/python3.12/site-packages/camera_driver_srvs-0.0.0-py3.12.egg-info/PKG-INFO
[10.199s] -- Symlinking: /home/dev/Documents/GitHub/Poonam/ros2_ws/install/camera_driver_srvs/lib/python3.12/site-packages/camera_driver_srvs-0.0.0-py3.12.egg-info/SOURCES.txt
[10.219s] -- Symlinking: /home/dev/Documents/GitHub/Poonam/ros2_ws/install/camera_driver_srvs/lib/python3.12/site-packages/camera_driver_srvs-0.0.0-py3.12.egg-info/dependency_links.txt
[10.241s] -- Symlinking: /home/dev/Documents/GitHub/Poonam/ros2_ws/install/camera_driver_srvs/lib/python3.12/site-packages/camera_driver_srvs-0.0.0-py3.12.egg-info/top_level.txt
[10.259s] -- Symlinking: /home/dev/Documents/GitHub/Poonam/ros2_ws/install/camera_driver_srvs/lib/python3.12/site-packages/camera_driver_srvs/__init__.py
[10.284s] -- Symlinking: /home/dev/Documents/GitHub/Poonam/ros2_ws/install/camera_driver_srvs/lib/python3.12/site-packages/camera_driver_srvs/_camera_driver_srvs_s.ep.rosidl_typesupport_c.c
[10.306s] -- Symlinking: /home/dev/Documents/GitHub/Poonam/ros2_ws/install/camera_driver_srvs/lib/python3.12/site-packages/camera_driver_srvs/_camera_driver_srvs_s.ep.rosidl_typesupport_fastrtps_c.c
[10.347s] -- Symlinking: /home/dev/Documents/GitHub/Poonam/ros2_ws/install/camera_driver_srvs/lib/python3.12/site-packages/camera_driver_srvs/_camera_driver_srvs_s.ep.rosidl_typesupport_introspection_c.c
[10.380s] -- Symlinking: /home/dev/Documents/GitHub/Poonam/ros2_ws/install/camera_driver_srvs/lib/python3.12/site-packages/camera_driver_srvs/camera_driver_srvs_s__rosidl_typesupport_c.cpython-312-x86_64-linux-gnu.so
[10.398s] -- Symlinking: /home/dev/Documents/GitHub/Poonam/ros2_ws/install/camera_driver_srvs/lib/python3.12/site-packages/camera_driver_srvs/camera_driver_srvs_s__rosidl_typesupport_fastrtps_c.cpython-312-x86_64-linux-gnu.so
[10.419s] -- Symlinking: /home/dev/Documents/GitHub/Poonam/ros2_ws/install/camera_driver_srvs/lib/python3.12/site-packages/camera_driver_srvs/camera_driver_srvs_s__rosidl_typesupport_introspection_c.cpython-312-x86_64-linux-gnu.so
[10.454s] -- Symlinking: /home/dev/Documents/GitHub/Poonam/ros2_ws/install/camera_driver_srvs/lib/python3.12/site-packages/camera_driver_srvs/libcamera_driver_srvs__rosidl_generator_py.so
[10.488s] -- Symlinking: /home/dev/Documents/GitHub/Poonam/ros2_ws/install/camera_driver_srvs/lib/python3.12/site-packages/camera_driver_srvs/srv/__init__.py
[10.522s] -- Symlinking: /home/dev/Documents/GitHub/Poonam/ros2_ws/install/camera_driver_srvs/lib/python3.12/site-packages/camera_driver_srvs/srv/_configure_camera.py
[10.553s] -- Symlinking: /home/dev/Documents/GitHub/Poonam/ros2_ws/install/camera_driver_srvs/lib/python3.12/site-packages/camera_driver_srvs/srv/_configure_camera_s.c
[10.582s] -- Symlinking: /home/dev/Documents/GitHub/Poonam/ros2_ws/install/camera_driver_srvs/lib/python3.12/site-packages/camera_driver_srvs/srv/_reconfigure_defaults.py
[10.600s] -- Symlinking: /home/dev/Documents/GitHub/Poonam/ros2_ws/install/camera_driver_srvs/lib/python3.12/site-packages/camera_driver_srvs/srv/_reconfigure_defaults_s.c
[10.618s] -- Up-to-date symlink: /home/dev/Documents/GitHub/Poonam/ros2_ws/install/camera_driver_srvs/lib/python3.12/site-packages/camera_driver_srvs/camera_driver_srvs_s__rosidl_typesupport_fastrtps_c.cpython-312-x86_64-linux-gnu.so
[10.618s] -- Up-to-date symlink: /home/dev/Documents/GitHub/Poonam/ros2_ws/install/camera_driver_srvs/lib/python3.12/site-packages/camera_driver_srvs/camera_driver_srvs_s__rosidl_typesupport_introspection_c.cpython-312-x86_64-linux-gnu.so
[10.618s] -- Up-to-date symlink: /home/dev/Documents/GitHub/Poonam/ros2_ws/install/camera_driver_srvs/lib/python3.12/site-packages/camera_driver_srvs/camera_driver_srvs_s__rosidl_typesupport_c.cpython-312-x86_64-linux-gnu.so
[10.618s] -- Symlinking: /home/dev/Documents/GitHub/Poonam/ros2_ws/install/camera_driver_srvs/share/camera_driver_srvs/srv/ConfigureCamera.idl
[10.643s] -- Symlinking: /home/dev/Documents/GitHub/Poonam/ros2_ws/install/camera_driver_srvs/share/camera_driver_srvs/srv/ReconfigureDefaults.idl
[10.669s] -- Symlinking: /home/dev/Documents/GitHub/Poonam/ros2_ws/install/camera_driver_srvs/share/camera_driver_srvs/srv/ConfigureCamera.srv
[10.686s] -- Symlinking: /home/dev/Documents/GitHub/Poonam/ros2_ws/install/camera_driver_srvs/share/camera_driver_srvs/srv/ConfigureCamera_Request.msg
[10.703s] -- Symlinking: /home/dev/Documents/GitHub/Poonam/ros2_ws/install/camera_driver_srvs/share/camera_driver_srvs/srv/ConfigureCamera_Response.msg
[10.720s] -- Symlinking: /home/dev/Documents/GitHub/Poonam/ros2_ws/install/camera_driver_srvs/share/camera_driver_srvs/srv/ReconfigureDefaults.srv
[10.737s] -- Symlinking: /home/dev/Documents/GitHub/Poonam/ros2_ws/install/camera_driver_srvs/share/camera_driver_srvs/srv/ReconfigureDefaults_Request.msg
[10.758s] -- Symlinking: /home/dev/Documents/GitHub/Poonam/ros2_ws/install/camera_driver_srvs/share/camera_driver_srvs/srv/ReconfigureDefaults_Response.msg
[10.774s] -- Symlinking: /home/dev/Documents/GitHub/Poonam/ros2_ws/install/camera_driver_srvs/share/ament_index/resource_index/package_run_dependencies/camera_driver_srvs
[10.792s] -- Symlinking: /home/dev/Documents/GitHub/Poonam/ros2_ws/install/camera_driver_srvs/share/ament_index/resource_index/parent_prefix_path/camera_driver_srvs
[10.810s] -- Up-to-date symlink: /home/dev/Documents/GitHub/Poonam/ros2_ws/install/camera_driver_srvs/share/camera_driver_srvs/environment/ament_prefix_path.sh
[10.812s] -- Symlinking: /home/dev/Documents/GitHub/Poonam/ros2_ws/install/camera_driver_srvs/share/camera_driver_srvs/environment/ament_prefix_path.dsv
[10.828s] -- Up-to-date symlink: /home/dev/Documents/GitHub/Poonam/ros2_ws/install/camera_driver_srvs/share/camera_driver_srvs/environment/path.sh
[10.830s] -- Symlinking: /home/dev/Documents/GitHub/Poonam/ros2_ws/install/camera_driver_srvs/share/camera_driver_srvs/environment/path.dsv
[10.852s] -- Symlinking: /home/dev/Documents/GitHub/Poonam/ros2_ws/install/camera_driver_srvs/share/camera_driver_srvs/local_setup.bash
[10.869s] -- Symlinking: /home/dev/Documents/GitHub/Poonam/ros2_ws/install/camera_driver_srvs/share/camera_driver_srvs/local_setup.sh
[10.888s] -- Symlinking: /home/dev/Documents/GitHub/Poonam/ros2_ws/install/camera_driver_srvs/share/camera_driver_srvs/local_setup.zsh
[10.925s] -- Symlinking: /home/dev/Documents/GitHub/Poonam/ros2_ws/install/camera_driver_srvs/share/camera_driver_srvs/local_setup.dsv
[10.964s] -- Symlinking: /home/dev/Documents/GitHub/Poonam/ros2_ws/install/camera_driver_srvs/share/camera_driver_srvs/package.dsv
[10.987s] -- Symlinking: /home/dev/Documents/GitHub/Poonam/ros2_ws/install/camera_driver_srvs/share/ament_index/resource_index/packages/camera_driver_srvs
[11.021s] -- Symlinking: /home/dev/Documents/GitHub/Poonam/ros2_ws/install/camera_driver_srvs/share/camera_driver_srvs/cmake/rosidl_cmake-extras.cmake
[11.045s] -- Symlinking: /home/dev/Documents/GitHub/Poonam/ros2_ws/install/camera_driver_srvs/share/camera_driver_srvs/cmake/ament_cmake_export_dependencies-extras.cmake
[11.078s] -- Symlinking: /home/dev/Documents/GitHub/Poonam/ros2_ws/install/camera_driver_srvs/share/camera_driver_srvs/cmake/ament_cmake_export_include_directories-extras.cmake
[11.106s] -- Symlinking: /home/dev/Documents/GitHub/Poonam/ros2_ws/install/camera_driver_srvs/share/camera_driver_srvs/cmake/ament_cmake_export_libraries-extras.cmake
[11.134s] -- Symlinking: /home/dev/Documents/GitHub/Poonam/ros2_ws/install/camera_driver_srvs/share/camera_driver_srvs/cmake/ament_cmake_export_targets-extras.cmake
[11.160s] -- Symlinking: /home/dev/Documents/GitHub/Poonam/ros2_ws/install/camera_driver_srvs/share/camera_driver_srvs/cmake/rosidl_cmake_export_typesupport_targets-extras.cmake
[11.178s] -- Symlinking: /home/dev/Documents/GitHub/Poonam/ros2_ws/install/camera_driver_srvs/share/camera_driver_srvs/cmake/rosidl_cmake_export_typesupport_libraries-extras.cmake
[11.196s] -- Symlinking: /home/dev/Documents/GitHub/Poonam/ros2_ws/install/camera_driver_srvs/share/camera_driver_srvs/cmake/camera_driver_srvsConfig.cmake
[11.213s] -- Symlinking: /home/dev/Documents/GitHub/Poonam/ros2_ws/install/camera_driver_srvs/share/camera_driver_srvs/cmake/camera_driver_srvsConfig-version.cmake
[11.239s] -- Symlinking: /home/dev/Documents/GitHub/Poonam/ros2_ws/install/camera_driver_srvs/share/camera_driver_srvs/package.xml
[11.259s] -- Installing: /home/dev/Documents/GitHub/Poonam/ros2_ws/install/camera_driver_srvs/lib/libcamera_driver_srvs__rosidl_generator_c.so
[11.261s] -- Set runtime path of "/home/dev/Documents/GitHub/Poonam/ros2_ws/install/camera_driver_srvs/lib/libcamera_driver_srvs__rosidl_generator_c.so" to ""
[11.261s] -- Installing: /home/dev/Documents/GitHub/Poonam/ros2_ws/install/camera_driver_srvs/lib/libcamera_driver_srvs__rosidl_typesupport_fastrtps_c.so
[11.265s] -- Set runtime path of "/home/dev/Documents/GitHub/Poonam/ros2_ws/install/camera_driver_srvs/lib/libcamera_driver_srvs__rosidl_typesupport_fastrtps_c.so" to ""
[11.266s] -- Installing: /home/dev/Documents/GitHub/Poonam/ros2_ws/install/camera_driver_srvs/lib/libcamera_driver_srvs__rosidl_typesupport_introspection_c.so
[11.268s] -- Set runtime path of "/home/dev/Documents/GitHub/Poonam/ros2_ws/install/camera_driver_srvs/lib/libcamera_driver_srvs__rosidl_typesupport_introspection_c.so" to ""
[11.268s] -- Installing: /home/dev/Documents/GitHub/Poonam/ros2_ws/install/camera_driver_srvs/lib/libcamera_driver_srvs__rosidl_typesupport_c.so
[11.270s] -- Set runtime path of "/home/dev/Documents/GitHub/Poonam/ros2_ws/install/camera_driver_srvs/lib/libcamera_driver_srvs__rosidl_typesupport_c.so" to ""
[11.272s] -- Installing: /home/dev/Documents/GitHub/Poonam/ros2_ws/install/camera_driver_srvs/lib/libcamera_driver_srvs__rosidl_typesupport_fastrtps_cpp.so
[11.272s] -- Set runtime path of "/home/dev/Documents/GitHub/Poonam/ros2_ws/install/camera_driver_srvs/lib/libcamera_driver_srvs__rosidl_typesupport_fastrtps_cpp.so" to ""
[11.276s] -- Installing: /home/dev/Documents/GitHub/Poonam/ros2_ws/install/camera_driver_srvs/lib/libcamera_driver_srvs__rosidl_typesupport_introspection_cpp.so
[11.277s] -- Set runtime path of "/home/dev/Documents/GitHub/Poonam/ros2_ws/install/camera_driver_srvs/lib/libcamera_driver_srvs__rosidl_typesupport_introspection_cpp.so" to ""
[11.278s] -- Installing: /home/dev/Documents/GitHub/Poonam/ros2_ws/install/camera_driver_srvs/lib/libcamera_driver_srvs__rosidl_typesupport_cpp.so
[11.279s] -- Set runtime path of "/home/dev/Documents/GitHub/Poonam/ros2_ws/install/camera_driver_srvs/lib/libcamera_driver_srvs__rosidl_typesupport_cpp.so" to ""
[11.400s] Listing '/home/dev/Documents/GitHub/Poonam/ros2_ws/install/camera_driver_srvs/lib/python3.12/site-packages/camera_driver_srvs'...
[11.401s] Compiling '/home/dev/Documents/GitHub/Poonam/ros2_ws/install/camera_driver_srvs/lib/python3.12/site-packages/camera_driver_srvs/__init__.py'...
[11.401s] Listing '/home/dev/Documents/GitHub/Poonam/ros2_ws/install/camera_driver_srvs/lib/python3.12/site-packages/camera_driver_srvs/srv'...
[11.401s] Compiling '/home/dev/Documents/GitHub/Poonam/ros2_ws/install/camera_driver_srvs/lib/python3.12/site-packages/camera_driver_srvs/srv/__init__.py'...
[11.401s] Compiling '/home/dev/Documents/GitHub/Poonam/ros2_ws/install/camera_driver_srvs/lib/python3.12/site-packages/camera_driver_srvs/srv/_configure_camera.py'...
[11.401s] Compiling '/home/dev/Documents/GitHub/Poonam/ros2_ws/install/camera_driver_srvs/lib/python3.12/site-packages/camera_driver_srvs/srv/_reconfigure_defaults.py'...
[11.414s] -- Installing: /home/dev/Documents/GitHub/Poonam/ros2_ws/install/camera_driver_srvs/lib/libcamera_driver_srvs__rosidl_generator_py.so
[11.414s] -- Set runtime path of "/home/dev/Documents/GitHub/Poonam/ros2_ws/install/camera_driver_srvs/lib/libcamera_driver_srvs__rosidl_generator_py.so" to ""
[11.414s] -- Installing: /home/dev/Documents/GitHub/Poonam/ros2_ws/install/camera_driver_srvs/share/camera_driver_srvs/cmake/export_camera_driver_srvs__rosidl_generator_cExport.cmake
[11.417s] -- Installing: /home/dev/Documents/GitHub/Poonam/ros2_ws/install/camera_driver_srvs/share/camera_driver_srvs/cmake/export_camera_driver_srvs__rosidl_generator_cExport-noconfig.cmake
[11.417s] -- Installing: /home/dev/Documents/GitHub/Poonam/ros2_ws/install/camera_driver_srvs/share/camera_driver_srvs/cmake/export_camera_driver_srvs__rosidl_typesupport_fastrtps_cExport.cmake
[11.419s] -- Installing: /home/dev/Documents/GitHub/Poonam/ros2_ws/install/camera_driver_srvs/share/camera_driver_srvs/cmake/export_camera_driver_srvs__rosidl_typesupport_fastrtps_cExport-noconfig.cmake
[11.419s] -- Installing: /home/dev/Documents/GitHub/Poonam/ros2_ws/install/camera_driver_srvs/share/camera_driver_srvs/cmake/camera_driver_srvs__rosidl_typesupport_introspection_cExport.cmake
[11.421s] -- Installing: /home/dev/Documents/GitHub/Poonam/ros2_ws/install/camera_driver_srvs/share/camera_driver_srvs/cmake/camera_driver_srvs__rosidl_typesupport_introspection_cExport-noconfig.cmake
[11.421s] -- Installing: /home/dev/Documents/GitHub/Poonam/ros2_ws/install/camera_driver_srvs/share/camera_driver_srvs/cmake/camera_driver_srvs__rosidl_typesupport_cExport.cmake
[11.422s] -- Installing: /home/dev/Documents/GitHub/Poonam/ros2_ws/install/camera_driver_srvs/share/camera_driver_srvs/cmake/camera_driver_srvs__rosidl_typesupport_cExport-noconfig.cmake
[11.425s] -- Installing: /home/dev/Documents/GitHub/Poonam/ros2_ws/install/camera_driver_srvs/share/camera_driver_srvs/cmake/export_camera_driver_srvs__rosidl_generator_cppExport.cmake
[11.425s] -- Installing: /home/dev/Documents/GitHub/Poonam/ros2_ws/install/camera_driver_srvs/share/camera_driver_srvs/cmake/export_camera_driver_srvs__rosidl_typesupport_fastrtps_cppExport.cmake
[11.425s] -- Installing: /home/dev/Documents/GitHub/Poonam/ros2_ws/install/camera_driver_srvs/share/camera_driver_srvs/cmake/export_camera_driver_srvs__rosidl_typesupport_fastrtps_cppExport-noconfig.cmake
[11.425s] -- Installing: /home/dev/Documents/GitHub/Poonam/ros2_ws/install/camera_driver_srvs/share/camera_driver_srvs/cmake/camera_driver_srvs__rosidl_typesupport_introspection_cppExport.cmake
[11.426s] -- Installing: /home/dev/Documents/GitHub/Poonam/ros2_ws/install/camera_driver_srvs/share/camera_driver_srvs/cmake/camera_driver_srvs__rosidl_typesupport_introspection_cppExport-noconfig.cmake
[11.430s] -- Installing: /home/dev/Documents/GitHub/Poonam/ros2_ws/install/camera_driver_srvs/share/camera_driver_srvs/cmake/camera_driver_srvs__rosidl_typesupport_cppExport.cmake
[11.434s] -- Installing: /home/dev/Documents/GitHub/Poonam/ros2_ws/install/camera_driver_srvs/share/camera_driver_srvs/cmake/camera_driver_srvs__rosidl_typesupport_cppExport-noconfig.cmake
[11.434s] -- Old export file "/home/dev/Documents/GitHub/Poonam/ros2_ws/install/camera_driver_srvs/share/camera_driver_srvs/cmake/export_camera_driver_srvs__rosidl_generator_pyExport.cmake" will be replaced.  Removing files [/home/dev/Documents/GitHub/Poonam/ros2_ws/install/camera_driver_srvs/share/camera_driver_srvs/cmake/export_camera_driver_srvs__rosidl_generator_pyExport-noconfig.cmake].
[11.434s] -- Installing: /home/dev/Documents/GitHub/Poonam/ros2_ws/install/camera_driver_srvs/share/camera_driver_srvs/cmake/export_camera_driver_srvs__rosidl_generator_pyExport.cmake
[11.434s] -- Installing: /home/dev/Documents/GitHub/Poonam/ros2_ws/install/camera_driver_srvs/share/camera_driver_srvs/cmake/export_camera_driver_srvs__rosidl_generator_pyExport-noconfig.cmake
[11.438s] Invoked command in '/home/dev/Documents/GitHub/Poonam/ros2_ws/build/camera_driver_srvs' returned '0': CMAKE_PREFIX_PATH=${CMAKE_PREFIX_PATH}:/opt/ros/humble CONDA_PROMPT_MODIFIER=(base) /usr/bin/cmake --install /home/dev/Documents/GitHub/Poonam/ros2_ws/build/camera_driver_srvs
