[0.032s] Invoking command in '/home/dev/Documents/GitHub/Polar-Two/ros2_ws/build/my_robot': CMAKE_PREFIX_PATH=/opt/ros/humble CONDA_PROMPT_MODIFIER=(base) /usr/bin/cmake --build /home/dev/Documents/GitHub/Polar-Two/ros2_ws/build/my_robot -- -j16 -l16
[0.096s] [35m[1mConsolidate compiler generated dependencies of target talker[0m
[0.096s] [35m[1mConsolidate compiler generated dependencies of target listener[0m
[0.097s] [35m[1mConsolidate compiler generated dependencies of target effort_translator[0m
[0.097s] [35m[1mConsolidate compiler generated dependencies of target gazebo_translator[0m
[0.097s] [35m[1mConsolidate compiler generated dependencies of target joystick_teleop[0m
[0.098s] [35m[1mConsolidate compiler generated dependencies of target hardware_translator[0m
[0.135s] [ 16%] Built target effort_translator
[0.135s] [ 41%] Built target joystick_teleop
[0.136s] [ 50%] Built target listener
[0.139s] [ 83%] Built target talker
[0.139s] [ 83%] Built target hardware_translator
[0.142s] [100%] Built target gazebo_translator
[0.177s] Invoked command in '/home/dev/Documents/GitHub/Polar-Two/ros2_ws/build/my_robot' returned '0': CMAKE_PREFIX_PATH=/opt/ros/humble CONDA_PROMPT_MODIFIER=(base) /usr/bin/cmake --build /home/dev/Documents/GitHub/Polar-Two/ros2_ws/build/my_robot -- -j16 -l16
[0.179s] Invoking command in '/home/dev/Documents/GitHub/Polar-Two/ros2_ws/build/my_robot': CMAKE_PREFIX_PATH=/opt/ros/humble CONDA_PROMPT_MODIFIER=(base) /usr/bin/cmake --install /home/dev/Documents/GitHub/Polar-Two/ros2_ws/build/my_robot
[0.187s] -- Install configuration: ""
[0.187s] -- Execute custom install script
[0.187s] -- Up-to-date symlink: /home/dev/Documents/GitHub/Polar-Two/ros2_ws/install/my_robot/lib/my_robot/talker
[0.187s] -- Up-to-date symlink: /home/dev/Documents/GitHub/Polar-Two/ros2_ws/install/my_robot/lib/my_robot/listener
[0.187s] -- Up-to-date symlink: /home/dev/Documents/GitHub/Polar-Two/ros2_ws/install/my_robot/lib/my_robot/effort_translator
[0.187s] -- Up-to-date symlink: /home/dev/Documents/GitHub/Polar-Two/ros2_ws/install/my_robot/lib/my_robot/joystick_teleop
[0.187s] -- Up-to-date symlink: /home/dev/Documents/GitHub/Polar-Two/ros2_ws/install/my_robot/lib/my_robot/gazebo_translator
[0.187s] -- Up-to-date symlink: /home/dev/Documents/GitHub/Polar-Two/ros2_ws/install/my_robot/lib/my_robot/hardware_translator
[0.188s] -- Up-to-date symlink: /home/dev/Documents/GitHub/Polar-Two/ros2_ws/install/my_robot/share/my_robot//launch/depth_camera.launch.py
[0.188s] -- Up-to-date symlink: /home/dev/Documents/GitHub/Polar-Two/ros2_ws/install/my_robot/share/my_robot//launch/effort_translator.launch.py
[0.188s] -- Up-to-date symlink: /home/dev/Documents/GitHub/Polar-Two/ros2_ws/install/my_robot/share/my_robot//launch/gazebo_translator.launch.py
[0.188s] -- Up-to-date symlink: /home/dev/Documents/GitHub/Polar-Two/ros2_ws/install/my_robot/share/my_robot//launch/hardware_translator.launch.py
[0.188s] -- Up-to-date symlink: /home/dev/Documents/GitHub/Polar-Two/ros2_ws/install/my_robot/share/my_robot//launch/joystick.launch.py
[0.188s] -- Up-to-date symlink: /home/dev/Documents/GitHub/Polar-Two/ros2_ws/install/my_robot/share/my_robot//launch/main.launch.py
[0.188s] -- Up-to-date symlink: /home/dev/Documents/GitHub/Polar-Two/ros2_ws/install/my_robot/share/my_robot//launch/microros.launch.py
[0.189s] -- Up-to-date symlink: /home/dev/Documents/GitHub/Polar-Two/ros2_ws/install/my_robot/share/my_robot//launch/rviz.launch.py
[0.189s] -- Up-to-date symlink: /home/dev/Documents/GitHub/Polar-Two/ros2_ws/install/my_robot/share/my_robot//launch/simulation.launch.py
[0.189s] -- Up-to-date symlink: /home/dev/Documents/GitHub/Polar-Two/ros2_ws/install/my_robot/share/my_robot//launch/twist_mux.launch.py
[0.189s] -- Up-to-date symlink: /home/dev/Documents/GitHub/Polar-Two/ros2_ws/install/my_robot/share/my_robot//config/effort_translator.yaml
[0.189s] -- Up-to-date symlink: /home/dev/Documents/GitHub/Polar-Two/ros2_ws/install/my_robot/share/my_robot//config/gazebo_params.yaml
[0.189s] -- Up-to-date symlink: /home/dev/Documents/GitHub/Polar-Two/ros2_ws/install/my_robot/share/my_robot//config/hardware_translator.yaml
[0.189s] -- Up-to-date symlink: /home/dev/Documents/GitHub/Polar-Two/ros2_ws/install/my_robot/share/my_robot//config/joystick.yaml
[0.189s] -- Up-to-date symlink: /home/dev/Documents/GitHub/Polar-Two/ros2_ws/install/my_robot/share/my_robot//config/simtime.yaml
[0.189s] -- Up-to-date symlink: /home/dev/Documents/GitHub/Polar-Two/ros2_ws/install/my_robot/share/my_robot//config/twist_mux.yaml
[0.190s] -- Up-to-date symlink: /home/dev/Documents/GitHub/Polar-Two/ros2_ws/install/my_robot/share/my_robot//rviz/hello.txt
[0.190s] -- Up-to-date symlink: /home/dev/Documents/GitHub/Polar-Two/ros2_ws/install/my_robot/share/my_robot//worlds/hello.txt
[0.190s] -- Up-to-date symlink: /home/dev/Documents/GitHub/Polar-Two/ros2_ws/install/my_robot/share/ament_index/resource_index/package_run_dependencies/my_robot
[0.190s] -- Up-to-date symlink: /home/dev/Documents/GitHub/Polar-Two/ros2_ws/install/my_robot/share/ament_index/resource_index/parent_prefix_path/my_robot
[0.191s] -- Up-to-date symlink: /home/dev/Documents/GitHub/Polar-Two/ros2_ws/install/my_robot/share/my_robot/environment/ament_prefix_path.sh
[0.191s] -- Up-to-date symlink: /home/dev/Documents/GitHub/Polar-Two/ros2_ws/install/my_robot/share/my_robot/environment/ament_prefix_path.dsv
[0.192s] -- Up-to-date symlink: /home/dev/Documents/GitHub/Polar-Two/ros2_ws/install/my_robot/share/my_robot/environment/path.sh
[0.192s] -- Up-to-date symlink: /home/dev/Documents/GitHub/Polar-Two/ros2_ws/install/my_robot/share/my_robot/environment/path.dsv
[0.192s] -- Up-to-date symlink: /home/dev/Documents/GitHub/Polar-Two/ros2_ws/install/my_robot/share/my_robot/local_setup.bash
[0.193s] -- Up-to-date symlink: /home/dev/Documents/GitHub/Polar-Two/ros2_ws/install/my_robot/share/my_robot/local_setup.sh
[0.193s] -- Up-to-date symlink: /home/dev/Documents/GitHub/Polar-Two/ros2_ws/install/my_robot/share/my_robot/local_setup.zsh
[0.193s] -- Up-to-date symlink: /home/dev/Documents/GitHub/Polar-Two/ros2_ws/install/my_robot/share/my_robot/local_setup.dsv
[0.193s] -- Symlinking: /home/dev/Documents/GitHub/Polar-Two/ros2_ws/install/my_robot/share/my_robot/package.dsv
[0.204s] -- Up-to-date symlink: /home/dev/Documents/GitHub/Polar-Two/ros2_ws/install/my_robot/share/ament_index/resource_index/packages/my_robot
[0.204s] -- Up-to-date symlink: /home/dev/Documents/GitHub/Polar-Two/ros2_ws/install/my_robot/share/my_robot/cmake/my_robotConfig.cmake
[0.204s] -- Up-to-date symlink: /home/dev/Documents/GitHub/Polar-Two/ros2_ws/install/my_robot/share/my_robot/cmake/my_robotConfig-version.cmake
[0.204s] -- Up-to-date symlink: /home/dev/Documents/GitHub/Polar-Two/ros2_ws/install/my_robot/share/my_robot/package.xml
[0.241s] Invoked command in '/home/dev/Documents/GitHub/Polar-Two/ros2_ws/build/my_robot' returned '0': CMAKE_PREFIX_PATH=/opt/ros/humble CONDA_PROMPT_MODIFIER=(base) /usr/bin/cmake --install /home/dev/Documents/GitHub/Polar-Two/ros2_ws/build/my_robot
