[0.033s] Invoking command in '/home/dev/Documents/GitHub/Polar-Two/ros2_ws/build/camera_driver': AMENT_PREFIX_PATH=/home/dev/Documents/GitHub/Polar-Two/ros2_ws/install/camera_driver_srvs:${AMENT_PREFIX_PATH} CMAKE_PREFIX_PATH=/home/dev/Documents/GitHub/Polar-Two/ros2_ws/install/camera_driver_srvs:/opt/ros/humble CONDA_PROMPT_MODIFIER=(base) LD_LIBRARY_PATH=/home/dev/Documents/GitHub/Polar-Two/ros2_ws/install/camera_driver_srvs/lib:${LD_LIBRARY_PATH} PYTHONPATH=/home/dev/Documents/GitHub/Polar-Two/ros2_ws/install/camera_driver_srvs/local/lib/python3.10/dist-packages:${PYTHONPATH} /usr/bin/cmake --build /home/dev/Documents/GitHub/Polar-Two/ros2_ws/build/camera_driver -- -j16 -l16
[0.161s] [ 50%] Built target camera_driver_parameters
[0.230s] [100%] Built target camera_driver_node
[0.262s] Invoked command in '/home/dev/Documents/GitHub/Polar-Two/ros2_ws/build/camera_driver' returned '0': AMENT_PREFIX_PATH=/home/dev/Documents/GitHub/Polar-Two/ros2_ws/install/camera_driver_srvs:${AMENT_PREFIX_PATH} CMAKE_PREFIX_PATH=/home/dev/Documents/GitHub/Polar-Two/ros2_ws/install/camera_driver_srvs:/opt/ros/humble CONDA_PROMPT_MODIFIER=(base) LD_LIBRARY_PATH=/home/dev/Documents/GitHub/Polar-Two/ros2_ws/install/camera_driver_srvs/lib:${LD_LIBRARY_PATH} PYTHONPATH=/home/dev/Documents/GitHub/Polar-Two/ros2_ws/install/camera_driver_srvs/local/lib/python3.10/dist-packages:${PYTHONPATH} /usr/bin/cmake --build /home/dev/Documents/GitHub/Polar-Two/ros2_ws/build/camera_driver -- -j16 -l16
[0.265s] Invoking command in '/home/dev/Documents/GitHub/Polar-Two/ros2_ws/build/camera_driver': AMENT_PREFIX_PATH=/home/dev/Documents/GitHub/Polar-Two/ros2_ws/install/camera_driver_srvs:${AMENT_PREFIX_PATH} CMAKE_PREFIX_PATH=/home/dev/Documents/GitHub/Polar-Two/ros2_ws/install/camera_driver_srvs:/opt/ros/humble CONDA_PROMPT_MODIFIER=(base) LD_LIBRARY_PATH=/home/dev/Documents/GitHub/Polar-Two/ros2_ws/install/camera_driver_srvs/lib:${LD_LIBRARY_PATH} PYTHONPATH=/home/dev/Documents/GitHub/Polar-Two/ros2_ws/install/camera_driver_srvs/local/lib/python3.10/dist-packages:${PYTHONPATH} /usr/bin/cmake --install /home/dev/Documents/GitHub/Polar-Two/ros2_ws/build/camera_driver
[0.282s] -- Install configuration: ""
[0.283s] -- Execute custom install script
[0.284s] -- Up-to-date symlink: /home/dev/Documents/GitHub/Polar-Two/ros2_ws/install/camera_driver/include/camera_driver/camera_driver_parameters.hpp
[0.284s] -- Up-to-date symlink: /home/dev/Documents/GitHub/Polar-Two/ros2_ws/install/camera_driver/share/camera_driver/environment/library_path.sh
[0.284s] -- Up-to-date symlink: /home/dev/Documents/GitHub/Polar-Two/ros2_ws/install/camera_driver/share/camera_driver/environment/library_path.dsv
[0.287s] -- Up-to-date symlink: /home/dev/Documents/GitHub/Polar-Two/ros2_ws/install/camera_driver/share/camera_driver//launch/camera_driver.launch.py
[0.287s] -- Up-to-date symlink: /home/dev/Documents/GitHub/Polar-Two/ros2_ws/install/camera_driver/share/camera_driver//launch/image_proc.launch.py
[0.287s] -- Up-to-date symlink: /home/dev/Documents/GitHub/Polar-Two/ros2_ws/install/camera_driver/share/camera_driver//config/camera_driver_config.yaml
[0.288s] -- Up-to-date symlink: /home/dev/Documents/GitHub/Polar-Two/ros2_ws/install/camera_driver/share/camera_driver//config/camera_seven_calibration.yaml
[0.288s] -- Up-to-date symlink: /home/dev/Documents/GitHub/Polar-Two/ros2_ws/install/camera_driver/include/camera_driver//camera_driver/cameramanager/CameraManager.hpp
[0.288s] -- Up-to-date symlink: /home/dev/Documents/GitHub/Polar-Two/ros2_ws/install/camera_driver/include/camera_driver//camera_driver/helpers/util.hpp
[0.288s] -- Up-to-date symlink: /home/dev/Documents/GitHub/Polar-Two/ros2_ws/install/camera_driver/share/ament_index/resource_index/package_run_dependencies/camera_driver
[0.288s] -- Up-to-date symlink: /home/dev/Documents/GitHub/Polar-Two/ros2_ws/install/camera_driver/share/ament_index/resource_index/parent_prefix_path/camera_driver
[0.288s] -- Up-to-date symlink: /home/dev/Documents/GitHub/Polar-Two/ros2_ws/install/camera_driver/share/camera_driver/environment/ament_prefix_path.sh
[0.289s] -- Up-to-date symlink: /home/dev/Documents/GitHub/Polar-Two/ros2_ws/install/camera_driver/share/camera_driver/environment/ament_prefix_path.dsv
[0.289s] -- Up-to-date symlink: /home/dev/Documents/GitHub/Polar-Two/ros2_ws/install/camera_driver/share/camera_driver/environment/path.sh
[0.289s] -- Up-to-date symlink: /home/dev/Documents/GitHub/Polar-Two/ros2_ws/install/camera_driver/share/camera_driver/environment/path.dsv
[0.289s] -- Up-to-date symlink: /home/dev/Documents/GitHub/Polar-Two/ros2_ws/install/camera_driver/share/camera_driver/local_setup.bash
[0.289s] -- Up-to-date symlink: /home/dev/Documents/GitHub/Polar-Two/ros2_ws/install/camera_driver/share/camera_driver/local_setup.sh
[0.289s] -- Up-to-date symlink: /home/dev/Documents/GitHub/Polar-Two/ros2_ws/install/camera_driver/share/camera_driver/local_setup.zsh
[0.289s] -- Up-to-date symlink: /home/dev/Documents/GitHub/Polar-Two/ros2_ws/install/camera_driver/share/camera_driver/local_setup.dsv
[0.290s] -- Symlinking: /home/dev/Documents/GitHub/Polar-Two/ros2_ws/install/camera_driver/share/camera_driver/package.dsv
[0.313s] -- Up-to-date symlink: /home/dev/Documents/GitHub/Polar-Two/ros2_ws/install/camera_driver/share/ament_index/resource_index/packages/camera_driver
[0.313s] -- Up-to-date symlink: /home/dev/Documents/GitHub/Polar-Two/ros2_ws/install/camera_driver/share/camera_driver/cmake/ament_cmake_export_dependencies-extras.cmake
[0.314s] -- Up-to-date symlink: /home/dev/Documents/GitHub/Polar-Two/ros2_ws/install/camera_driver/share/camera_driver/cmake/ament_cmake_export_targets-extras.cmake
[0.314s] -- Up-to-date symlink: /home/dev/Documents/GitHub/Polar-Two/ros2_ws/install/camera_driver/share/camera_driver/cmake/camera_driverConfig.cmake
[0.314s] -- Up-to-date symlink: /home/dev/Documents/GitHub/Polar-Two/ros2_ws/install/camera_driver/share/camera_driver/cmake/camera_driverConfig-version.cmake
[0.314s] -- Up-to-date symlink: /home/dev/Documents/GitHub/Polar-Two/ros2_ws/install/camera_driver/share/camera_driver/package.xml
[0.314s] -- Up-to-date: /home/dev/Documents/GitHub/Polar-Two/ros2_ws/install/camera_driver/lib/camera_driver/camera_driver_node
[0.314s] -- Up-to-date: /home/dev/Documents/GitHub/Polar-Two/ros2_ws/install/camera_driver/share/camera_driver/cmake/camera_driverTargetsExport.cmake
[0.315s] -- Up-to-date: /home/dev/Documents/GitHub/Polar-Two/ros2_ws/install/camera_driver/share/camera_driver/cmake/camera_driverTargetsExport-noconfig.cmake
[0.321s] Invoked command in '/home/dev/Documents/GitHub/Polar-Two/ros2_ws/build/camera_driver' returned '0': AMENT_PREFIX_PATH=/home/dev/Documents/GitHub/Polar-Two/ros2_ws/install/camera_driver_srvs:${AMENT_PREFIX_PATH} CMAKE_PREFIX_PATH=/home/dev/Documents/GitHub/Polar-Two/ros2_ws/install/camera_driver_srvs:/opt/ros/humble CONDA_PROMPT_MODIFIER=(base) LD_LIBRARY_PATH=/home/dev/Documents/GitHub/Polar-Two/ros2_ws/install/camera_driver_srvs/lib:${LD_LIBRARY_PATH} PYTHONPATH=/home/dev/Documents/GitHub/Polar-Two/ros2_ws/install/camera_driver_srvs/local/lib/python3.10/dist-packages:${PYTHONPATH} /usr/bin/cmake --install /home/dev/Documents/GitHub/Polar-Two/ros2_ws/build/camera_driver
