-- Install configuration: ""
-- Execute custom install script
-- Up-to-date symlink: /home/dev/Documents/GitHub/Polar-Two/ros2_ws/install/depthai_driver/share/depthai_driver/config/calibration/left.yaml
-- Up-to-date symlink: /home/dev/Documents/GitHub/Polar-Two/ros2_ws/install/depthai_driver/share/depthai_driver/config/calibration/rgb.yaml
-- Up-to-date symlink: /home/dev/Documents/GitHub/Polar-Two/ros2_ws/install/depthai_driver/share/depthai_driver/config/calibration/right.yaml
-- Up-to-date symlink: /home/dev/Documents/GitHub/Polar-Two/ros2_ws/install/depthai_driver/share/depthai_driver/config/config.yaml
-- Up-to-date symlink: /home/dev/Documents/GitHub/Polar-Two/ros2_ws/install/depthai_driver/share/depthai_driver/config/everything.yaml
-- Up-to-date symlink: /home/dev/Documents/GitHub/Polar-Two/ros2_ws/install/depthai_driver/share/depthai_driver/launch/camera_driver.launch.py
-- Up-to-date symlink: /home/dev/Documents/GitHub/Polar-Two/ros2_ws/install/depthai_driver/share/depthai_driver/src/hello.txt
-- Up-to-date symlink: /home/dev/Documents/GitHub/Polar-Two/ros2_ws/install/depthai_driver/share/ament_index/resource_index/package_run_dependencies/depthai_driver
-- Up-to-date symlink: /home/dev/Documents/GitHub/Polar-Two/ros2_ws/install/depthai_driver/share/ament_index/resource_index/parent_prefix_path/depthai_driver
-- Up-to-date symlink: /home/dev/Documents/GitHub/Polar-Two/ros2_ws/install/depthai_driver/share/depthai_driver/environment/ament_prefix_path.sh
-- Up-to-date symlink: /home/dev/Documents/GitHub/Polar-Two/ros2_ws/install/depthai_driver/share/depthai_driver/environment/ament_prefix_path.dsv
-- Up-to-date symlink: /home/dev/Documents/GitHub/Polar-Two/ros2_ws/install/depthai_driver/share/depthai_driver/environment/path.sh
-- Up-to-date symlink: /home/dev/Documents/GitHub/Polar-Two/ros2_ws/install/depthai_driver/share/depthai_driver/environment/path.dsv
-- Up-to-date symlink: /home/dev/Documents/GitHub/Polar-Two/ros2_ws/install/depthai_driver/share/depthai_driver/local_setup.bash
-- Up-to-date symlink: /home/dev/Documents/GitHub/Polar-Two/ros2_ws/install/depthai_driver/share/depthai_driver/local_setup.sh
-- Up-to-date symlink: /home/dev/Documents/GitHub/Polar-Two/ros2_ws/install/depthai_driver/share/depthai_driver/local_setup.zsh
-- Up-to-date symlink: /home/dev/Documents/GitHub/Polar-Two/ros2_ws/install/depthai_driver/share/depthai_driver/local_setup.dsv
-- Symlinking: /home/dev/Documents/GitHub/Polar-Two/ros2_ws/install/depthai_driver/share/depthai_driver/package.dsv
-- Up-to-date symlink: /home/dev/Documents/GitHub/Polar-Two/ros2_ws/install/depthai_driver/share/ament_index/resource_index/packages/depthai_driver
-- Up-to-date symlink: /home/dev/Documents/GitHub/Polar-Two/ros2_ws/install/depthai_driver/share/depthai_driver/cmake/depthai_driverConfig.cmake
-- Up-to-date symlink: /home/dev/Documents/GitHub/Polar-Two/ros2_ws/install/depthai_driver/share/depthai_driver/cmake/depthai_driverConfig-version.cmake
-- Up-to-date symlink: /home/dev/Documents/GitHub/Polar-Two/ros2_ws/install/depthai_driver/share/depthai_driver/package.xml
