[0.028s] Invoking command in '/home/dev/Documents/GitHub/Polar-Two/ros2_ws/build/template_package': CMAKE_PREFIX_PATH=/opt/ros/humble CONDA_PROMPT_MODIFIER=(base) /usr/bin/cmake /home/dev/Documents/GitHub/Polar-Two/ros2_ws/src/template_package -DAMENT_CMAKE_SYMLINK_INSTALL=1 -DCMAKE_INSTALL_PREFIX=/home/dev/Documents/GitHub/Polar-Two/ros2_ws/install/template_package
[0.086s] -- The C compiler identification is GNU 11.4.0
[0.149s] -- The CXX compiler identification is GNU 11.4.0
[0.155s] -- Detecting C compiler ABI info
[0.228s] -- Detecting C compiler ABI info - done
[0.234s] -- Check for working C compiler: /usr/bin/cc - skipped
[0.234s] -- Detecting C compile features
[0.234s] -- Detecting C compile features - done
[0.237s] -- Detecting CXX compiler ABI info
[0.329s] -- Detecting CXX compiler ABI info - done
[0.335s] -- Check for working CXX compiler: /usr/bin/c++ - skipped
[0.336s] -- Detecting CXX compile features
[0.336s] -- Detecting CXX compile features - done
[0.338s] -- Found ament_cmake: 1.3.11 (/opt/ros/humble/share/ament_cmake/cmake)
[0.793s] -- Found Python3: /home/dev/anaconda3/bin/python3 (found version "3.12.2") found components: Interpreter 
[0.890s] -- Override CMake install command with custom implementation using symlinks instead of copying resources
[0.919s] -- Found ament_lint_auto: 0.12.12 (/opt/ros/humble/share/ament_lint_auto/cmake)
[1.027s] -- Added test 'copyright' to check source files copyright and LICENSE
[1.034s] -- Added test 'flake8' to check Python code syntax and style conventions
[1.035s] -- Added test 'lint_cmake' to check CMake code style
[1.035s] -- Added test 'pep257' to check Python code against some of the docstring style conventions in PEP 257
[1.039s] -- Added test 'xmllint' to check XML markup files
[1.040s] -- Configuring done
[1.044s] -- Generating done
[1.046s] -- Build files have been written to: /home/dev/Documents/GitHub/Polar-Two/ros2_ws/build/template_package
[1.049s] Invoked command in '/home/dev/Documents/GitHub/Polar-Two/ros2_ws/build/template_package' returned '0': CMAKE_PREFIX_PATH=/opt/ros/humble CONDA_PROMPT_MODIFIER=(base) /usr/bin/cmake /home/dev/Documents/GitHub/Polar-Two/ros2_ws/src/template_package -DAMENT_CMAKE_SYMLINK_INSTALL=1 -DCMAKE_INSTALL_PREFIX=/home/dev/Documents/GitHub/Polar-Two/ros2_ws/install/template_package
[1.051s] Invoking command in '/home/dev/Documents/GitHub/Polar-Two/ros2_ws/build/template_package': CMAKE_PREFIX_PATH=/opt/ros/humble CONDA_PROMPT_MODIFIER=(base) /usr/bin/cmake --build /home/dev/Documents/GitHub/Polar-Two/ros2_ws/build/template_package -- -j16 -l16
[1.103s] Invoked command in '/home/dev/Documents/GitHub/Polar-Two/ros2_ws/build/template_package' returned '0': CMAKE_PREFIX_PATH=/opt/ros/humble CONDA_PROMPT_MODIFIER=(base) /usr/bin/cmake --build /home/dev/Documents/GitHub/Polar-Two/ros2_ws/build/template_package -- -j16 -l16
[1.104s] Invoking command in '/home/dev/Documents/GitHub/Polar-Two/ros2_ws/build/template_package': CMAKE_PREFIX_PATH=/opt/ros/humble CONDA_PROMPT_MODIFIER=(base) /usr/bin/cmake --install /home/dev/Documents/GitHub/Polar-Two/ros2_ws/build/template_package
[1.113s] -- Install configuration: ""
[1.113s] -- Execute custom install script
[1.114s] -- Symlinking: /home/dev/Documents/GitHub/Polar-Two/ros2_ws/install/template_package/share/template_package/config/ball_tracker_params_robot.yaml
[1.124s] -- Symlinking: /home/dev/Documents/GitHub/Polar-Two/ros2_ws/install/template_package/share/template_package/config/ball_tracker_params_sim.yaml
[1.132s] -- Symlinking: /home/dev/Documents/GitHub/Polar-Two/ros2_ws/install/template_package/share/template_package/config/drive_bot.rviz
[1.141s] -- Symlinking: /home/dev/Documents/GitHub/Polar-Two/ros2_ws/install/template_package/share/template_package/config/empty.yaml
[1.150s] -- Symlinking: /home/dev/Documents/GitHub/Polar-Two/ros2_ws/install/template_package/share/template_package/config/gaz_ros2_ctl_use_sim.yaml
[1.158s] -- Symlinking: /home/dev/Documents/GitHub/Polar-Two/ros2_ws/install/template_package/share/template_package/config/gazebo_params.yaml
[1.167s] -- Symlinking: /home/dev/Documents/GitHub/Polar-Two/ros2_ws/install/template_package/share/template_package/config/joystick.yaml
[1.175s] -- Symlinking: /home/dev/Documents/GitHub/Polar-Two/ros2_ws/install/template_package/share/template_package/config/main.rviz
[1.184s] -- Symlinking: /home/dev/Documents/GitHub/Polar-Two/ros2_ws/install/template_package/share/template_package/config/map.rviz
[1.194s] -- Symlinking: /home/dev/Documents/GitHub/Polar-Two/ros2_ws/install/template_package/share/template_package/config/mapper_params_online_async.yaml
[1.205s] -- Symlinking: /home/dev/Documents/GitHub/Polar-Two/ros2_ws/install/template_package/share/template_package/config/my_controllers.yaml
[1.217s] -- Symlinking: /home/dev/Documents/GitHub/Polar-Two/ros2_ws/install/template_package/share/template_package/config/nav2_params.yaml
[1.226s] -- Symlinking: /home/dev/Documents/GitHub/Polar-Two/ros2_ws/install/template_package/share/template_package/config/twist_mux.yaml
[1.236s] -- Symlinking: /home/dev/Documents/GitHub/Polar-Two/ros2_ws/install/template_package/share/template_package/config/view_bot.rviz
[1.246s] -- Symlinking: /home/dev/Documents/GitHub/Polar-Two/ros2_ws/install/template_package/share/template_package/description/camera.xacro
[1.253s] -- Symlinking: /home/dev/Documents/GitHub/Polar-Two/ros2_ws/install/template_package/share/template_package/description/depth_camera.xacro
[1.261s] -- Symlinking: /home/dev/Documents/GitHub/Polar-Two/ros2_ws/install/template_package/share/template_package/description/face.xacro
[1.270s] -- Symlinking: /home/dev/Documents/GitHub/Polar-Two/ros2_ws/install/template_package/share/template_package/description/gazebo_control.xacro
[1.279s] -- Symlinking: /home/dev/Documents/GitHub/Polar-Two/ros2_ws/install/template_package/share/template_package/description/inertial_macros.xacro
[1.288s] -- Symlinking: /home/dev/Documents/GitHub/Polar-Two/ros2_ws/install/template_package/share/template_package/description/lidar.xacro
[1.301s] -- Symlinking: /home/dev/Documents/GitHub/Polar-Two/ros2_ws/install/template_package/share/template_package/description/robot.urdf.xacro
[1.312s] -- Symlinking: /home/dev/Documents/GitHub/Polar-Two/ros2_ws/install/template_package/share/template_package/description/robot_core.xacro
[1.324s] -- Symlinking: /home/dev/Documents/GitHub/Polar-Two/ros2_ws/install/template_package/share/template_package/description/ros2_control.xacro
[1.333s] -- Symlinking: /home/dev/Documents/GitHub/Polar-Two/ros2_ws/install/template_package/share/template_package/launch/ball_tracker.launch.py
[1.342s] -- Symlinking: /home/dev/Documents/GitHub/Polar-Two/ros2_ws/install/template_package/share/template_package/launch/basic_rsp.launch.py
[1.356s] -- Symlinking: /home/dev/Documents/GitHub/Polar-Two/ros2_ws/install/template_package/share/template_package/launch/camera.launch.py
[1.369s] -- Symlinking: /home/dev/Documents/GitHub/Polar-Two/ros2_ws/install/template_package/share/template_package/launch/joystick.launch.py
[1.379s] -- Symlinking: /home/dev/Documents/GitHub/Polar-Two/ros2_ws/install/template_package/share/template_package/launch/launch_robot.launch.py
[1.388s] -- Symlinking: /home/dev/Documents/GitHub/Polar-Two/ros2_ws/install/template_package/share/template_package/launch/launch_sim.launch.py
[1.398s] -- Symlinking: /home/dev/Documents/GitHub/Polar-Two/ros2_ws/install/template_package/share/template_package/launch/localization_launch.py
[1.409s] -- Symlinking: /home/dev/Documents/GitHub/Polar-Two/ros2_ws/install/template_package/share/template_package/launch/navigation_launch.py
[1.420s] -- Symlinking: /home/dev/Documents/GitHub/Polar-Two/ros2_ws/install/template_package/share/template_package/launch/online_async_launch.py
[1.430s] -- Symlinking: /home/dev/Documents/GitHub/Polar-Two/ros2_ws/install/template_package/share/template_package/launch/rplidar.launch.py
[1.439s] -- Symlinking: /home/dev/Documents/GitHub/Polar-Two/ros2_ws/install/template_package/share/template_package/launch/rsp.launch.py
[1.448s] -- Symlinking: /home/dev/Documents/GitHub/Polar-Two/ros2_ws/install/template_package/share/template_package/worlds/empty.world
[1.458s] -- Symlinking: /home/dev/Documents/GitHub/Polar-Two/ros2_ws/install/template_package/share/template_package/worlds/obstacles.world
[1.467s] -- Symlinking: /home/dev/Documents/GitHub/Polar-Two/ros2_ws/install/template_package/share/ament_index/resource_index/package_run_dependencies/template_package
[1.476s] -- Symlinking: /home/dev/Documents/GitHub/Polar-Two/ros2_ws/install/template_package/share/ament_index/resource_index/parent_prefix_path/template_package
[1.485s] -- Symlinking: /home/dev/Documents/GitHub/Polar-Two/ros2_ws/install/template_package/share/template_package/environment/ament_prefix_path.sh
[1.496s] -- Symlinking: /home/dev/Documents/GitHub/Polar-Two/ros2_ws/install/template_package/share/template_package/environment/ament_prefix_path.dsv
[1.508s] -- Symlinking: /home/dev/Documents/GitHub/Polar-Two/ros2_ws/install/template_package/share/template_package/environment/path.sh
[1.519s] -- Symlinking: /home/dev/Documents/GitHub/Polar-Two/ros2_ws/install/template_package/share/template_package/environment/path.dsv
[1.529s] -- Symlinking: /home/dev/Documents/GitHub/Polar-Two/ros2_ws/install/template_package/share/template_package/local_setup.bash
[1.538s] -- Symlinking: /home/dev/Documents/GitHub/Polar-Two/ros2_ws/install/template_package/share/template_package/local_setup.sh
[1.547s] -- Symlinking: /home/dev/Documents/GitHub/Polar-Two/ros2_ws/install/template_package/share/template_package/local_setup.zsh
[1.556s] -- Symlinking: /home/dev/Documents/GitHub/Polar-Two/ros2_ws/install/template_package/share/template_package/local_setup.dsv
[1.565s] -- Symlinking: /home/dev/Documents/GitHub/Polar-Two/ros2_ws/install/template_package/share/template_package/package.dsv
[1.574s] -- Symlinking: /home/dev/Documents/GitHub/Polar-Two/ros2_ws/install/template_package/share/ament_index/resource_index/packages/template_package
[1.585s] -- Symlinking: /home/dev/Documents/GitHub/Polar-Two/ros2_ws/install/template_package/share/template_package/cmake/template_packageConfig.cmake
[1.592s] -- Symlinking: /home/dev/Documents/GitHub/Polar-Two/ros2_ws/install/template_package/share/template_package/cmake/template_packageConfig-version.cmake
[1.604s] -- Symlinking: /home/dev/Documents/GitHub/Polar-Two/ros2_ws/install/template_package/share/template_package/package.xml
[1.621s] Invoked command in '/home/dev/Documents/GitHub/Polar-Two/ros2_ws/build/template_package' returned '0': CMAKE_PREFIX_PATH=/opt/ros/humble CONDA_PROMPT_MODIFIER=(base) /usr/bin/cmake --install /home/dev/Documents/GitHub/Polar-Two/ros2_ws/build/template_package
