[0.027s] Invoking command in '/home/dev/Documents/GitHub/Polar-Two/ros2_ws/build/depthai_driver': CMAKE_PREFIX_PATH=${CMAKE_PREFIX_PATH}:/opt/ros/humble /usr/bin/cmake /home/dev/Documents/GitHub/Polar-Two/ros2_ws/src/depthai_driver -DAMENT_CMAKE_SYMLINK_INSTALL=1 -DCMAKE_INSTALL_PREFIX=/home/dev/Documents/GitHub/Polar-Two/ros2_ws/install/depthai_driver
[0.095s] -- The C compiler identification is GNU 11.4.0
[0.181s] -- The CXX compiler identification is GNU 11.4.0
[0.193s] -- Detecting C compiler ABI info
[0.268s] -- Detecting C compiler ABI info - done
[0.275s] -- Check for working C compiler: /usr/bin/cc - skipped
[0.276s] -- Detecting C compile features
[0.276s] -- Detecting C compile features - done
[0.279s] -- Detecting CXX compiler ABI info
[0.375s] -- Detecting CXX compiler ABI info - done
[0.384s] -- Check for working CXX compiler: /usr/bin/c++ - skipped
[0.384s] -- Detecting CXX compile features
[0.385s] -- Detecting CXX compile features - done
[0.387s] -- Found ament_cmake: 1.3.11 (/opt/ros/humble/share/ament_cmake/cmake)
[0.578s] -- Found Python3: /usr/bin/python3 (found version "3.10.12") found components: Interpreter 
[0.656s] -- Override CMake install command with custom implementation using symlinks instead of copying resources
[0.681s] -- Found ament_lint_auto: 0.12.12 (/opt/ros/humble/share/ament_lint_auto/cmake)
[0.765s] -- Added test 'flake8' to check Python code syntax and style conventions
[0.766s] -- Added test 'lint_cmake' to check CMake code style
[0.766s] -- Added test 'pep257' to check Python code against some of the docstring style conventions in PEP 257
[0.768s] -- Added test 'xmllint' to check XML markup files
[0.770s] -- Configuring done
[0.773s] -- Generating done
[0.775s] -- Build files have been written to: /home/dev/Documents/GitHub/Polar-Two/ros2_ws/build/depthai_driver
[0.779s] Invoked command in '/home/dev/Documents/GitHub/Polar-Two/ros2_ws/build/depthai_driver' returned '0': CMAKE_PREFIX_PATH=${CMAKE_PREFIX_PATH}:/opt/ros/humble /usr/bin/cmake /home/dev/Documents/GitHub/Polar-Two/ros2_ws/src/depthai_driver -DAMENT_CMAKE_SYMLINK_INSTALL=1 -DCMAKE_INSTALL_PREFIX=/home/dev/Documents/GitHub/Polar-Two/ros2_ws/install/depthai_driver
[0.782s] Invoking command in '/home/dev/Documents/GitHub/Polar-Two/ros2_ws/build/depthai_driver': CMAKE_PREFIX_PATH=${CMAKE_PREFIX_PATH}:/opt/ros/humble /usr/bin/cmake --build /home/dev/Documents/GitHub/Polar-Two/ros2_ws/build/depthai_driver -- -j16 -l16
[0.828s] Invoked command in '/home/dev/Documents/GitHub/Polar-Two/ros2_ws/build/depthai_driver' returned '0': CMAKE_PREFIX_PATH=${CMAKE_PREFIX_PATH}:/opt/ros/humble /usr/bin/cmake --build /home/dev/Documents/GitHub/Polar-Two/ros2_ws/build/depthai_driver -- -j16 -l16
[0.838s] Invoking command in '/home/dev/Documents/GitHub/Polar-Two/ros2_ws/build/depthai_driver': CMAKE_PREFIX_PATH=${CMAKE_PREFIX_PATH}:/opt/ros/humble /usr/bin/cmake --install /home/dev/Documents/GitHub/Polar-Two/ros2_ws/build/depthai_driver
[0.845s] -- Install configuration: ""
[0.845s] -- Execute custom install script
[0.846s] -- Symlinking: /home/dev/Documents/GitHub/Polar-Two/ros2_ws/install/depthai_driver/share/depthai_driver/config/calibration/left.yaml
[0.855s] -- Symlinking: /home/dev/Documents/GitHub/Polar-Two/ros2_ws/install/depthai_driver/share/depthai_driver/config/calibration/rgb.yaml
[0.864s] -- Symlinking: /home/dev/Documents/GitHub/Polar-Two/ros2_ws/install/depthai_driver/share/depthai_driver/config/calibration/right.yaml
[0.873s] -- Symlinking: /home/dev/Documents/GitHub/Polar-Two/ros2_ws/install/depthai_driver/share/depthai_driver/config/config.yaml
[0.882s] -- Symlinking: /home/dev/Documents/GitHub/Polar-Two/ros2_ws/install/depthai_driver/share/depthai_driver/config/everything.yaml
[0.892s] -- Symlinking: /home/dev/Documents/GitHub/Polar-Two/ros2_ws/install/depthai_driver/share/depthai_driver/launch/camera_driver.launch.py
[0.905s] -- Symlinking: /home/dev/Documents/GitHub/Polar-Two/ros2_ws/install/depthai_driver/share/depthai_driver/src/hello.txt
[0.924s] -- Symlinking: /home/dev/Documents/GitHub/Polar-Two/ros2_ws/install/depthai_driver/share/ament_index/resource_index/package_run_dependencies/depthai_driver
[0.938s] -- Symlinking: /home/dev/Documents/GitHub/Polar-Two/ros2_ws/install/depthai_driver/share/ament_index/resource_index/parent_prefix_path/depthai_driver
[0.952s] -- Symlinking: /home/dev/Documents/GitHub/Polar-Two/ros2_ws/install/depthai_driver/share/depthai_driver/environment/ament_prefix_path.sh
[0.964s] -- Symlinking: /home/dev/Documents/GitHub/Polar-Two/ros2_ws/install/depthai_driver/share/depthai_driver/environment/ament_prefix_path.dsv
[0.974s] -- Symlinking: /home/dev/Documents/GitHub/Polar-Two/ros2_ws/install/depthai_driver/share/depthai_driver/environment/path.sh
[0.986s] -- Symlinking: /home/dev/Documents/GitHub/Polar-Two/ros2_ws/install/depthai_driver/share/depthai_driver/environment/path.dsv
[0.995s] -- Symlinking: /home/dev/Documents/GitHub/Polar-Two/ros2_ws/install/depthai_driver/share/depthai_driver/local_setup.bash
[1.012s] -- Symlinking: /home/dev/Documents/GitHub/Polar-Two/ros2_ws/install/depthai_driver/share/depthai_driver/local_setup.sh
[1.025s] -- Symlinking: /home/dev/Documents/GitHub/Polar-Two/ros2_ws/install/depthai_driver/share/depthai_driver/local_setup.zsh
[1.035s] -- Symlinking: /home/dev/Documents/GitHub/Polar-Two/ros2_ws/install/depthai_driver/share/depthai_driver/local_setup.dsv
[1.047s] -- Symlinking: /home/dev/Documents/GitHub/Polar-Two/ros2_ws/install/depthai_driver/share/depthai_driver/package.dsv
[1.057s] -- Symlinking: /home/dev/Documents/GitHub/Polar-Two/ros2_ws/install/depthai_driver/share/ament_index/resource_index/packages/depthai_driver
[1.068s] -- Symlinking: /home/dev/Documents/GitHub/Polar-Two/ros2_ws/install/depthai_driver/share/depthai_driver/cmake/depthai_driverConfig.cmake
[1.078s] -- Symlinking: /home/dev/Documents/GitHub/Polar-Two/ros2_ws/install/depthai_driver/share/depthai_driver/cmake/depthai_driverConfig-version.cmake
[1.087s] -- Symlinking: /home/dev/Documents/GitHub/Polar-Two/ros2_ws/install/depthai_driver/share/depthai_driver/package.xml
[1.100s] Invoked command in '/home/dev/Documents/GitHub/Polar-Two/ros2_ws/build/depthai_driver' returned '0': CMAKE_PREFIX_PATH=${CMAKE_PREFIX_PATH}:/opt/ros/humble /usr/bin/cmake --install /home/dev/Documents/GitHub/Polar-Two/ros2_ws/build/depthai_driver
