[0.032s] Invoking command in '/home/dev/Documents/GitHub/Polar-Two/ros2_ws/build/my_robot': CMAKE_PREFIX_PATH=${CMAKE_PREFIX_PATH}:/opt/ros/humble /usr/bin/cmake --build /home/dev/Documents/GitHub/Polar-Two/ros2_ws/build/my_robot -- -j16 -l16
[0.087s] [35m[1mConsolidate compiler generated dependencies of target hardware_translator[0m
[0.087s] [35m[1mConsolidate compiler generated dependencies of target joystick_teleop[0m
[0.087s] [35m[1mConsolidate compiler generated dependencies of target effort_translator[0m
[0.089s] [35m[1mConsolidate compiler generated dependencies of target talker[0m
[0.101s] [35m[1mConsolidate compiler generated dependencies of target listener[0m
[0.102s] [35m[1mConsolidate compiler generated dependencies of target gazebo_translator[0m
[0.133s] [ 16%] Built target talker
[0.145s] [ 50%] Built target effort_translator
[0.145s] [ 50%] Built target listener
[0.146s] [ 66%] Built target joystick_teleop
[0.147s] [ 83%] Built target hardware_translator
[0.149s] [100%] Built target gazebo_translator
[0.196s] Invoked command in '/home/dev/Documents/GitHub/Polar-Two/ros2_ws/build/my_robot' returned '0': CMAKE_PREFIX_PATH=${CMAKE_PREFIX_PATH}:/opt/ros/humble /usr/bin/cmake --build /home/dev/Documents/GitHub/Polar-Two/ros2_ws/build/my_robot -- -j16 -l16
[0.198s] Invoking command in '/home/dev/Documents/GitHub/Polar-Two/ros2_ws/build/my_robot': CMAKE_PREFIX_PATH=${CMAKE_PREFIX_PATH}:/opt/ros/humble /usr/bin/cmake --install /home/dev/Documents/GitHub/Polar-Two/ros2_ws/build/my_robot
[0.224s] -- Install configuration: ""
[0.224s] -- Execute custom install script
[0.225s] -- Up-to-date symlink: /home/dev/Documents/GitHub/Polar-Two/ros2_ws/install/my_robot/lib/my_robot/talker
[0.225s] -- Up-to-date symlink: /home/dev/Documents/GitHub/Polar-Two/ros2_ws/install/my_robot/lib/my_robot/listener
[0.225s] -- Up-to-date symlink: /home/dev/Documents/GitHub/Polar-Two/ros2_ws/install/my_robot/lib/my_robot/effort_translator
[0.225s] -- Up-to-date symlink: /home/dev/Documents/GitHub/Polar-Two/ros2_ws/install/my_robot/lib/my_robot/joystick_teleop
[0.225s] -- Up-to-date symlink: /home/dev/Documents/GitHub/Polar-Two/ros2_ws/install/my_robot/lib/my_robot/gazebo_translator
[0.225s] -- Up-to-date symlink: /home/dev/Documents/GitHub/Polar-Two/ros2_ws/install/my_robot/lib/my_robot/hardware_translator
[0.225s] -- Up-to-date symlink: /home/dev/Documents/GitHub/Polar-Two/ros2_ws/install/my_robot/share/my_robot//launch/depth_camera.launch.py
[0.225s] -- Up-to-date symlink: /home/dev/Documents/GitHub/Polar-Two/ros2_ws/install/my_robot/share/my_robot//launch/effort_translator.launch.py
[0.225s] -- Up-to-date symlink: /home/dev/Documents/GitHub/Polar-Two/ros2_ws/install/my_robot/share/my_robot//launch/gazebo_translator.launch.py
[0.225s] -- Up-to-date symlink: /home/dev/Documents/GitHub/Polar-Two/ros2_ws/install/my_robot/share/my_robot//launch/hardware_translator.launch.py
[0.225s] -- Up-to-date symlink: /home/dev/Documents/GitHub/Polar-Two/ros2_ws/install/my_robot/share/my_robot//launch/joystick.launch.py
[0.225s] -- Up-to-date symlink: /home/dev/Documents/GitHub/Polar-Two/ros2_ws/install/my_robot/share/my_robot//launch/main.launch.py
[0.225s] -- Up-to-date symlink: /home/dev/Documents/GitHub/Polar-Two/ros2_ws/install/my_robot/share/my_robot//launch/microros.launch.py
[0.226s] -- Up-to-date symlink: /home/dev/Documents/GitHub/Polar-Two/ros2_ws/install/my_robot/share/my_robot//launch/rviz.launch.py
[0.226s] -- Up-to-date symlink: /home/dev/Documents/GitHub/Polar-Two/ros2_ws/install/my_robot/share/my_robot//launch/simulation.launch.py
[0.226s] -- Up-to-date symlink: /home/dev/Documents/GitHub/Polar-Two/ros2_ws/install/my_robot/share/my_robot//launch/twist_mux.launch.py
[0.226s] -- Up-to-date symlink: /home/dev/Documents/GitHub/Polar-Two/ros2_ws/install/my_robot/share/my_robot//config/effort_translator.yaml
[0.226s] -- Up-to-date symlink: /home/dev/Documents/GitHub/Polar-Two/ros2_ws/install/my_robot/share/my_robot//config/gazebo_params.yaml
[0.226s] -- Up-to-date symlink: /home/dev/Documents/GitHub/Polar-Two/ros2_ws/install/my_robot/share/my_robot//config/hardware_translator.yaml
[0.226s] -- Up-to-date symlink: /home/dev/Documents/GitHub/Polar-Two/ros2_ws/install/my_robot/share/my_robot//config/joystick.yaml
[0.226s] -- Up-to-date symlink: /home/dev/Documents/GitHub/Polar-Two/ros2_ws/install/my_robot/share/my_robot//config/simtime.yaml
[0.227s] -- Up-to-date symlink: /home/dev/Documents/GitHub/Polar-Two/ros2_ws/install/my_robot/share/my_robot//config/twist_mux.yaml
[0.227s] -- Up-to-date symlink: /home/dev/Documents/GitHub/Polar-Two/ros2_ws/install/my_robot/share/my_robot//rviz/hello.txt
[0.228s] -- Up-to-date symlink: /home/dev/Documents/GitHub/Polar-Two/ros2_ws/install/my_robot/share/my_robot//worlds/hello.txt
[0.228s] -- Up-to-date symlink: /home/dev/Documents/GitHub/Polar-Two/ros2_ws/install/my_robot/share/ament_index/resource_index/package_run_dependencies/my_robot
[0.228s] -- Up-to-date symlink: /home/dev/Documents/GitHub/Polar-Two/ros2_ws/install/my_robot/share/ament_index/resource_index/parent_prefix_path/my_robot
[0.229s] -- Up-to-date symlink: /home/dev/Documents/GitHub/Polar-Two/ros2_ws/install/my_robot/share/my_robot/environment/ament_prefix_path.sh
[0.230s] -- Up-to-date symlink: /home/dev/Documents/GitHub/Polar-Two/ros2_ws/install/my_robot/share/my_robot/environment/ament_prefix_path.dsv
[0.230s] -- Up-to-date symlink: /home/dev/Documents/GitHub/Polar-Two/ros2_ws/install/my_robot/share/my_robot/environment/path.sh
[0.230s] -- Up-to-date symlink: /home/dev/Documents/GitHub/Polar-Two/ros2_ws/install/my_robot/share/my_robot/environment/path.dsv
[0.230s] -- Up-to-date symlink: /home/dev/Documents/GitHub/Polar-Two/ros2_ws/install/my_robot/share/my_robot/local_setup.bash
[0.230s] -- Up-to-date symlink: /home/dev/Documents/GitHub/Polar-Two/ros2_ws/install/my_robot/share/my_robot/local_setup.sh
[0.230s] -- Up-to-date symlink: /home/dev/Documents/GitHub/Polar-Two/ros2_ws/install/my_robot/share/my_robot/local_setup.zsh
[0.230s] -- Up-to-date symlink: /home/dev/Documents/GitHub/Polar-Two/ros2_ws/install/my_robot/share/my_robot/local_setup.dsv
[0.230s] -- Symlinking: /home/dev/Documents/GitHub/Polar-Two/ros2_ws/install/my_robot/share/my_robot/package.dsv
[0.235s] -- Up-to-date symlink: /home/dev/Documents/GitHub/Polar-Two/ros2_ws/install/my_robot/share/ament_index/resource_index/packages/my_robot
[0.235s] -- Up-to-date symlink: /home/dev/Documents/GitHub/Polar-Two/ros2_ws/install/my_robot/share/my_robot/cmake/my_robotConfig.cmake
[0.235s] -- Up-to-date symlink: /home/dev/Documents/GitHub/Polar-Two/ros2_ws/install/my_robot/share/my_robot/cmake/my_robotConfig-version.cmake
[0.235s] -- Up-to-date symlink: /home/dev/Documents/GitHub/Polar-Two/ros2_ws/install/my_robot/share/my_robot/package.xml
[0.254s] Invoked command in '/home/dev/Documents/GitHub/Polar-Two/ros2_ws/build/my_robot' returned '0': CMAKE_PREFIX_PATH=${CMAKE_PREFIX_PATH}:/opt/ros/humble /usr/bin/cmake --install /home/dev/Documents/GitHub/Polar-Two/ros2_ws/build/my_robot
