[0.060s] Invoking command in '/home/dev/Documents/GitHub/Polar-Two/ros2_ws/build/camera_driver_srvs': CMAKE_PREFIX_PATH=/opt/ros/humble CONDA_PROMPT_MODIFIER=(base) /usr/bin/cmake --build /home/dev/Documents/GitHub/Polar-Two/ros2_ws/build/camera_driver_srvs -- -j16 -l16
[0.181s] [ 10%] Built target camera_driver_srvs__rosidl_generator_c
[0.190s] [ 12%] Built target camera_driver_srvs__cpp
[0.205s] [ 12%] Built target ament_cmake_python_symlink_camera_driver_srvs
[0.253s] [ 23%] Built target camera_driver_srvs__rosidl_typesupport_fastrtps_c
[0.260s] [ 33%] Built target camera_driver_srvs__rosidl_typesupport_cpp
[0.260s] [ 43%] Built target camera_driver_srvs__rosidl_typesupport_fastrtps_cpp
[0.264s] [ 53%] Built target camera_driver_srvs__rosidl_typesupport_introspection_c
[0.264s] [ 64%] Built target camera_driver_srvs__rosidl_typesupport_c
[0.274s] [ 74%] Built target camera_driver_srvs__rosidl_typesupport_introspection_cpp
[0.317s] [ 74%] Built target camera_driver_srvs
[0.370s] [ 76%] Built target camera_driver_srvs__py
[0.422s] [ 84%] Built target camera_driver_srvs__rosidl_generator_py
[0.476s] [ 94%] Built target camera_driver_srvs__rosidl_typesupport_introspection_c__pyext
[0.477s] [ 94%] Built target camera_driver_srvs__rosidl_typesupport_fastrtps_c__pyext
[0.478s] [100%] Built target camera_driver_srvs__rosidl_typesupport_c__pyext
[0.654s] running egg_info
[0.655s] writing camera_driver_srvs.egg-info/PKG-INFO
[0.656s] writing dependency_links to camera_driver_srvs.egg-info/dependency_links.txt
[0.656s] writing top-level names to camera_driver_srvs.egg-info/top_level.txt
[0.661s] reading manifest file 'camera_driver_srvs.egg-info/SOURCES.txt'
[0.662s] writing manifest file 'camera_driver_srvs.egg-info/SOURCES.txt'
[0.791s] [100%] Built target ament_cmake_python_build_camera_driver_srvs_egg
[0.827s] Invoked command in '/home/dev/Documents/GitHub/Polar-Two/ros2_ws/build/camera_driver_srvs' returned '0': CMAKE_PREFIX_PATH=/opt/ros/humble CONDA_PROMPT_MODIFIER=(base) /usr/bin/cmake --build /home/dev/Documents/GitHub/Polar-Two/ros2_ws/build/camera_driver_srvs -- -j16 -l16
[0.831s] Invoking command in '/home/dev/Documents/GitHub/Polar-Two/ros2_ws/build/camera_driver_srvs': CMAKE_PREFIX_PATH=/opt/ros/humble CONDA_PROMPT_MODIFIER=(base) /usr/bin/cmake --install /home/dev/Documents/GitHub/Polar-Two/ros2_ws/build/camera_driver_srvs
[0.847s] -- Install configuration: ""
[0.848s] -- Execute custom install script
[0.848s] -- Up-to-date symlink: /home/dev/Documents/GitHub/Polar-Two/ros2_ws/install/camera_driver_srvs/share/ament_index/resource_index/rosidl_interfaces/camera_driver_srvs
[0.849s] -- Up-to-date symlink: /home/dev/Documents/GitHub/Polar-Two/ros2_ws/install/camera_driver_srvs/include/camera_driver_srvs/camera_driver_srvs/msg/rosidl_generator_c__visibility_control.h
[0.849s] -- Up-to-date symlink: /home/dev/Documents/GitHub/Polar-Two/ros2_ws/install/camera_driver_srvs/include/camera_driver_srvs/camera_driver_srvs/srv/configure_camera.h
[0.849s] -- Up-to-date symlink: /home/dev/Documents/GitHub/Polar-Two/ros2_ws/install/camera_driver_srvs/include/camera_driver_srvs/camera_driver_srvs/srv/detail/configure_camera__functions.h
[0.849s] -- Up-to-date symlink: /home/dev/Documents/GitHub/Polar-Two/ros2_ws/install/camera_driver_srvs/include/camera_driver_srvs/camera_driver_srvs/srv/detail/configure_camera__struct.h
[0.850s] -- Up-to-date symlink: /home/dev/Documents/GitHub/Polar-Two/ros2_ws/install/camera_driver_srvs/include/camera_driver_srvs/camera_driver_srvs/srv/detail/configure_camera__type_support.h
[0.850s] -- Up-to-date symlink: /home/dev/Documents/GitHub/Polar-Two/ros2_ws/install/camera_driver_srvs/include/camera_driver_srvs/camera_driver_srvs/srv/detail/reconfigure_defaults__functions.h
[0.850s] -- Up-to-date symlink: /home/dev/Documents/GitHub/Polar-Two/ros2_ws/install/camera_driver_srvs/include/camera_driver_srvs/camera_driver_srvs/srv/detail/reconfigure_defaults__struct.h
[0.850s] -- Up-to-date symlink: /home/dev/Documents/GitHub/Polar-Two/ros2_ws/install/camera_driver_srvs/include/camera_driver_srvs/camera_driver_srvs/srv/detail/reconfigure_defaults__type_support.h
[0.850s] -- Up-to-date symlink: /home/dev/Documents/GitHub/Polar-Two/ros2_ws/install/camera_driver_srvs/include/camera_driver_srvs/camera_driver_srvs/srv/reconfigure_defaults.h
[0.850s] -- Up-to-date symlink: /home/dev/Documents/GitHub/Polar-Two/ros2_ws/install/camera_driver_srvs/share/camera_driver_srvs/environment/library_path.sh
[0.851s] -- Up-to-date symlink: /home/dev/Documents/GitHub/Polar-Two/ros2_ws/install/camera_driver_srvs/share/camera_driver_srvs/environment/library_path.dsv
[0.852s] -- Up-to-date symlink: /home/dev/Documents/GitHub/Polar-Two/ros2_ws/install/camera_driver_srvs/include/camera_driver_srvs/camera_driver_srvs/msg/rosidl_typesupport_fastrtps_c__visibility_control.h
[0.852s] -- Up-to-date symlink: /home/dev/Documents/GitHub/Polar-Two/ros2_ws/install/camera_driver_srvs/include/camera_driver_srvs/camera_driver_srvs/srv/detail/configure_camera__rosidl_typesupport_fastrtps_c.h
[0.852s] -- Up-to-date symlink: /home/dev/Documents/GitHub/Polar-Two/ros2_ws/install/camera_driver_srvs/include/camera_driver_srvs/camera_driver_srvs/srv/detail/reconfigure_defaults__rosidl_typesupport_fastrtps_c.h
[0.852s] -- Up-to-date symlink: /home/dev/Documents/GitHub/Polar-Two/ros2_ws/install/camera_driver_srvs/include/camera_driver_srvs/camera_driver_srvs/msg/rosidl_typesupport_introspection_c__visibility_control.h
[0.853s] -- Up-to-date symlink: /home/dev/Documents/GitHub/Polar-Two/ros2_ws/install/camera_driver_srvs/include/camera_driver_srvs/camera_driver_srvs/srv/detail/configure_camera__rosidl_typesupport_introspection_c.h
[0.853s] -- Up-to-date symlink: /home/dev/Documents/GitHub/Polar-Two/ros2_ws/install/camera_driver_srvs/include/camera_driver_srvs/camera_driver_srvs/srv/detail/reconfigure_defaults__rosidl_typesupport_introspection_c.h
[0.853s] -- Up-to-date symlink: /home/dev/Documents/GitHub/Polar-Two/ros2_ws/install/camera_driver_srvs/include/camera_driver_srvs/camera_driver_srvs/msg/rosidl_generator_cpp__visibility_control.hpp
[0.853s] -- Up-to-date symlink: /home/dev/Documents/GitHub/Polar-Two/ros2_ws/install/camera_driver_srvs/include/camera_driver_srvs/camera_driver_srvs/srv/configure_camera.hpp
[0.854s] -- Up-to-date symlink: /home/dev/Documents/GitHub/Polar-Two/ros2_ws/install/camera_driver_srvs/include/camera_driver_srvs/camera_driver_srvs/srv/detail/configure_camera__builder.hpp
[0.854s] -- Up-to-date symlink: /home/dev/Documents/GitHub/Polar-Two/ros2_ws/install/camera_driver_srvs/include/camera_driver_srvs/camera_driver_srvs/srv/detail/configure_camera__struct.hpp
[0.854s] -- Up-to-date symlink: /home/dev/Documents/GitHub/Polar-Two/ros2_ws/install/camera_driver_srvs/include/camera_driver_srvs/camera_driver_srvs/srv/detail/configure_camera__traits.hpp
[0.854s] -- Up-to-date symlink: /home/dev/Documents/GitHub/Polar-Two/ros2_ws/install/camera_driver_srvs/include/camera_driver_srvs/camera_driver_srvs/srv/detail/configure_camera__type_support.hpp
[0.854s] -- Up-to-date symlink: /home/dev/Documents/GitHub/Polar-Two/ros2_ws/install/camera_driver_srvs/include/camera_driver_srvs/camera_driver_srvs/srv/detail/reconfigure_defaults__builder.hpp
[0.855s] -- Up-to-date symlink: /home/dev/Documents/GitHub/Polar-Two/ros2_ws/install/camera_driver_srvs/include/camera_driver_srvs/camera_driver_srvs/srv/detail/reconfigure_defaults__struct.hpp
[0.856s] -- Up-to-date symlink: /home/dev/Documents/GitHub/Polar-Two/ros2_ws/install/camera_driver_srvs/include/camera_driver_srvs/camera_driver_srvs/srv/detail/reconfigure_defaults__traits.hpp
[0.856s] -- Up-to-date symlink: /home/dev/Documents/GitHub/Polar-Two/ros2_ws/install/camera_driver_srvs/include/camera_driver_srvs/camera_driver_srvs/srv/detail/reconfigure_defaults__type_support.hpp
[0.856s] -- Up-to-date symlink: /home/dev/Documents/GitHub/Polar-Two/ros2_ws/install/camera_driver_srvs/include/camera_driver_srvs/camera_driver_srvs/srv/reconfigure_defaults.hpp
[0.857s] -- Up-to-date symlink: /home/dev/Documents/GitHub/Polar-Two/ros2_ws/install/camera_driver_srvs/include/camera_driver_srvs/camera_driver_srvs/msg/rosidl_typesupport_fastrtps_cpp__visibility_control.h
[0.858s] -- Up-to-date symlink: /home/dev/Documents/GitHub/Polar-Two/ros2_ws/install/camera_driver_srvs/include/camera_driver_srvs/camera_driver_srvs/srv/detail/configure_camera__rosidl_typesupport_fastrtps_cpp.hpp
[0.858s] -- Up-to-date symlink: /home/dev/Documents/GitHub/Polar-Two/ros2_ws/install/camera_driver_srvs/include/camera_driver_srvs/camera_driver_srvs/srv/detail/reconfigure_defaults__rosidl_typesupport_fastrtps_cpp.hpp
[0.858s] -- Up-to-date symlink: /home/dev/Documents/GitHub/Polar-Two/ros2_ws/install/camera_driver_srvs/include/camera_driver_srvs/camera_driver_srvs/srv/detail/configure_camera__rosidl_typesupport_introspection_cpp.hpp
[0.859s] -- Up-to-date symlink: /home/dev/Documents/GitHub/Polar-Two/ros2_ws/install/camera_driver_srvs/include/camera_driver_srvs/camera_driver_srvs/srv/detail/reconfigure_defaults__rosidl_typesupport_introspection_cpp.hpp
[0.859s] -- Up-to-date symlink: /home/dev/Documents/GitHub/Polar-Two/ros2_ws/install/camera_driver_srvs/share/camera_driver_srvs/environment/pythonpath.sh
[0.859s] -- Up-to-date symlink: /home/dev/Documents/GitHub/Polar-Two/ros2_ws/install/camera_driver_srvs/share/camera_driver_srvs/environment/pythonpath.dsv
[0.860s] -- Up-to-date symlink: /home/dev/Documents/GitHub/Polar-Two/ros2_ws/install/camera_driver_srvs/local/lib/python3.10/dist-packages/camera_driver_srvs-0.0.0-py3.10.egg-info/PKG-INFO
[0.860s] -- Up-to-date symlink: /home/dev/Documents/GitHub/Polar-Two/ros2_ws/install/camera_driver_srvs/local/lib/python3.10/dist-packages/camera_driver_srvs-0.0.0-py3.10.egg-info/SOURCES.txt
[0.860s] -- Up-to-date symlink: /home/dev/Documents/GitHub/Polar-Two/ros2_ws/install/camera_driver_srvs/local/lib/python3.10/dist-packages/camera_driver_srvs-0.0.0-py3.10.egg-info/dependency_links.txt
[0.861s] -- Up-to-date symlink: /home/dev/Documents/GitHub/Polar-Two/ros2_ws/install/camera_driver_srvs/local/lib/python3.10/dist-packages/camera_driver_srvs-0.0.0-py3.10.egg-info/top_level.txt
[0.861s] -- Up-to-date symlink: /home/dev/Documents/GitHub/Polar-Two/ros2_ws/install/camera_driver_srvs/local/lib/python3.10/dist-packages/camera_driver_srvs/__init__.py
[0.861s] -- Up-to-date symlink: /home/dev/Documents/GitHub/Polar-Two/ros2_ws/install/camera_driver_srvs/local/lib/python3.10/dist-packages/camera_driver_srvs/_camera_driver_srvs_s.ep.rosidl_typesupport_c.c
[0.862s] -- Up-to-date symlink: /home/dev/Documents/GitHub/Polar-Two/ros2_ws/install/camera_driver_srvs/local/lib/python3.10/dist-packages/camera_driver_srvs/_camera_driver_srvs_s.ep.rosidl_typesupport_fastrtps_c.c
[0.862s] -- Up-to-date symlink: /home/dev/Documents/GitHub/Polar-Two/ros2_ws/install/camera_driver_srvs/local/lib/python3.10/dist-packages/camera_driver_srvs/_camera_driver_srvs_s.ep.rosidl_typesupport_introspection_c.c
[0.863s] -- Up-to-date symlink: /home/dev/Documents/GitHub/Polar-Two/ros2_ws/install/camera_driver_srvs/local/lib/python3.10/dist-packages/camera_driver_srvs/camera_driver_srvs_s__rosidl_typesupport_c.cpython-310-x86_64-linux-gnu.so
[0.863s] -- Up-to-date symlink: /home/dev/Documents/GitHub/Polar-Two/ros2_ws/install/camera_driver_srvs/local/lib/python3.10/dist-packages/camera_driver_srvs/camera_driver_srvs_s__rosidl_typesupport_fastrtps_c.cpython-310-x86_64-linux-gnu.so
[0.863s] -- Up-to-date symlink: /home/dev/Documents/GitHub/Polar-Two/ros2_ws/install/camera_driver_srvs/local/lib/python3.10/dist-packages/camera_driver_srvs/camera_driver_srvs_s__rosidl_typesupport_introspection_c.cpython-310-x86_64-linux-gnu.so
[0.863s] -- Up-to-date symlink: /home/dev/Documents/GitHub/Polar-Two/ros2_ws/install/camera_driver_srvs/local/lib/python3.10/dist-packages/camera_driver_srvs/libcamera_driver_srvs__rosidl_generator_py.so
[0.863s] -- Up-to-date symlink: /home/dev/Documents/GitHub/Polar-Two/ros2_ws/install/camera_driver_srvs/local/lib/python3.10/dist-packages/camera_driver_srvs/srv/__init__.py
[0.863s] -- Up-to-date symlink: /home/dev/Documents/GitHub/Polar-Two/ros2_ws/install/camera_driver_srvs/local/lib/python3.10/dist-packages/camera_driver_srvs/srv/_configure_camera.py
[0.863s] -- Up-to-date symlink: /home/dev/Documents/GitHub/Polar-Two/ros2_ws/install/camera_driver_srvs/local/lib/python3.10/dist-packages/camera_driver_srvs/srv/_configure_camera_s.c
[0.863s] -- Up-to-date symlink: /home/dev/Documents/GitHub/Polar-Two/ros2_ws/install/camera_driver_srvs/local/lib/python3.10/dist-packages/camera_driver_srvs/srv/_reconfigure_defaults.py
[0.863s] -- Up-to-date symlink: /home/dev/Documents/GitHub/Polar-Two/ros2_ws/install/camera_driver_srvs/local/lib/python3.10/dist-packages/camera_driver_srvs/srv/_reconfigure_defaults_s.c
[0.864s] -- Up-to-date symlink: /home/dev/Documents/GitHub/Polar-Two/ros2_ws/install/camera_driver_srvs/local/lib/python3.10/dist-packages/camera_driver_srvs/camera_driver_srvs_s__rosidl_typesupport_fastrtps_c.cpython-310-x86_64-linux-gnu.so
[0.865s] -- Up-to-date symlink: /home/dev/Documents/GitHub/Polar-Two/ros2_ws/install/camera_driver_srvs/local/lib/python3.10/dist-packages/camera_driver_srvs/camera_driver_srvs_s__rosidl_typesupport_introspection_c.cpython-310-x86_64-linux-gnu.so
[0.865s] -- Up-to-date symlink: /home/dev/Documents/GitHub/Polar-Two/ros2_ws/install/camera_driver_srvs/local/lib/python3.10/dist-packages/camera_driver_srvs/camera_driver_srvs_s__rosidl_typesupport_c.cpython-310-x86_64-linux-gnu.so
[0.865s] -- Up-to-date symlink: /home/dev/Documents/GitHub/Polar-Two/ros2_ws/install/camera_driver_srvs/share/camera_driver_srvs/srv/ConfigureCamera.idl
[0.865s] -- Up-to-date symlink: /home/dev/Documents/GitHub/Polar-Two/ros2_ws/install/camera_driver_srvs/share/camera_driver_srvs/srv/ReconfigureDefaults.idl
[0.865s] -- Up-to-date symlink: /home/dev/Documents/GitHub/Polar-Two/ros2_ws/install/camera_driver_srvs/share/camera_driver_srvs/srv/ConfigureCamera.srv
[0.865s] -- Up-to-date symlink: /home/dev/Documents/GitHub/Polar-Two/ros2_ws/install/camera_driver_srvs/share/camera_driver_srvs/srv/ConfigureCamera_Request.msg
[0.866s] -- Up-to-date symlink: /home/dev/Documents/GitHub/Polar-Two/ros2_ws/install/camera_driver_srvs/share/camera_driver_srvs/srv/ConfigureCamera_Response.msg
[0.866s] -- Up-to-date symlink: /home/dev/Documents/GitHub/Polar-Two/ros2_ws/install/camera_driver_srvs/share/camera_driver_srvs/srv/ReconfigureDefaults.srv
[0.866s] -- Up-to-date symlink: /home/dev/Documents/GitHub/Polar-Two/ros2_ws/install/camera_driver_srvs/share/camera_driver_srvs/srv/ReconfigureDefaults_Request.msg
[0.866s] -- Up-to-date symlink: /home/dev/Documents/GitHub/Polar-Two/ros2_ws/install/camera_driver_srvs/share/camera_driver_srvs/srv/ReconfigureDefaults_Response.msg
[0.867s] -- Up-to-date symlink: /home/dev/Documents/GitHub/Polar-Two/ros2_ws/install/camera_driver_srvs/share/ament_index/resource_index/package_run_dependencies/camera_driver_srvs
[0.868s] -- Up-to-date symlink: /home/dev/Documents/GitHub/Polar-Two/ros2_ws/install/camera_driver_srvs/share/ament_index/resource_index/parent_prefix_path/camera_driver_srvs
[0.870s] -- Up-to-date symlink: /home/dev/Documents/GitHub/Polar-Two/ros2_ws/install/camera_driver_srvs/share/camera_driver_srvs/environment/ament_prefix_path.sh
[0.870s] -- Up-to-date symlink: /home/dev/Documents/GitHub/Polar-Two/ros2_ws/install/camera_driver_srvs/share/camera_driver_srvs/environment/ament_prefix_path.dsv
[0.870s] -- Up-to-date symlink: /home/dev/Documents/GitHub/Polar-Two/ros2_ws/install/camera_driver_srvs/share/camera_driver_srvs/environment/path.sh
[0.870s] -- Up-to-date symlink: /home/dev/Documents/GitHub/Polar-Two/ros2_ws/install/camera_driver_srvs/share/camera_driver_srvs/environment/path.dsv
[0.870s] -- Up-to-date symlink: /home/dev/Documents/GitHub/Polar-Two/ros2_ws/install/camera_driver_srvs/share/camera_driver_srvs/local_setup.bash
[0.870s] -- Up-to-date symlink: /home/dev/Documents/GitHub/Polar-Two/ros2_ws/install/camera_driver_srvs/share/camera_driver_srvs/local_setup.sh
[0.870s] -- Up-to-date symlink: /home/dev/Documents/GitHub/Polar-Two/ros2_ws/install/camera_driver_srvs/share/camera_driver_srvs/local_setup.zsh
[0.871s] -- Up-to-date symlink: /home/dev/Documents/GitHub/Polar-Two/ros2_ws/install/camera_driver_srvs/share/camera_driver_srvs/local_setup.dsv
[0.871s] -- Symlinking: /home/dev/Documents/GitHub/Polar-Two/ros2_ws/install/camera_driver_srvs/share/camera_driver_srvs/package.dsv
[0.892s] -- Up-to-date symlink: /home/dev/Documents/GitHub/Polar-Two/ros2_ws/install/camera_driver_srvs/share/ament_index/resource_index/packages/camera_driver_srvs
[0.893s] -- Up-to-date symlink: /home/dev/Documents/GitHub/Polar-Two/ros2_ws/install/camera_driver_srvs/share/camera_driver_srvs/cmake/rosidl_cmake-extras.cmake
[0.894s] -- Up-to-date symlink: /home/dev/Documents/GitHub/Polar-Two/ros2_ws/install/camera_driver_srvs/share/camera_driver_srvs/cmake/ament_cmake_export_dependencies-extras.cmake
[0.894s] -- Up-to-date symlink: /home/dev/Documents/GitHub/Polar-Two/ros2_ws/install/camera_driver_srvs/share/camera_driver_srvs/cmake/ament_cmake_export_include_directories-extras.cmake
[0.894s] -- Up-to-date symlink: /home/dev/Documents/GitHub/Polar-Two/ros2_ws/install/camera_driver_srvs/share/camera_driver_srvs/cmake/ament_cmake_export_libraries-extras.cmake
[0.894s] -- Up-to-date symlink: /home/dev/Documents/GitHub/Polar-Two/ros2_ws/install/camera_driver_srvs/share/camera_driver_srvs/cmake/ament_cmake_export_targets-extras.cmake
[0.894s] -- Up-to-date symlink: /home/dev/Documents/GitHub/Polar-Two/ros2_ws/install/camera_driver_srvs/share/camera_driver_srvs/cmake/rosidl_cmake_export_typesupport_targets-extras.cmake
[0.894s] -- Up-to-date symlink: /home/dev/Documents/GitHub/Polar-Two/ros2_ws/install/camera_driver_srvs/share/camera_driver_srvs/cmake/rosidl_cmake_export_typesupport_libraries-extras.cmake
[0.895s] -- Up-to-date symlink: /home/dev/Documents/GitHub/Polar-Two/ros2_ws/install/camera_driver_srvs/share/camera_driver_srvs/cmake/camera_driver_srvsConfig.cmake
[0.895s] -- Up-to-date symlink: /home/dev/Documents/GitHub/Polar-Two/ros2_ws/install/camera_driver_srvs/share/camera_driver_srvs/cmake/camera_driver_srvsConfig-version.cmake
[0.895s] -- Up-to-date symlink: /home/dev/Documents/GitHub/Polar-Two/ros2_ws/install/camera_driver_srvs/share/camera_driver_srvs/package.xml
[0.895s] -- Up-to-date: /home/dev/Documents/GitHub/Polar-Two/ros2_ws/install/camera_driver_srvs/lib/libcamera_driver_srvs__rosidl_generator_c.so
[0.896s] -- Up-to-date: /home/dev/Documents/GitHub/Polar-Two/ros2_ws/install/camera_driver_srvs/lib/libcamera_driver_srvs__rosidl_typesupport_fastrtps_c.so
[0.896s] -- Up-to-date: /home/dev/Documents/GitHub/Polar-Two/ros2_ws/install/camera_driver_srvs/lib/libcamera_driver_srvs__rosidl_typesupport_introspection_c.so
[0.896s] -- Up-to-date: /home/dev/Documents/GitHub/Polar-Two/ros2_ws/install/camera_driver_srvs/lib/libcamera_driver_srvs__rosidl_typesupport_c.so
[0.897s] -- Up-to-date: /home/dev/Documents/GitHub/Polar-Two/ros2_ws/install/camera_driver_srvs/lib/libcamera_driver_srvs__rosidl_typesupport_fastrtps_cpp.so
[0.897s] -- Up-to-date: /home/dev/Documents/GitHub/Polar-Two/ros2_ws/install/camera_driver_srvs/lib/libcamera_driver_srvs__rosidl_typesupport_introspection_cpp.so
[0.898s] -- Up-to-date: /home/dev/Documents/GitHub/Polar-Two/ros2_ws/install/camera_driver_srvs/lib/libcamera_driver_srvs__rosidl_typesupport_cpp.so
[0.962s] Listing '/home/dev/Documents/GitHub/Polar-Two/ros2_ws/install/camera_driver_srvs/local/lib/python3.10/dist-packages/camera_driver_srvs'...
[0.962s] Listing '/home/dev/Documents/GitHub/Polar-Two/ros2_ws/install/camera_driver_srvs/local/lib/python3.10/dist-packages/camera_driver_srvs/srv'...
[0.988s] -- Up-to-date: /home/dev/Documents/GitHub/Polar-Two/ros2_ws/install/camera_driver_srvs/lib/libcamera_driver_srvs__rosidl_generator_py.so
[0.988s] -- Up-to-date: /home/dev/Documents/GitHub/Polar-Two/ros2_ws/install/camera_driver_srvs/share/camera_driver_srvs/cmake/export_camera_driver_srvs__rosidl_generator_cExport.cmake
[0.988s] -- Up-to-date: /home/dev/Documents/GitHub/Polar-Two/ros2_ws/install/camera_driver_srvs/share/camera_driver_srvs/cmake/export_camera_driver_srvs__rosidl_generator_cExport-noconfig.cmake
[0.989s] -- Up-to-date: /home/dev/Documents/GitHub/Polar-Two/ros2_ws/install/camera_driver_srvs/share/camera_driver_srvs/cmake/export_camera_driver_srvs__rosidl_typesupport_fastrtps_cExport.cmake
[0.989s] -- Up-to-date: /home/dev/Documents/GitHub/Polar-Two/ros2_ws/install/camera_driver_srvs/share/camera_driver_srvs/cmake/export_camera_driver_srvs__rosidl_typesupport_fastrtps_cExport-noconfig.cmake
[0.989s] -- Up-to-date: /home/dev/Documents/GitHub/Polar-Two/ros2_ws/install/camera_driver_srvs/share/camera_driver_srvs/cmake/camera_driver_srvs__rosidl_typesupport_introspection_cExport.cmake
[0.989s] -- Up-to-date: /home/dev/Documents/GitHub/Polar-Two/ros2_ws/install/camera_driver_srvs/share/camera_driver_srvs/cmake/camera_driver_srvs__rosidl_typesupport_introspection_cExport-noconfig.cmake
[0.989s] -- Up-to-date: /home/dev/Documents/GitHub/Polar-Two/ros2_ws/install/camera_driver_srvs/share/camera_driver_srvs/cmake/camera_driver_srvs__rosidl_typesupport_cExport.cmake
[0.989s] -- Up-to-date: /home/dev/Documents/GitHub/Polar-Two/ros2_ws/install/camera_driver_srvs/share/camera_driver_srvs/cmake/camera_driver_srvs__rosidl_typesupport_cExport-noconfig.cmake
[0.989s] -- Up-to-date: /home/dev/Documents/GitHub/Polar-Two/ros2_ws/install/camera_driver_srvs/share/camera_driver_srvs/cmake/export_camera_driver_srvs__rosidl_generator_cppExport.cmake
[0.989s] -- Up-to-date: /home/dev/Documents/GitHub/Polar-Two/ros2_ws/install/camera_driver_srvs/share/camera_driver_srvs/cmake/export_camera_driver_srvs__rosidl_typesupport_fastrtps_cppExport.cmake
[0.990s] -- Up-to-date: /home/dev/Documents/GitHub/Polar-Two/ros2_ws/install/camera_driver_srvs/share/camera_driver_srvs/cmake/export_camera_driver_srvs__rosidl_typesupport_fastrtps_cppExport-noconfig.cmake
[0.990s] -- Up-to-date: /home/dev/Documents/GitHub/Polar-Two/ros2_ws/install/camera_driver_srvs/share/camera_driver_srvs/cmake/camera_driver_srvs__rosidl_typesupport_introspection_cppExport.cmake
[0.990s] -- Up-to-date: /home/dev/Documents/GitHub/Polar-Two/ros2_ws/install/camera_driver_srvs/share/camera_driver_srvs/cmake/camera_driver_srvs__rosidl_typesupport_introspection_cppExport-noconfig.cmake
[0.990s] -- Up-to-date: /home/dev/Documents/GitHub/Polar-Two/ros2_ws/install/camera_driver_srvs/share/camera_driver_srvs/cmake/camera_driver_srvs__rosidl_typesupport_cppExport.cmake
[0.990s] -- Up-to-date: /home/dev/Documents/GitHub/Polar-Two/ros2_ws/install/camera_driver_srvs/share/camera_driver_srvs/cmake/camera_driver_srvs__rosidl_typesupport_cppExport-noconfig.cmake
[0.990s] -- Up-to-date: /home/dev/Documents/GitHub/Polar-Two/ros2_ws/install/camera_driver_srvs/share/camera_driver_srvs/cmake/export_camera_driver_srvs__rosidl_generator_pyExport.cmake
[0.990s] -- Up-to-date: /home/dev/Documents/GitHub/Polar-Two/ros2_ws/install/camera_driver_srvs/share/camera_driver_srvs/cmake/export_camera_driver_srvs__rosidl_generator_pyExport-noconfig.cmake
[0.996s] Invoked command in '/home/dev/Documents/GitHub/Polar-Two/ros2_ws/build/camera_driver_srvs' returned '0': CMAKE_PREFIX_PATH=/opt/ros/humble CONDA_PROMPT_MODIFIER=(base) /usr/bin/cmake --install /home/dev/Documents/GitHub/Polar-Two/ros2_ws/build/camera_driver_srvs
