[100%] Built target joystick_teleop
-- Install configuration: ""
-- Execute custom install script
-- Up-to-date symlink: /home/dev/Documents/GitHub/Polar-Two/ros2_ws/install/joystick_driver/lib/joystick_driver/joystick_teleop
-- Up-to-date symlink: /home/dev/Documents/GitHub/Polar-Two/ros2_ws/install/joystick_driver/share/joystick_driver/config/joystick.yaml
-- Up-to-date symlink: /home/dev/Documents/GitHub/Polar-Two/ros2_ws/install/joystick_driver/share/joystick_driver/launch/joystick.launch.py
-- Up-to-date symlink: /home/dev/Documents/GitHub/Polar-Two/ros2_ws/install/joystick_driver/share/joystick_driver/src/Joystick.cpp
-- Up-to-date symlink: /home/dev/Documents/GitHub/Polar-Two/ros2_ws/install/joystick_driver/share/ament_index/resource_index/package_run_dependencies/joystick_driver
-- Up-to-date symlink: /home/dev/Documents/GitHub/Polar-Two/ros2_ws/install/joystick_driver/share/ament_index/resource_index/parent_prefix_path/joystick_driver
-- Up-to-date symlink: /home/dev/Documents/GitHub/Polar-Two/ros2_ws/install/joystick_driver/share/joystick_driver/environment/ament_prefix_path.sh
-- Up-to-date symlink: /home/dev/Documents/GitHub/Polar-Two/ros2_ws/install/joystick_driver/share/joystick_driver/environment/ament_prefix_path.dsv
-- Up-to-date symlink: /home/dev/Documents/GitHub/Polar-Two/ros2_ws/install/joystick_driver/share/joystick_driver/environment/path.sh
-- Up-to-date symlink: /home/dev/Documents/GitHub/Polar-Two/ros2_ws/install/joystick_driver/share/joystick_driver/environment/path.dsv
-- Up-to-date symlink: /home/dev/Documents/GitHub/Polar-Two/ros2_ws/install/joystick_driver/share/joystick_driver/local_setup.bash
-- Up-to-date symlink: /home/dev/Documents/GitHub/Polar-Two/ros2_ws/install/joystick_driver/share/joystick_driver/local_setup.sh
-- Up-to-date symlink: /home/dev/Documents/GitHub/Polar-Two/ros2_ws/install/joystick_driver/share/joystick_driver/local_setup.zsh
-- Up-to-date symlink: /home/dev/Documents/GitHub/Polar-Two/ros2_ws/install/joystick_driver/share/joystick_driver/local_setup.dsv
-- Symlinking: /home/dev/Documents/GitHub/Polar-Two/ros2_ws/install/joystick_driver/share/joystick_driver/package.dsv
-- Up-to-date symlink: /home/dev/Documents/GitHub/Polar-Two/ros2_ws/install/joystick_driver/share/ament_index/resource_index/packages/joystick_driver
-- Up-to-date symlink: /home/dev/Documents/GitHub/Polar-Two/ros2_ws/install/joystick_driver/share/joystick_driver/cmake/joystick_driverConfig.cmake
-- Up-to-date symlink: /home/dev/Documents/GitHub/Polar-Two/ros2_ws/install/joystick_driver/share/joystick_driver/cmake/joystick_driverConfig-version.cmake
-- Up-to-date symlink: /home/dev/Documents/GitHub/Polar-Two/ros2_ws/install/joystick_driver/share/joystick_driver/package.xml
