[0.057s] Invoking command in '/home/dev/Documents/GitHub/Polar-Two/ros2_ws/build/joystick_driver': CMAKE_PREFIX_PATH=/opt/ros/humble CONDA_PROMPT_MODIFIER=(base) /usr/bin/cmake --build /home/dev/Documents/GitHub/Polar-Two/ros2_ws/build/joystick_driver -- -j16 -l16
[0.190s] [100%] Built target joystick_teleop
[0.334s] Invoked command in '/home/dev/Documents/GitHub/Polar-Two/ros2_ws/build/joystick_driver' returned '0': CMAKE_PREFIX_PATH=/opt/ros/humble CONDA_PROMPT_MODIFIER=(base) /usr/bin/cmake --build /home/dev/Documents/GitHub/Polar-Two/ros2_ws/build/joystick_driver -- -j16 -l16
[0.335s] Invoking command in '/home/dev/Documents/GitHub/Polar-Two/ros2_ws/build/joystick_driver': CMAKE_PREFIX_PATH=/opt/ros/humble CONDA_PROMPT_MODIFIER=(base) /usr/bin/cmake --install /home/dev/Documents/GitHub/Polar-Two/ros2_ws/build/joystick_driver
[0.340s] -- Install configuration: ""
[0.345s] -- Execute custom install script
[0.345s] -- Up-to-date symlink: /home/dev/Documents/GitHub/Polar-Two/ros2_ws/install/joystick_driver/lib/joystick_driver/joystick_teleop
[0.346s] -- Up-to-date symlink: /home/dev/Documents/GitHub/Polar-Two/ros2_ws/install/joystick_driver/share/joystick_driver/config/joystick.yaml
[0.351s] -- Up-to-date symlink: /home/dev/Documents/GitHub/Polar-Two/ros2_ws/install/joystick_driver/share/joystick_driver/launch/joystick.launch.py
[0.351s] -- Up-to-date symlink: /home/dev/Documents/GitHub/Polar-Two/ros2_ws/install/joystick_driver/share/joystick_driver/src/Joystick.cpp
[0.352s] -- Up-to-date symlink: /home/dev/Documents/GitHub/Polar-Two/ros2_ws/install/joystick_driver/share/ament_index/resource_index/package_run_dependencies/joystick_driver
[0.352s] -- Up-to-date symlink: /home/dev/Documents/GitHub/Polar-Two/ros2_ws/install/joystick_driver/share/ament_index/resource_index/parent_prefix_path/joystick_driver
[0.352s] -- Up-to-date symlink: /home/dev/Documents/GitHub/Polar-Two/ros2_ws/install/joystick_driver/share/joystick_driver/environment/ament_prefix_path.sh
[0.352s] -- Up-to-date symlink: /home/dev/Documents/GitHub/Polar-Two/ros2_ws/install/joystick_driver/share/joystick_driver/environment/ament_prefix_path.dsv
[0.352s] -- Up-to-date symlink: /home/dev/Documents/GitHub/Polar-Two/ros2_ws/install/joystick_driver/share/joystick_driver/environment/path.sh
[0.352s] -- Up-to-date symlink: /home/dev/Documents/GitHub/Polar-Two/ros2_ws/install/joystick_driver/share/joystick_driver/environment/path.dsv
[0.352s] -- Up-to-date symlink: /home/dev/Documents/GitHub/Polar-Two/ros2_ws/install/joystick_driver/share/joystick_driver/local_setup.bash
[0.352s] -- Up-to-date symlink: /home/dev/Documents/GitHub/Polar-Two/ros2_ws/install/joystick_driver/share/joystick_driver/local_setup.sh
[0.352s] -- Up-to-date symlink: /home/dev/Documents/GitHub/Polar-Two/ros2_ws/install/joystick_driver/share/joystick_driver/local_setup.zsh
[0.352s] -- Up-to-date symlink: /home/dev/Documents/GitHub/Polar-Two/ros2_ws/install/joystick_driver/share/joystick_driver/local_setup.dsv
[0.353s] -- Symlinking: /home/dev/Documents/GitHub/Polar-Two/ros2_ws/install/joystick_driver/share/joystick_driver/package.dsv
[0.363s] -- Up-to-date symlink: /home/dev/Documents/GitHub/Polar-Two/ros2_ws/install/joystick_driver/share/ament_index/resource_index/packages/joystick_driver
[0.364s] -- Up-to-date symlink: /home/dev/Documents/GitHub/Polar-Two/ros2_ws/install/joystick_driver/share/joystick_driver/cmake/joystick_driverConfig.cmake
[0.364s] -- Up-to-date symlink: /home/dev/Documents/GitHub/Polar-Two/ros2_ws/install/joystick_driver/share/joystick_driver/cmake/joystick_driverConfig-version.cmake
[0.366s] -- Up-to-date symlink: /home/dev/Documents/GitHub/Polar-Two/ros2_ws/install/joystick_driver/share/joystick_driver/package.xml
[0.431s] Invoked command in '/home/dev/Documents/GitHub/Polar-Two/ros2_ws/build/joystick_driver' returned '0': CMAKE_PREFIX_PATH=/opt/ros/humble CONDA_PROMPT_MODIFIER=(base) /usr/bin/cmake --install /home/dev/Documents/GitHub/Polar-Two/ros2_ws/build/joystick_driver
