[0.031s] Invoking command in '/home/dev/Documents/GitHub/Polar-Two/ros2_ws/build/camera_driver_srvs': CMAKE_PREFIX_PATH=/opt/ros/humble CONDA_PROMPT_MODIFIER=(base) /usr/bin/cmake --build /home/dev/Documents/GitHub/Polar-Two/ros2_ws/build/camera_driver_srvs -- -j16 -l16
[0.105s] [  2%] Built target camera_driver_srvs__cpp
[0.124s] [ 12%] Built target camera_driver_srvs__rosidl_generator_c
[0.124s] [ 12%] Built target ament_cmake_python_symlink_camera_driver_srvs
[0.174s] [ 23%] Built target camera_driver_srvs__rosidl_typesupport_introspection_c
[0.176s] [ 43%] Built target camera_driver_srvs__rosidl_typesupport_cpp
[0.178s] [ 43%] Built target camera_driver_srvs__rosidl_typesupport_fastrtps_cpp
[0.178s] [ 64%] Built target camera_driver_srvs__rosidl_typesupport_c
[0.178s] [ 64%] Built target camera_driver_srvs__rosidl_typesupport_introspection_cpp
[0.178s] [ 74%] Built target camera_driver_srvs__rosidl_typesupport_fastrtps_c
[0.194s] [ 74%] Built target camera_driver_srvs
[0.217s] [ 76%] Built target camera_driver_srvs__py
[0.251s] [ 84%] Built target camera_driver_srvs__rosidl_generator_py
[0.277s] [ 89%] Built target camera_driver_srvs__rosidl_typesupport_fastrtps_c__pyext
[0.280s] [100%] Built target camera_driver_srvs__rosidl_typesupport_c__pyext
[0.280s] [100%] Built target camera_driver_srvs__rosidl_typesupport_introspection_c__pyext
[0.375s] running egg_info
[0.390s] writing camera_driver_srvs.egg-info/PKG-INFO
[0.390s] writing dependency_links to camera_driver_srvs.egg-info/dependency_links.txt
[0.390s] writing top-level names to camera_driver_srvs.egg-info/top_level.txt
[0.444s] reading manifest file 'camera_driver_srvs.egg-info/SOURCES.txt'
[0.445s] writing manifest file 'camera_driver_srvs.egg-info/SOURCES.txt'
[0.489s] [100%] Built target ament_cmake_python_build_camera_driver_srvs_egg
[0.504s] Invoked command in '/home/dev/Documents/GitHub/Polar-Two/ros2_ws/build/camera_driver_srvs' returned '0': CMAKE_PREFIX_PATH=/opt/ros/humble CONDA_PROMPT_MODIFIER=(base) /usr/bin/cmake --build /home/dev/Documents/GitHub/Polar-Two/ros2_ws/build/camera_driver_srvs -- -j16 -l16
[0.506s] Invoking command in '/home/dev/Documents/GitHub/Polar-Two/ros2_ws/build/camera_driver_srvs': CMAKE_PREFIX_PATH=/opt/ros/humble CONDA_PROMPT_MODIFIER=(base) /usr/bin/cmake --install /home/dev/Documents/GitHub/Polar-Two/ros2_ws/build/camera_driver_srvs
[0.515s] -- Install configuration: ""
[0.516s] -- Execute custom install script
[0.516s] -- Up-to-date symlink: /home/dev/Documents/GitHub/Polar-Two/ros2_ws/install/camera_driver_srvs/share/ament_index/resource_index/rosidl_interfaces/camera_driver_srvs
[0.516s] -- Up-to-date symlink: /home/dev/Documents/GitHub/Polar-Two/ros2_ws/install/camera_driver_srvs/include/camera_driver_srvs/camera_driver_srvs/msg/rosidl_generator_c__visibility_control.h
[0.518s] -- Up-to-date symlink: /home/dev/Documents/GitHub/Polar-Two/ros2_ws/install/camera_driver_srvs/include/camera_driver_srvs/camera_driver_srvs/srv/configure_camera.h
[0.518s] -- Up-to-date symlink: /home/dev/Documents/GitHub/Polar-Two/ros2_ws/install/camera_driver_srvs/include/camera_driver_srvs/camera_driver_srvs/srv/detail/configure_camera__functions.h
[0.518s] -- Up-to-date symlink: /home/dev/Documents/GitHub/Polar-Two/ros2_ws/install/camera_driver_srvs/include/camera_driver_srvs/camera_driver_srvs/srv/detail/configure_camera__struct.h
[0.518s] -- Up-to-date symlink: /home/dev/Documents/GitHub/Polar-Two/ros2_ws/install/camera_driver_srvs/include/camera_driver_srvs/camera_driver_srvs/srv/detail/configure_camera__type_support.h
[0.518s] -- Up-to-date symlink: /home/dev/Documents/GitHub/Polar-Two/ros2_ws/install/camera_driver_srvs/include/camera_driver_srvs/camera_driver_srvs/srv/detail/reconfigure_defaults__functions.h
[0.518s] -- Up-to-date symlink: /home/dev/Documents/GitHub/Polar-Two/ros2_ws/install/camera_driver_srvs/include/camera_driver_srvs/camera_driver_srvs/srv/detail/reconfigure_defaults__struct.h
[0.518s] -- Up-to-date symlink: /home/dev/Documents/GitHub/Polar-Two/ros2_ws/install/camera_driver_srvs/include/camera_driver_srvs/camera_driver_srvs/srv/detail/reconfigure_defaults__type_support.h
[0.518s] -- Up-to-date symlink: /home/dev/Documents/GitHub/Polar-Two/ros2_ws/install/camera_driver_srvs/include/camera_driver_srvs/camera_driver_srvs/srv/reconfigure_defaults.h
[0.518s] -- Up-to-date symlink: /home/dev/Documents/GitHub/Polar-Two/ros2_ws/install/camera_driver_srvs/share/camera_driver_srvs/environment/library_path.sh
[0.520s] -- Up-to-date symlink: /home/dev/Documents/GitHub/Polar-Two/ros2_ws/install/camera_driver_srvs/share/camera_driver_srvs/environment/library_path.dsv
[0.520s] -- Up-to-date symlink: /home/dev/Documents/GitHub/Polar-Two/ros2_ws/install/camera_driver_srvs/include/camera_driver_srvs/camera_driver_srvs/msg/rosidl_typesupport_fastrtps_c__visibility_control.h
[0.520s] -- Up-to-date symlink: /home/dev/Documents/GitHub/Polar-Two/ros2_ws/install/camera_driver_srvs/include/camera_driver_srvs/camera_driver_srvs/srv/detail/configure_camera__rosidl_typesupport_fastrtps_c.h
[0.520s] -- Up-to-date symlink: /home/dev/Documents/GitHub/Polar-Two/ros2_ws/install/camera_driver_srvs/include/camera_driver_srvs/camera_driver_srvs/srv/detail/reconfigure_defaults__rosidl_typesupport_fastrtps_c.h
[0.520s] -- Up-to-date symlink: /home/dev/Documents/GitHub/Polar-Two/ros2_ws/install/camera_driver_srvs/include/camera_driver_srvs/camera_driver_srvs/msg/rosidl_typesupport_introspection_c__visibility_control.h
[0.520s] -- Up-to-date symlink: /home/dev/Documents/GitHub/Polar-Two/ros2_ws/install/camera_driver_srvs/include/camera_driver_srvs/camera_driver_srvs/srv/detail/configure_camera__rosidl_typesupport_introspection_c.h
[0.521s] -- Up-to-date symlink: /home/dev/Documents/GitHub/Polar-Two/ros2_ws/install/camera_driver_srvs/include/camera_driver_srvs/camera_driver_srvs/srv/detail/reconfigure_defaults__rosidl_typesupport_introspection_c.h
[0.521s] -- Up-to-date symlink: /home/dev/Documents/GitHub/Polar-Two/ros2_ws/install/camera_driver_srvs/include/camera_driver_srvs/camera_driver_srvs/msg/rosidl_generator_cpp__visibility_control.hpp
[0.521s] -- Up-to-date symlink: /home/dev/Documents/GitHub/Polar-Two/ros2_ws/install/camera_driver_srvs/include/camera_driver_srvs/camera_driver_srvs/srv/configure_camera.hpp
[0.521s] -- Up-to-date symlink: /home/dev/Documents/GitHub/Polar-Two/ros2_ws/install/camera_driver_srvs/include/camera_driver_srvs/camera_driver_srvs/srv/detail/configure_camera__builder.hpp
[0.521s] -- Up-to-date symlink: /home/dev/Documents/GitHub/Polar-Two/ros2_ws/install/camera_driver_srvs/include/camera_driver_srvs/camera_driver_srvs/srv/detail/configure_camera__struct.hpp
[0.521s] -- Up-to-date symlink: /home/dev/Documents/GitHub/Polar-Two/ros2_ws/install/camera_driver_srvs/include/camera_driver_srvs/camera_driver_srvs/srv/detail/configure_camera__traits.hpp
[0.521s] -- Up-to-date symlink: /home/dev/Documents/GitHub/Polar-Two/ros2_ws/install/camera_driver_srvs/include/camera_driver_srvs/camera_driver_srvs/srv/detail/configure_camera__type_support.hpp
[0.521s] -- Up-to-date symlink: /home/dev/Documents/GitHub/Polar-Two/ros2_ws/install/camera_driver_srvs/include/camera_driver_srvs/camera_driver_srvs/srv/detail/reconfigure_defaults__builder.hpp
[0.521s] -- Up-to-date symlink: /home/dev/Documents/GitHub/Polar-Two/ros2_ws/install/camera_driver_srvs/include/camera_driver_srvs/camera_driver_srvs/srv/detail/reconfigure_defaults__struct.hpp
[0.521s] -- Up-to-date symlink: /home/dev/Documents/GitHub/Polar-Two/ros2_ws/install/camera_driver_srvs/include/camera_driver_srvs/camera_driver_srvs/srv/detail/reconfigure_defaults__traits.hpp
[0.522s] -- Up-to-date symlink: /home/dev/Documents/GitHub/Polar-Two/ros2_ws/install/camera_driver_srvs/include/camera_driver_srvs/camera_driver_srvs/srv/detail/reconfigure_defaults__type_support.hpp
[0.522s] -- Up-to-date symlink: /home/dev/Documents/GitHub/Polar-Two/ros2_ws/install/camera_driver_srvs/include/camera_driver_srvs/camera_driver_srvs/srv/reconfigure_defaults.hpp
[0.523s] -- Up-to-date symlink: /home/dev/Documents/GitHub/Polar-Two/ros2_ws/install/camera_driver_srvs/include/camera_driver_srvs/camera_driver_srvs/msg/rosidl_typesupport_fastrtps_cpp__visibility_control.h
[0.523s] -- Up-to-date symlink: /home/dev/Documents/GitHub/Polar-Two/ros2_ws/install/camera_driver_srvs/include/camera_driver_srvs/camera_driver_srvs/srv/detail/configure_camera__rosidl_typesupport_fastrtps_cpp.hpp
[0.523s] -- Up-to-date symlink: /home/dev/Documents/GitHub/Polar-Two/ros2_ws/install/camera_driver_srvs/include/camera_driver_srvs/camera_driver_srvs/srv/detail/reconfigure_defaults__rosidl_typesupport_fastrtps_cpp.hpp
[0.523s] -- Up-to-date symlink: /home/dev/Documents/GitHub/Polar-Two/ros2_ws/install/camera_driver_srvs/include/camera_driver_srvs/camera_driver_srvs/srv/detail/configure_camera__rosidl_typesupport_introspection_cpp.hpp
[0.523s] -- Up-to-date symlink: /home/dev/Documents/GitHub/Polar-Two/ros2_ws/install/camera_driver_srvs/include/camera_driver_srvs/camera_driver_srvs/srv/detail/reconfigure_defaults__rosidl_typesupport_introspection_cpp.hpp
[0.524s] -- Up-to-date symlink: /home/dev/Documents/GitHub/Polar-Two/ros2_ws/install/camera_driver_srvs/share/camera_driver_srvs/environment/pythonpath.sh
[0.524s] -- Up-to-date symlink: /home/dev/Documents/GitHub/Polar-Two/ros2_ws/install/camera_driver_srvs/share/camera_driver_srvs/environment/pythonpath.dsv
[0.524s] -- Up-to-date symlink: /home/dev/Documents/GitHub/Polar-Two/ros2_ws/install/camera_driver_srvs/lib/python3.12/site-packages/camera_driver_srvs-0.0.0-py3.12.egg-info/PKG-INFO
[0.524s] -- Up-to-date symlink: /home/dev/Documents/GitHub/Polar-Two/ros2_ws/install/camera_driver_srvs/lib/python3.12/site-packages/camera_driver_srvs-0.0.0-py3.12.egg-info/SOURCES.txt
[0.525s] -- Up-to-date symlink: /home/dev/Documents/GitHub/Polar-Two/ros2_ws/install/camera_driver_srvs/lib/python3.12/site-packages/camera_driver_srvs-0.0.0-py3.12.egg-info/dependency_links.txt
[0.525s] -- Up-to-date symlink: /home/dev/Documents/GitHub/Polar-Two/ros2_ws/install/camera_driver_srvs/lib/python3.12/site-packages/camera_driver_srvs-0.0.0-py3.12.egg-info/top_level.txt
[0.526s] -- Up-to-date symlink: /home/dev/Documents/GitHub/Polar-Two/ros2_ws/install/camera_driver_srvs/lib/python3.12/site-packages/camera_driver_srvs/__init__.py
[0.526s] -- Up-to-date symlink: /home/dev/Documents/GitHub/Polar-Two/ros2_ws/install/camera_driver_srvs/lib/python3.12/site-packages/camera_driver_srvs/_camera_driver_srvs_s.ep.rosidl_typesupport_c.c
[0.526s] -- Up-to-date symlink: /home/dev/Documents/GitHub/Polar-Two/ros2_ws/install/camera_driver_srvs/lib/python3.12/site-packages/camera_driver_srvs/_camera_driver_srvs_s.ep.rosidl_typesupport_fastrtps_c.c
[0.526s] -- Up-to-date symlink: /home/dev/Documents/GitHub/Polar-Two/ros2_ws/install/camera_driver_srvs/lib/python3.12/site-packages/camera_driver_srvs/_camera_driver_srvs_s.ep.rosidl_typesupport_introspection_c.c
[0.526s] -- Up-to-date symlink: /home/dev/Documents/GitHub/Polar-Two/ros2_ws/install/camera_driver_srvs/lib/python3.12/site-packages/camera_driver_srvs/camera_driver_srvs_s__rosidl_typesupport_c.cpython-312-x86_64-linux-gnu.so
[0.526s] -- Up-to-date symlink: /home/dev/Documents/GitHub/Polar-Two/ros2_ws/install/camera_driver_srvs/lib/python3.12/site-packages/camera_driver_srvs/camera_driver_srvs_s__rosidl_typesupport_fastrtps_c.cpython-312-x86_64-linux-gnu.so
[0.527s] -- Up-to-date symlink: /home/dev/Documents/GitHub/Polar-Two/ros2_ws/install/camera_driver_srvs/lib/python3.12/site-packages/camera_driver_srvs/camera_driver_srvs_s__rosidl_typesupport_introspection_c.cpython-312-x86_64-linux-gnu.so
[0.527s] -- Up-to-date symlink: /home/dev/Documents/GitHub/Polar-Two/ros2_ws/install/camera_driver_srvs/lib/python3.12/site-packages/camera_driver_srvs/libcamera_driver_srvs__rosidl_generator_py.so
[0.527s] -- Up-to-date symlink: /home/dev/Documents/GitHub/Polar-Two/ros2_ws/install/camera_driver_srvs/lib/python3.12/site-packages/camera_driver_srvs/srv/__init__.py
[0.527s] -- Up-to-date symlink: /home/dev/Documents/GitHub/Polar-Two/ros2_ws/install/camera_driver_srvs/lib/python3.12/site-packages/camera_driver_srvs/srv/_configure_camera.py
[0.527s] -- Up-to-date symlink: /home/dev/Documents/GitHub/Polar-Two/ros2_ws/install/camera_driver_srvs/lib/python3.12/site-packages/camera_driver_srvs/srv/_configure_camera_s.c
[0.527s] -- Up-to-date symlink: /home/dev/Documents/GitHub/Polar-Two/ros2_ws/install/camera_driver_srvs/lib/python3.12/site-packages/camera_driver_srvs/srv/_reconfigure_defaults.py
[0.527s] -- Up-to-date symlink: /home/dev/Documents/GitHub/Polar-Two/ros2_ws/install/camera_driver_srvs/lib/python3.12/site-packages/camera_driver_srvs/srv/_reconfigure_defaults_s.c
[0.528s] -- Up-to-date symlink: /home/dev/Documents/GitHub/Polar-Two/ros2_ws/install/camera_driver_srvs/lib/python3.12/site-packages/camera_driver_srvs/camera_driver_srvs_s__rosidl_typesupport_fastrtps_c.cpython-312-x86_64-linux-gnu.so
[0.528s] -- Up-to-date symlink: /home/dev/Documents/GitHub/Polar-Two/ros2_ws/install/camera_driver_srvs/lib/python3.12/site-packages/camera_driver_srvs/camera_driver_srvs_s__rosidl_typesupport_introspection_c.cpython-312-x86_64-linux-gnu.so
[0.528s] -- Up-to-date symlink: /home/dev/Documents/GitHub/Polar-Two/ros2_ws/install/camera_driver_srvs/lib/python3.12/site-packages/camera_driver_srvs/camera_driver_srvs_s__rosidl_typesupport_c.cpython-312-x86_64-linux-gnu.so
[0.528s] -- Up-to-date symlink: /home/dev/Documents/GitHub/Polar-Two/ros2_ws/install/camera_driver_srvs/share/camera_driver_srvs/srv/ConfigureCamera.idl
[0.528s] -- Up-to-date symlink: /home/dev/Documents/GitHub/Polar-Two/ros2_ws/install/camera_driver_srvs/share/camera_driver_srvs/srv/ReconfigureDefaults.idl
[0.528s] -- Up-to-date symlink: /home/dev/Documents/GitHub/Polar-Two/ros2_ws/install/camera_driver_srvs/share/camera_driver_srvs/srv/ConfigureCamera.srv
[0.529s] -- Up-to-date symlink: /home/dev/Documents/GitHub/Polar-Two/ros2_ws/install/camera_driver_srvs/share/camera_driver_srvs/srv/ConfigureCamera_Request.msg
[0.529s] -- Up-to-date symlink: /home/dev/Documents/GitHub/Polar-Two/ros2_ws/install/camera_driver_srvs/share/camera_driver_srvs/srv/ConfigureCamera_Response.msg
[0.529s] -- Up-to-date symlink: /home/dev/Documents/GitHub/Polar-Two/ros2_ws/install/camera_driver_srvs/share/camera_driver_srvs/srv/ReconfigureDefaults.srv
[0.529s] -- Up-to-date symlink: /home/dev/Documents/GitHub/Polar-Two/ros2_ws/install/camera_driver_srvs/share/camera_driver_srvs/srv/ReconfigureDefaults_Request.msg
[0.529s] -- Up-to-date symlink: /home/dev/Documents/GitHub/Polar-Two/ros2_ws/install/camera_driver_srvs/share/camera_driver_srvs/srv/ReconfigureDefaults_Response.msg
[0.529s] -- Up-to-date symlink: /home/dev/Documents/GitHub/Polar-Two/ros2_ws/install/camera_driver_srvs/share/ament_index/resource_index/package_run_dependencies/camera_driver_srvs
[0.529s] -- Up-to-date symlink: /home/dev/Documents/GitHub/Polar-Two/ros2_ws/install/camera_driver_srvs/share/ament_index/resource_index/parent_prefix_path/camera_driver_srvs
[0.530s] -- Up-to-date symlink: /home/dev/Documents/GitHub/Polar-Two/ros2_ws/install/camera_driver_srvs/share/camera_driver_srvs/environment/ament_prefix_path.sh
[0.530s] -- Up-to-date symlink: /home/dev/Documents/GitHub/Polar-Two/ros2_ws/install/camera_driver_srvs/share/camera_driver_srvs/environment/ament_prefix_path.dsv
[0.530s] -- Up-to-date symlink: /home/dev/Documents/GitHub/Polar-Two/ros2_ws/install/camera_driver_srvs/share/camera_driver_srvs/environment/path.sh
[0.530s] -- Up-to-date symlink: /home/dev/Documents/GitHub/Polar-Two/ros2_ws/install/camera_driver_srvs/share/camera_driver_srvs/environment/path.dsv
[0.530s] -- Up-to-date symlink: /home/dev/Documents/GitHub/Polar-Two/ros2_ws/install/camera_driver_srvs/share/camera_driver_srvs/local_setup.bash
[0.530s] -- Up-to-date symlink: /home/dev/Documents/GitHub/Polar-Two/ros2_ws/install/camera_driver_srvs/share/camera_driver_srvs/local_setup.sh
[0.530s] -- Up-to-date symlink: /home/dev/Documents/GitHub/Polar-Two/ros2_ws/install/camera_driver_srvs/share/camera_driver_srvs/local_setup.zsh
[0.530s] -- Up-to-date symlink: /home/dev/Documents/GitHub/Polar-Two/ros2_ws/install/camera_driver_srvs/share/camera_driver_srvs/local_setup.dsv
[0.531s] -- Symlinking: /home/dev/Documents/GitHub/Polar-Two/ros2_ws/install/camera_driver_srvs/share/camera_driver_srvs/package.dsv
[0.540s] -- Up-to-date symlink: /home/dev/Documents/GitHub/Polar-Two/ros2_ws/install/camera_driver_srvs/share/ament_index/resource_index/packages/camera_driver_srvs
[0.540s] -- Up-to-date symlink: /home/dev/Documents/GitHub/Polar-Two/ros2_ws/install/camera_driver_srvs/share/camera_driver_srvs/cmake/rosidl_cmake-extras.cmake
[0.540s] -- Up-to-date symlink: /home/dev/Documents/GitHub/Polar-Two/ros2_ws/install/camera_driver_srvs/share/camera_driver_srvs/cmake/ament_cmake_export_dependencies-extras.cmake
[0.540s] -- Up-to-date symlink: /home/dev/Documents/GitHub/Polar-Two/ros2_ws/install/camera_driver_srvs/share/camera_driver_srvs/cmake/ament_cmake_export_include_directories-extras.cmake
[0.540s] -- Up-to-date symlink: /home/dev/Documents/GitHub/Polar-Two/ros2_ws/install/camera_driver_srvs/share/camera_driver_srvs/cmake/ament_cmake_export_libraries-extras.cmake
[0.540s] -- Up-to-date symlink: /home/dev/Documents/GitHub/Polar-Two/ros2_ws/install/camera_driver_srvs/share/camera_driver_srvs/cmake/ament_cmake_export_targets-extras.cmake
[0.540s] -- Up-to-date symlink: /home/dev/Documents/GitHub/Polar-Two/ros2_ws/install/camera_driver_srvs/share/camera_driver_srvs/cmake/rosidl_cmake_export_typesupport_targets-extras.cmake
[0.541s] -- Up-to-date symlink: /home/dev/Documents/GitHub/Polar-Two/ros2_ws/install/camera_driver_srvs/share/camera_driver_srvs/cmake/rosidl_cmake_export_typesupport_libraries-extras.cmake
[0.541s] -- Up-to-date symlink: /home/dev/Documents/GitHub/Polar-Two/ros2_ws/install/camera_driver_srvs/share/camera_driver_srvs/cmake/camera_driver_srvsConfig.cmake
[0.541s] -- Up-to-date symlink: /home/dev/Documents/GitHub/Polar-Two/ros2_ws/install/camera_driver_srvs/share/camera_driver_srvs/cmake/camera_driver_srvsConfig-version.cmake
[0.541s] -- Up-to-date symlink: /home/dev/Documents/GitHub/Polar-Two/ros2_ws/install/camera_driver_srvs/share/camera_driver_srvs/package.xml
[0.541s] -- Up-to-date: /home/dev/Documents/GitHub/Polar-Two/ros2_ws/install/camera_driver_srvs/lib/libcamera_driver_srvs__rosidl_generator_c.so
[0.542s] -- Up-to-date: /home/dev/Documents/GitHub/Polar-Two/ros2_ws/install/camera_driver_srvs/lib/libcamera_driver_srvs__rosidl_typesupport_fastrtps_c.so
[0.542s] -- Up-to-date: /home/dev/Documents/GitHub/Polar-Two/ros2_ws/install/camera_driver_srvs/lib/libcamera_driver_srvs__rosidl_typesupport_introspection_c.so
[0.542s] -- Up-to-date: /home/dev/Documents/GitHub/Polar-Two/ros2_ws/install/camera_driver_srvs/lib/libcamera_driver_srvs__rosidl_typesupport_c.so
[0.542s] -- Up-to-date: /home/dev/Documents/GitHub/Polar-Two/ros2_ws/install/camera_driver_srvs/lib/libcamera_driver_srvs__rosidl_typesupport_fastrtps_cpp.so
[0.542s] -- Up-to-date: /home/dev/Documents/GitHub/Polar-Two/ros2_ws/install/camera_driver_srvs/lib/libcamera_driver_srvs__rosidl_typesupport_introspection_cpp.so
[0.543s] -- Up-to-date: /home/dev/Documents/GitHub/Polar-Two/ros2_ws/install/camera_driver_srvs/lib/libcamera_driver_srvs__rosidl_typesupport_cpp.so
[0.573s] Listing '/home/dev/Documents/GitHub/Polar-Two/ros2_ws/install/camera_driver_srvs/lib/python3.12/site-packages/camera_driver_srvs'...
[0.573s] Listing '/home/dev/Documents/GitHub/Polar-Two/ros2_ws/install/camera_driver_srvs/lib/python3.12/site-packages/camera_driver_srvs/srv'...
[0.578s] -- Up-to-date: /home/dev/Documents/GitHub/Polar-Two/ros2_ws/install/camera_driver_srvs/lib/libcamera_driver_srvs__rosidl_generator_py.so
[0.578s] -- Up-to-date: /home/dev/Documents/GitHub/Polar-Two/ros2_ws/install/camera_driver_srvs/share/camera_driver_srvs/cmake/export_camera_driver_srvs__rosidl_generator_cExport.cmake
[0.578s] -- Up-to-date: /home/dev/Documents/GitHub/Polar-Two/ros2_ws/install/camera_driver_srvs/share/camera_driver_srvs/cmake/export_camera_driver_srvs__rosidl_generator_cExport-noconfig.cmake
[0.578s] -- Up-to-date: /home/dev/Documents/GitHub/Polar-Two/ros2_ws/install/camera_driver_srvs/share/camera_driver_srvs/cmake/export_camera_driver_srvs__rosidl_typesupport_fastrtps_cExport.cmake
[0.578s] -- Up-to-date: /home/dev/Documents/GitHub/Polar-Two/ros2_ws/install/camera_driver_srvs/share/camera_driver_srvs/cmake/export_camera_driver_srvs__rosidl_typesupport_fastrtps_cExport-noconfig.cmake
[0.578s] -- Up-to-date: /home/dev/Documents/GitHub/Polar-Two/ros2_ws/install/camera_driver_srvs/share/camera_driver_srvs/cmake/camera_driver_srvs__rosidl_typesupport_introspection_cExport.cmake
[0.578s] -- Up-to-date: /home/dev/Documents/GitHub/Polar-Two/ros2_ws/install/camera_driver_srvs/share/camera_driver_srvs/cmake/camera_driver_srvs__rosidl_typesupport_introspection_cExport-noconfig.cmake
[0.578s] -- Up-to-date: /home/dev/Documents/GitHub/Polar-Two/ros2_ws/install/camera_driver_srvs/share/camera_driver_srvs/cmake/camera_driver_srvs__rosidl_typesupport_cExport.cmake
[0.578s] -- Up-to-date: /home/dev/Documents/GitHub/Polar-Two/ros2_ws/install/camera_driver_srvs/share/camera_driver_srvs/cmake/camera_driver_srvs__rosidl_typesupport_cExport-noconfig.cmake
[0.578s] -- Up-to-date: /home/dev/Documents/GitHub/Polar-Two/ros2_ws/install/camera_driver_srvs/share/camera_driver_srvs/cmake/export_camera_driver_srvs__rosidl_generator_cppExport.cmake
[0.579s] -- Up-to-date: /home/dev/Documents/GitHub/Polar-Two/ros2_ws/install/camera_driver_srvs/share/camera_driver_srvs/cmake/export_camera_driver_srvs__rosidl_typesupport_fastrtps_cppExport.cmake
[0.579s] -- Up-to-date: /home/dev/Documents/GitHub/Polar-Two/ros2_ws/install/camera_driver_srvs/share/camera_driver_srvs/cmake/export_camera_driver_srvs__rosidl_typesupport_fastrtps_cppExport-noconfig.cmake
[0.579s] -- Up-to-date: /home/dev/Documents/GitHub/Polar-Two/ros2_ws/install/camera_driver_srvs/share/camera_driver_srvs/cmake/camera_driver_srvs__rosidl_typesupport_introspection_cppExport.cmake
[0.579s] -- Up-to-date: /home/dev/Documents/GitHub/Polar-Two/ros2_ws/install/camera_driver_srvs/share/camera_driver_srvs/cmake/camera_driver_srvs__rosidl_typesupport_introspection_cppExport-noconfig.cmake
[0.579s] -- Up-to-date: /home/dev/Documents/GitHub/Polar-Two/ros2_ws/install/camera_driver_srvs/share/camera_driver_srvs/cmake/camera_driver_srvs__rosidl_typesupport_cppExport.cmake
[0.579s] -- Up-to-date: /home/dev/Documents/GitHub/Polar-Two/ros2_ws/install/camera_driver_srvs/share/camera_driver_srvs/cmake/camera_driver_srvs__rosidl_typesupport_cppExport-noconfig.cmake
[0.579s] -- Up-to-date: /home/dev/Documents/GitHub/Polar-Two/ros2_ws/install/camera_driver_srvs/share/camera_driver_srvs/cmake/export_camera_driver_srvs__rosidl_generator_pyExport.cmake
[0.579s] -- Up-to-date: /home/dev/Documents/GitHub/Polar-Two/ros2_ws/install/camera_driver_srvs/share/camera_driver_srvs/cmake/export_camera_driver_srvs__rosidl_generator_pyExport-noconfig.cmake
[0.582s] Invoked command in '/home/dev/Documents/GitHub/Polar-Two/ros2_ws/build/camera_driver_srvs' returned '0': CMAKE_PREFIX_PATH=/opt/ros/humble CONDA_PROMPT_MODIFIER=(base) /usr/bin/cmake --install /home/dev/Documents/GitHub/Polar-Two/ros2_ws/build/camera_driver_srvs
