[0.034s] Invoking command in '/home/dev/Documents/GitHub/Polar-Two/ros2_ws/build/my_robot': CMAKE_PREFIX_PATH=${CMAKE_PREFIX_PATH}:/opt/ros/humble /usr/bin/cmake --build /home/dev/Documents/GitHub/Polar-Two/ros2_ws/build/my_robot -- -j16 -l16
[0.129s] [ 33%] Built target joystick_teleop
[0.129s] [ 33%] Built target listener
[0.134s] [ 50%] Built target gazebo_translator
[0.137s] [ 75%] Built target talker
[0.138s] [ 83%] Built target effort_translator
[0.140s] [100%] Built target hardware_translator
[0.173s] Invoked command in '/home/dev/Documents/GitHub/Polar-Two/ros2_ws/build/my_robot' returned '0': CMAKE_PREFIX_PATH=${CMAKE_PREFIX_PATH}:/opt/ros/humble /usr/bin/cmake --build /home/dev/Documents/GitHub/Polar-Two/ros2_ws/build/my_robot -- -j16 -l16
[0.175s] Invoking command in '/home/dev/Documents/GitHub/Polar-Two/ros2_ws/build/my_robot': CMAKE_PREFIX_PATH=${CMAKE_PREFIX_PATH}:/opt/ros/humble /usr/bin/cmake --install /home/dev/Documents/GitHub/Polar-Two/ros2_ws/build/my_robot
[0.209s] -- Install configuration: ""
[0.212s] -- Execute custom install script
[0.213s] -- Up-to-date symlink: /home/dev/Documents/GitHub/Polar-Two/ros2_ws/install/my_robot/lib/my_robot/talker
[0.213s] -- Up-to-date symlink: /home/dev/Documents/GitHub/Polar-Two/ros2_ws/install/my_robot/lib/my_robot/listener
[0.213s] -- Up-to-date symlink: /home/dev/Documents/GitHub/Polar-Two/ros2_ws/install/my_robot/lib/my_robot/effort_translator
[0.213s] -- Up-to-date symlink: /home/dev/Documents/GitHub/Polar-Two/ros2_ws/install/my_robot/lib/my_robot/joystick_teleop
[0.213s] -- Up-to-date symlink: /home/dev/Documents/GitHub/Polar-Two/ros2_ws/install/my_robot/lib/my_robot/gazebo_translator
[0.213s] -- Up-to-date symlink: /home/dev/Documents/GitHub/Polar-Two/ros2_ws/install/my_robot/lib/my_robot/hardware_translator
[0.214s] -- Up-to-date symlink: /home/dev/Documents/GitHub/Polar-Two/ros2_ws/install/my_robot/share/my_robot//launch/depth_camera.launch.py
[0.214s] -- Up-to-date symlink: /home/dev/Documents/GitHub/Polar-Two/ros2_ws/install/my_robot/share/my_robot//launch/effort_translator.launch.py
[0.214s] -- Up-to-date symlink: /home/dev/Documents/GitHub/Polar-Two/ros2_ws/install/my_robot/share/my_robot//launch/gazebo_translator.launch.py
[0.214s] -- Up-to-date symlink: /home/dev/Documents/GitHub/Polar-Two/ros2_ws/install/my_robot/share/my_robot//launch/hardware_translator.launch.py
[0.214s] -- Up-to-date symlink: /home/dev/Documents/GitHub/Polar-Two/ros2_ws/install/my_robot/share/my_robot//launch/joystick.launch.py
[0.214s] -- Up-to-date symlink: /home/dev/Documents/GitHub/Polar-Two/ros2_ws/install/my_robot/share/my_robot//launch/main.launch.py
[0.214s] -- Up-to-date symlink: /home/dev/Documents/GitHub/Polar-Two/ros2_ws/install/my_robot/share/my_robot//launch/microros.launch.py
[0.214s] -- Up-to-date symlink: /home/dev/Documents/GitHub/Polar-Two/ros2_ws/install/my_robot/share/my_robot//launch/rviz.launch.py
[0.214s] -- Up-to-date symlink: /home/dev/Documents/GitHub/Polar-Two/ros2_ws/install/my_robot/share/my_robot//launch/simulation.launch.py
[0.214s] -- Up-to-date symlink: /home/dev/Documents/GitHub/Polar-Two/ros2_ws/install/my_robot/share/my_robot//launch/twist_mux.launch.py
[0.214s] -- Up-to-date symlink: /home/dev/Documents/GitHub/Polar-Two/ros2_ws/install/my_robot/share/my_robot//config/effort_translator.yaml
[0.214s] -- Up-to-date symlink: /home/dev/Documents/GitHub/Polar-Two/ros2_ws/install/my_robot/share/my_robot//config/gazebo_params.yaml
[0.214s] -- Up-to-date symlink: /home/dev/Documents/GitHub/Polar-Two/ros2_ws/install/my_robot/share/my_robot//config/hardware_translator.yaml
[0.214s] -- Up-to-date symlink: /home/dev/Documents/GitHub/Polar-Two/ros2_ws/install/my_robot/share/my_robot//config/joystick.yaml
[0.214s] -- Up-to-date symlink: /home/dev/Documents/GitHub/Polar-Two/ros2_ws/install/my_robot/share/my_robot//config/simtime.yaml
[0.215s] -- Up-to-date symlink: /home/dev/Documents/GitHub/Polar-Two/ros2_ws/install/my_robot/share/my_robot//config/twist_mux.yaml
[0.215s] -- Up-to-date symlink: /home/dev/Documents/GitHub/Polar-Two/ros2_ws/install/my_robot/share/my_robot//rviz/hello.txt
[0.215s] -- Up-to-date symlink: /home/dev/Documents/GitHub/Polar-Two/ros2_ws/install/my_robot/share/my_robot//worlds/hello.txt
[0.215s] -- Up-to-date symlink: /home/dev/Documents/GitHub/Polar-Two/ros2_ws/install/my_robot/share/ament_index/resource_index/package_run_dependencies/my_robot
[0.215s] -- Up-to-date symlink: /home/dev/Documents/GitHub/Polar-Two/ros2_ws/install/my_robot/share/ament_index/resource_index/parent_prefix_path/my_robot
[0.215s] -- Up-to-date symlink: /home/dev/Documents/GitHub/Polar-Two/ros2_ws/install/my_robot/share/my_robot/environment/ament_prefix_path.sh
[0.215s] -- Up-to-date symlink: /home/dev/Documents/GitHub/Polar-Two/ros2_ws/install/my_robot/share/my_robot/environment/ament_prefix_path.dsv
[0.215s] -- Up-to-date symlink: /home/dev/Documents/GitHub/Polar-Two/ros2_ws/install/my_robot/share/my_robot/environment/path.sh
[0.215s] -- Up-to-date symlink: /home/dev/Documents/GitHub/Polar-Two/ros2_ws/install/my_robot/share/my_robot/environment/path.dsv
[0.215s] -- Up-to-date symlink: /home/dev/Documents/GitHub/Polar-Two/ros2_ws/install/my_robot/share/my_robot/local_setup.bash
[0.215s] -- Up-to-date symlink: /home/dev/Documents/GitHub/Polar-Two/ros2_ws/install/my_robot/share/my_robot/local_setup.sh
[0.215s] -- Up-to-date symlink: /home/dev/Documents/GitHub/Polar-Two/ros2_ws/install/my_robot/share/my_robot/local_setup.zsh
[0.215s] -- Up-to-date symlink: /home/dev/Documents/GitHub/Polar-Two/ros2_ws/install/my_robot/share/my_robot/local_setup.dsv
[0.216s] -- Symlinking: /home/dev/Documents/GitHub/Polar-Two/ros2_ws/install/my_robot/share/my_robot/package.dsv
[0.216s] -- Up-to-date symlink: /home/dev/Documents/GitHub/Polar-Two/ros2_ws/install/my_robot/share/ament_index/resource_index/packages/my_robot
[0.216s] -- Up-to-date symlink: /home/dev/Documents/GitHub/Polar-Two/ros2_ws/install/my_robot/share/my_robot/cmake/my_robotConfig.cmake
[0.216s] -- Up-to-date symlink: /home/dev/Documents/GitHub/Polar-Two/ros2_ws/install/my_robot/share/my_robot/cmake/my_robotConfig-version.cmake
[0.216s] -- Up-to-date symlink: /home/dev/Documents/GitHub/Polar-Two/ros2_ws/install/my_robot/share/my_robot/package.xml
[0.246s] Invoked command in '/home/dev/Documents/GitHub/Polar-Two/ros2_ws/build/my_robot' returned '0': CMAKE_PREFIX_PATH=${CMAKE_PREFIX_PATH}:/opt/ros/humble /usr/bin/cmake --install /home/dev/Documents/GitHub/Polar-Two/ros2_ws/build/my_robot
