[0.038s] Invoking command in '/home/dev/Documents/GitHub/Polar-Two/ros2_ws/build/differential_drive_controller': CMAKE_PREFIX_PATH=${CMAKE_PREFIX_PATH}:/opt/ros/humble /usr/bin/cmake --build /home/dev/Documents/GitHub/Polar-Two/ros2_ws/build/differential_drive_controller -- -j16 -l16
[0.129s] [ 20%] Built target gtest_main
[0.138s] [ 40%] Built target differential_drive_controller_parameters
[0.141s] [ 60%] Built target gtest
[0.194s] [ 80%] Built target differential_drive_controller
[0.225s] [100%] Built target differential_drive_controller_test
[0.302s] Invoked command in '/home/dev/Documents/GitHub/Polar-Two/ros2_ws/build/differential_drive_controller' returned '0': CMAKE_PREFIX_PATH=${CMAKE_PREFIX_PATH}:/opt/ros/humble /usr/bin/cmake --build /home/dev/Documents/GitHub/Polar-Two/ros2_ws/build/differential_drive_controller -- -j16 -l16
[0.304s] Invoking command in '/home/dev/Documents/GitHub/Polar-Two/ros2_ws/build/differential_drive_controller': CMAKE_PREFIX_PATH=${CMAKE_PREFIX_PATH}:/opt/ros/humble /usr/bin/cmake --install /home/dev/Documents/GitHub/Polar-Two/ros2_ws/build/differential_drive_controller
[0.313s] -- Install configuration: ""
[0.314s] -- Execute custom install script
[0.314s] -- Up-to-date symlink: /home/dev/Documents/GitHub/Polar-Two/ros2_ws/install/differential_drive_controller/include/differential_drive_controller/custom_validators.hpp
[0.314s] -- Up-to-date symlink: /home/dev/Documents/GitHub/Polar-Two/ros2_ws/install/differential_drive_controller/include/differential_drive_controller/differential_drive_controller_parameters.hpp
[0.315s] -- Up-to-date symlink: /home/dev/Documents/GitHub/Polar-Two/ros2_ws/install/differential_drive_controller/share/differential_drive_controller//differential_drive_plugin.xml
[0.315s] -- Up-to-date symlink: /home/dev/Documents/GitHub/Polar-Two/ros2_ws/install/differential_drive_controller/include/differential_drive_controller/differential_drive_controller/custom_validators.hpp
[0.315s] -- Up-to-date symlink: /home/dev/Documents/GitHub/Polar-Two/ros2_ws/install/differential_drive_controller/include/differential_drive_controller/differential_drive_controller/differential_drive_controller.hpp
[0.316s] -- Up-to-date symlink: /home/dev/Documents/GitHub/Polar-Two/ros2_ws/install/differential_drive_controller/include/differential_drive_controller/differential_drive_controller/util/differential_drive_drivetrain.hpp
[0.316s] -- Up-to-date symlink: /home/dev/Documents/GitHub/Polar-Two/ros2_ws/install/differential_drive_controller/include/differential_drive_controller/differential_drive_controller/util/differential_drive_kinematics.hpp
[0.316s] -- Up-to-date symlink: /home/dev/Documents/GitHub/Polar-Two/ros2_ws/install/differential_drive_controller/include/differential_drive_controller/differential_drive_controller/util/differential_drive_odometry.hpp
[0.316s] -- Up-to-date symlink: /home/dev/Documents/GitHub/Polar-Two/ros2_ws/install/differential_drive_controller/include/differential_drive_controller/differential_drive_controller/util/utility.hpp
[0.316s] -- Up-to-date symlink: /home/dev/Documents/GitHub/Polar-Two/ros2_ws/install/differential_drive_controller/include/differential_drive_controller/differential_drive_controller/visibility_control.h
[0.316s] -- Up-to-date symlink: /home/dev/Documents/GitHub/Polar-Two/ros2_ws/install/differential_drive_controller/share/differential_drive_controller/environment/library_path.sh
[0.317s] -- Up-to-date symlink: /home/dev/Documents/GitHub/Polar-Two/ros2_ws/install/differential_drive_controller/share/differential_drive_controller/environment/library_path.dsv
[0.317s] -- Up-to-date symlink: /home/dev/Documents/GitHub/Polar-Two/ros2_ws/install/differential_drive_controller/share/ament_index/resource_index/package_run_dependencies/differential_drive_controller
[0.317s] -- Up-to-date symlink: /home/dev/Documents/GitHub/Polar-Two/ros2_ws/install/differential_drive_controller/share/ament_index/resource_index/parent_prefix_path/differential_drive_controller
[0.317s] -- Up-to-date symlink: /home/dev/Documents/GitHub/Polar-Two/ros2_ws/install/differential_drive_controller/share/differential_drive_controller/environment/ament_prefix_path.sh
[0.317s] -- Up-to-date symlink: /home/dev/Documents/GitHub/Polar-Two/ros2_ws/install/differential_drive_controller/share/differential_drive_controller/environment/ament_prefix_path.dsv
[0.317s] -- Up-to-date symlink: /home/dev/Documents/GitHub/Polar-Two/ros2_ws/install/differential_drive_controller/share/differential_drive_controller/environment/path.sh
[0.318s] -- Up-to-date symlink: /home/dev/Documents/GitHub/Polar-Two/ros2_ws/install/differential_drive_controller/share/differential_drive_controller/environment/path.dsv
[0.318s] -- Up-to-date symlink: /home/dev/Documents/GitHub/Polar-Two/ros2_ws/install/differential_drive_controller/share/differential_drive_controller/local_setup.bash
[0.318s] -- Up-to-date symlink: /home/dev/Documents/GitHub/Polar-Two/ros2_ws/install/differential_drive_controller/share/differential_drive_controller/local_setup.sh
[0.318s] -- Up-to-date symlink: /home/dev/Documents/GitHub/Polar-Two/ros2_ws/install/differential_drive_controller/share/differential_drive_controller/local_setup.zsh
[0.318s] -- Up-to-date symlink: /home/dev/Documents/GitHub/Polar-Two/ros2_ws/install/differential_drive_controller/share/differential_drive_controller/local_setup.dsv
[0.318s] -- Symlinking: /home/dev/Documents/GitHub/Polar-Two/ros2_ws/install/differential_drive_controller/share/differential_drive_controller/package.dsv
[0.332s] -- Up-to-date symlink: /home/dev/Documents/GitHub/Polar-Two/ros2_ws/install/differential_drive_controller/share/ament_index/resource_index/packages/differential_drive_controller
[0.332s] -- Up-to-date symlink: /home/dev/Documents/GitHub/Polar-Two/ros2_ws/install/differential_drive_controller/share/ament_index/resource_index/controller_interface__pluginlib__plugin/differential_drive_controller
[0.332s] -- Up-to-date symlink: /home/dev/Documents/GitHub/Polar-Two/ros2_ws/install/differential_drive_controller/share/differential_drive_controller/cmake/ament_cmake_export_dependencies-extras.cmake
[0.332s] -- Up-to-date symlink: /home/dev/Documents/GitHub/Polar-Two/ros2_ws/install/differential_drive_controller/share/differential_drive_controller/cmake/ament_cmake_export_targets-extras.cmake
[0.333s] -- Up-to-date symlink: /home/dev/Documents/GitHub/Polar-Two/ros2_ws/install/differential_drive_controller/share/differential_drive_controller/cmake/differential_drive_controllerConfig.cmake
[0.333s] -- Up-to-date symlink: /home/dev/Documents/GitHub/Polar-Two/ros2_ws/install/differential_drive_controller/share/differential_drive_controller/cmake/differential_drive_controllerConfig-version.cmake
[0.333s] -- Up-to-date symlink: /home/dev/Documents/GitHub/Polar-Two/ros2_ws/install/differential_drive_controller/share/differential_drive_controller/package.xml
[0.333s] -- Up-to-date: /home/dev/Documents/GitHub/Polar-Two/ros2_ws/install/differential_drive_controller/lib/libdifferential_drive_controller.so
[0.335s] -- Up-to-date: /home/dev/Documents/GitHub/Polar-Two/ros2_ws/install/differential_drive_controller/share/differential_drive_controller/cmake/export_differential_drive_controllerExport.cmake
[0.336s] -- Up-to-date: /home/dev/Documents/GitHub/Polar-Two/ros2_ws/install/differential_drive_controller/share/differential_drive_controller/cmake/export_differential_drive_controllerExport-noconfig.cmake
[0.337s] Invoked command in '/home/dev/Documents/GitHub/Polar-Two/ros2_ws/build/differential_drive_controller' returned '0': CMAKE_PREFIX_PATH=${CMAKE_PREFIX_PATH}:/opt/ros/humble /usr/bin/cmake --install /home/dev/Documents/GitHub/Polar-Two/ros2_ws/build/differential_drive_controller
