[0.035s] Invoking command in '/home/dev/Documents/GitHub/Polar-Two/ros2_ws/build/joystick_driver': CMAKE_PREFIX_PATH=/opt/ros/humble CONDA_PROMPT_MODIFIER=(base) /usr/bin/cmake --build /home/dev/Documents/GitHub/Polar-Two/ros2_ws/build/joystick_driver -- -j16 -l16
[0.156s] [100%] Built target joystick_teleop
[0.250s] Invoked command in '/home/dev/Documents/GitHub/Polar-Two/ros2_ws/build/joystick_driver' returned '0': CMAKE_PREFIX_PATH=/opt/ros/humble CONDA_PROMPT_MODIFIER=(base) /usr/bin/cmake --build /home/dev/Documents/GitHub/Polar-Two/ros2_ws/build/joystick_driver -- -j16 -l16
[0.253s] Invoking command in '/home/dev/Documents/GitHub/Polar-Two/ros2_ws/build/joystick_driver': CMAKE_PREFIX_PATH=/opt/ros/humble CONDA_PROMPT_MODIFIER=(base) /usr/bin/cmake --install /home/dev/Documents/GitHub/Polar-Two/ros2_ws/build/joystick_driver
[0.266s] -- Install configuration: ""
[0.266s] -- Execute custom install script
[0.266s] -- Up-to-date symlink: /home/dev/Documents/GitHub/Polar-Two/ros2_ws/install/joystick_driver/lib/joystick_driver/joystick_teleop
[0.267s] -- Up-to-date symlink: /home/dev/Documents/GitHub/Polar-Two/ros2_ws/install/joystick_driver/share/joystick_driver/config/joystick.yaml
[0.267s] -- Up-to-date symlink: /home/dev/Documents/GitHub/Polar-Two/ros2_ws/install/joystick_driver/share/joystick_driver/launch/joystick.launch.py
[0.267s] -- Up-to-date symlink: /home/dev/Documents/GitHub/Polar-Two/ros2_ws/install/joystick_driver/share/joystick_driver/src/Joystick.cpp
[0.268s] -- Up-to-date symlink: /home/dev/Documents/GitHub/Polar-Two/ros2_ws/install/joystick_driver/share/ament_index/resource_index/package_run_dependencies/joystick_driver
[0.269s] -- Up-to-date symlink: /home/dev/Documents/GitHub/Polar-Two/ros2_ws/install/joystick_driver/share/ament_index/resource_index/parent_prefix_path/joystick_driver
[0.270s] -- Up-to-date symlink: /home/dev/Documents/GitHub/Polar-Two/ros2_ws/install/joystick_driver/share/joystick_driver/environment/ament_prefix_path.sh
[0.270s] -- Up-to-date symlink: /home/dev/Documents/GitHub/Polar-Two/ros2_ws/install/joystick_driver/share/joystick_driver/environment/ament_prefix_path.dsv
[0.271s] -- Up-to-date symlink: /home/dev/Documents/GitHub/Polar-Two/ros2_ws/install/joystick_driver/share/joystick_driver/environment/path.sh
[0.271s] -- Up-to-date symlink: /home/dev/Documents/GitHub/Polar-Two/ros2_ws/install/joystick_driver/share/joystick_driver/environment/path.dsv
[0.271s] -- Up-to-date symlink: /home/dev/Documents/GitHub/Polar-Two/ros2_ws/install/joystick_driver/share/joystick_driver/local_setup.bash
[0.271s] -- Up-to-date symlink: /home/dev/Documents/GitHub/Polar-Two/ros2_ws/install/joystick_driver/share/joystick_driver/local_setup.sh
[0.271s] -- Up-to-date symlink: /home/dev/Documents/GitHub/Polar-Two/ros2_ws/install/joystick_driver/share/joystick_driver/local_setup.zsh
[0.271s] -- Up-to-date symlink: /home/dev/Documents/GitHub/Polar-Two/ros2_ws/install/joystick_driver/share/joystick_driver/local_setup.dsv
[0.271s] -- Symlinking: /home/dev/Documents/GitHub/Polar-Two/ros2_ws/install/joystick_driver/share/joystick_driver/package.dsv
[0.282s] -- Up-to-date symlink: /home/dev/Documents/GitHub/Polar-Two/ros2_ws/install/joystick_driver/share/ament_index/resource_index/packages/joystick_driver
[0.283s] -- Up-to-date symlink: /home/dev/Documents/GitHub/Polar-Two/ros2_ws/install/joystick_driver/share/joystick_driver/cmake/joystick_driverConfig.cmake
[0.283s] -- Up-to-date symlink: /home/dev/Documents/GitHub/Polar-Two/ros2_ws/install/joystick_driver/share/joystick_driver/cmake/joystick_driverConfig-version.cmake
[0.284s] -- Up-to-date symlink: /home/dev/Documents/GitHub/Polar-Two/ros2_ws/install/joystick_driver/share/joystick_driver/package.xml
[0.290s] Invoked command in '/home/dev/Documents/GitHub/Polar-Two/ros2_ws/build/joystick_driver' returned '0': CMAKE_PREFIX_PATH=/opt/ros/humble CONDA_PROMPT_MODIFIER=(base) /usr/bin/cmake --install /home/dev/Documents/GitHub/Polar-Two/ros2_ws/build/joystick_driver
