-- The CXX compiler identification is GNU 11.4.0
-- Detecting CXX compiler ABI info
-- Detecting CXX compiler ABI info - done
-- Check for working CXX compiler: /usr/bin/c++ - skipped
-- Detecting CXX compile features
-- Detecting CXX compile features - done
-- Found ament_cmake: 1.3.11 (/opt/ros/humble/share/ament_cmake/cmake)
-- Found Python3: /home/dev/anaconda3/bin/python3 (found version "3.12.2") found components: Interpreter 
-- Override CMake install command with custom implementation using symlinks instead of copying resources
-- Found hardware_interface: 2.50.0 (/opt/ros/humble/share/hardware_interface/cmake)
-- Found rosidl_generator_c: 3.1.6 (/opt/ros/humble/share/rosidl_generator_c/cmake)
-- Found rosidl_adapter: 3.1.6 (/opt/ros/humble/share/rosidl_adapter/cmake)
-- Found rosidl_generator_cpp: 3.1.6 (/opt/ros/humble/share/rosidl_generator_cpp/cmake)
-- Using all available rosidl_typesupport_c: rosidl_typesupport_fastrtps_c;rosidl_typesupport_introspection_c
-- Using all available rosidl_typesupport_cpp: rosidl_typesupport_fastrtps_cpp;rosidl_typesupport_introspection_cpp
-- Found rmw_implementation_cmake: 6.1.2 (/opt/ros/humble/share/rmw_implementation_cmake/cmake)
-- Found rmw_fastrtps_cpp: 6.2.7 (/opt/ros/humble/share/rmw_fastrtps_cpp/cmake)
-- Found TinyXML2 via Config file: TinyXML2_DIR-NOTFOUND
-- Found OpenSSL: /usr/lib/x86_64-linux-gnu/libcrypto.so (found version "3.0.2")  
-- Found TinyXML2 via Config file: TinyXML2_DIR-NOTFOUND
-- Found FastRTPS: /opt/ros/humble/include  
-- Found TinyXML2 via Config file: TinyXML2_DIR-NOTFOUND
-- Found TinyXML2 via Config file: TinyXML2_DIR-NOTFOUND
-- Using RMW implementation 'rmw_fastrtps_cpp' as default
-- Looking for C++ include pthread.h
-- Looking for C++ include pthread.h - found
-- Performing Test CMAKE_HAVE_LIBC_PTHREAD
-- Performing Test CMAKE_HAVE_LIBC_PTHREAD - Success
-- Found Threads: TRUE  
-- Found nlohmann_json: /home/dev/anaconda3/share/cmake/nlohmann_json/nlohmann_jsonConfig.cmake (found suitable version "3.11.2", minimum required is "3.2.0") 
-- Found nlohmann_json: /home/dev/anaconda3/share/cmake/nlohmann_json/nlohmann_jsonConfig.cmake (found version "3.11.2") 
-- Found ament_cmake_pytest: 1.3.11 (/opt/ros/humble/share/ament_cmake_pytest/cmake)
-- Configuring done
-- Generating done
-- Build files have been written to: /home/dev/Documents/GitHub/Poonam/ros2_ws/build/microros_hardware_interface
[ 50%] [32mBuilding CXX object CMakeFiles/microros_hardware_interface.dir/hardware/diffbot_system.cpp.o[0m
[100%] [32m[1mLinking CXX shared library libmicroros_hardware_interface.so[0m
[100%] Built target microros_hardware_interface
-- Install configuration: ""
-- Execute custom install script
-- Symlinking: /home/dev/Documents/GitHub/Poonam/ros2_ws/install/microros_hardware_interface/share/microros_hardware_interface//microros_hardware_interface.xml
-- Symlinking: /home/dev/Documents/GitHub/Poonam/ros2_ws/install/microros_hardware_interface/include/microros_hardware_interface/include/microros_hardware_interface/constants.hpp
-- Symlinking: /home/dev/Documents/GitHub/Poonam/ros2_ws/install/microros_hardware_interface/include/microros_hardware_interface/include/microros_hardware_interface/diffbot_system.hpp
-- Symlinking: /home/dev/Documents/GitHub/Poonam/ros2_ws/install/microros_hardware_interface/include/microros_hardware_interface/include/microros_hardware_interface/interfaces/master_node.hpp
-- Symlinking: /home/dev/Documents/GitHub/Poonam/ros2_ws/install/microros_hardware_interface/include/microros_hardware_interface/include/microros_hardware_interface/interfaces/motor_interface.hpp
-- Symlinking: /home/dev/Documents/GitHub/Poonam/ros2_ws/install/microros_hardware_interface/include/microros_hardware_interface/include/microros_hardware_interface/interfaces/topic_interface.hpp
-- Symlinking: /home/dev/Documents/GitHub/Poonam/ros2_ws/install/microros_hardware_interface/include/microros_hardware_interface/include/microros_hardware_interface/util/pid_controller.hpp
-- Symlinking: /home/dev/Documents/GitHub/Poonam/ros2_ws/install/microros_hardware_interface/include/microros_hardware_interface/include/microros_hardware_interface/util/timestamped_value.hpp
-- Symlinking: /home/dev/Documents/GitHub/Poonam/ros2_ws/install/microros_hardware_interface/include/microros_hardware_interface/include/microros_hardware_interface/util/utility.hpp
-- Symlinking: /home/dev/Documents/GitHub/Poonam/ros2_ws/install/microros_hardware_interface/include/microros_hardware_interface/include/microros_hardware_interface/visibility_control.h
-- Symlinking: /home/dev/Documents/GitHub/Poonam/ros2_ws/install/microros_hardware_interface/share/microros_hardware_interface/description/launch/view_robot.launch.py
-- Symlinking: /home/dev/Documents/GitHub/Poonam/ros2_ws/install/microros_hardware_interface/share/microros_hardware_interface/description/ros2_control/microros_hardware.ros2_control.xacro
-- Symlinking: /home/dev/Documents/GitHub/Poonam/ros2_ws/install/microros_hardware_interface/share/microros_hardware_interface/description/rviz/carlikebot.rviz
-- Symlinking: /home/dev/Documents/GitHub/Poonam/ros2_ws/install/microros_hardware_interface/share/microros_hardware_interface/description/rviz/carlikebot_view.rviz
-- Symlinking: /home/dev/Documents/GitHub/Poonam/ros2_ws/install/microros_hardware_interface/share/microros_hardware_interface/description/rviz/view.rviz
-- Symlinking: /home/dev/Documents/GitHub/Poonam/ros2_ws/install/microros_hardware_interface/share/microros_hardware_interface/description/urdf/assets/caster/caster.mtl
-- Symlinking: /home/dev/Documents/GitHub/Poonam/ros2_ws/install/microros_hardware_interface/share/microros_hardware_interface/description/urdf/assets/caster/caster.obj
-- Symlinking: /home/dev/Documents/GitHub/Poonam/ros2_ws/install/microros_hardware_interface/share/microros_hardware_interface/description/urdf/assets/chassis/Chassis.dae
-- Symlinking: /home/dev/Documents/GitHub/Poonam/ros2_ws/install/microros_hardware_interface/share/microros_hardware_interface/description/urdf/assets/chassis/Chassis.stl
-- Symlinking: /home/dev/Documents/GitHub/Poonam/ros2_ws/install/microros_hardware_interface/share/microros_hardware_interface/description/urdf/assets/components/Oak-D.stl
-- Symlinking: /home/dev/Documents/GitHub/Poonam/ros2_ws/install/microros_hardware_interface/share/microros_hardware_interface/description/urdf/assets/wheel/Wheel.dae
-- Symlinking: /home/dev/Documents/GitHub/Poonam/ros2_ws/install/microros_hardware_interface/share/microros_hardware_interface/description/urdf/assets/wheel/Wheel.stl
-- Symlinking: /home/dev/Documents/GitHub/Poonam/ros2_ws/install/microros_hardware_interface/share/microros_hardware_interface/description/urdf/core.urdf.xacro
-- Symlinking: /home/dev/Documents/GitHub/Poonam/ros2_ws/install/microros_hardware_interface/share/microros_hardware_interface/description/urdf/robot.urdf.xacro
-- Symlinking: /home/dev/Documents/GitHub/Poonam/ros2_ws/install/microros_hardware_interface/share/microros_hardware_interface/description/urdf/util/components/driver_camera.xacro
-- Symlinking: /home/dev/Documents/GitHub/Poonam/ros2_ws/install/microros_hardware_interface/share/microros_hardware_interface/description/urdf/util/components/front_oakd.xacro
-- Symlinking: /home/dev/Documents/GitHub/Poonam/ros2_ws/install/microros_hardware_interface/share/microros_hardware_interface/description/urdf/util/components/rplidar.xacro
-- Symlinking: /home/dev/Documents/GitHub/Poonam/ros2_ws/install/microros_hardware_interface/share/microros_hardware_interface/description/urdf/util/constants.xacro
-- Symlinking: /home/dev/Documents/GitHub/Poonam/ros2_ws/install/microros_hardware_interface/share/microros_hardware_interface/description/urdf/util/macros/camera.xacro
-- Symlinking: /home/dev/Documents/GitHub/Poonam/ros2_ws/install/microros_hardware_interface/share/microros_hardware_interface/description/urdf/util/macros/dead_wheel.xacro
-- Symlinking: /home/dev/Documents/GitHub/Poonam/ros2_ws/install/microros_hardware_interface/share/microros_hardware_interface/description/urdf/util/macros/depth_camera.xacro
-- Symlinking: /home/dev/Documents/GitHub/Poonam/ros2_ws/install/microros_hardware_interface/share/microros_hardware_interface/description/urdf/util/macros/imu.xacro
-- Symlinking: /home/dev/Documents/GitHub/Poonam/ros2_ws/install/microros_hardware_interface/share/microros_hardware_interface/description/urdf/util/macros/lidar.xacro
-- Symlinking: /home/dev/Documents/GitHub/Poonam/ros2_ws/install/microros_hardware_interface/share/microros_hardware_interface/description/urdf/util/macros/oakd.xacro
-- Symlinking: /home/dev/Documents/GitHub/Poonam/ros2_ws/install/microros_hardware_interface/share/microros_hardware_interface/description/urdf/util/macros/wheel.xacro
-- Symlinking: /home/dev/Documents/GitHub/Poonam/ros2_ws/install/microros_hardware_interface/share/microros_hardware_interface/description/urdf/util/materials.xacro
-- Symlinking: /home/dev/Documents/GitHub/Poonam/ros2_ws/install/microros_hardware_interface/share/microros_hardware_interface/bringup/config/controllers.yaml
-- Symlinking: /home/dev/Documents/GitHub/Poonam/ros2_ws/install/microros_hardware_interface/share/microros_hardware_interface/bringup/config/gazebo_controller.yaml
-- Symlinking: /home/dev/Documents/GitHub/Poonam/ros2_ws/install/microros_hardware_interface/share/microros_hardware_interface/bringup/config/gz_bridge.yaml
-- Symlinking: /home/dev/Documents/GitHub/Poonam/ros2_ws/install/microros_hardware_interface/share/microros_hardware_interface/bringup/config/mapper_params_online_async.yaml
-- Symlinking: /home/dev/Documents/GitHub/Poonam/ros2_ws/install/microros_hardware_interface/share/microros_hardware_interface/bringup/launch/controller_manager.launch.py
-- Symlinking: /home/dev/Documents/GitHub/Poonam/ros2_ws/install/microros_hardware_interface/share/microros_hardware_interface/bringup/launch/external_controllers.launch.py
-- Symlinking: /home/dev/Documents/GitHub/Poonam/ros2_ws/install/microros_hardware_interface/share/microros_hardware_interface/bringup/launch/foxglove.launch.py
-- Symlinking: /home/dev/Documents/GitHub/Poonam/ros2_ws/install/microros_hardware_interface/share/microros_hardware_interface/bringup/launch/joint_state_broadcaster.launch.py
-- Symlinking: /home/dev/Documents/GitHub/Poonam/ros2_ws/install/microros_hardware_interface/share/microros_hardware_interface/bringup/launch/main.launch.py
-- Symlinking: /home/dev/Documents/GitHub/Poonam/ros2_ws/install/microros_hardware_interface/share/microros_hardware_interface/bringup/launch/microros.launch.py
-- Symlinking: /home/dev/Documents/GitHub/Poonam/ros2_ws/install/microros_hardware_interface/share/microros_hardware_interface/bringup/launch/robot_state_publisher.launch.py
-- Symlinking: /home/dev/Documents/GitHub/Poonam/ros2_ws/install/microros_hardware_interface/share/microros_hardware_interface/bringup/launch/rviz2.launch.py
-- Symlinking: /home/dev/Documents/GitHub/Poonam/ros2_ws/install/microros_hardware_interface/share/microros_hardware_interface/bringup/launch/sim.launch.py
-- Symlinking: /home/dev/Documents/GitHub/Poonam/ros2_ws/install/microros_hardware_interface/share/microros_hardware_interface/bringup/launch/slam_toolbox.launch.py
-- Symlinking: /home/dev/Documents/GitHub/Poonam/ros2_ws/install/microros_hardware_interface/share/microros_hardware_interface/bringup/scripts/launch_microros.sh
-- Symlinking: /home/dev/Documents/GitHub/Poonam/ros2_ws/install/microros_hardware_interface/share/microros_hardware_interface/bringup/worlds/boxed_world.world
-- Symlinking: /home/dev/Documents/GitHub/Poonam/ros2_ws/install/microros_hardware_interface/share/microros_hardware_interface/bringup/worlds/empty.world
-- Symlinking: /home/dev/Documents/GitHub/Poonam/ros2_ws/install/microros_hardware_interface/share/microros_hardware_interface/bringup/worlds/obstacles.world
-- Symlinking: /home/dev/Documents/GitHub/Poonam/ros2_ws/install/microros_hardware_interface/share/microros_hardware_interface/bringup/worlds/tugbot_depot.world
-- Up-to-date symlink: /home/dev/Documents/GitHub/Poonam/ros2_ws/install/microros_hardware_interface/share/microros_hardware_interface/environment/library_path.sh
-- Symlinking: /home/dev/Documents/GitHub/Poonam/ros2_ws/install/microros_hardware_interface/share/microros_hardware_interface/environment/library_path.dsv
-- Symlinking: /home/dev/Documents/GitHub/Poonam/ros2_ws/install/microros_hardware_interface/share/ament_index/resource_index/package_run_dependencies/microros_hardware_interface
-- Symlinking: /home/dev/Documents/GitHub/Poonam/ros2_ws/install/microros_hardware_interface/share/ament_index/resource_index/parent_prefix_path/microros_hardware_interface
-- Up-to-date symlink: /home/dev/Documents/GitHub/Poonam/ros2_ws/install/microros_hardware_interface/share/microros_hardware_interface/environment/ament_prefix_path.sh
-- Symlinking: /home/dev/Documents/GitHub/Poonam/ros2_ws/install/microros_hardware_interface/share/microros_hardware_interface/environment/ament_prefix_path.dsv
-- Up-to-date symlink: /home/dev/Documents/GitHub/Poonam/ros2_ws/install/microros_hardware_interface/share/microros_hardware_interface/environment/path.sh
-- Symlinking: /home/dev/Documents/GitHub/Poonam/ros2_ws/install/microros_hardware_interface/share/microros_hardware_interface/environment/path.dsv
-- Symlinking: /home/dev/Documents/GitHub/Poonam/ros2_ws/install/microros_hardware_interface/share/microros_hardware_interface/local_setup.bash
-- Symlinking: /home/dev/Documents/GitHub/Poonam/ros2_ws/install/microros_hardware_interface/share/microros_hardware_interface/local_setup.sh
-- Symlinking: /home/dev/Documents/GitHub/Poonam/ros2_ws/install/microros_hardware_interface/share/microros_hardware_interface/local_setup.zsh
-- Symlinking: /home/dev/Documents/GitHub/Poonam/ros2_ws/install/microros_hardware_interface/share/microros_hardware_interface/local_setup.dsv
-- Symlinking: /home/dev/Documents/GitHub/Poonam/ros2_ws/install/microros_hardware_interface/share/microros_hardware_interface/package.dsv
-- Symlinking: /home/dev/Documents/GitHub/Poonam/ros2_ws/install/microros_hardware_interface/share/ament_index/resource_index/packages/microros_hardware_interface
-- Symlinking: /home/dev/Documents/GitHub/Poonam/ros2_ws/install/microros_hardware_interface/share/ament_index/resource_index/hardware_interface__pluginlib__plugin/microros_hardware_interface
-- Symlinking: /home/dev/Documents/GitHub/Poonam/ros2_ws/install/microros_hardware_interface/share/microros_hardware_interface/cmake/ament_cmake_export_targets-extras.cmake
-- Symlinking: /home/dev/Documents/GitHub/Poonam/ros2_ws/install/microros_hardware_interface/share/microros_hardware_interface/cmake/ament_cmake_export_dependencies-extras.cmake
-- Symlinking: /home/dev/Documents/GitHub/Poonam/ros2_ws/install/microros_hardware_interface/share/microros_hardware_interface/cmake/microros_hardware_interfaceConfig.cmake
-- Symlinking: /home/dev/Documents/GitHub/Poonam/ros2_ws/install/microros_hardware_interface/share/microros_hardware_interface/cmake/microros_hardware_interfaceConfig-version.cmake
-- Symlinking: /home/dev/Documents/GitHub/Poonam/ros2_ws/install/microros_hardware_interface/share/microros_hardware_interface/package.xml
-- Installing: /home/dev/Documents/GitHub/Poonam/ros2_ws/install/microros_hardware_interface/lib/libmicroros_hardware_interface.so
-- Set runtime path of "/home/dev/Documents/GitHub/Poonam/ros2_ws/install/microros_hardware_interface/lib/libmicroros_hardware_interface.so" to ""
-- Installing: /home/dev/Documents/GitHub/Poonam/ros2_ws/install/microros_hardware_interface/share/microros_hardware_interface/cmake/export_microros_hardware_interfaceExport.cmake
-- Installing: /home/dev/Documents/GitHub/Poonam/ros2_ws/install/microros_hardware_interface/share/microros_hardware_interface/cmake/export_microros_hardware_interfaceExport-noconfig.cmake
