-- Found ament_cmake: 1.3.11 (/opt/ros/humble/share/ament_cmake/cmake)
-- Override CMake install command with custom implementation using symlinks instead of copying resources
-- Found rclcpp: 16.0.12 (/opt/ros/humble/share/rclcpp/cmake)
-- Found rosidl_generator_c: 3.1.6 (/opt/ros/humble/share/rosidl_generator_c/cmake)
-- Found rosidl_adapter: 3.1.6 (/opt/ros/humble/share/rosidl_adapter/cmake)
-- Found rosidl_generator_cpp: 3.1.6 (/opt/ros/humble/share/rosidl_generator_cpp/cmake)
-- Using all available rosidl_typesupport_c: rosidl_typesupport_fastrtps_c;rosidl_typesupport_introspection_c
-- Using all available rosidl_typesupport_cpp: rosidl_typesupport_fastrtps_cpp;rosidl_typesupport_introspection_cpp
-- Found rmw_implementation_cmake: 6.1.2 (/opt/ros/humble/share/rmw_implementation_cmake/cmake)
-- Found rmw_fastrtps_cpp: 6.2.7 (/opt/ros/humble/share/rmw_fastrtps_cpp/cmake)
-- Using RMW implementation 'rmw_fastrtps_cpp' as default
-- Found sensor_msgs: 4.8.0 (/opt/ros/humble/share/sensor_msgs/cmake)
-- Found ament_lint_auto: 0.12.12 (/opt/ros/humble/share/ament_lint_auto/cmake)
-- Added test 'cppcheck' to perform static code analysis on C / C++ code
-- Configured cppcheck include dirs: 
-- Configured cppcheck exclude dirs and/or files: 
-- Added test 'flake8' to check Python code syntax and style conventions
-- Added test 'lint_cmake' to check CMake code style
-- Added test 'pep257' to check Python code against some of the docstring style conventions in PEP 257
-- Added test 'uncrustify' to check C / C++ code style
-- Configured uncrustify additional arguments: 
-- Added test 'xmllint' to check XML markup files
-- Configuring done
-- Generating done
-- Build files have been written to: /home/dev/Documents/GitHub/Polar-Two/ros2_ws/build/my_robot
[35m[1mConsolidate compiler generated dependencies of target listener[0m
[35m[1mConsolidate compiler generated dependencies of target joystick_teleop[0m
[35m[1mConsolidate compiler generated dependencies of target effort_translator[0m
[35m[1mConsolidate compiler generated dependencies of target gazebo_translator[0m
[35m[1mConsolidate compiler generated dependencies of target hardware_translator[0m
[35m[1mConsolidate compiler generated dependencies of target talker[0m
[ 33%] [32mBuilding CXX object CMakeFiles/listener.dir/src/test/Subscriber.cpp.o[0m
[ 33%] [32mBuilding CXX object CMakeFiles/hardware_translator.dir/src/util/HardwareTranslator.cpp.o[0m
[ 33%] [32mBuilding CXX object CMakeFiles/gazebo_translator.dir/src/util/GazeboTranslator.cpp.o[0m
[ 33%] [32mBuilding CXX object CMakeFiles/joystick_teleop.dir/src/util/Joystick.cpp.o[0m
[ 50%] [32mBuilding CXX object CMakeFiles/effort_translator.dir/src/util/EffortTranslator.cpp.o[0m
[ 50%] [32mBuilding CXX object CMakeFiles/talker.dir/src/test/Publisher.cpp.o[0m
[ 58%] [32m[1mLinking CXX executable talker[0m
[ 58%] Built target talker
[ 66%] [32m[1mLinking CXX executable listener[0m
[ 66%] Built target listener
[ 75%] [32m[1mLinking CXX executable joystick_teleop[0m
[ 83%] [32m[1mLinking CXX executable hardware_translator[0m
[ 91%] [32m[1mLinking CXX executable effort_translator[0m
[ 91%] Built target joystick_teleop
[ 91%] Built target hardware_translator
[ 91%] Built target effort_translator
[100%] [32m[1mLinking CXX executable gazebo_translator[0m
[100%] Built target gazebo_translator
-- Install configuration: ""
-- Execute custom install script
-- Up-to-date symlink: /home/dev/Documents/GitHub/Polar-Two/ros2_ws/install/my_robot/lib/my_robot/talker
-- Up-to-date symlink: /home/dev/Documents/GitHub/Polar-Two/ros2_ws/install/my_robot/lib/my_robot/listener
-- Up-to-date symlink: /home/dev/Documents/GitHub/Polar-Two/ros2_ws/install/my_robot/lib/my_robot/effort_translator
-- Up-to-date symlink: /home/dev/Documents/GitHub/Polar-Two/ros2_ws/install/my_robot/lib/my_robot/joystick_teleop
-- Up-to-date symlink: /home/dev/Documents/GitHub/Polar-Two/ros2_ws/install/my_robot/lib/my_robot/gazebo_translator
-- Up-to-date symlink: /home/dev/Documents/GitHub/Polar-Two/ros2_ws/install/my_robot/lib/my_robot/hardware_translator
-- Up-to-date symlink: /home/dev/Documents/GitHub/Polar-Two/ros2_ws/install/my_robot/share/my_robot//launch/depth_camera.launch.py
-- Up-to-date symlink: /home/dev/Documents/GitHub/Polar-Two/ros2_ws/install/my_robot/share/my_robot//launch/effort_translator.launch.py
-- Up-to-date symlink: /home/dev/Documents/GitHub/Polar-Two/ros2_ws/install/my_robot/share/my_robot//launch/gazebo_translator.launch.py
-- Up-to-date symlink: /home/dev/Documents/GitHub/Polar-Two/ros2_ws/install/my_robot/share/my_robot//launch/hardware_translator.launch.py
-- Up-to-date symlink: /home/dev/Documents/GitHub/Polar-Two/ros2_ws/install/my_robot/share/my_robot//launch/joystick.launch.py
-- Up-to-date symlink: /home/dev/Documents/GitHub/Polar-Two/ros2_ws/install/my_robot/share/my_robot//launch/main.launch.py
-- Up-to-date symlink: /home/dev/Documents/GitHub/Polar-Two/ros2_ws/install/my_robot/share/my_robot//launch/microros.launch.py
-- Up-to-date symlink: /home/dev/Documents/GitHub/Polar-Two/ros2_ws/install/my_robot/share/my_robot//launch/rviz.launch.py
-- Up-to-date symlink: /home/dev/Documents/GitHub/Polar-Two/ros2_ws/install/my_robot/share/my_robot//launch/simulation.launch.py
-- Up-to-date symlink: /home/dev/Documents/GitHub/Polar-Two/ros2_ws/install/my_robot/share/my_robot//launch/twist_mux.launch.py
-- Up-to-date symlink: /home/dev/Documents/GitHub/Polar-Two/ros2_ws/install/my_robot/share/my_robot//config/effort_translator.yaml
-- Up-to-date symlink: /home/dev/Documents/GitHub/Polar-Two/ros2_ws/install/my_robot/share/my_robot//config/gazebo_params.yaml
-- Up-to-date symlink: /home/dev/Documents/GitHub/Polar-Two/ros2_ws/install/my_robot/share/my_robot//config/hardware_translator.yaml
-- Up-to-date symlink: /home/dev/Documents/GitHub/Polar-Two/ros2_ws/install/my_robot/share/my_robot//config/joystick.yaml
-- Up-to-date symlink: /home/dev/Documents/GitHub/Polar-Two/ros2_ws/install/my_robot/share/my_robot//config/simtime.yaml
-- Up-to-date symlink: /home/dev/Documents/GitHub/Polar-Two/ros2_ws/install/my_robot/share/my_robot//config/twist_mux.yaml
-- Up-to-date symlink: /home/dev/Documents/GitHub/Polar-Two/ros2_ws/install/my_robot/share/my_robot//rviz/hello.txt
-- Up-to-date symlink: /home/dev/Documents/GitHub/Polar-Two/ros2_ws/install/my_robot/share/my_robot//worlds/hello.txt
-- Up-to-date symlink: /home/dev/Documents/GitHub/Polar-Two/ros2_ws/install/my_robot/share/ament_index/resource_index/package_run_dependencies/my_robot
-- Up-to-date symlink: /home/dev/Documents/GitHub/Polar-Two/ros2_ws/install/my_robot/share/ament_index/resource_index/parent_prefix_path/my_robot
-- Up-to-date symlink: /home/dev/Documents/GitHub/Polar-Two/ros2_ws/install/my_robot/share/my_robot/environment/ament_prefix_path.sh
-- Up-to-date symlink: /home/dev/Documents/GitHub/Polar-Two/ros2_ws/install/my_robot/share/my_robot/environment/ament_prefix_path.dsv
-- Up-to-date symlink: /home/dev/Documents/GitHub/Polar-Two/ros2_ws/install/my_robot/share/my_robot/environment/path.sh
-- Up-to-date symlink: /home/dev/Documents/GitHub/Polar-Two/ros2_ws/install/my_robot/share/my_robot/environment/path.dsv
-- Up-to-date symlink: /home/dev/Documents/GitHub/Polar-Two/ros2_ws/install/my_robot/share/my_robot/local_setup.bash
-- Up-to-date symlink: /home/dev/Documents/GitHub/Polar-Two/ros2_ws/install/my_robot/share/my_robot/local_setup.sh
-- Up-to-date symlink: /home/dev/Documents/GitHub/Polar-Two/ros2_ws/install/my_robot/share/my_robot/local_setup.zsh
-- Up-to-date symlink: /home/dev/Documents/GitHub/Polar-Two/ros2_ws/install/my_robot/share/my_robot/local_setup.dsv
-- Symlinking: /home/dev/Documents/GitHub/Polar-Two/ros2_ws/install/my_robot/share/my_robot/package.dsv
-- Up-to-date symlink: /home/dev/Documents/GitHub/Polar-Two/ros2_ws/install/my_robot/share/ament_index/resource_index/packages/my_robot
-- Up-to-date symlink: /home/dev/Documents/GitHub/Polar-Two/ros2_ws/install/my_robot/share/my_robot/cmake/my_robotConfig.cmake
-- Up-to-date symlink: /home/dev/Documents/GitHub/Polar-Two/ros2_ws/install/my_robot/share/my_robot/cmake/my_robotConfig-version.cmake
-- Up-to-date symlink: /home/dev/Documents/GitHub/Polar-Two/ros2_ws/install/my_robot/share/my_robot/package.xml
