[0.028s] Invoking command in '/home/dev/Documents/GitHub/Polar-Two/ros2_ws/build/camera_driver_srvs': CMAKE_PREFIX_PATH=/opt/ros/humble CONDA_PROMPT_MODIFIER=(base) /usr/bin/cmake /home/dev/Documents/GitHub/Polar-Two/ros2_ws/src/camera_driver_srvs -DAMENT_CMAKE_SYMLINK_INSTALL=1 -DCMAKE_INSTALL_PREFIX=/home/dev/Documents/GitHub/Polar-Two/ros2_ws/install/camera_driver_srvs
[0.107s] -- The C compiler identification is GNU 11.4.0
[0.171s] -- The CXX compiler identification is GNU 11.4.0
[0.177s] -- Detecting C compiler ABI info
[0.250s] -- Detecting C compiler ABI info - done
[0.255s] -- Check for working C compiler: /usr/bin/cc - skipped
[0.256s] -- Detecting C compile features
[0.256s] -- Detecting C compile features - done
[0.259s] -- Detecting CXX compiler ABI info
[0.344s] -- Detecting CXX compiler ABI info - done
[0.349s] -- Check for working CXX compiler: /usr/bin/c++ - skipped
[0.349s] -- Detecting CXX compile features
[0.349s] -- Detecting CXX compile features - done
[0.351s] -- Found ament_cmake: 1.3.11 (/opt/ros/humble/share/ament_cmake/cmake)
[0.806s] -- Found Python3: /home/dev/anaconda3/bin/python3 (found version "3.12.2") found components: Interpreter 
[0.903s] -- Override CMake install command with custom implementation using symlinks instead of copying resources
[0.934s] -- Found rosidl_default_generators: 1.2.0 (/opt/ros/humble/share/rosidl_default_generators/cmake)
[0.937s] -- Using all available rosidl_typesupport_c: rosidl_typesupport_fastrtps_c;rosidl_typesupport_introspection_c
[0.942s] -- Found rosidl_adapter: 3.1.6 (/opt/ros/humble/share/rosidl_adapter/cmake)
[0.976s] -- Using all available rosidl_typesupport_cpp: rosidl_typesupport_fastrtps_cpp;rosidl_typesupport_introspection_cpp
[1.005s] -- Found std_msgs: 4.8.0 (/opt/ros/humble/share/std_msgs/cmake)
[1.034s] -- Found geometry_msgs: 4.8.0 (/opt/ros/humble/share/geometry_msgs/cmake)
[1.345s] -- Found ament_cmake_ros: 0.10.0 (/opt/ros/humble/share/ament_cmake_ros/cmake)
[1.543s] -- Using all available rosidl_typesupport_c: rosidl_typesupport_fastrtps_c;rosidl_typesupport_introspection_c
[1.806s] -- Using all available rosidl_typesupport_cpp: rosidl_typesupport_fastrtps_cpp;rosidl_typesupport_introspection_cpp
[1.825s] -- Found PythonInterp: /home/dev/anaconda3/bin/python3 (found suitable version "3.12.2", minimum required is "3.6") 
[1.827s] -- Found python_cmake_module: 0.10.0 (/opt/ros/humble/share/python_cmake_module/cmake)
[1.852s] -- Found PythonLibs: /home/dev/anaconda3/lib/libpython3.12.so (found suitable version "3.12.2", minimum required is "3.5") 
[1.852s] -- Using PYTHON_EXECUTABLE: /home/dev/anaconda3/bin/python3
[1.852s] -- Using PYTHON_INCLUDE_DIRS: /home/dev/anaconda3/include/python3.12
[1.852s] -- Using PYTHON_LIBRARIES: /home/dev/anaconda3/lib/libpython3.12.so
[1.877s] -- Found PythonExtra: .so  
[2.134s] -- Using numpy include directory: /home/dev/anaconda3/lib/python3.12/site-packages/numpy/_core/include
[2.158s] -- Found ament_lint_auto: 0.12.12 (/opt/ros/humble/share/ament_lint_auto/cmake)
[2.179s] -- Added test 'lint_cmake' to check CMake code style
[2.181s] -- Added test 'xmllint' to check XML markup files
[2.187s] -- Configuring done
[2.249s] -- Generating done
[2.263s] -- Build files have been written to: /home/dev/Documents/GitHub/Polar-Two/ros2_ws/build/camera_driver_srvs
[2.287s] Invoked command in '/home/dev/Documents/GitHub/Polar-Two/ros2_ws/build/camera_driver_srvs' returned '0': CMAKE_PREFIX_PATH=/opt/ros/humble CONDA_PROMPT_MODIFIER=(base) /usr/bin/cmake /home/dev/Documents/GitHub/Polar-Two/ros2_ws/src/camera_driver_srvs -DAMENT_CMAKE_SYMLINK_INSTALL=1 -DCMAKE_INSTALL_PREFIX=/home/dev/Documents/GitHub/Polar-Two/ros2_ws/install/camera_driver_srvs
[2.288s] Invoking command in '/home/dev/Documents/GitHub/Polar-Two/ros2_ws/build/camera_driver_srvs': CMAKE_PREFIX_PATH=/opt/ros/humble CONDA_PROMPT_MODIFIER=(base) /usr/bin/cmake --build /home/dev/Documents/GitHub/Polar-Two/ros2_ws/build/camera_driver_srvs -- -j16 -l16
[2.383s] [  2%] [34m[1mGenerating C code for ROS interfaces[0m
[2.399s] [  5%] [34m[1mGenerating C++ code for ROS interfaces[0m
[2.417s] [  5%] Built target ament_cmake_python_symlink_camera_driver_srvs
[2.792s] running egg_info
[2.792s] creating camera_driver_srvs.egg-info
[2.820s] writing camera_driver_srvs.egg-info/PKG-INFO
[2.820s] writing dependency_links to camera_driver_srvs.egg-info/dependency_links.txt
[2.820s] writing top-level names to camera_driver_srvs.egg-info/top_level.txt
[2.820s] writing manifest file 'camera_driver_srvs.egg-info/SOURCES.txt'
[2.898s] reading manifest file 'camera_driver_srvs.egg-info/SOURCES.txt'
[2.899s] writing manifest file 'camera_driver_srvs.egg-info/SOURCES.txt'
[2.991s] [  5%] Built target ament_cmake_python_build_camera_driver_srvs_egg
[3.078s] [  5%] Built target camera_driver_srvs__cpp
[3.102s] [  7%] [34m[1mGenerating C++ type support dispatch for ROS interfaces[0m
[3.107s] [ 10%] [34m[1mGenerating C++ type support for eProsima Fast-RTPS[0m
[3.110s] [ 12%] [34m[1mGenerating C++ introspection for ROS interfaces[0m
[3.127s] [ 15%] [32mBuilding C object CMakeFiles/camera_driver_srvs__rosidl_generator_c.dir/rosidl_generator_c/camera_driver_srvs/srv/detail/configure_camera__functions.c.o[0m
[3.140s] [ 17%] [32mBuilding C object CMakeFiles/camera_driver_srvs__rosidl_generator_c.dir/rosidl_generator_c/camera_driver_srvs/srv/detail/reconfigure_defaults__functions.c.o[0m
[3.269s] [ 20%] [32m[1mLinking C shared library libcamera_driver_srvs__rosidl_generator_c.so[0m
[3.375s] [ 20%] Built target camera_driver_srvs__rosidl_generator_c
[3.408s] [ 23%] [34m[1mGenerating C type support dispatch for ROS interfaces[0m
[3.411s] [ 25%] [34m[1mGenerating C introspection for ROS interfaces[0m
[3.416s] [ 28%] [34m[1mGenerating C type support for eProsima Fast-RTPS[0m
[3.786s] [ 30%] [32mBuilding CXX object CMakeFiles/camera_driver_srvs__rosidl_typesupport_cpp.dir/rosidl_typesupport_cpp/camera_driver_srvs/srv/reconfigure_defaults__type_support.cpp.o[0m
[3.795s] [ 33%] [32mBuilding CXX object CMakeFiles/camera_driver_srvs__rosidl_typesupport_cpp.dir/rosidl_typesupport_cpp/camera_driver_srvs/srv/configure_camera__type_support.cpp.o[0m
[3.813s] [ 35%] [32mBuilding CXX object CMakeFiles/camera_driver_srvs__rosidl_typesupport_fastrtps_cpp.dir/rosidl_typesupport_fastrtps_cpp/camera_driver_srvs/srv/detail/dds_fastrtps/configure_camera__type_support.cpp.o[0m
[3.830s] [ 38%] [32mBuilding CXX object CMakeFiles/camera_driver_srvs__rosidl_typesupport_fastrtps_cpp.dir/rosidl_typesupport_fastrtps_cpp/camera_driver_srvs/srv/detail/dds_fastrtps/reconfigure_defaults__type_support.cpp.o[0m
[3.949s] [ 41%] [32mBuilding CXX object CMakeFiles/camera_driver_srvs__rosidl_typesupport_introspection_cpp.dir/rosidl_typesupport_introspection_cpp/camera_driver_srvs/srv/detail/configure_camera__type_support.cpp.o[0m
[3.967s] [ 43%] [32mBuilding CXX object CMakeFiles/camera_driver_srvs__rosidl_typesupport_introspection_cpp.dir/rosidl_typesupport_introspection_cpp/camera_driver_srvs/srv/detail/reconfigure_defaults__type_support.cpp.o[0m
[3.994s] [ 46%] [32mBuilding C object CMakeFiles/camera_driver_srvs__rosidl_typesupport_introspection_c.dir/rosidl_typesupport_introspection_c/camera_driver_srvs/srv/detail/reconfigure_defaults__type_support.c.o[0m
[3.994s] [ 48%] [32mBuilding C object CMakeFiles/camera_driver_srvs__rosidl_typesupport_introspection_c.dir/rosidl_typesupport_introspection_c/camera_driver_srvs/srv/detail/configure_camera__type_support.c.o[0m
[4.056s] [ 51%] [32mBuilding CXX object CMakeFiles/camera_driver_srvs__rosidl_typesupport_c.dir/rosidl_typesupport_c/camera_driver_srvs/srv/reconfigure_defaults__type_support.cpp.o[0m
[4.059s] [ 53%] [32mBuilding CXX object CMakeFiles/camera_driver_srvs__rosidl_typesupport_c.dir/rosidl_typesupport_c/camera_driver_srvs/srv/configure_camera__type_support.cpp.o[0m
[4.104s] [ 56%] [32m[1mLinking C shared library libcamera_driver_srvs__rosidl_typesupport_introspection_c.so[0m
[4.153s] [ 58%] [32m[1mLinking CXX shared library libcamera_driver_srvs__rosidl_typesupport_c.so[0m
[4.206s] [ 61%] [32mBuilding CXX object CMakeFiles/camera_driver_srvs__rosidl_typesupport_fastrtps_c.dir/rosidl_typesupport_fastrtps_c/camera_driver_srvs/srv/detail/reconfigure_defaults__type_support_c.cpp.o[0m
[4.208s] [ 64%] [32mBuilding CXX object CMakeFiles/camera_driver_srvs__rosidl_typesupport_fastrtps_c.dir/rosidl_typesupport_fastrtps_c/camera_driver_srvs/srv/detail/configure_camera__type_support_c.cpp.o[0m
[4.214s] [ 64%] Built target camera_driver_srvs__rosidl_typesupport_introspection_c
[4.299s] [ 64%] Built target camera_driver_srvs__rosidl_typesupport_c
[4.504s] [ 66%] [32m[1mLinking CXX shared library libcamera_driver_srvs__rosidl_typesupport_cpp.so[0m
[4.657s] [ 66%] Built target camera_driver_srvs__rosidl_typesupport_cpp
[4.793s] [ 69%] [32m[1mLinking CXX shared library libcamera_driver_srvs__rosidl_typesupport_fastrtps_cpp.so[0m
[4.868s] [ 71%] [32m[1mLinking CXX shared library libcamera_driver_srvs__rosidl_typesupport_introspection_cpp.so[0m
[4.953s] [ 74%] [32m[1mLinking CXX shared library libcamera_driver_srvs__rosidl_typesupport_fastrtps_c.so[0m
[4.961s] [ 74%] Built target camera_driver_srvs__rosidl_typesupport_introspection_cpp
[5.052s] [ 74%] Built target camera_driver_srvs__rosidl_typesupport_fastrtps_cpp
[5.189s] [ 74%] Built target camera_driver_srvs__rosidl_typesupport_fastrtps_c
[5.227s] [ 74%] Built target camera_driver_srvs
[5.277s] [ 76%] [34m[1mGenerating Python code for ROS interfaces[0m
[5.912s] [ 76%] Built target camera_driver_srvs__py
[5.944s] [ 79%] [32mBuilding C object CMakeFiles/camera_driver_srvs__rosidl_generator_py.dir/rosidl_generator_py/camera_driver_srvs/srv/_reconfigure_defaults_s.c.o[0m
[5.944s] [ 82%] [32mBuilding C object CMakeFiles/camera_driver_srvs__rosidl_generator_py.dir/rosidl_generator_py/camera_driver_srvs/srv/_configure_camera_s.c.o[0m
[6.199s] [ 84%] [32m[1mLinking C shared library rosidl_generator_py/camera_driver_srvs/libcamera_driver_srvs__rosidl_generator_py.so[0m
[6.282s] [ 84%] Built target camera_driver_srvs__rosidl_generator_py
[6.322s] [ 89%] [32mBuilding C object CMakeFiles/camera_driver_srvs__rosidl_typesupport_fastrtps_c__pyext.dir/rosidl_generator_py/camera_driver_srvs/_camera_driver_srvs_s.ep.rosidl_typesupport_fastrtps_c.c.o[0m
[6.322s] [ 89%] [32mBuilding C object CMakeFiles/camera_driver_srvs__rosidl_typesupport_c__pyext.dir/rosidl_generator_py/camera_driver_srvs/_camera_driver_srvs_s.ep.rosidl_typesupport_c.c.o[0m
[6.337s] [ 92%] [32mBuilding C object CMakeFiles/camera_driver_srvs__rosidl_typesupport_introspection_c__pyext.dir/rosidl_generator_py/camera_driver_srvs/_camera_driver_srvs_s.ep.rosidl_typesupport_introspection_c.c.o[0m
[6.524s] [ 94%] [32m[1mLinking C shared library rosidl_generator_py/camera_driver_srvs/camera_driver_srvs_s__rosidl_typesupport_introspection_c.cpython-312-x86_64-linux-gnu.so[0m
[6.525s] [ 97%] [32m[1mLinking C shared library rosidl_generator_py/camera_driver_srvs/camera_driver_srvs_s__rosidl_typesupport_c.cpython-312-x86_64-linux-gnu.so[0m
[6.534s] [100%] [32m[1mLinking C shared library rosidl_generator_py/camera_driver_srvs/camera_driver_srvs_s__rosidl_typesupport_fastrtps_c.cpython-312-x86_64-linux-gnu.so[0m
[6.588s] [100%] Built target camera_driver_srvs__rosidl_typesupport_c__pyext
[6.588s] [100%] Built target camera_driver_srvs__rosidl_typesupport_introspection_c__pyext
[6.622s] [100%] Built target camera_driver_srvs__rosidl_typesupport_fastrtps_c__pyext
[6.645s] Invoked command in '/home/dev/Documents/GitHub/Polar-Two/ros2_ws/build/camera_driver_srvs' returned '0': CMAKE_PREFIX_PATH=/opt/ros/humble CONDA_PROMPT_MODIFIER=(base) /usr/bin/cmake --build /home/dev/Documents/GitHub/Polar-Two/ros2_ws/build/camera_driver_srvs -- -j16 -l16
[6.649s] Invoking command in '/home/dev/Documents/GitHub/Polar-Two/ros2_ws/build/camera_driver_srvs': CMAKE_PREFIX_PATH=/opt/ros/humble CONDA_PROMPT_MODIFIER=(base) /usr/bin/cmake --install /home/dev/Documents/GitHub/Polar-Two/ros2_ws/build/camera_driver_srvs
[6.666s] -- Install configuration: ""
[6.666s] -- Execute custom install script
[6.666s] -- Symlinking: /home/dev/Documents/GitHub/Polar-Two/ros2_ws/install/camera_driver_srvs/share/ament_index/resource_index/rosidl_interfaces/camera_driver_srvs
[6.679s] -- Symlinking: /home/dev/Documents/GitHub/Polar-Two/ros2_ws/install/camera_driver_srvs/include/camera_driver_srvs/camera_driver_srvs/msg/rosidl_generator_c__visibility_control.h
[6.696s] -- Symlinking: /home/dev/Documents/GitHub/Polar-Two/ros2_ws/install/camera_driver_srvs/include/camera_driver_srvs/camera_driver_srvs/srv/configure_camera.h
[6.712s] -- Symlinking: /home/dev/Documents/GitHub/Polar-Two/ros2_ws/install/camera_driver_srvs/include/camera_driver_srvs/camera_driver_srvs/srv/detail/configure_camera__functions.h
[6.727s] -- Symlinking: /home/dev/Documents/GitHub/Polar-Two/ros2_ws/install/camera_driver_srvs/include/camera_driver_srvs/camera_driver_srvs/srv/detail/configure_camera__struct.h
[6.741s] -- Symlinking: /home/dev/Documents/GitHub/Polar-Two/ros2_ws/install/camera_driver_srvs/include/camera_driver_srvs/camera_driver_srvs/srv/detail/configure_camera__type_support.h
[6.758s] -- Symlinking: /home/dev/Documents/GitHub/Polar-Two/ros2_ws/install/camera_driver_srvs/include/camera_driver_srvs/camera_driver_srvs/srv/detail/reconfigure_defaults__functions.h
[6.777s] -- Symlinking: /home/dev/Documents/GitHub/Polar-Two/ros2_ws/install/camera_driver_srvs/include/camera_driver_srvs/camera_driver_srvs/srv/detail/reconfigure_defaults__struct.h
[6.793s] -- Symlinking: /home/dev/Documents/GitHub/Polar-Two/ros2_ws/install/camera_driver_srvs/include/camera_driver_srvs/camera_driver_srvs/srv/detail/reconfigure_defaults__type_support.h
[6.806s] -- Symlinking: /home/dev/Documents/GitHub/Polar-Two/ros2_ws/install/camera_driver_srvs/include/camera_driver_srvs/camera_driver_srvs/srv/reconfigure_defaults.h
[6.818s] -- Symlinking: /home/dev/Documents/GitHub/Polar-Two/ros2_ws/install/camera_driver_srvs/share/camera_driver_srvs/environment/library_path.sh
[6.830s] -- Symlinking: /home/dev/Documents/GitHub/Polar-Two/ros2_ws/install/camera_driver_srvs/share/camera_driver_srvs/environment/library_path.dsv
[6.844s] -- Symlinking: /home/dev/Documents/GitHub/Polar-Two/ros2_ws/install/camera_driver_srvs/include/camera_driver_srvs/camera_driver_srvs/msg/rosidl_typesupport_fastrtps_c__visibility_control.h
[6.859s] -- Symlinking: /home/dev/Documents/GitHub/Polar-Two/ros2_ws/install/camera_driver_srvs/include/camera_driver_srvs/camera_driver_srvs/srv/detail/configure_camera__rosidl_typesupport_fastrtps_c.h
[6.874s] -- Symlinking: /home/dev/Documents/GitHub/Polar-Two/ros2_ws/install/camera_driver_srvs/include/camera_driver_srvs/camera_driver_srvs/srv/detail/reconfigure_defaults__rosidl_typesupport_fastrtps_c.h
[6.891s] -- Symlinking: /home/dev/Documents/GitHub/Polar-Two/ros2_ws/install/camera_driver_srvs/include/camera_driver_srvs/camera_driver_srvs/msg/rosidl_typesupport_introspection_c__visibility_control.h
[6.914s] -- Symlinking: /home/dev/Documents/GitHub/Polar-Two/ros2_ws/install/camera_driver_srvs/include/camera_driver_srvs/camera_driver_srvs/srv/detail/configure_camera__rosidl_typesupport_introspection_c.h
[6.931s] -- Symlinking: /home/dev/Documents/GitHub/Polar-Two/ros2_ws/install/camera_driver_srvs/include/camera_driver_srvs/camera_driver_srvs/srv/detail/reconfigure_defaults__rosidl_typesupport_introspection_c.h
[6.947s] -- Symlinking: /home/dev/Documents/GitHub/Polar-Two/ros2_ws/install/camera_driver_srvs/include/camera_driver_srvs/camera_driver_srvs/msg/rosidl_generator_cpp__visibility_control.hpp
[6.964s] -- Symlinking: /home/dev/Documents/GitHub/Polar-Two/ros2_ws/install/camera_driver_srvs/include/camera_driver_srvs/camera_driver_srvs/srv/configure_camera.hpp
[6.981s] -- Symlinking: /home/dev/Documents/GitHub/Polar-Two/ros2_ws/install/camera_driver_srvs/include/camera_driver_srvs/camera_driver_srvs/srv/detail/configure_camera__builder.hpp
[7.000s] -- Symlinking: /home/dev/Documents/GitHub/Polar-Two/ros2_ws/install/camera_driver_srvs/include/camera_driver_srvs/camera_driver_srvs/srv/detail/configure_camera__struct.hpp
[7.013s] -- Symlinking: /home/dev/Documents/GitHub/Polar-Two/ros2_ws/install/camera_driver_srvs/include/camera_driver_srvs/camera_driver_srvs/srv/detail/configure_camera__traits.hpp
[7.026s] -- Symlinking: /home/dev/Documents/GitHub/Polar-Two/ros2_ws/install/camera_driver_srvs/include/camera_driver_srvs/camera_driver_srvs/srv/detail/configure_camera__type_support.hpp
[7.038s] -- Symlinking: /home/dev/Documents/GitHub/Polar-Two/ros2_ws/install/camera_driver_srvs/include/camera_driver_srvs/camera_driver_srvs/srv/detail/reconfigure_defaults__builder.hpp
[7.052s] -- Symlinking: /home/dev/Documents/GitHub/Polar-Two/ros2_ws/install/camera_driver_srvs/include/camera_driver_srvs/camera_driver_srvs/srv/detail/reconfigure_defaults__struct.hpp
[7.083s] -- Symlinking: /home/dev/Documents/GitHub/Polar-Two/ros2_ws/install/camera_driver_srvs/include/camera_driver_srvs/camera_driver_srvs/srv/detail/reconfigure_defaults__traits.hpp
[7.102s] -- Symlinking: /home/dev/Documents/GitHub/Polar-Two/ros2_ws/install/camera_driver_srvs/include/camera_driver_srvs/camera_driver_srvs/srv/detail/reconfigure_defaults__type_support.hpp
[7.115s] -- Symlinking: /home/dev/Documents/GitHub/Polar-Two/ros2_ws/install/camera_driver_srvs/include/camera_driver_srvs/camera_driver_srvs/srv/reconfigure_defaults.hpp
[7.131s] -- Symlinking: /home/dev/Documents/GitHub/Polar-Two/ros2_ws/install/camera_driver_srvs/include/camera_driver_srvs/camera_driver_srvs/msg/rosidl_typesupport_fastrtps_cpp__visibility_control.h
[7.154s] -- Symlinking: /home/dev/Documents/GitHub/Polar-Two/ros2_ws/install/camera_driver_srvs/include/camera_driver_srvs/camera_driver_srvs/srv/detail/configure_camera__rosidl_typesupport_fastrtps_cpp.hpp
[7.171s] -- Symlinking: /home/dev/Documents/GitHub/Polar-Two/ros2_ws/install/camera_driver_srvs/include/camera_driver_srvs/camera_driver_srvs/srv/detail/reconfigure_defaults__rosidl_typesupport_fastrtps_cpp.hpp
[7.189s] -- Symlinking: /home/dev/Documents/GitHub/Polar-Two/ros2_ws/install/camera_driver_srvs/include/camera_driver_srvs/camera_driver_srvs/srv/detail/configure_camera__rosidl_typesupport_introspection_cpp.hpp
[7.207s] -- Symlinking: /home/dev/Documents/GitHub/Polar-Two/ros2_ws/install/camera_driver_srvs/include/camera_driver_srvs/camera_driver_srvs/srv/detail/reconfigure_defaults__rosidl_typesupport_introspection_cpp.hpp
[7.225s] -- Symlinking: /home/dev/Documents/GitHub/Polar-Two/ros2_ws/install/camera_driver_srvs/share/camera_driver_srvs/environment/pythonpath.sh
[7.240s] -- Symlinking: /home/dev/Documents/GitHub/Polar-Two/ros2_ws/install/camera_driver_srvs/share/camera_driver_srvs/environment/pythonpath.dsv
[7.257s] -- Symlinking: /home/dev/Documents/GitHub/Polar-Two/ros2_ws/install/camera_driver_srvs/lib/python3.12/site-packages/camera_driver_srvs-0.0.0-py3.12.egg-info/PKG-INFO
[7.286s] -- Symlinking: /home/dev/Documents/GitHub/Polar-Two/ros2_ws/install/camera_driver_srvs/lib/python3.12/site-packages/camera_driver_srvs-0.0.0-py3.12.egg-info/SOURCES.txt
[7.310s] -- Symlinking: /home/dev/Documents/GitHub/Polar-Two/ros2_ws/install/camera_driver_srvs/lib/python3.12/site-packages/camera_driver_srvs-0.0.0-py3.12.egg-info/dependency_links.txt
[7.329s] -- Symlinking: /home/dev/Documents/GitHub/Polar-Two/ros2_ws/install/camera_driver_srvs/lib/python3.12/site-packages/camera_driver_srvs-0.0.0-py3.12.egg-info/top_level.txt
[7.342s] -- Symlinking: /home/dev/Documents/GitHub/Polar-Two/ros2_ws/install/camera_driver_srvs/lib/python3.12/site-packages/camera_driver_srvs/__init__.py
[7.356s] -- Symlinking: /home/dev/Documents/GitHub/Polar-Two/ros2_ws/install/camera_driver_srvs/lib/python3.12/site-packages/camera_driver_srvs/_camera_driver_srvs_s.ep.rosidl_typesupport_c.c
[7.372s] -- Symlinking: /home/dev/Documents/GitHub/Polar-Two/ros2_ws/install/camera_driver_srvs/lib/python3.12/site-packages/camera_driver_srvs/_camera_driver_srvs_s.ep.rosidl_typesupport_fastrtps_c.c
[7.389s] -- Symlinking: /home/dev/Documents/GitHub/Polar-Two/ros2_ws/install/camera_driver_srvs/lib/python3.12/site-packages/camera_driver_srvs/_camera_driver_srvs_s.ep.rosidl_typesupport_introspection_c.c
[7.407s] -- Symlinking: /home/dev/Documents/GitHub/Polar-Two/ros2_ws/install/camera_driver_srvs/lib/python3.12/site-packages/camera_driver_srvs/camera_driver_srvs_s__rosidl_typesupport_c.cpython-312-x86_64-linux-gnu.so
[7.423s] -- Symlinking: /home/dev/Documents/GitHub/Polar-Two/ros2_ws/install/camera_driver_srvs/lib/python3.12/site-packages/camera_driver_srvs/camera_driver_srvs_s__rosidl_typesupport_fastrtps_c.cpython-312-x86_64-linux-gnu.so
[7.437s] -- Symlinking: /home/dev/Documents/GitHub/Polar-Two/ros2_ws/install/camera_driver_srvs/lib/python3.12/site-packages/camera_driver_srvs/camera_driver_srvs_s__rosidl_typesupport_introspection_c.cpython-312-x86_64-linux-gnu.so
[7.452s] -- Symlinking: /home/dev/Documents/GitHub/Polar-Two/ros2_ws/install/camera_driver_srvs/lib/python3.12/site-packages/camera_driver_srvs/libcamera_driver_srvs__rosidl_generator_py.so
[7.480s] -- Symlinking: /home/dev/Documents/GitHub/Polar-Two/ros2_ws/install/camera_driver_srvs/lib/python3.12/site-packages/camera_driver_srvs/srv/__init__.py
[7.494s] -- Symlinking: /home/dev/Documents/GitHub/Polar-Two/ros2_ws/install/camera_driver_srvs/lib/python3.12/site-packages/camera_driver_srvs/srv/_configure_camera.py
[7.507s] -- Symlinking: /home/dev/Documents/GitHub/Polar-Two/ros2_ws/install/camera_driver_srvs/lib/python3.12/site-packages/camera_driver_srvs/srv/_configure_camera_s.c
[7.519s] -- Symlinking: /home/dev/Documents/GitHub/Polar-Two/ros2_ws/install/camera_driver_srvs/lib/python3.12/site-packages/camera_driver_srvs/srv/_reconfigure_defaults.py
[7.531s] -- Symlinking: /home/dev/Documents/GitHub/Polar-Two/ros2_ws/install/camera_driver_srvs/lib/python3.12/site-packages/camera_driver_srvs/srv/_reconfigure_defaults_s.c
[7.542s] -- Up-to-date symlink: /home/dev/Documents/GitHub/Polar-Two/ros2_ws/install/camera_driver_srvs/lib/python3.12/site-packages/camera_driver_srvs/camera_driver_srvs_s__rosidl_typesupport_fastrtps_c.cpython-312-x86_64-linux-gnu.so
[7.543s] -- Up-to-date symlink: /home/dev/Documents/GitHub/Polar-Two/ros2_ws/install/camera_driver_srvs/lib/python3.12/site-packages/camera_driver_srvs/camera_driver_srvs_s__rosidl_typesupport_introspection_c.cpython-312-x86_64-linux-gnu.so
[7.543s] -- Up-to-date symlink: /home/dev/Documents/GitHub/Polar-Two/ros2_ws/install/camera_driver_srvs/lib/python3.12/site-packages/camera_driver_srvs/camera_driver_srvs_s__rosidl_typesupport_c.cpython-312-x86_64-linux-gnu.so
[7.543s] -- Symlinking: /home/dev/Documents/GitHub/Polar-Two/ros2_ws/install/camera_driver_srvs/share/camera_driver_srvs/srv/ConfigureCamera.idl
[7.557s] -- Symlinking: /home/dev/Documents/GitHub/Polar-Two/ros2_ws/install/camera_driver_srvs/share/camera_driver_srvs/srv/ReconfigureDefaults.idl
[7.572s] -- Symlinking: /home/dev/Documents/GitHub/Polar-Two/ros2_ws/install/camera_driver_srvs/share/camera_driver_srvs/srv/ConfigureCamera.srv
[7.587s] -- Symlinking: /home/dev/Documents/GitHub/Polar-Two/ros2_ws/install/camera_driver_srvs/share/camera_driver_srvs/srv/ConfigureCamera_Request.msg
[7.602s] -- Symlinking: /home/dev/Documents/GitHub/Polar-Two/ros2_ws/install/camera_driver_srvs/share/camera_driver_srvs/srv/ConfigureCamera_Response.msg
[7.616s] -- Symlinking: /home/dev/Documents/GitHub/Polar-Two/ros2_ws/install/camera_driver_srvs/share/camera_driver_srvs/srv/ReconfigureDefaults.srv
[7.631s] -- Symlinking: /home/dev/Documents/GitHub/Polar-Two/ros2_ws/install/camera_driver_srvs/share/camera_driver_srvs/srv/ReconfigureDefaults_Request.msg
[7.649s] -- Symlinking: /home/dev/Documents/GitHub/Polar-Two/ros2_ws/install/camera_driver_srvs/share/camera_driver_srvs/srv/ReconfigureDefaults_Response.msg
[7.666s] -- Symlinking: /home/dev/Documents/GitHub/Polar-Two/ros2_ws/install/camera_driver_srvs/share/ament_index/resource_index/package_run_dependencies/camera_driver_srvs
[7.684s] -- Symlinking: /home/dev/Documents/GitHub/Polar-Two/ros2_ws/install/camera_driver_srvs/share/ament_index/resource_index/parent_prefix_path/camera_driver_srvs
[7.700s] -- Symlinking: /home/dev/Documents/GitHub/Polar-Two/ros2_ws/install/camera_driver_srvs/share/camera_driver_srvs/environment/ament_prefix_path.sh
[7.713s] -- Symlinking: /home/dev/Documents/GitHub/Polar-Two/ros2_ws/install/camera_driver_srvs/share/camera_driver_srvs/environment/ament_prefix_path.dsv
[7.727s] -- Symlinking: /home/dev/Documents/GitHub/Polar-Two/ros2_ws/install/camera_driver_srvs/share/camera_driver_srvs/environment/path.sh
[7.740s] -- Symlinking: /home/dev/Documents/GitHub/Polar-Two/ros2_ws/install/camera_driver_srvs/share/camera_driver_srvs/environment/path.dsv
[7.754s] -- Symlinking: /home/dev/Documents/GitHub/Polar-Two/ros2_ws/install/camera_driver_srvs/share/camera_driver_srvs/local_setup.bash
[7.771s] -- Symlinking: /home/dev/Documents/GitHub/Polar-Two/ros2_ws/install/camera_driver_srvs/share/camera_driver_srvs/local_setup.sh
[7.787s] -- Symlinking: /home/dev/Documents/GitHub/Polar-Two/ros2_ws/install/camera_driver_srvs/share/camera_driver_srvs/local_setup.zsh
[7.802s] -- Symlinking: /home/dev/Documents/GitHub/Polar-Two/ros2_ws/install/camera_driver_srvs/share/camera_driver_srvs/local_setup.dsv
[7.816s] -- Symlinking: /home/dev/Documents/GitHub/Polar-Two/ros2_ws/install/camera_driver_srvs/share/camera_driver_srvs/package.dsv
[7.830s] -- Symlinking: /home/dev/Documents/GitHub/Polar-Two/ros2_ws/install/camera_driver_srvs/share/ament_index/resource_index/packages/camera_driver_srvs
[7.844s] -- Symlinking: /home/dev/Documents/GitHub/Polar-Two/ros2_ws/install/camera_driver_srvs/share/camera_driver_srvs/cmake/rosidl_cmake-extras.cmake
[7.863s] -- Symlinking: /home/dev/Documents/GitHub/Polar-Two/ros2_ws/install/camera_driver_srvs/share/camera_driver_srvs/cmake/ament_cmake_export_dependencies-extras.cmake
[7.886s] -- Symlinking: /home/dev/Documents/GitHub/Polar-Two/ros2_ws/install/camera_driver_srvs/share/camera_driver_srvs/cmake/ament_cmake_export_include_directories-extras.cmake
[7.905s] -- Symlinking: /home/dev/Documents/GitHub/Polar-Two/ros2_ws/install/camera_driver_srvs/share/camera_driver_srvs/cmake/ament_cmake_export_libraries-extras.cmake
[7.919s] -- Symlinking: /home/dev/Documents/GitHub/Polar-Two/ros2_ws/install/camera_driver_srvs/share/camera_driver_srvs/cmake/ament_cmake_export_targets-extras.cmake
[7.932s] -- Symlinking: /home/dev/Documents/GitHub/Polar-Two/ros2_ws/install/camera_driver_srvs/share/camera_driver_srvs/cmake/rosidl_cmake_export_typesupport_targets-extras.cmake
[7.946s] -- Symlinking: /home/dev/Documents/GitHub/Polar-Two/ros2_ws/install/camera_driver_srvs/share/camera_driver_srvs/cmake/rosidl_cmake_export_typesupport_libraries-extras.cmake
[7.964s] -- Symlinking: /home/dev/Documents/GitHub/Polar-Two/ros2_ws/install/camera_driver_srvs/share/camera_driver_srvs/cmake/camera_driver_srvsConfig.cmake
[7.977s] -- Symlinking: /home/dev/Documents/GitHub/Polar-Two/ros2_ws/install/camera_driver_srvs/share/camera_driver_srvs/cmake/camera_driver_srvsConfig-version.cmake
[7.993s] -- Symlinking: /home/dev/Documents/GitHub/Polar-Two/ros2_ws/install/camera_driver_srvs/share/camera_driver_srvs/package.xml
[8.007s] -- Installing: /home/dev/Documents/GitHub/Polar-Two/ros2_ws/install/camera_driver_srvs/lib/libcamera_driver_srvs__rosidl_generator_c.so
[8.007s] -- Set runtime path of "/home/dev/Documents/GitHub/Polar-Two/ros2_ws/install/camera_driver_srvs/lib/libcamera_driver_srvs__rosidl_generator_c.so" to ""
[8.007s] -- Installing: /home/dev/Documents/GitHub/Polar-Two/ros2_ws/install/camera_driver_srvs/lib/libcamera_driver_srvs__rosidl_typesupport_fastrtps_c.so
[8.008s] -- Set runtime path of "/home/dev/Documents/GitHub/Polar-Two/ros2_ws/install/camera_driver_srvs/lib/libcamera_driver_srvs__rosidl_typesupport_fastrtps_c.so" to ""
[8.008s] -- Installing: /home/dev/Documents/GitHub/Polar-Two/ros2_ws/install/camera_driver_srvs/lib/libcamera_driver_srvs__rosidl_typesupport_introspection_c.so
[8.009s] -- Set runtime path of "/home/dev/Documents/GitHub/Polar-Two/ros2_ws/install/camera_driver_srvs/lib/libcamera_driver_srvs__rosidl_typesupport_introspection_c.so" to ""
[8.009s] -- Installing: /home/dev/Documents/GitHub/Polar-Two/ros2_ws/install/camera_driver_srvs/lib/libcamera_driver_srvs__rosidl_typesupport_c.so
[8.009s] -- Set runtime path of "/home/dev/Documents/GitHub/Polar-Two/ros2_ws/install/camera_driver_srvs/lib/libcamera_driver_srvs__rosidl_typesupport_c.so" to ""
[8.009s] -- Installing: /home/dev/Documents/GitHub/Polar-Two/ros2_ws/install/camera_driver_srvs/lib/libcamera_driver_srvs__rosidl_typesupport_fastrtps_cpp.so
[8.010s] -- Set runtime path of "/home/dev/Documents/GitHub/Polar-Two/ros2_ws/install/camera_driver_srvs/lib/libcamera_driver_srvs__rosidl_typesupport_fastrtps_cpp.so" to ""
[8.010s] -- Installing: /home/dev/Documents/GitHub/Polar-Two/ros2_ws/install/camera_driver_srvs/lib/libcamera_driver_srvs__rosidl_typesupport_introspection_cpp.so
[8.010s] -- Set runtime path of "/home/dev/Documents/GitHub/Polar-Two/ros2_ws/install/camera_driver_srvs/lib/libcamera_driver_srvs__rosidl_typesupport_introspection_cpp.so" to ""
[8.010s] -- Installing: /home/dev/Documents/GitHub/Polar-Two/ros2_ws/install/camera_driver_srvs/lib/libcamera_driver_srvs__rosidl_typesupport_cpp.so
[8.011s] -- Set runtime path of "/home/dev/Documents/GitHub/Polar-Two/ros2_ws/install/camera_driver_srvs/lib/libcamera_driver_srvs__rosidl_typesupport_cpp.so" to ""
[8.077s] Listing '/home/dev/Documents/GitHub/Polar-Two/ros2_ws/install/camera_driver_srvs/lib/python3.12/site-packages/camera_driver_srvs'...
[8.077s] Compiling '/home/dev/Documents/GitHub/Polar-Two/ros2_ws/install/camera_driver_srvs/lib/python3.12/site-packages/camera_driver_srvs/__init__.py'...
[8.078s] Listing '/home/dev/Documents/GitHub/Polar-Two/ros2_ws/install/camera_driver_srvs/lib/python3.12/site-packages/camera_driver_srvs/srv'...
[8.078s] Compiling '/home/dev/Documents/GitHub/Polar-Two/ros2_ws/install/camera_driver_srvs/lib/python3.12/site-packages/camera_driver_srvs/srv/__init__.py'...
[8.078s] Compiling '/home/dev/Documents/GitHub/Polar-Two/ros2_ws/install/camera_driver_srvs/lib/python3.12/site-packages/camera_driver_srvs/srv/_configure_camera.py'...
[8.078s] Compiling '/home/dev/Documents/GitHub/Polar-Two/ros2_ws/install/camera_driver_srvs/lib/python3.12/site-packages/camera_driver_srvs/srv/_reconfigure_defaults.py'...
[8.085s] -- Installing: /home/dev/Documents/GitHub/Polar-Two/ros2_ws/install/camera_driver_srvs/lib/libcamera_driver_srvs__rosidl_generator_py.so
[8.085s] -- Set runtime path of "/home/dev/Documents/GitHub/Polar-Two/ros2_ws/install/camera_driver_srvs/lib/libcamera_driver_srvs__rosidl_generator_py.so" to ""
[8.086s] -- Installing: /home/dev/Documents/GitHub/Polar-Two/ros2_ws/install/camera_driver_srvs/share/camera_driver_srvs/cmake/export_camera_driver_srvs__rosidl_generator_cExport.cmake
[8.086s] -- Installing: /home/dev/Documents/GitHub/Polar-Two/ros2_ws/install/camera_driver_srvs/share/camera_driver_srvs/cmake/export_camera_driver_srvs__rosidl_generator_cExport-noconfig.cmake
[8.087s] -- Installing: /home/dev/Documents/GitHub/Polar-Two/ros2_ws/install/camera_driver_srvs/share/camera_driver_srvs/cmake/export_camera_driver_srvs__rosidl_typesupport_fastrtps_cExport.cmake
[8.087s] -- Installing: /home/dev/Documents/GitHub/Polar-Two/ros2_ws/install/camera_driver_srvs/share/camera_driver_srvs/cmake/export_camera_driver_srvs__rosidl_typesupport_fastrtps_cExport-noconfig.cmake
[8.088s] -- Installing: /home/dev/Documents/GitHub/Polar-Two/ros2_ws/install/camera_driver_srvs/share/camera_driver_srvs/cmake/camera_driver_srvs__rosidl_typesupport_introspection_cExport.cmake
[8.088s] -- Installing: /home/dev/Documents/GitHub/Polar-Two/ros2_ws/install/camera_driver_srvs/share/camera_driver_srvs/cmake/camera_driver_srvs__rosidl_typesupport_introspection_cExport-noconfig.cmake
[8.088s] -- Installing: /home/dev/Documents/GitHub/Polar-Two/ros2_ws/install/camera_driver_srvs/share/camera_driver_srvs/cmake/camera_driver_srvs__rosidl_typesupport_cExport.cmake
[8.088s] -- Installing: /home/dev/Documents/GitHub/Polar-Two/ros2_ws/install/camera_driver_srvs/share/camera_driver_srvs/cmake/camera_driver_srvs__rosidl_typesupport_cExport-noconfig.cmake
[8.089s] -- Installing: /home/dev/Documents/GitHub/Polar-Two/ros2_ws/install/camera_driver_srvs/share/camera_driver_srvs/cmake/export_camera_driver_srvs__rosidl_generator_cppExport.cmake
[8.089s] -- Installing: /home/dev/Documents/GitHub/Polar-Two/ros2_ws/install/camera_driver_srvs/share/camera_driver_srvs/cmake/export_camera_driver_srvs__rosidl_typesupport_fastrtps_cppExport.cmake
[8.089s] -- Installing: /home/dev/Documents/GitHub/Polar-Two/ros2_ws/install/camera_driver_srvs/share/camera_driver_srvs/cmake/export_camera_driver_srvs__rosidl_typesupport_fastrtps_cppExport-noconfig.cmake
[8.089s] -- Installing: /home/dev/Documents/GitHub/Polar-Two/ros2_ws/install/camera_driver_srvs/share/camera_driver_srvs/cmake/camera_driver_srvs__rosidl_typesupport_introspection_cppExport.cmake
[8.090s] -- Installing: /home/dev/Documents/GitHub/Polar-Two/ros2_ws/install/camera_driver_srvs/share/camera_driver_srvs/cmake/camera_driver_srvs__rosidl_typesupport_introspection_cppExport-noconfig.cmake
[8.090s] -- Installing: /home/dev/Documents/GitHub/Polar-Two/ros2_ws/install/camera_driver_srvs/share/camera_driver_srvs/cmake/camera_driver_srvs__rosidl_typesupport_cppExport.cmake
[8.090s] -- Installing: /home/dev/Documents/GitHub/Polar-Two/ros2_ws/install/camera_driver_srvs/share/camera_driver_srvs/cmake/camera_driver_srvs__rosidl_typesupport_cppExport-noconfig.cmake
[8.091s] -- Installing: /home/dev/Documents/GitHub/Polar-Two/ros2_ws/install/camera_driver_srvs/share/camera_driver_srvs/cmake/export_camera_driver_srvs__rosidl_generator_pyExport.cmake
[8.091s] -- Installing: /home/dev/Documents/GitHub/Polar-Two/ros2_ws/install/camera_driver_srvs/share/camera_driver_srvs/cmake/export_camera_driver_srvs__rosidl_generator_pyExport-noconfig.cmake
[8.096s] Invoked command in '/home/dev/Documents/GitHub/Polar-Two/ros2_ws/build/camera_driver_srvs' returned '0': CMAKE_PREFIX_PATH=/opt/ros/humble CONDA_PROMPT_MODIFIER=(base) /usr/bin/cmake --install /home/dev/Documents/GitHub/Polar-Two/ros2_ws/build/camera_driver_srvs
