[35m[1mConsolidate compiler generated dependencies of target joystick_teleop[0m
[100%] Built target joystick_teleop
-- Install configuration: ""
-- Execute custom install script
-- Symlinking: /home/dev/Documents/GitHub/Polar-Two/ros2_ws/install/joystick_driver/lib/joystick_driver/joystick_teleop
-- Symlinking: /home/dev/Documents/GitHub/Polar-Two/ros2_ws/install/joystick_driver/share/joystick_driver/config/joystick.yaml
-- Symlinking: /home/dev/Documents/GitHub/Polar-Two/ros2_ws/install/joystick_driver/share/joystick_driver/launch/joystick.launch.py
-- Symlinking: /home/dev/Documents/GitHub/Polar-Two/ros2_ws/install/joystick_driver/share/joystick_driver/src/Joystick.cpp
-- Symlinking: /home/dev/Documents/GitHub/Polar-Two/ros2_ws/install/joystick_driver/share/ament_index/resource_index/package_run_dependencies/joystick_driver
-- Symlinking: /home/dev/Documents/GitHub/Polar-Two/ros2_ws/install/joystick_driver/share/ament_index/resource_index/parent_prefix_path/joystick_driver
-- Symlinking: /home/dev/Documents/GitHub/Polar-Two/ros2_ws/install/joystick_driver/share/joystick_driver/environment/ament_prefix_path.sh
-- Symlinking: /home/dev/Documents/GitHub/Polar-Two/ros2_ws/install/joystick_driver/share/joystick_driver/environment/ament_prefix_path.dsv
-- Symlinking: /home/dev/Documents/GitHub/Polar-Two/ros2_ws/install/joystick_driver/share/joystick_driver/environment/path.sh
-- Symlinking: /home/dev/Documents/GitHub/Polar-Two/ros2_ws/install/joystick_driver/share/joystick_driver/environment/path.dsv
-- Symlinking: /home/dev/Documents/GitHub/Polar-Two/ros2_ws/install/joystick_driver/share/joystick_driver/local_setup.bash
-- Symlinking: /home/dev/Documents/GitHub/Polar-Two/ros2_ws/install/joystick_driver/share/joystick_driver/local_setup.sh
-- Symlinking: /home/dev/Documents/GitHub/Polar-Two/ros2_ws/install/joystick_driver/share/joystick_driver/local_setup.zsh
-- Symlinking: /home/dev/Documents/GitHub/Polar-Two/ros2_ws/install/joystick_driver/share/joystick_driver/local_setup.dsv
-- Symlinking: /home/dev/Documents/GitHub/Polar-Two/ros2_ws/install/joystick_driver/share/joystick_driver/package.dsv
-- Symlinking: /home/dev/Documents/GitHub/Polar-Two/ros2_ws/install/joystick_driver/share/ament_index/resource_index/packages/joystick_driver
-- Symlinking: /home/dev/Documents/GitHub/Polar-Two/ros2_ws/install/joystick_driver/share/joystick_driver/cmake/joystick_driverConfig.cmake
-- Symlinking: /home/dev/Documents/GitHub/Polar-Two/ros2_ws/install/joystick_driver/share/joystick_driver/cmake/joystick_driverConfig-version.cmake
-- Symlinking: /home/dev/Documents/GitHub/Polar-Two/ros2_ws/install/joystick_driver/share/joystick_driver/package.xml
