[0.026s] Invoking command in '/home/dev/Documents/GitHub/Polar-Two/ros2_ws/build/depthai_driver': CMAKE_PREFIX_PATH=/opt/ros/humble CONDA_PROMPT_MODIFIER=(base) /usr/bin/cmake --build /home/dev/Documents/GitHub/Polar-Two/ros2_ws/build/depthai_driver -- -j16 -l16
[0.069s] Invoked command in '/home/dev/Documents/GitHub/Polar-Two/ros2_ws/build/depthai_driver' returned '0': CMAKE_PREFIX_PATH=/opt/ros/humble CONDA_PROMPT_MODIFIER=(base) /usr/bin/cmake --build /home/dev/Documents/GitHub/Polar-Two/ros2_ws/build/depthai_driver -- -j16 -l16
[0.085s] Invoking command in '/home/dev/Documents/GitHub/Polar-Two/ros2_ws/build/depthai_driver': CMAKE_PREFIX_PATH=/opt/ros/humble CONDA_PROMPT_MODIFIER=(base) /usr/bin/cmake --install /home/dev/Documents/GitHub/Polar-Two/ros2_ws/build/depthai_driver
[0.107s] -- Install configuration: ""
[0.108s] -- Execute custom install script
[0.108s] -- Up-to-date symlink: /home/dev/Documents/GitHub/Polar-Two/ros2_ws/install/depthai_driver/share/depthai_driver/config/calibration/left.yaml
[0.108s] -- Up-to-date symlink: /home/dev/Documents/GitHub/Polar-Two/ros2_ws/install/depthai_driver/share/depthai_driver/config/calibration/rgb.yaml
[0.108s] -- Up-to-date symlink: /home/dev/Documents/GitHub/Polar-Two/ros2_ws/install/depthai_driver/share/depthai_driver/config/calibration/right.yaml
[0.108s] -- Up-to-date symlink: /home/dev/Documents/GitHub/Polar-Two/ros2_ws/install/depthai_driver/share/depthai_driver/config/config.yaml
[0.108s] -- Up-to-date symlink: /home/dev/Documents/GitHub/Polar-Two/ros2_ws/install/depthai_driver/share/depthai_driver/config/everything.yaml
[0.109s] -- Up-to-date symlink: /home/dev/Documents/GitHub/Polar-Two/ros2_ws/install/depthai_driver/share/depthai_driver/launch/camera_driver.launch.py
[0.109s] -- Up-to-date symlink: /home/dev/Documents/GitHub/Polar-Two/ros2_ws/install/depthai_driver/share/depthai_driver/src/hello.txt
[0.110s] -- Up-to-date symlink: /home/dev/Documents/GitHub/Polar-Two/ros2_ws/install/depthai_driver/share/ament_index/resource_index/package_run_dependencies/depthai_driver
[0.110s] -- Up-to-date symlink: /home/dev/Documents/GitHub/Polar-Two/ros2_ws/install/depthai_driver/share/ament_index/resource_index/parent_prefix_path/depthai_driver
[0.110s] -- Up-to-date symlink: /home/dev/Documents/GitHub/Polar-Two/ros2_ws/install/depthai_driver/share/depthai_driver/environment/ament_prefix_path.sh
[0.110s] -- Up-to-date symlink: /home/dev/Documents/GitHub/Polar-Two/ros2_ws/install/depthai_driver/share/depthai_driver/environment/ament_prefix_path.dsv
[0.110s] -- Up-to-date symlink: /home/dev/Documents/GitHub/Polar-Two/ros2_ws/install/depthai_driver/share/depthai_driver/environment/path.sh
[0.111s] -- Up-to-date symlink: /home/dev/Documents/GitHub/Polar-Two/ros2_ws/install/depthai_driver/share/depthai_driver/environment/path.dsv
[0.111s] -- Up-to-date symlink: /home/dev/Documents/GitHub/Polar-Two/ros2_ws/install/depthai_driver/share/depthai_driver/local_setup.bash
[0.111s] -- Up-to-date symlink: /home/dev/Documents/GitHub/Polar-Two/ros2_ws/install/depthai_driver/share/depthai_driver/local_setup.sh
[0.111s] -- Up-to-date symlink: /home/dev/Documents/GitHub/Polar-Two/ros2_ws/install/depthai_driver/share/depthai_driver/local_setup.zsh
[0.111s] -- Up-to-date symlink: /home/dev/Documents/GitHub/Polar-Two/ros2_ws/install/depthai_driver/share/depthai_driver/local_setup.dsv
[0.111s] -- Symlinking: /home/dev/Documents/GitHub/Polar-Two/ros2_ws/install/depthai_driver/share/depthai_driver/package.dsv
[0.121s] -- Up-to-date symlink: /home/dev/Documents/GitHub/Polar-Two/ros2_ws/install/depthai_driver/share/ament_index/resource_index/packages/depthai_driver
[0.121s] -- Up-to-date symlink: /home/dev/Documents/GitHub/Polar-Two/ros2_ws/install/depthai_driver/share/depthai_driver/cmake/depthai_driverConfig.cmake
[0.122s] -- Up-to-date symlink: /home/dev/Documents/GitHub/Polar-Two/ros2_ws/install/depthai_driver/share/depthai_driver/cmake/depthai_driverConfig-version.cmake
[0.122s] -- Up-to-date symlink: /home/dev/Documents/GitHub/Polar-Two/ros2_ws/install/depthai_driver/share/depthai_driver/package.xml
[0.131s] Invoked command in '/home/dev/Documents/GitHub/Polar-Two/ros2_ws/build/depthai_driver' returned '0': CMAKE_PREFIX_PATH=/opt/ros/humble CONDA_PROMPT_MODIFIER=(base) /usr/bin/cmake --install /home/dev/Documents/GitHub/Polar-Two/ros2_ws/build/depthai_driver
